ARM GAS  C:\Users\z80\AppData\Local\Temp\ccAWEUib.s 			page 1


   1              		.syntax unified
   2              		.cpu cortex-m3
   3              		.fpu softvfp
   4              		.eabi_attribute 20, 1
   5              		.eabi_attribute 21, 1
   6              		.eabi_attribute 23, 3
   7              		.eabi_attribute 24, 1
   8              		.eabi_attribute 25, 1
   9              		.eabi_attribute 26, 1
  10              		.eabi_attribute 30, 6
  11              		.eabi_attribute 34, 1
  12              		.eabi_attribute 18, 4
  13              		.thumb
  14              		.file	"chcore.c"
  15              		.text
  16              	.Ltext0:
  17              		.cfi_sections	.debug_frame
  18              		.section	.text.port_halt,"ax",%progbits
  19              		.align	2
  20              		.p2align 4,,15
  21              		.weak	port_halt
  22              		.thumb
  23              		.thumb_func
  24              		.type	port_halt, %function
  25              	port_halt:
  26              	.LFB7:
  27              		.file 1 "../chibios_2.4.x/os/ports/GCC/ARMCMx/chcore.c"
  28              		.loc 1 46 0
  29              		.cfi_startproc
  30              		@ args = 0, pretend = 0, frame = 0
  31              		@ frame_needed = 0, uses_anonymous_args = 0
  32              		@ link register save eliminated.
  33              		.loc 1 48 0
  34              	@ 48 "../chibios_2.4.x/os/ports/GCC/ARMCMx/chcore.c" 1
  35 0000 72B6     		cpsid   i
  36              	@ 0 "" 2
  37              		.thumb
  38              	.L2:
  39              		.loc 1 50 0 discriminator 1
  40 0002 FEE7     		b	.L2
  41              		.cfi_endproc
  42              	.LFE7:
  43              		.size	port_halt, .-port_halt
  44 0004 AFF30080 		.text
  44      AFF30080 
  44      AFF30080 
  45              	.Letext0:
  46              		.section	.debug_info,"",%progbits
  47              	.Ldebug_info0:
  48 0000 87000000 		.4byte	0x87
  49 0004 0200     		.2byte	0x2
  50 0006 00000000 		.4byte	.Ldebug_abbrev0
  51 000a 04       		.byte	0x4
  52 000b 01       		.uleb128 0x1
  53 000c BF000000 		.4byte	.LASF10
  54 0010 01       		.byte	0x1
  55 0011 3A000000 		.4byte	.LASF11
ARM GAS  C:\Users\z80\AppData\Local\Temp\ccAWEUib.s 			page 2


  56 0015 00000000 		.4byte	.LASF12
  57 0019 00000000 		.4byte	0
  58 001d 00000000 		.4byte	0
  59 0021 00000000 		.4byte	.Ldebug_ranges0+0
  60 0025 00000000 		.4byte	.Ldebug_line0
  61 0029 02       		.uleb128 0x2
  62 002a 04       		.byte	0x4
  63 002b 05       		.byte	0x5
  64 002c 696E7400 		.ascii	"int\000"
  65 0030 03       		.uleb128 0x3
  66 0031 04       		.byte	0x4
  67 0032 07       		.byte	0x7
  68 0033 2D000000 		.4byte	.LASF0
  69 0037 03       		.uleb128 0x3
  70 0038 01       		.byte	0x1
  71 0039 06       		.byte	0x6
  72 003a 88000000 		.4byte	.LASF1
  73 003e 03       		.uleb128 0x3
  74 003f 01       		.byte	0x1
  75 0040 08       		.byte	0x8
  76 0041 7A000000 		.4byte	.LASF2
  77 0045 03       		.uleb128 0x3
  78 0046 02       		.byte	0x2
  79 0047 05       		.byte	0x5
  80 0048 9E000000 		.4byte	.LASF3
  81 004c 03       		.uleb128 0x3
  82 004d 02       		.byte	0x2
  83 004e 07       		.byte	0x7
  84 004f CB000000 		.4byte	.LASF4
  85 0053 03       		.uleb128 0x3
  86 0054 04       		.byte	0x4
  87 0055 05       		.byte	0x5
  88 0056 DE000000 		.4byte	.LASF5
  89 005a 03       		.uleb128 0x3
  90 005b 04       		.byte	0x4
  91 005c 07       		.byte	0x7
  92 005d 68000000 		.4byte	.LASF6
  93 0061 03       		.uleb128 0x3
  94 0062 08       		.byte	0x8
  95 0063 05       		.byte	0x5
  96 0064 EC000000 		.4byte	.LASF7
  97 0068 03       		.uleb128 0x3
  98 0069 08       		.byte	0x8
  99 006a 07       		.byte	0x7
 100 006b A8000000 		.4byte	.LASF8
 101 006f 03       		.uleb128 0x3
 102 0070 01       		.byte	0x1
 103 0071 08       		.byte	0x8
 104 0072 E7000000 		.4byte	.LASF9
 105 0076 04       		.uleb128 0x4
 106 0077 01       		.byte	0x1
 107 0078 94000000 		.4byte	.LASF13
 108 007c 01       		.byte	0x1
 109 007d 2E       		.byte	0x2e
 110 007e 01       		.byte	0x1
 111 007f 00000000 		.4byte	.LFB7
 112 0083 04000000 		.4byte	.LFE7
ARM GAS  C:\Users\z80\AppData\Local\Temp\ccAWEUib.s 			page 3


 113 0087 02       		.byte	0x2
 114 0088 7D       		.byte	0x7d
 115 0089 00       		.sleb128 0
 116 008a 00       		.byte	0
 117              		.section	.debug_abbrev,"",%progbits
 118              	.Ldebug_abbrev0:
 119 0000 01       		.uleb128 0x1
 120 0001 11       		.uleb128 0x11
 121 0002 01       		.byte	0x1
 122 0003 25       		.uleb128 0x25
 123 0004 0E       		.uleb128 0xe
 124 0005 13       		.uleb128 0x13
 125 0006 0B       		.uleb128 0xb
 126 0007 03       		.uleb128 0x3
 127 0008 0E       		.uleb128 0xe
 128 0009 1B       		.uleb128 0x1b
 129 000a 0E       		.uleb128 0xe
 130 000b 11       		.uleb128 0x11
 131 000c 01       		.uleb128 0x1
 132 000d 52       		.uleb128 0x52
 133 000e 01       		.uleb128 0x1
 134 000f 55       		.uleb128 0x55
 135 0010 06       		.uleb128 0x6
 136 0011 10       		.uleb128 0x10
 137 0012 06       		.uleb128 0x6
 138 0013 00       		.byte	0
 139 0014 00       		.byte	0
 140 0015 02       		.uleb128 0x2
 141 0016 24       		.uleb128 0x24
 142 0017 00       		.byte	0
 143 0018 0B       		.uleb128 0xb
 144 0019 0B       		.uleb128 0xb
 145 001a 3E       		.uleb128 0x3e
 146 001b 0B       		.uleb128 0xb
 147 001c 03       		.uleb128 0x3
 148 001d 08       		.uleb128 0x8
 149 001e 00       		.byte	0
 150 001f 00       		.byte	0
 151 0020 03       		.uleb128 0x3
 152 0021 24       		.uleb128 0x24
 153 0022 00       		.byte	0
 154 0023 0B       		.uleb128 0xb
 155 0024 0B       		.uleb128 0xb
 156 0025 3E       		.uleb128 0x3e
 157 0026 0B       		.uleb128 0xb
 158 0027 03       		.uleb128 0x3
 159 0028 0E       		.uleb128 0xe
 160 0029 00       		.byte	0
 161 002a 00       		.byte	0
 162 002b 04       		.uleb128 0x4
 163 002c 2E       		.uleb128 0x2e
 164 002d 00       		.byte	0
 165 002e 3F       		.uleb128 0x3f
 166 002f 0C       		.uleb128 0xc
 167 0030 03       		.uleb128 0x3
 168 0031 0E       		.uleb128 0xe
 169 0032 3A       		.uleb128 0x3a
ARM GAS  C:\Users\z80\AppData\Local\Temp\ccAWEUib.s 			page 4


 170 0033 0B       		.uleb128 0xb
 171 0034 3B       		.uleb128 0x3b
 172 0035 0B       		.uleb128 0xb
 173 0036 27       		.uleb128 0x27
 174 0037 0C       		.uleb128 0xc
 175 0038 11       		.uleb128 0x11
 176 0039 01       		.uleb128 0x1
 177 003a 12       		.uleb128 0x12
 178 003b 01       		.uleb128 0x1
 179 003c 40       		.uleb128 0x40
 180 003d 0A       		.uleb128 0xa
 181 003e 00       		.byte	0
 182 003f 00       		.byte	0
 183 0040 00       		.byte	0
 184              		.section	.debug_aranges,"",%progbits
 185 0000 1C000000 		.4byte	0x1c
 186 0004 0200     		.2byte	0x2
 187 0006 00000000 		.4byte	.Ldebug_info0
 188 000a 04       		.byte	0x4
 189 000b 00       		.byte	0
 190 000c 0000     		.2byte	0
 191 000e 0000     		.2byte	0
 192 0010 00000000 		.4byte	.LFB7
 193 0014 04000000 		.4byte	.LFE7-.LFB7
 194 0018 00000000 		.4byte	0
 195 001c 00000000 		.4byte	0
 196              		.section	.debug_ranges,"",%progbits
 197              	.Ldebug_ranges0:
 198 0000 00000000 		.4byte	.LFB7
 199 0004 04000000 		.4byte	.LFE7
 200 0008 00000000 		.4byte	0
 201 000c 00000000 		.4byte	0
 202              		.section	.debug_line,"",%progbits
 203              	.Ldebug_line0:
 204 0000 5F000000 		.section	.debug_str,"MS",%progbits,1
 204      02004400 
 204      00000201 
 204      FB0E0D00 
 204      01010101 
 205              	.LASF12:
 206 0000 433A5C70 		.ascii	"C:\\projects\\digitizer.git\\firmware\\digitizer\000"
 206      726F6A65 
 206      6374735C 
 206      64696769 
 206      74697A65 
 207              	.LASF0:
 208 002d 756E7369 		.ascii	"unsigned int\000"
 208      676E6564 
 208      20696E74 
 208      00
 209              	.LASF11:
 210 003a 2E2E2F63 		.ascii	"../chibios_2.4.x/os/ports/GCC/ARMCMx/chcore.c\000"
 210      68696269 
 210      6F735F32 
 210      2E342E78 
 210      2F6F732F 
 211              	.LASF6:
ARM GAS  C:\Users\z80\AppData\Local\Temp\ccAWEUib.s 			page 5


 212 0068 6C6F6E67 		.ascii	"long unsigned int\000"
 212      20756E73 
 212      69676E65 
 212      6420696E 
 212      7400
 213              	.LASF2:
 214 007a 756E7369 		.ascii	"unsigned char\000"
 214      676E6564 
 214      20636861 
 214      7200
 215              	.LASF1:
 216 0088 7369676E 		.ascii	"signed char\000"
 216      65642063 
 216      68617200 
 217              	.LASF13:
 218 0094 706F7274 		.ascii	"port_halt\000"
 218      5F68616C 
 218      7400
 219              	.LASF3:
 220 009e 73686F72 		.ascii	"short int\000"
 220      7420696E 
 220      7400
 221              	.LASF8:
 222 00a8 6C6F6E67 		.ascii	"long long unsigned int\000"
 222      206C6F6E 
 222      6720756E 
 222      7369676E 
 222      65642069 
 223              	.LASF10:
 224 00bf 474E5520 		.ascii	"GNU C 4.6.3\000"
 224      4320342E 
 224      362E3300 
 225              	.LASF4:
 226 00cb 73686F72 		.ascii	"short unsigned int\000"
 226      7420756E 
 226      7369676E 
 226      65642069 
 226      6E7400
 227              	.LASF5:
 228 00de 6C6F6E67 		.ascii	"long int\000"
 228      20696E74 
 228      00
 229              	.LASF9:
 230 00e7 63686172 		.ascii	"char\000"
 230      00
 231              	.LASF7:
 232 00ec 6C6F6E67 		.ascii	"long long int\000"
 232      206C6F6E 
 232      6720696E 
 232      7400
 233              		.ident	"GCC: (Sourcery CodeBench Lite 2012.03-56) 4.6.3"
ARM GAS  C:\Users\z80\AppData\Local\Temp\ccAWEUib.s 			page 6


DEFINED SYMBOLS
                            *ABS*:00000000 chcore.c
C:\Users\z80\AppData\Local\Temp\ccAWEUib.s:19     .text.port_halt:00000000 $t
C:\Users\z80\AppData\Local\Temp\ccAWEUib.s:25     .text.port_halt:00000000 port_halt
                     .debug_frame:00000010 $d

NO UNDEFINED SYMBOLS
