ARM GAS  C:\Users\z80\AppData\Local\Temp\ccooDRiy.s 			page 1


   1              		.syntax unified
   2              		.cpu cortex-m3
   3              		.fpu softvfp
   4              		.eabi_attribute 20, 1
   5              		.eabi_attribute 21, 1
   6              		.eabi_attribute 23, 3
   7              		.eabi_attribute 24, 1
   8              		.eabi_attribute 25, 1
   9              		.eabi_attribute 26, 1
  10              		.eabi_attribute 30, 2
  11              		.eabi_attribute 34, 1
  12              		.eabi_attribute 18, 4
  13              		.thumb
  14              		.file	"chcore_v7m.c"
  15              		.text
  16              	.Ltext0:
  17              		.cfi_sections	.debug_frame
  18              		.section	.text._port_switch_from_isr,"ax",%progbits
  19              		.align	2
  20              		.p2align 4,,15
  21              		.global	_port_switch_from_isr
  22              		.thumb
  23              		.thumb_func
  24              		.type	_port_switch_from_isr, %function
  25              	_port_switch_from_isr:
  26              	.LFB11:
  27              		.file 1 "../chibios_2.4.x/os/ports/GCC/ARMCMx/chcore_v7m.c"
  28              		.loc 1 207 0
  29              		.cfi_startproc
  30              		@ Naked Function: prologue and epilogue provided by programmer.
  31              		@ args = 0, pretend = 0, frame = 0
  32              		@ frame_needed = 0, uses_anonymous_args = 0
  33              		.loc 1 209 0
  34 0000 FFF7FEFF 		bl	dbg_check_lock
  35              		.loc 1 210 0
  36 0004 FFF7FEFF 		bl	chSchDoReschedule
  37              		.loc 1 211 0
  38 0008 FFF7FEFF 		bl	dbg_check_unlock
  39              		.loc 1 212 0
  40              	@ 212 "../chibios_2.4.x/os/ports/GCC/ARMCMx/chcore_v7m.c" 1
  41              		_port_exit_from_isr:
  42              	@ 0 "" 2
  43              		.loc 1 214 0
  44              	@ 214 "../chibios_2.4.x/os/ports/GCC/ARMCMx/chcore_v7m.c" 1
  45 000c 00DF     		svc     #0
  46              	@ 0 "" 2
  47              		.loc 1 221 0
  48              		.thumb
  49              		.cfi_endproc
  50              	.LFE11:
  51              		.size	_port_switch_from_isr, .-_port_switch_from_isr
  52 000e 00BF     		.section	.text.SVCallVector,"ax",%progbits
  53              		.align	2
  54              		.p2align 4,,15
  55              		.global	SVCallVector
  56              		.thumb
  57              		.thumb_func
ARM GAS  C:\Users\z80\AppData\Local\Temp\ccooDRiy.s 			page 2


  58              		.type	SVCallVector, %function
  59              	SVCallVector:
  60              	.LFB8:
  61              		.loc 1 65 0
  62              		.cfi_startproc
  63              		@ args = 0, pretend = 0, frame = 0
  64              		@ frame_needed = 0, uses_anonymous_args = 0
  65              		@ link register save eliminated.
  66              		.loc 1 69 0
  67              	@ 69 "../chibios_2.4.x/os/ports/GCC/ARMCMx/chcore_v7m.c" 1
  68 0000 EFF30983 		mrs     r3, PSP
  69              	@ 0 "" 2
  70              	.LVL0:
  71              		.loc 1 73 0
  72              		.thumb
  73 0004 2033     		adds	r3, r3, #32
  74              	.LVL1:
  75              		.loc 1 80 0
  76              	@ 80 "../chibios_2.4.x/os/ports/GCC/ARMCMx/chcore_v7m.c" 1
  77 0006 83F30988 		msr     PSP, r3
  78              	@ 0 "" 2
  79              		.thumb
  80              	.LBB2:
  81              		.loc 1 81 0
  82 000a 0023     		movs	r3, #0
  83              	.LVL2:
  84              	@ 81 "../chibios_2.4.x/os/ports/GCC/ARMCMx/chcore_v7m.c" 1
  85 000c 83F31188 		msr     BASEPRI, r3
  86              	@ 0 "" 2
  87              	.LVL3:
  88              		.thumb
  89              	.LBE2:
  90              		.loc 1 82 0
  91 0010 7047     		bx	lr
  92              		.cfi_endproc
  93              	.LFE8:
  94              		.size	SVCallVector, .-SVCallVector
  95 0012 00BFAFF3 		.section	.text._port_init,"ax",%progbits
  95      0080AFF3 
  95      0080AFF3 
  95      0080
  96              		.align	2
  97              		.p2align 4,,15
  98              		.global	_port_init
  99              		.thumb
 100              		.thumb_func
 101              		.type	_port_init, %function
 102              	_port_init:
 103              	.LFB9:
 104              		.loc 1 118 0
 105              		.cfi_startproc
 106              		@ args = 0, pretend = 0, frame = 0
 107              		@ frame_needed = 0, uses_anonymous_args = 0
 108 0000 08B5     		push	{r3, lr}
 109              	.LCFI0:
 110              		.cfi_def_cfa_offset 8
 111              		.cfi_offset 14, -4
ARM GAS  C:\Users\z80\AppData\Local\Temp\ccooDRiy.s 			page 3


 112              		.cfi_offset 3, -8
 113              		.loc 1 122 0
 114 0002 0022     		movs	r2, #0
 115              		.loc 1 121 0
 116 0004 4FF46D43 		mov	r3, #60672
 117 0008 CEF20003 		movt	r3, 57344
 118              		.loc 1 122 0
 119 000c C0F2FA52 		movt	r2, 1530
 120              		.loc 1 121 0
 121 0010 0021     		movs	r1, #0
 122 0012 9960     		str	r1, [r3, #8]
 123              		.loc 1 125 0
 124 0014 0720     		movs	r0, #7
 125 0016 1021     		movs	r1, #16
 126              		.loc 1 122 0
 127 0018 DA60     		str	r2, [r3, #12]
 128              		.loc 1 125 0
 129 001a FFF7FEFF 		bl	nvicSetSystemHandlerPriority
 130              		.loc 1 127 0
 131 001e 0A20     		movs	r0, #10
 132 0020 4FF40071 		mov	r1, #512
 133 0024 FFF7FEFF 		bl	nvicSetSystemHandlerPriority
 134              		.loc 1 129 0
 135 0028 0B20     		movs	r0, #11
 136 002a 8021     		movs	r1, #128
 137              		.loc 1 131 0
 138 002c BDE80840 		pop	{r3, lr}
 139              		.loc 1 129 0
 140 0030 FFF7FEBF 		b	nvicSetSystemHandlerPriority
 141              		.cfi_endproc
 142              	.LFE9:
 143              		.size	_port_init, .-_port_init
 144 0034 AFF30080 		.section	.text._port_irq_epilogue,"ax",%progbits
 144      AFF30080 
 144      AFF30080 
 145              		.align	2
 146              		.p2align 4,,15
 147              		.global	_port_irq_epilogue
 148              		.thumb
 149              		.thumb_func
 150              		.type	_port_irq_epilogue, %function
 151              	_port_irq_epilogue:
 152              	.LFB10:
 153              		.loc 1 148 0
 154              		.cfi_startproc
 155              		@ args = 0, pretend = 0, frame = 0
 156              		@ frame_needed = 0, uses_anonymous_args = 0
 157              		@ link register save eliminated.
 158              	.LBB3:
 159              		.loc 1 150 0
 160 0000 2023     		movs	r3, #32
 161              	.LVL4:
 162              	@ 150 "../chibios_2.4.x/os/ports/GCC/ARMCMx/chcore_v7m.c" 1
 163 0002 83F31188 		msr     BASEPRI, r3
 164              	@ 0 "" 2
 165              	.LVL5:
 166              		.thumb
ARM GAS  C:\Users\z80\AppData\Local\Temp\ccooDRiy.s 			page 4


 167              	.LBE3:
 168              		.loc 1 151 0
 169 0006 4FF46D40 		mov	r0, #60672
 170 000a CEF20000 		movt	r0, 57344
 171 000e 4368     		ldr	r3, [r0, #4]
 172              	.LVL6:
 173 0010 13F40063 		ands	r3, r3, #2048
 174 0014 1FD0     		beq	.L5
 175              	.LBB4:
 176              		.loc 1 155 0
 177              	@ 155 "../chibios_2.4.x/os/ports/GCC/ARMCMx/chcore_v7m.c" 1
 178 0016 EFF30982 		mrs     r2, PSP
 179              	@ 0 "" 2
 180              	.LVL7:
 181              		.loc 1 159 0
 182              		.thumb
 183 001a A2F1200C 		sub	ip, r2, #32
 184              		.loc 1 160 0
 185              	@ 160 "../chibios_2.4.x/os/ports/GCC/ARMCMx/chcore_v7m.c" 1
 186 001e 8CF30988 		msr     PSP, ip
 187              	@ 0 "" 2
 188              		.loc 1 165 0
 189              		.thumb
 190 0022 40F20003 		movw	r3, #:lower16:rlist
 191 0026 C0F20003 		movt	r3, #:upper16:rlist
 192 002a 9969     		ldr	r1, [r3, #24]
 193              		.loc 1 161 0
 194 002c 4FF08070 		mov	r0, #16777216
 195 0030 42F8040C 		str	r0, [r2, #-4]
 196              		.loc 1 165 0
 197 0034 91B1     		cbz	r1, .L6
 198              		.loc 1 165 0 is_stmt 0 discriminator 1
 199 0036 1868     		ldr	r0, [r3, #0]
 200 0038 DB69     		ldr	r3, [r3, #28]
 201 003a 8168     		ldr	r1, [r0, #8]
 202 003c 9B68     		ldr	r3, [r3, #8]
 203 003e 9942     		cmp	r1, r3
 204 0040 94BF     		ite	ls
 205 0042 0023     		movls	r3, #0
 206 0044 0123     		movhi	r3, #1
 207 0046 9BB1     		cbz	r3, .L8
 208              	.L11:
 209              		.loc 1 167 0 is_stmt 1
 210 0048 40F20001 		movw	r1, #:lower16:_port_switch_from_isr
 211 004c C0F20001 		movt	r1, #:upper16:_port_switch_from_isr
 212 0050 42F8081C 		str	r1, [r2, #-8]
 213 0054 7047     		bx	lr
 214              	.LVL8:
 215              	.L5:
 216              	.LBE4:
 217              	.LBB5:
 218              		.loc 1 197 0
 219              	@ 197 "../chibios_2.4.x/os/ports/GCC/ARMCMx/chcore_v7m.c" 1
 220 0056 83F31188 		msr     BASEPRI, r3
 221              	@ 0 "" 2
 222              	.LVL9:
 223              		.thumb
ARM GAS  C:\Users\z80\AppData\Local\Temp\ccooDRiy.s 			page 5


 224 005a 7047     		bx	lr
 225              	.LVL10:
 226              	.L6:
 227              	.LBE5:
 228              	.LBB6:
 229              		.loc 1 165 0 discriminator 2
 230 005c 1868     		ldr	r0, [r3, #0]
 231 005e DB69     		ldr	r3, [r3, #28]
 232 0060 8168     		ldr	r1, [r0, #8]
 233 0062 9B68     		ldr	r3, [r3, #8]
 234 0064 9942     		cmp	r1, r3
 235 0066 34BF     		ite	cc
 236 0068 0023     		movcc	r3, #0
 237 006a 0123     		movcs	r3, #1
 238 006c 002B     		cmp	r3, #0
 239 006e EBD1     		bne	.L11
 240              	.L8:
 241              		.loc 1 176 0
 242 0070 40F20003 		movw	r3, #:lower16:_port_exit_from_isr
 243 0074 C0F20003 		movt	r3, #:upper16:_port_exit_from_isr
 244 0078 42F8083C 		str	r3, [r2, #-8]
 245 007c 7047     		bx	lr
 246              	.LBE6:
 247              		.cfi_endproc
 248              	.LFE10:
 249              		.size	_port_irq_epilogue, .-_port_irq_epilogue
 250 007e 00BF     		.section	.text.SysTickVector,"ax",%progbits
 251              		.align	2
 252              		.p2align 4,,15
 253              		.global	SysTickVector
 254              		.thumb
 255              		.thumb_func
 256              		.type	SysTickVector, %function
 257              	SysTickVector:
 258              	.LFB7:
 259              		.loc 1 47 0
 260              		.cfi_startproc
 261              		@ args = 0, pretend = 0, frame = 0
 262              		@ frame_needed = 0, uses_anonymous_args = 0
 263 0000 08B5     		push	{r3, lr}
 264              	.LCFI1:
 265              		.cfi_def_cfa_offset 8
 266              		.cfi_offset 14, -4
 267              		.cfi_offset 3, -8
 268              		.loc 1 49 0
 269 0002 FFF7FEFF 		bl	dbg_check_enter_isr
 270              	.LBB7:
 271              		.loc 1 51 0
 272 0006 2023     		movs	r3, #32
 273              	.LVL11:
 274              	@ 51 "../chibios_2.4.x/os/ports/GCC/ARMCMx/chcore_v7m.c" 1
 275 0008 83F31188 		msr     BASEPRI, r3
 276              	@ 0 "" 2
 277              	.LVL12:
 278              		.thumb
 279              	.LBE7:
 280 000c FFF7FEFF 		bl	dbg_check_lock_from_isr
ARM GAS  C:\Users\z80\AppData\Local\Temp\ccooDRiy.s 			page 6


 281              	.LVL13:
 282              		.loc 1 52 0
 283 0010 FFF7FEFF 		bl	chSysTimerHandlerI
 284              		.loc 1 53 0
 285 0014 FFF7FEFF 		bl	dbg_check_unlock_from_isr
 286              	.LBB8:
 287 0018 0023     		movs	r3, #0
 288              	.LVL14:
 289              	@ 53 "../chibios_2.4.x/os/ports/GCC/ARMCMx/chcore_v7m.c" 1
 290 001a 83F31188 		msr     BASEPRI, r3
 291              	@ 0 "" 2
 292              	.LVL15:
 293              		.thumb
 294              	.LBE8:
 295              		.loc 1 55 0
 296 001e FFF7FEFF 		bl	dbg_check_leave_isr
 297              	.LVL16:
 298              		.loc 1 56 0
 299 0022 BDE80840 		pop	{r3, lr}
 300              		.loc 1 55 0
 301 0026 FFF7FEBF 		b	_port_irq_epilogue
 302              		.cfi_endproc
 303              	.LFE7:
 304              		.size	SysTickVector, .-SysTickVector
 305 002a 00BFAFF3 		.section	.text._port_switch,"ax",%progbits
 305      0080
 306              		.align	2
 307              		.p2align 4,,15
 308              		.global	_port_switch
 309              		.thumb
 310              		.thumb_func
 311              		.type	_port_switch, %function
 312              	_port_switch:
 313              	.LFB12:
 314              		.loc 1 236 0
 315              		.cfi_startproc
 316              		@ Naked Function: prologue and epilogue provided by programmer.
 317              		@ args = 0, pretend = 0, frame = 0
 318              		@ frame_needed = 0, uses_anonymous_args = 0
 319              	.LVL17:
 320              		.loc 1 238 0
 321              	@ 238 "../chibios_2.4.x/os/ports/GCC/ARMCMx/chcore_v7m.c" 1
 322 0000 2DE9F04F 		push    {r4, r5, r6, r7, r8, r9, r10, r11, lr}
 323              	@ 0 "" 2
 324              		.loc 1 244 0
 325              	@ 244 "../chibios_2.4.x/os/ports/GCC/ARMCMx/chcore_v7m.c" 1
 326 0004 C1F80CD0 		str     sp, [r1, #12]                          
 327 0008 D0F80CD0 		ldr     sp, [r0, #12]
 328              	@ 0 "" 2
 329              		.loc 1 250 0
 330              	@ 250 "../chibios_2.4.x/os/ports/GCC/ARMCMx/chcore_v7m.c" 1
 331 000c BDE8F08F 		pop     {r4, r5, r6, r7, r8, r9, r10, r11, pc}
 332              	@ 0 "" 2
 333              		.loc 1 252 0
 334              		.thumb
 335              		.cfi_endproc
 336              	.LFE12:
ARM GAS  C:\Users\z80\AppData\Local\Temp\ccooDRiy.s 			page 7


 337              		.size	_port_switch, .-_port_switch
 338              		.section	.text._port_thread_start,"ax",%progbits
 339              		.align	2
 340              		.p2align 4,,15
 341              		.global	_port_thread_start
 342              		.thumb
 343              		.thumb_func
 344              		.type	_port_thread_start, %function
 345              	_port_thread_start:
 346              	.LFB13:
 347              		.loc 1 259 0
 348              		.cfi_startproc
 349              		@ args = 0, pretend = 0, frame = 0
 350              		@ frame_needed = 0, uses_anonymous_args = 0
 351 0000 08B5     		push	{r3, lr}
 352              	.LCFI2:
 353              		.cfi_def_cfa_offset 8
 354              		.cfi_offset 14, -4
 355              		.cfi_offset 3, -8
 356              		.loc 1 261 0
 357 0002 FFF7FEFF 		bl	dbg_check_unlock
 358              	.LBB9:
 359 0006 0023     		movs	r3, #0
 360              	.LVL18:
 361              	@ 261 "../chibios_2.4.x/os/ports/GCC/ARMCMx/chcore_v7m.c" 1
 362 0008 83F31188 		msr     BASEPRI, r3
 363              	@ 0 "" 2
 364              	.LVL19:
 365              		.thumb
 366              	.LBE9:
 367              		.loc 1 262 0
 368              	@ 262 "../chibios_2.4.x/os/ports/GCC/ARMCMx/chcore_v7m.c" 1
 369 000c 2846     		mov     r0, r5                                 
 370 000e A047     		blx     r4                                     
 371 0010 FFF7FEFF 		bl      chThdExit
 372              	@ 0 "" 2
 373              		.loc 1 265 0
 374              		.thumb
 375 0014 08BD     		pop	{r3, pc}
 376              		.cfi_endproc
 377              	.LFE13:
 378              		.size	_port_thread_start, .-_port_thread_start
 379 0016 00BFAFF3 		.text
 379      0080AFF3 
 379      0080
 380              	.Letext0:
 381              		.file 2 "c:\\programs\\codesourcery\\2011.03-56\\bin\\../lib/gcc/arm-none-eabi/4.6.3/../../../../a
 382              		.file 3 "../chibios_2.4.x/os/ports/GCC/ARMCMx/chtypes.h"
 383              		.file 4 "../chibios_2.4.x/os/kernel/include/chlists.h"
 384              		.file 5 "../chibios_2.4.x/os/kernel/include/chthreads.h"
 385              		.file 6 "../chibios_2.4.x/os/ports/GCC/ARMCMx/chcore_v7m.h"
 386              		.file 7 "../chibios_2.4.x/os/ports/common/ARMCMx/nvic.h"
 387              		.file 8 "../chibios_2.4.x/os/kernel/include/chschd.h"
 388              		.file 9 "../chibios_2.4.x/os/kernel/include/chmtx.h"
 389              		.section	.debug_info,"",%progbits
 390              	.Ldebug_info0:
 391 0000 DD070000 		.4byte	0x7dd
ARM GAS  C:\Users\z80\AppData\Local\Temp\ccooDRiy.s 			page 8


 392 0004 0200     		.2byte	0x2
 393 0006 00000000 		.4byte	.Ldebug_abbrev0
 394 000a 04       		.byte	0x4
 395 000b 01       		.uleb128 0x1
 396 000c CE020000 		.4byte	.LASF88
 397 0010 01       		.byte	0x1
 398 0011 EC010000 		.4byte	.LASF89
 399 0015 7B000000 		.4byte	.LASF90
 400 0019 00000000 		.4byte	0
 401 001d 00000000 		.4byte	0
 402 0021 18000000 		.4byte	.Ldebug_ranges0+0x18
 403 0025 00000000 		.4byte	.Ldebug_line0
 404 0029 02       		.uleb128 0x2
 405 002a 04       		.byte	0x4
 406 002b 05       		.byte	0x5
 407 002c 696E7400 		.ascii	"int\000"
 408 0030 03       		.uleb128 0x3
 409 0031 04       		.byte	0x4
 410 0032 07       		.byte	0x7
 411 0033 FC000000 		.4byte	.LASF0
 412 0037 03       		.uleb128 0x3
 413 0038 01       		.byte	0x1
 414 0039 06       		.byte	0x6
 415 003a 67000000 		.4byte	.LASF1
 416 003e 04       		.uleb128 0x4
 417 003f 45030000 		.4byte	.LASF5
 418 0043 02       		.byte	0x2
 419 0044 2A       		.byte	0x2a
 420 0045 49000000 		.4byte	0x49
 421 0049 03       		.uleb128 0x3
 422 004a 01       		.byte	0x1
 423 004b 08       		.byte	0x8
 424 004c 4C020000 		.4byte	.LASF2
 425 0050 03       		.uleb128 0x3
 426 0051 02       		.byte	0x2
 427 0052 05       		.byte	0x5
 428 0053 6A020000 		.4byte	.LASF3
 429 0057 03       		.uleb128 0x3
 430 0058 02       		.byte	0x2
 431 0059 07       		.byte	0x7
 432 005a 59010000 		.4byte	.LASF4
 433 005e 04       		.uleb128 0x4
 434 005f 44020000 		.4byte	.LASF6
 435 0063 02       		.byte	0x2
 436 0064 4F       		.byte	0x4f
 437 0065 69000000 		.4byte	0x69
 438 0069 03       		.uleb128 0x3
 439 006a 04       		.byte	0x4
 440 006b 05       		.byte	0x5
 441 006c A8000000 		.4byte	.LASF7
 442 0070 04       		.uleb128 0x4
 443 0071 B0020000 		.4byte	.LASF8
 444 0075 02       		.byte	0x2
 445 0076 50       		.byte	0x50
 446 0077 7B000000 		.4byte	0x7b
 447 007b 03       		.uleb128 0x3
 448 007c 04       		.byte	0x4
ARM GAS  C:\Users\z80\AppData\Local\Temp\ccooDRiy.s 			page 9


 449 007d 07       		.byte	0x7
 450 007e 24010000 		.4byte	.LASF9
 451 0082 03       		.uleb128 0x3
 452 0083 08       		.byte	0x8
 453 0084 05       		.byte	0x5
 454 0085 59000000 		.4byte	.LASF10
 455 0089 04       		.uleb128 0x4
 456 008a 0D000000 		.4byte	.LASF11
 457 008e 02       		.byte	0x2
 458 008f 78       		.byte	0x78
 459 0090 94000000 		.4byte	0x94
 460 0094 03       		.uleb128 0x3
 461 0095 08       		.byte	0x8
 462 0096 07       		.byte	0x7
 463 0097 2C000000 		.4byte	.LASF12
 464 009b 04       		.uleb128 0x4
 465 009c 9B010000 		.4byte	.LASF13
 466 00a0 03       		.byte	0x3
 467 00a1 2F       		.byte	0x2f
 468 00a2 3E000000 		.4byte	0x3e
 469 00a6 04       		.uleb128 0x4
 470 00a7 B1000000 		.4byte	.LASF14
 471 00ab 03       		.byte	0x3
 472 00ac 30       		.byte	0x30
 473 00ad 3E000000 		.4byte	0x3e
 474 00b1 04       		.uleb128 0x4
 475 00b2 3C020000 		.4byte	.LASF15
 476 00b6 03       		.byte	0x3
 477 00b7 32       		.byte	0x32
 478 00b8 70000000 		.4byte	0x70
 479 00bc 04       		.uleb128 0x4
 480 00bd 71010000 		.4byte	.LASF16
 481 00c1 03       		.byte	0x3
 482 00c2 33       		.byte	0x33
 483 00c3 5E000000 		.4byte	0x5e
 484 00c7 04       		.uleb128 0x4
 485 00c8 AF010000 		.4byte	.LASF17
 486 00cc 03       		.byte	0x3
 487 00cd 35       		.byte	0x35
 488 00ce 70000000 		.4byte	0x70
 489 00d2 04       		.uleb128 0x4
 490 00d3 E6020000 		.4byte	.LASF18
 491 00d7 03       		.byte	0x3
 492 00d8 36       		.byte	0x36
 493 00d9 70000000 		.4byte	0x70
 494 00dd 04       		.uleb128 0x4
 495 00de EB000000 		.4byte	.LASF19
 496 00e2 03       		.byte	0x3
 497 00e3 37       		.byte	0x37
 498 00e4 5E000000 		.4byte	0x5e
 499 00e8 04       		.uleb128 0x4
 500 00e9 9E020000 		.4byte	.LASF20
 501 00ed 04       		.byte	0x4
 502 00ee 2A       		.byte	0x2a
 503 00ef F3000000 		.4byte	0xf3
 504 00f3 05       		.uleb128 0x5
 505 00f4 9E020000 		.4byte	.LASF20
ARM GAS  C:\Users\z80\AppData\Local\Temp\ccooDRiy.s 			page 10


 506 00f8 48       		.byte	0x48
 507 00f9 05       		.byte	0x5
 508 00fa 5E       		.byte	0x5e
 509 00fb FC010000 		.4byte	0x1fc
 510 00ff 06       		.uleb128 0x6
 511 0100 8F020000 		.4byte	.LASF21
 512 0104 05       		.byte	0x5
 513 0105 5F       		.byte	0x5f
 514 0106 21020000 		.4byte	0x221
 515 010a 02       		.byte	0x2
 516 010b 23       		.byte	0x23
 517 010c 00       		.uleb128 0
 518 010d 06       		.uleb128 0x6
 519 010e 35020000 		.4byte	.LASF22
 520 0112 05       		.byte	0x5
 521 0113 61       		.byte	0x61
 522 0114 21020000 		.4byte	0x221
 523 0118 02       		.byte	0x2
 524 0119 23       		.byte	0x23
 525 011a 04       		.uleb128 0x4
 526 011b 06       		.uleb128 0x6
 527 011c 52000000 		.4byte	.LASF23
 528 0120 05       		.byte	0x5
 529 0121 63       		.byte	0x63
 530 0122 B1000000 		.4byte	0xb1
 531 0126 02       		.byte	0x2
 532 0127 23       		.byte	0x23
 533 0128 08       		.uleb128 0x8
 534 0129 06       		.uleb128 0x6
 535 012a 79030000 		.4byte	.LASF24
 536 012e 05       		.byte	0x5
 537 012f 64       		.byte	0x64
 538 0130 71030000 		.4byte	0x371
 539 0134 02       		.byte	0x2
 540 0135 23       		.byte	0x23
 541 0136 0C       		.uleb128 0xc
 542 0137 06       		.uleb128 0x6
 543 0138 CD000000 		.4byte	.LASF25
 544 013c 05       		.byte	0x5
 545 013d 66       		.byte	0x66
 546 013e 21020000 		.4byte	0x221
 547 0142 02       		.byte	0x2
 548 0143 23       		.byte	0x23
 549 0144 10       		.uleb128 0x10
 550 0145 06       		.uleb128 0x6
 551 0146 D1010000 		.4byte	.LASF26
 552 014a 05       		.byte	0x5
 553 014b 67       		.byte	0x67
 554 014c 21020000 		.4byte	0x221
 555 0150 02       		.byte	0x2
 556 0151 23       		.byte	0x23
 557 0152 14       		.uleb128 0x14
 558 0153 06       		.uleb128 0x6
 559 0154 5F030000 		.4byte	.LASF27
 560 0158 05       		.byte	0x5
 561 0159 6E       		.byte	0x6e
 562 015a 25060000 		.4byte	0x625
ARM GAS  C:\Users\z80\AppData\Local\Temp\ccooDRiy.s 			page 11


 563 015e 02       		.byte	0x2
 564 015f 23       		.byte	0x23
 565 0160 18       		.uleb128 0x18
 566 0161 06       		.uleb128 0x6
 567 0162 F1000000 		.4byte	.LASF28
 568 0166 05       		.byte	0x5
 569 0167 74       		.byte	0x74
 570 0168 37060000 		.4byte	0x637
 571 016c 02       		.byte	0x2
 572 016d 23       		.byte	0x23
 573 016e 1C       		.uleb128 0x1c
 574 016f 06       		.uleb128 0x6
 575 0170 74020000 		.4byte	.LASF29
 576 0174 05       		.byte	0x5
 577 0175 79       		.byte	0x79
 578 0176 A6000000 		.4byte	0xa6
 579 017a 02       		.byte	0x2
 580 017b 23       		.byte	0x23
 581 017c 20       		.uleb128 0x20
 582 017d 06       		.uleb128 0x6
 583 017e 96020000 		.4byte	.LASF30
 584 0182 05       		.byte	0x5
 585 0183 7D       		.byte	0x7d
 586 0184 9B000000 		.4byte	0x9b
 587 0188 02       		.byte	0x2
 588 0189 23       		.byte	0x23
 589 018a 21       		.uleb128 0x21
 590 018b 06       		.uleb128 0x6
 591 018c 12030000 		.4byte	.LASF31
 592 0190 05       		.byte	0x5
 593 0191 89       		.byte	0x89
 594 0192 2D050000 		.4byte	0x52d
 595 0196 02       		.byte	0x2
 596 0197 23       		.byte	0x23
 597 0198 24       		.uleb128 0x24
 598 0199 07       		.uleb128 0x7
 599 019a 705F7500 		.ascii	"p_u\000"
 600 019e 05       		.byte	0x5
 601 019f AE       		.byte	0xae
 602 01a0 F0050000 		.4byte	0x5f0
 603 01a4 02       		.byte	0x2
 604 01a5 23       		.byte	0x23
 605 01a6 28       		.uleb128 0x28
 606 01a7 06       		.uleb128 0x6
 607 01a8 7F030000 		.4byte	.LASF32
 608 01ac 05       		.byte	0x5
 609 01ad B3       		.byte	0xb3
 610 01ae 49020000 		.4byte	0x249
 611 01b2 02       		.byte	0x2
 612 01b3 23       		.byte	0x23
 613 01b4 2C       		.uleb128 0x2c
 614 01b5 06       		.uleb128 0x6
 615 01b6 25030000 		.4byte	.LASF33
 616 01ba 05       		.byte	0x5
 617 01bb B9       		.byte	0xb9
 618 01bc 27020000 		.4byte	0x227
 619 01c0 02       		.byte	0x2
ARM GAS  C:\Users\z80\AppData\Local\Temp\ccooDRiy.s 			page 12


 620 01c1 23       		.byte	0x23
 621 01c2 30       		.uleb128 0x30
 622 01c3 06       		.uleb128 0x6
 623 01c4 00000000 		.4byte	.LASF34
 624 01c8 05       		.byte	0x5
 625 01c9 BD       		.byte	0xbd
 626 01ca BC000000 		.4byte	0xbc
 627 01ce 02       		.byte	0x2
 628 01cf 23       		.byte	0x23
 629 01d0 38       		.uleb128 0x38
 630 01d1 06       		.uleb128 0x6
 631 01d2 A5020000 		.4byte	.LASF35
 632 01d6 05       		.byte	0x5
 633 01d7 C3       		.byte	0xc3
 634 01d8 C7000000 		.4byte	0xc7
 635 01dc 02       		.byte	0x2
 636 01dd 23       		.byte	0x23
 637 01de 3C       		.uleb128 0x3c
 638 01df 06       		.uleb128 0x6
 639 01e0 60020000 		.4byte	.LASF36
 640 01e4 05       		.byte	0x5
 641 01e5 CA       		.byte	0xca
 642 01e6 3D060000 		.4byte	0x63d
 643 01ea 02       		.byte	0x2
 644 01eb 23       		.byte	0x23
 645 01ec 40       		.uleb128 0x40
 646 01ed 06       		.uleb128 0x6
 647 01ee F0020000 		.4byte	.LASF37
 648 01f2 05       		.byte	0x5
 649 01f3 CE       		.byte	0xce
 650 01f4 B1000000 		.4byte	0xb1
 651 01f8 02       		.byte	0x2
 652 01f9 23       		.byte	0x23
 653 01fa 44       		.uleb128 0x44
 654 01fb 00       		.byte	0
 655 01fc 08       		.uleb128 0x8
 656 01fd 08       		.byte	0x8
 657 01fe 04       		.byte	0x4
 658 01ff 61       		.byte	0x61
 659 0200 21020000 		.4byte	0x221
 660 0204 06       		.uleb128 0x6
 661 0205 8F020000 		.4byte	.LASF21
 662 0209 04       		.byte	0x4
 663 020a 62       		.byte	0x62
 664 020b 21020000 		.4byte	0x221
 665 020f 02       		.byte	0x2
 666 0210 23       		.byte	0x23
 667 0211 00       		.uleb128 0
 668 0212 06       		.uleb128 0x6
 669 0213 35020000 		.4byte	.LASF22
 670 0217 04       		.byte	0x4
 671 0218 64       		.byte	0x64
 672 0219 21020000 		.4byte	0x221
 673 021d 02       		.byte	0x2
 674 021e 23       		.byte	0x23
 675 021f 04       		.uleb128 0x4
 676 0220 00       		.byte	0
ARM GAS  C:\Users\z80\AppData\Local\Temp\ccooDRiy.s 			page 13


 677 0221 09       		.uleb128 0x9
 678 0222 04       		.byte	0x4
 679 0223 E8000000 		.4byte	0xe8
 680 0227 04       		.uleb128 0x4
 681 0228 DF010000 		.4byte	.LASF38
 682 022c 04       		.byte	0x4
 683 022d 66       		.byte	0x66
 684 022e FC010000 		.4byte	0x1fc
 685 0232 08       		.uleb128 0x8
 686 0233 04       		.byte	0x4
 687 0234 04       		.byte	0x4
 688 0235 6B       		.byte	0x6b
 689 0236 49020000 		.4byte	0x249
 690 023a 06       		.uleb128 0x6
 691 023b 8F020000 		.4byte	.LASF21
 692 023f 04       		.byte	0x4
 693 0240 6D       		.byte	0x6d
 694 0241 21020000 		.4byte	0x221
 695 0245 02       		.byte	0x2
 696 0246 23       		.byte	0x23
 697 0247 00       		.uleb128 0
 698 0248 00       		.byte	0
 699 0249 04       		.uleb128 0x4
 700 024a A3010000 		.4byte	.LASF39
 701 024e 04       		.byte	0x4
 702 024f 70       		.byte	0x70
 703 0250 32020000 		.4byte	0x232
 704 0254 04       		.uleb128 0x4
 705 0255 E2000000 		.4byte	.LASF40
 706 0259 06       		.byte	0x6
 707 025a D7       		.byte	0xd7
 708 025b 5F020000 		.4byte	0x25f
 709 025f 0A       		.uleb128 0xa
 710 0260 04       		.byte	0x4
 711 0261 04       		.uleb128 0x4
 712 0262 C1010000 		.4byte	.LASF41
 713 0266 06       		.byte	0x6
 714 0267 DD       		.byte	0xdd
 715 0268 89000000 		.4byte	0x89
 716 026c 05       		.uleb128 0x5
 717 026d 10010000 		.4byte	.LASF42
 718 0271 20       		.byte	0x20
 719 0272 06       		.byte	0x6
 720 0273 DF       		.byte	0xdf
 721 0274 E4020000 		.4byte	0x2e4
 722 0278 07       		.uleb128 0x7
 723 0279 723000   		.ascii	"r0\000"
 724 027c 06       		.byte	0x6
 725 027d E0       		.byte	0xe0
 726 027e 54020000 		.4byte	0x254
 727 0282 02       		.byte	0x2
 728 0283 23       		.byte	0x23
 729 0284 00       		.uleb128 0
 730 0285 07       		.uleb128 0x7
 731 0286 723100   		.ascii	"r1\000"
 732 0289 06       		.byte	0x6
 733 028a E1       		.byte	0xe1
ARM GAS  C:\Users\z80\AppData\Local\Temp\ccooDRiy.s 			page 14


 734 028b 54020000 		.4byte	0x254
 735 028f 02       		.byte	0x2
 736 0290 23       		.byte	0x23
 737 0291 04       		.uleb128 0x4
 738 0292 07       		.uleb128 0x7
 739 0293 723200   		.ascii	"r2\000"
 740 0296 06       		.byte	0x6
 741 0297 E2       		.byte	0xe2
 742 0298 54020000 		.4byte	0x254
 743 029c 02       		.byte	0x2
 744 029d 23       		.byte	0x23
 745 029e 08       		.uleb128 0x8
 746 029f 07       		.uleb128 0x7
 747 02a0 723300   		.ascii	"r3\000"
 748 02a3 06       		.byte	0x6
 749 02a4 E3       		.byte	0xe3
 750 02a5 54020000 		.4byte	0x254
 751 02a9 02       		.byte	0x2
 752 02aa 23       		.byte	0x23
 753 02ab 0C       		.uleb128 0xc
 754 02ac 07       		.uleb128 0x7
 755 02ad 72313200 		.ascii	"r12\000"
 756 02b1 06       		.byte	0x6
 757 02b2 E4       		.byte	0xe4
 758 02b3 54020000 		.4byte	0x254
 759 02b7 02       		.byte	0x2
 760 02b8 23       		.byte	0x23
 761 02b9 10       		.uleb128 0x10
 762 02ba 06       		.uleb128 0x6
 763 02bb 09010000 		.4byte	.LASF43
 764 02bf 06       		.byte	0x6
 765 02c0 E5       		.byte	0xe5
 766 02c1 54020000 		.4byte	0x254
 767 02c5 02       		.byte	0x2
 768 02c6 23       		.byte	0x23
 769 02c7 14       		.uleb128 0x14
 770 02c8 07       		.uleb128 0x7
 771 02c9 706300   		.ascii	"pc\000"
 772 02cc 06       		.byte	0x6
 773 02cd E6       		.byte	0xe6
 774 02ce 54020000 		.4byte	0x254
 775 02d2 02       		.byte	0x2
 776 02d3 23       		.byte	0x23
 777 02d4 18       		.uleb128 0x18
 778 02d5 06       		.uleb128 0x6
 779 02d6 7C020000 		.4byte	.LASF44
 780 02da 06       		.byte	0x6
 781 02db E7       		.byte	0xe7
 782 02dc 54020000 		.4byte	0x254
 783 02e0 02       		.byte	0x2
 784 02e1 23       		.byte	0x23
 785 02e2 1C       		.uleb128 0x1c
 786 02e3 00       		.byte	0
 787 02e4 05       		.uleb128 0x5
 788 02e5 1E030000 		.4byte	.LASF45
 789 02e9 24       		.byte	0x24
 790 02ea 06       		.byte	0x6
ARM GAS  C:\Users\z80\AppData\Local\Temp\ccooDRiy.s 			page 15


 791 02eb FE       		.byte	0xfe
 792 02ec 71030000 		.4byte	0x371
 793 02f0 0B       		.uleb128 0xb
 794 02f1 723400   		.ascii	"r4\000"
 795 02f4 06       		.byte	0x6
 796 02f5 1101     		.2byte	0x111
 797 02f7 54020000 		.4byte	0x254
 798 02fb 02       		.byte	0x2
 799 02fc 23       		.byte	0x23
 800 02fd 00       		.uleb128 0
 801 02fe 0B       		.uleb128 0xb
 802 02ff 723500   		.ascii	"r5\000"
 803 0302 06       		.byte	0x6
 804 0303 1201     		.2byte	0x112
 805 0305 54020000 		.4byte	0x254
 806 0309 02       		.byte	0x2
 807 030a 23       		.byte	0x23
 808 030b 04       		.uleb128 0x4
 809 030c 0B       		.uleb128 0xb
 810 030d 723600   		.ascii	"r6\000"
 811 0310 06       		.byte	0x6
 812 0311 1301     		.2byte	0x113
 813 0313 54020000 		.4byte	0x254
 814 0317 02       		.byte	0x2
 815 0318 23       		.byte	0x23
 816 0319 08       		.uleb128 0x8
 817 031a 0B       		.uleb128 0xb
 818 031b 723700   		.ascii	"r7\000"
 819 031e 06       		.byte	0x6
 820 031f 1401     		.2byte	0x114
 821 0321 54020000 		.4byte	0x254
 822 0325 02       		.byte	0x2
 823 0326 23       		.byte	0x23
 824 0327 0C       		.uleb128 0xc
 825 0328 0B       		.uleb128 0xb
 826 0329 723800   		.ascii	"r8\000"
 827 032c 06       		.byte	0x6
 828 032d 1501     		.2byte	0x115
 829 032f 54020000 		.4byte	0x254
 830 0333 02       		.byte	0x2
 831 0334 23       		.byte	0x23
 832 0335 10       		.uleb128 0x10
 833 0336 0B       		.uleb128 0xb
 834 0337 723900   		.ascii	"r9\000"
 835 033a 06       		.byte	0x6
 836 033b 1601     		.2byte	0x116
 837 033d 54020000 		.4byte	0x254
 838 0341 02       		.byte	0x2
 839 0342 23       		.byte	0x23
 840 0343 14       		.uleb128 0x14
 841 0344 0B       		.uleb128 0xb
 842 0345 72313000 		.ascii	"r10\000"
 843 0349 06       		.byte	0x6
 844 034a 1701     		.2byte	0x117
 845 034c 54020000 		.4byte	0x254
 846 0350 02       		.byte	0x2
 847 0351 23       		.byte	0x23
ARM GAS  C:\Users\z80\AppData\Local\Temp\ccooDRiy.s 			page 16


 848 0352 18       		.uleb128 0x18
 849 0353 0B       		.uleb128 0xb
 850 0354 72313100 		.ascii	"r11\000"
 851 0358 06       		.byte	0x6
 852 0359 1801     		.2byte	0x118
 853 035b 54020000 		.4byte	0x254
 854 035f 02       		.byte	0x2
 855 0360 23       		.byte	0x23
 856 0361 1C       		.uleb128 0x1c
 857 0362 0B       		.uleb128 0xb
 858 0363 6C7200   		.ascii	"lr\000"
 859 0366 06       		.byte	0x6
 860 0367 1901     		.2byte	0x119
 861 0369 54020000 		.4byte	0x254
 862 036d 02       		.byte	0x2
 863 036e 23       		.byte	0x23
 864 036f 20       		.uleb128 0x20
 865 0370 00       		.byte	0
 866 0371 0C       		.uleb128 0xc
 867 0372 51010000 		.4byte	.LASF46
 868 0376 04       		.byte	0x4
 869 0377 06       		.byte	0x6
 870 0378 2301     		.2byte	0x123
 871 037a 8E030000 		.4byte	0x38e
 872 037e 0B       		.uleb128 0xb
 873 037f 72313300 		.ascii	"r13\000"
 874 0383 06       		.byte	0x6
 875 0384 2401     		.2byte	0x124
 876 0386 8E030000 		.4byte	0x38e
 877 038a 02       		.byte	0x2
 878 038b 23       		.byte	0x23
 879 038c 00       		.uleb128 0
 880 038d 00       		.byte	0
 881 038e 09       		.uleb128 0x9
 882 038f 04       		.byte	0x4
 883 0390 E4020000 		.4byte	0x2e4
 884 0394 0D       		.uleb128 0xd
 885 0395 7B000000 		.4byte	0x7b
 886 0399 08       		.uleb128 0x8
 887 039a 8C       		.byte	0x8c
 888 039b 07       		.byte	0x7
 889 039c 89       		.byte	0x89
 890 039d C9040000 		.4byte	0x4c9
 891 03a1 06       		.uleb128 0x6
 892 03a2 4C000000 		.4byte	.LASF47
 893 03a6 07       		.byte	0x7
 894 03a7 8A       		.byte	0x8a
 895 03a8 94030000 		.4byte	0x394
 896 03ac 02       		.byte	0x2
 897 03ad 23       		.byte	0x23
 898 03ae 00       		.uleb128 0
 899 03af 06       		.uleb128 0x6
 900 03b0 6C010000 		.4byte	.LASF48
 901 03b4 07       		.byte	0x7
 902 03b5 8B       		.byte	0x8b
 903 03b6 94030000 		.4byte	0x394
 904 03ba 02       		.byte	0x2
ARM GAS  C:\Users\z80\AppData\Local\Temp\ccooDRiy.s 			page 17


 905 03bb 23       		.byte	0x23
 906 03bc 04       		.uleb128 0x4
 907 03bd 06       		.uleb128 0x6
 908 03be 36010000 		.4byte	.LASF49
 909 03c2 07       		.byte	0x7
 910 03c3 8C       		.byte	0x8c
 911 03c4 94030000 		.4byte	0x394
 912 03c8 02       		.byte	0x2
 913 03c9 23       		.byte	0x23
 914 03ca 08       		.uleb128 0x8
 915 03cb 06       		.uleb128 0x6
 916 03cc 77010000 		.4byte	.LASF50
 917 03d0 07       		.byte	0x7
 918 03d1 8D       		.byte	0x8d
 919 03d2 94030000 		.4byte	0x394
 920 03d6 02       		.byte	0x2
 921 03d7 23       		.byte	0x23
 922 03d8 0C       		.uleb128 0xc
 923 03d9 07       		.uleb128 0x7
 924 03da 53435200 		.ascii	"SCR\000"
 925 03de 07       		.byte	0x7
 926 03df 8E       		.byte	0x8e
 927 03e0 94030000 		.4byte	0x394
 928 03e4 02       		.byte	0x2
 929 03e5 23       		.byte	0x23
 930 03e6 10       		.uleb128 0x10
 931 03e7 07       		.uleb128 0x7
 932 03e8 43435200 		.ascii	"CCR\000"
 933 03ec 07       		.byte	0x7
 934 03ed 8F       		.byte	0x8f
 935 03ee 94030000 		.4byte	0x394
 936 03f2 02       		.byte	0x2
 937 03f3 23       		.byte	0x23
 938 03f4 14       		.uleb128 0x14
 939 03f5 06       		.uleb128 0x6
 940 03f6 19030000 		.4byte	.LASF51
 941 03fa 07       		.byte	0x7
 942 03fb 90       		.byte	0x90
 943 03fc D9040000 		.4byte	0x4d9
 944 0400 02       		.byte	0x2
 945 0401 23       		.byte	0x23
 946 0402 18       		.uleb128 0x18
 947 0403 06       		.uleb128 0x6
 948 0404 5A020000 		.4byte	.LASF52
 949 0408 07       		.byte	0x7
 950 0409 91       		.byte	0x91
 951 040a 94030000 		.4byte	0x394
 952 040e 02       		.byte	0x2
 953 040f 23       		.byte	0x23
 954 0410 24       		.uleb128 0x24
 955 0411 06       		.uleb128 0x6
 956 0412 CC010000 		.4byte	.LASF53
 957 0416 07       		.byte	0x7
 958 0417 92       		.byte	0x92
 959 0418 94030000 		.4byte	0x394
 960 041c 02       		.byte	0x2
 961 041d 23       		.byte	0x23
ARM GAS  C:\Users\z80\AppData\Local\Temp\ccooDRiy.s 			page 18


 962 041e 28       		.uleb128 0x28
 963 041f 06       		.uleb128 0x6
 964 0420 6C030000 		.4byte	.LASF54
 965 0424 07       		.byte	0x7
 966 0425 93       		.byte	0x93
 967 0426 94030000 		.4byte	0x394
 968 042a 02       		.byte	0x2
 969 042b 23       		.byte	0x23
 970 042c 2C       		.uleb128 0x2c
 971 042d 06       		.uleb128 0x6
 972 042e 7D010000 		.4byte	.LASF55
 973 0432 07       		.byte	0x7
 974 0433 94       		.byte	0x94
 975 0434 94030000 		.4byte	0x394
 976 0438 02       		.byte	0x2
 977 0439 23       		.byte	0x23
 978 043a 30       		.uleb128 0x30
 979 043b 06       		.uleb128 0x6
 980 043c 82010000 		.4byte	.LASF56
 981 0440 07       		.byte	0x7
 982 0441 95       		.byte	0x95
 983 0442 94030000 		.4byte	0x394
 984 0446 02       		.byte	0x2
 985 0447 23       		.byte	0x23
 986 0448 34       		.uleb128 0x34
 987 0449 06       		.uleb128 0x6
 988 044a D5000000 		.4byte	.LASF57
 989 044e 07       		.byte	0x7
 990 044f 96       		.byte	0x96
 991 0450 94030000 		.4byte	0x394
 992 0454 02       		.byte	0x2
 993 0455 23       		.byte	0x23
 994 0456 38       		.uleb128 0x38
 995 0457 06       		.uleb128 0x6
 996 0458 C1020000 		.4byte	.LASF58
 997 045c 07       		.byte	0x7
 998 045d 97       		.byte	0x97
 999 045e 94030000 		.4byte	0x394
 1000 0462 02       		.byte	0x2
 1001 0463 23       		.byte	0x23
 1002 0464 3C       		.uleb128 0x3c
 1003 0465 07       		.uleb128 0x7
 1004 0466 50465200 		.ascii	"PFR\000"
 1005 046a 07       		.byte	0x7
 1006 046b 98       		.byte	0x98
 1007 046c EE040000 		.4byte	0x4ee
 1008 0470 02       		.byte	0x2
 1009 0471 23       		.byte	0x23
 1010 0472 40       		.uleb128 0x40
 1011 0473 07       		.uleb128 0x7
 1012 0474 44465200 		.ascii	"DFR\000"
 1013 0478 07       		.byte	0x7
 1014 0479 99       		.byte	0x99
 1015 047a 94030000 		.4byte	0x394
 1016 047e 02       		.byte	0x2
 1017 047f 23       		.byte	0x23
 1018 0480 48       		.uleb128 0x48
ARM GAS  C:\Users\z80\AppData\Local\Temp\ccooDRiy.s 			page 19


 1019 0481 07       		.uleb128 0x7
 1020 0482 41445200 		.ascii	"ADR\000"
 1021 0486 07       		.byte	0x7
 1022 0487 9A       		.byte	0x9a
 1023 0488 94030000 		.4byte	0x394
 1024 048c 02       		.byte	0x2
 1025 048d 23       		.byte	0x23
 1026 048e 4C       		.uleb128 0x4c
 1027 048f 06       		.uleb128 0x6
 1028 0490 3A030000 		.4byte	.LASF59
 1029 0494 07       		.byte	0x7
 1030 0495 9B       		.byte	0x9b
 1031 0496 03050000 		.4byte	0x503
 1032 049a 02       		.byte	0x2
 1033 049b 23       		.byte	0x23
 1034 049c 50       		.uleb128 0x50
 1035 049d 07       		.uleb128 0x7
 1036 049e 53415200 		.ascii	"SAR\000"
 1037 04a2 07       		.byte	0x7
 1038 04a3 9C       		.byte	0x9c
 1039 04a4 18050000 		.4byte	0x518
 1040 04a8 02       		.byte	0x2
 1041 04a9 23       		.byte	0x23
 1042 04aa 60       		.uleb128 0x60
 1043 04ab 06       		.uleb128 0x6
 1044 04ac C6020000 		.4byte	.LASF60
 1045 04b0 07       		.byte	0x7
 1046 04b1 9D       		.byte	0x9d
 1047 04b2 1D050000 		.4byte	0x51d
 1048 04b6 02       		.byte	0x2
 1049 04b7 23       		.byte	0x23
 1050 04b8 74       		.uleb128 0x74
 1051 04b9 06       		.uleb128 0x6
 1052 04ba 66030000 		.4byte	.LASF61
 1053 04be 07       		.byte	0x7
 1054 04bf 9E       		.byte	0x9e
 1055 04c0 94030000 		.4byte	0x394
 1056 04c4 03       		.byte	0x3
 1057 04c5 23       		.byte	0x23
 1058 04c6 8801     		.uleb128 0x88
 1059 04c8 00       		.byte	0
 1060 04c9 0E       		.uleb128 0xe
 1061 04ca 7B000000 		.4byte	0x7b
 1062 04ce D9040000 		.4byte	0x4d9
 1063 04d2 0F       		.uleb128 0xf
 1064 04d3 30000000 		.4byte	0x30
 1065 04d7 02       		.byte	0x2
 1066 04d8 00       		.byte	0
 1067 04d9 0D       		.uleb128 0xd
 1068 04da C9040000 		.4byte	0x4c9
 1069 04de 0E       		.uleb128 0xe
 1070 04df 7B000000 		.4byte	0x7b
 1071 04e3 EE040000 		.4byte	0x4ee
 1072 04e7 0F       		.uleb128 0xf
 1073 04e8 30000000 		.4byte	0x30
 1074 04ec 01       		.byte	0x1
 1075 04ed 00       		.byte	0
ARM GAS  C:\Users\z80\AppData\Local\Temp\ccooDRiy.s 			page 20


 1076 04ee 0D       		.uleb128 0xd
 1077 04ef DE040000 		.4byte	0x4de
 1078 04f3 0E       		.uleb128 0xe
 1079 04f4 7B000000 		.4byte	0x7b
 1080 04f8 03050000 		.4byte	0x503
 1081 04fc 0F       		.uleb128 0xf
 1082 04fd 30000000 		.4byte	0x30
 1083 0501 03       		.byte	0x3
 1084 0502 00       		.byte	0
 1085 0503 0D       		.uleb128 0xd
 1086 0504 F3040000 		.4byte	0x4f3
 1087 0508 0E       		.uleb128 0xe
 1088 0509 7B000000 		.4byte	0x7b
 1089 050d 18050000 		.4byte	0x518
 1090 0511 0F       		.uleb128 0xf
 1091 0512 30000000 		.4byte	0x30
 1092 0516 04       		.byte	0x4
 1093 0517 00       		.byte	0
 1094 0518 0D       		.uleb128 0xd
 1095 0519 08050000 		.4byte	0x508
 1096 051d 0D       		.uleb128 0xd
 1097 051e 08050000 		.4byte	0x508
 1098 0522 04       		.uleb128 0x4
 1099 0523 16000000 		.4byte	.LASF62
 1100 0527 07       		.byte	0x7
 1101 0528 9F       		.byte	0x9f
 1102 0529 99030000 		.4byte	0x399
 1103 052d 0D       		.uleb128 0xd
 1104 052e D2000000 		.4byte	0xd2
 1105 0532 08       		.uleb128 0x8
 1106 0533 20       		.byte	0x20
 1107 0534 08       		.byte	0x8
 1108 0535 5E       		.byte	0x5e
 1109 0536 9D050000 		.4byte	0x59d
 1110 053a 06       		.uleb128 0x6
 1111 053b B9020000 		.4byte	.LASF63
 1112 053f 08       		.byte	0x8
 1113 0540 5F       		.byte	0x5f
 1114 0541 27020000 		.4byte	0x227
 1115 0545 02       		.byte	0x2
 1116 0546 23       		.byte	0x23
 1117 0547 00       		.uleb128 0
 1118 0548 06       		.uleb128 0x6
 1119 0549 81020000 		.4byte	.LASF64
 1120 054d 08       		.byte	0x8
 1121 054e 60       		.byte	0x60
 1122 054f B1000000 		.4byte	0xb1
 1123 0553 02       		.byte	0x2
 1124 0554 23       		.byte	0x23
 1125 0555 08       		.uleb128 0x8
 1126 0556 06       		.uleb128 0x6
 1127 0557 D9010000 		.4byte	.LASF65
 1128 055b 08       		.byte	0x8
 1129 055c 62       		.byte	0x62
 1130 055d 71030000 		.4byte	0x371
 1131 0561 02       		.byte	0x2
 1132 0562 23       		.byte	0x23
ARM GAS  C:\Users\z80\AppData\Local\Temp\ccooDRiy.s 			page 21


 1133 0563 0C       		.uleb128 0xc
 1134 0564 06       		.uleb128 0x6
 1135 0565 DA000000 		.4byte	.LASF66
 1136 0569 08       		.byte	0x8
 1137 056a 65       		.byte	0x65
 1138 056b 21020000 		.4byte	0x221
 1139 056f 02       		.byte	0x2
 1140 0570 23       		.byte	0x23
 1141 0571 10       		.uleb128 0x10
 1142 0572 06       		.uleb128 0x6
 1143 0573 28020000 		.4byte	.LASF67
 1144 0577 08       		.byte	0x8
 1145 0578 66       		.byte	0x66
 1146 0579 21020000 		.4byte	0x221
 1147 057d 02       		.byte	0x2
 1148 057e 23       		.byte	0x23
 1149 057f 14       		.uleb128 0x14
 1150 0580 06       		.uleb128 0x6
 1151 0581 08030000 		.4byte	.LASF68
 1152 0585 08       		.byte	0x8
 1153 0586 6A       		.byte	0x6a
 1154 0587 DD000000 		.4byte	0xdd
 1155 058b 02       		.byte	0x2
 1156 058c 23       		.byte	0x23
 1157 058d 18       		.uleb128 0x18
 1158 058e 06       		.uleb128 0x6
 1159 058f 1E020000 		.4byte	.LASF69
 1160 0593 08       		.byte	0x8
 1161 0594 6C       		.byte	0x6c
 1162 0595 21020000 		.4byte	0x221
 1163 0599 02       		.byte	0x2
 1164 059a 23       		.byte	0x23
 1165 059b 1C       		.uleb128 0x1c
 1166 059c 00       		.byte	0
 1167 059d 04       		.uleb128 0x4
 1168 059e 30030000 		.4byte	.LASF70
 1169 05a2 08       		.byte	0x8
 1170 05a3 6E       		.byte	0x6e
 1171 05a4 32050000 		.4byte	0x532
 1172 05a8 05       		.uleb128 0x5
 1173 05a9 BB010000 		.4byte	.LASF71
 1174 05ad 10       		.byte	0x10
 1175 05ae 09       		.byte	0x9
 1176 05af 2C       		.byte	0x2c
 1177 05b0 DF050000 		.4byte	0x5df
 1178 05b4 06       		.uleb128 0x6
 1179 05b5 73000000 		.4byte	.LASF72
 1180 05b9 09       		.byte	0x9
 1181 05ba 2D       		.byte	0x2d
 1182 05bb 27020000 		.4byte	0x227
 1183 05bf 02       		.byte	0x2
 1184 05c0 23       		.byte	0x23
 1185 05c1 00       		.uleb128 0
 1186 05c2 06       		.uleb128 0x6
 1187 05c3 71030000 		.4byte	.LASF73
 1188 05c7 09       		.byte	0x9
 1189 05c8 2F       		.byte	0x2f
ARM GAS  C:\Users\z80\AppData\Local\Temp\ccooDRiy.s 			page 22


 1190 05c9 21020000 		.4byte	0x221
 1191 05cd 02       		.byte	0x2
 1192 05ce 23       		.byte	0x23
 1193 05cf 08       		.uleb128 0x8
 1194 05d0 06       		.uleb128 0x6
 1195 05d1 DF020000 		.4byte	.LASF74
 1196 05d5 09       		.byte	0x9
 1197 05d6 31       		.byte	0x31
 1198 05d7 DF050000 		.4byte	0x5df
 1199 05db 02       		.byte	0x2
 1200 05dc 23       		.byte	0x23
 1201 05dd 0C       		.uleb128 0xc
 1202 05de 00       		.byte	0
 1203 05df 09       		.uleb128 0x9
 1204 05e0 04       		.byte	0x4
 1205 05e1 A8050000 		.4byte	0x5a8
 1206 05e5 04       		.uleb128 0x4
 1207 05e6 BB010000 		.4byte	.LASF71
 1208 05ea 09       		.byte	0x9
 1209 05eb 33       		.byte	0x33
 1210 05ec A8050000 		.4byte	0x5a8
 1211 05f0 10       		.uleb128 0x10
 1212 05f1 04       		.byte	0x4
 1213 05f2 05       		.byte	0x5
 1214 05f3 90       		.byte	0x90
 1215 05f4 25060000 		.4byte	0x625
 1216 05f8 11       		.uleb128 0x11
 1217 05f9 06000000 		.4byte	.LASF75
 1218 05fd 05       		.byte	0x5
 1219 05fe 97       		.byte	0x97
 1220 05ff BC000000 		.4byte	0xbc
 1221 0603 11       		.uleb128 0x11
 1222 0604 43000000 		.4byte	.LASF76
 1223 0608 05       		.byte	0x5
 1224 0609 9E       		.byte	0x9e
 1225 060a BC000000 		.4byte	0xbc
 1226 060e 11       		.uleb128 0x11
 1227 060f 58030000 		.4byte	.LASF77
 1228 0613 05       		.byte	0x5
 1229 0614 A5       		.byte	0xa5
 1230 0615 5F020000 		.4byte	0x25f
 1231 0619 11       		.uleb128 0x11
 1232 061a 88020000 		.4byte	.LASF78
 1233 061e 05       		.byte	0x5
 1234 061f AC       		.byte	0xac
 1235 0620 C7000000 		.4byte	0xc7
 1236 0624 00       		.byte	0
 1237 0625 09       		.uleb128 0x9
 1238 0626 04       		.byte	0x4
 1239 0627 2B060000 		.4byte	0x62b
 1240 062b 12       		.uleb128 0x12
 1241 062c 30060000 		.4byte	0x630
 1242 0630 03       		.uleb128 0x3
 1243 0631 01       		.byte	0x1
 1244 0632 08       		.byte	0x8
 1245 0633 DA020000 		.4byte	.LASF79
 1246 0637 09       		.uleb128 0x9
ARM GAS  C:\Users\z80\AppData\Local\Temp\ccooDRiy.s 			page 23


 1247 0638 04       		.byte	0x4
 1248 0639 61020000 		.4byte	0x261
 1249 063d 09       		.uleb128 0x9
 1250 063e 04       		.byte	0x4
 1251 063f E5050000 		.4byte	0x5e5
 1252 0643 13       		.uleb128 0x13
 1253 0644 01       		.byte	0x1
 1254 0645 3B010000 		.4byte	.LASF81
 1255 0649 01       		.byte	0x1
 1256 064a CF       		.byte	0xcf
 1257 064b 01       		.byte	0x1
 1258 064c 00000000 		.4byte	.LFB11
 1259 0650 0E000000 		.4byte	.LFE11
 1260 0654 02       		.byte	0x2
 1261 0655 7D       		.byte	0x7d
 1262 0656 00       		.sleb128 0
 1263 0657 14       		.uleb128 0x14
 1264 0658 01       		.byte	0x1
 1265 0659 FB020000 		.4byte	.LASF83
 1266 065d 01       		.byte	0x1
 1267 065e 41       		.byte	0x41
 1268 065f 01       		.byte	0x1
 1269 0660 00000000 		.4byte	.LFB8
 1270 0664 12000000 		.4byte	.LFE8
 1271 0668 02       		.byte	0x2
 1272 0669 7D       		.byte	0x7d
 1273 066a 00       		.sleb128 0
 1274 066b 98060000 		.4byte	0x698
 1275 066f 15       		.uleb128 0x15
 1276 0670 30020000 		.4byte	.LASF80
 1277 0674 01       		.byte	0x1
 1278 0675 42       		.byte	0x42
 1279 0676 98060000 		.4byte	0x698
 1280 067a 00000000 		.4byte	.LLST0
 1281 067e 16       		.uleb128 0x16
 1282 067f 0A000000 		.4byte	.LBB2
 1283 0683 10000000 		.4byte	.LBE2
 1284 0687 17       		.uleb128 0x17
 1285 0688 746D7000 		.ascii	"tmp\000"
 1286 068c 01       		.byte	0x1
 1287 068d 51       		.byte	0x51
 1288 068e 70000000 		.4byte	0x70
 1289 0692 20000000 		.4byte	.LLST1
 1290 0696 00       		.byte	0
 1291 0697 00       		.byte	0
 1292 0698 09       		.uleb128 0x9
 1293 0699 04       		.byte	0x4
 1294 069a 6C020000 		.4byte	0x26c
 1295 069e 18       		.uleb128 0x18
 1296 069f 01       		.byte	0x1
 1297 06a0 4D030000 		.4byte	.LASF82
 1298 06a4 01       		.byte	0x1
 1299 06a5 76       		.byte	0x76
 1300 06a6 01       		.byte	0x1
 1301 06a7 00000000 		.4byte	.LFB9
 1302 06ab 34000000 		.4byte	.LFE9
 1303 06af 33000000 		.4byte	.LLST2
ARM GAS  C:\Users\z80\AppData\Local\Temp\ccooDRiy.s 			page 24


 1304 06b3 14       		.uleb128 0x14
 1305 06b4 01       		.byte	0x1
 1306 06b5 88010000 		.4byte	.LASF84
 1307 06b9 01       		.byte	0x1
 1308 06ba 94       		.byte	0x94
 1309 06bb 01       		.byte	0x1
 1310 06bc 00000000 		.4byte	.LFB10
 1311 06c0 7E000000 		.4byte	.LFE10
 1312 06c4 02       		.byte	0x2
 1313 06c5 7D       		.byte	0x7d
 1314 06c6 00       		.sleb128 0
 1315 06c7 1B070000 		.4byte	0x71b
 1316 06cb 19       		.uleb128 0x19
 1317 06cc 00000000 		.4byte	.LBB3
 1318 06d0 06000000 		.4byte	.LBE3
 1319 06d4 E8060000 		.4byte	0x6e8
 1320 06d8 17       		.uleb128 0x17
 1321 06d9 746D7000 		.ascii	"tmp\000"
 1322 06dd 01       		.byte	0x1
 1323 06de 96       		.byte	0x96
 1324 06df 70000000 		.4byte	0x70
 1325 06e3 53000000 		.4byte	.LLST3
 1326 06e7 00       		.byte	0
 1327 06e8 1A       		.uleb128 0x1a
 1328 06e9 00000000 		.4byte	.Ldebug_ranges0+0
 1329 06ed 01070000 		.4byte	0x701
 1330 06f1 15       		.uleb128 0x15
 1331 06f2 30020000 		.4byte	.LASF80
 1332 06f6 01       		.byte	0x1
 1333 06f7 98       		.byte	0x98
 1334 06f8 98060000 		.4byte	0x698
 1335 06fc 66000000 		.4byte	.LLST4
 1336 0700 00       		.byte	0
 1337 0701 16       		.uleb128 0x16
 1338 0702 56000000 		.4byte	.LBB5
 1339 0706 5C000000 		.4byte	.LBE5
 1340 070a 17       		.uleb128 0x17
 1341 070b 746D7000 		.ascii	"tmp\000"
 1342 070f 01       		.byte	0x1
 1343 0710 C5       		.byte	0xc5
 1344 0711 70000000 		.4byte	0x70
 1345 0715 86000000 		.4byte	.LLST5
 1346 0719 00       		.byte	0
 1347 071a 00       		.byte	0
 1348 071b 1B       		.uleb128 0x1b
 1349 071c 01       		.byte	0x1
 1350 071d 1E000000 		.4byte	.LASF85
 1351 0721 01       		.byte	0x1
 1352 0722 2F       		.byte	0x2f
 1353 0723 01       		.byte	0x1
 1354 0724 00000000 		.4byte	.LFB7
 1355 0728 2A000000 		.4byte	.LFE7
 1356 072c 99000000 		.4byte	.LLST6
 1357 0730 6B070000 		.4byte	0x76b
 1358 0734 19       		.uleb128 0x19
 1359 0735 06000000 		.4byte	.LBB7
 1360 0739 0C000000 		.4byte	.LBE7
ARM GAS  C:\Users\z80\AppData\Local\Temp\ccooDRiy.s 			page 25


 1361 073d 51070000 		.4byte	0x751
 1362 0741 17       		.uleb128 0x17
 1363 0742 746D7000 		.ascii	"tmp\000"
 1364 0746 01       		.byte	0x1
 1365 0747 33       		.byte	0x33
 1366 0748 70000000 		.4byte	0x70
 1367 074c B9000000 		.4byte	.LLST7
 1368 0750 00       		.byte	0
 1369 0751 16       		.uleb128 0x16
 1370 0752 18000000 		.4byte	.LBB8
 1371 0756 1E000000 		.4byte	.LBE8
 1372 075a 17       		.uleb128 0x17
 1373 075b 746D7000 		.ascii	"tmp\000"
 1374 075f 01       		.byte	0x1
 1375 0760 35       		.byte	0x35
 1376 0761 70000000 		.4byte	0x70
 1377 0765 CC000000 		.4byte	.LLST8
 1378 0769 00       		.byte	0
 1379 076a 00       		.byte	0
 1380 076b 14       		.uleb128 0x14
 1381 076c 01       		.byte	0x1
 1382 076d 17010000 		.4byte	.LASF86
 1383 0771 01       		.byte	0x1
 1384 0772 EC       		.byte	0xec
 1385 0773 01       		.byte	0x1
 1386 0774 00000000 		.4byte	.LFB12
 1387 0778 10000000 		.4byte	.LFE12
 1388 077c 02       		.byte	0x2
 1389 077d 7D       		.byte	0x7d
 1390 077e 00       		.sleb128 0
 1391 077f 9E070000 		.4byte	0x79e
 1392 0783 1C       		.uleb128 0x1c
 1393 0784 6E747000 		.ascii	"ntp\000"
 1394 0788 01       		.byte	0x1
 1395 0789 EC       		.byte	0xec
 1396 078a 21020000 		.4byte	0x221
 1397 078e 01       		.byte	0x1
 1398 078f 50       		.byte	0x50
 1399 0790 1C       		.uleb128 0x1c
 1400 0791 6F747000 		.ascii	"otp\000"
 1401 0795 01       		.byte	0x1
 1402 0796 EC       		.byte	0xec
 1403 0797 21020000 		.4byte	0x221
 1404 079b 01       		.byte	0x1
 1405 079c 51       		.byte	0x51
 1406 079d 00       		.byte	0
 1407 079e 1D       		.uleb128 0x1d
 1408 079f 01       		.byte	0x1
 1409 07a0 BA000000 		.4byte	.LASF87
 1410 07a4 01       		.byte	0x1
 1411 07a5 0301     		.2byte	0x103
 1412 07a7 01       		.byte	0x1
 1413 07a8 00000000 		.4byte	.LFB13
 1414 07ac 16000000 		.4byte	.LFE13
 1415 07b0 DF000000 		.4byte	.LLST9
 1416 07b4 D3070000 		.4byte	0x7d3
 1417 07b8 16       		.uleb128 0x16
ARM GAS  C:\Users\z80\AppData\Local\Temp\ccooDRiy.s 			page 26


 1418 07b9 06000000 		.4byte	.LBB9
 1419 07bd 0C000000 		.4byte	.LBE9
 1420 07c1 1E       		.uleb128 0x1e
 1421 07c2 746D7000 		.ascii	"tmp\000"
 1422 07c6 01       		.byte	0x1
 1423 07c7 0501     		.2byte	0x105
 1424 07c9 70000000 		.4byte	0x70
 1425 07cd FF000000 		.4byte	.LLST10
 1426 07d1 00       		.byte	0
 1427 07d2 00       		.byte	0
 1428 07d3 1F       		.uleb128 0x1f
 1429 07d4 3F030000 		.4byte	.LASF91
 1430 07d8 08       		.byte	0x8
 1431 07d9 72       		.byte	0x72
 1432 07da 9D050000 		.4byte	0x59d
 1433 07de 01       		.byte	0x1
 1434 07df 01       		.byte	0x1
 1435 07e0 00       		.byte	0
 1436              		.section	.debug_abbrev,"",%progbits
 1437              	.Ldebug_abbrev0:
 1438 0000 01       		.uleb128 0x1
 1439 0001 11       		.uleb128 0x11
 1440 0002 01       		.byte	0x1
 1441 0003 25       		.uleb128 0x25
 1442 0004 0E       		.uleb128 0xe
 1443 0005 13       		.uleb128 0x13
 1444 0006 0B       		.uleb128 0xb
 1445 0007 03       		.uleb128 0x3
 1446 0008 0E       		.uleb128 0xe
 1447 0009 1B       		.uleb128 0x1b
 1448 000a 0E       		.uleb128 0xe
 1449 000b 11       		.uleb128 0x11
 1450 000c 01       		.uleb128 0x1
 1451 000d 52       		.uleb128 0x52
 1452 000e 01       		.uleb128 0x1
 1453 000f 55       		.uleb128 0x55
 1454 0010 06       		.uleb128 0x6
 1455 0011 10       		.uleb128 0x10
 1456 0012 06       		.uleb128 0x6
 1457 0013 00       		.byte	0
 1458 0014 00       		.byte	0
 1459 0015 02       		.uleb128 0x2
 1460 0016 24       		.uleb128 0x24
 1461 0017 00       		.byte	0
 1462 0018 0B       		.uleb128 0xb
 1463 0019 0B       		.uleb128 0xb
 1464 001a 3E       		.uleb128 0x3e
 1465 001b 0B       		.uleb128 0xb
 1466 001c 03       		.uleb128 0x3
 1467 001d 08       		.uleb128 0x8
 1468 001e 00       		.byte	0
 1469 001f 00       		.byte	0
 1470 0020 03       		.uleb128 0x3
 1471 0021 24       		.uleb128 0x24
 1472 0022 00       		.byte	0
 1473 0023 0B       		.uleb128 0xb
 1474 0024 0B       		.uleb128 0xb
ARM GAS  C:\Users\z80\AppData\Local\Temp\ccooDRiy.s 			page 27


 1475 0025 3E       		.uleb128 0x3e
 1476 0026 0B       		.uleb128 0xb
 1477 0027 03       		.uleb128 0x3
 1478 0028 0E       		.uleb128 0xe
 1479 0029 00       		.byte	0
 1480 002a 00       		.byte	0
 1481 002b 04       		.uleb128 0x4
 1482 002c 16       		.uleb128 0x16
 1483 002d 00       		.byte	0
 1484 002e 03       		.uleb128 0x3
 1485 002f 0E       		.uleb128 0xe
 1486 0030 3A       		.uleb128 0x3a
 1487 0031 0B       		.uleb128 0xb
 1488 0032 3B       		.uleb128 0x3b
 1489 0033 0B       		.uleb128 0xb
 1490 0034 49       		.uleb128 0x49
 1491 0035 13       		.uleb128 0x13
 1492 0036 00       		.byte	0
 1493 0037 00       		.byte	0
 1494 0038 05       		.uleb128 0x5
 1495 0039 13       		.uleb128 0x13
 1496 003a 01       		.byte	0x1
 1497 003b 03       		.uleb128 0x3
 1498 003c 0E       		.uleb128 0xe
 1499 003d 0B       		.uleb128 0xb
 1500 003e 0B       		.uleb128 0xb
 1501 003f 3A       		.uleb128 0x3a
 1502 0040 0B       		.uleb128 0xb
 1503 0041 3B       		.uleb128 0x3b
 1504 0042 0B       		.uleb128 0xb
 1505 0043 01       		.uleb128 0x1
 1506 0044 13       		.uleb128 0x13
 1507 0045 00       		.byte	0
 1508 0046 00       		.byte	0
 1509 0047 06       		.uleb128 0x6
 1510 0048 0D       		.uleb128 0xd
 1511 0049 00       		.byte	0
 1512 004a 03       		.uleb128 0x3
 1513 004b 0E       		.uleb128 0xe
 1514 004c 3A       		.uleb128 0x3a
 1515 004d 0B       		.uleb128 0xb
 1516 004e 3B       		.uleb128 0x3b
 1517 004f 0B       		.uleb128 0xb
 1518 0050 49       		.uleb128 0x49
 1519 0051 13       		.uleb128 0x13
 1520 0052 38       		.uleb128 0x38
 1521 0053 0A       		.uleb128 0xa
 1522 0054 00       		.byte	0
 1523 0055 00       		.byte	0
 1524 0056 07       		.uleb128 0x7
 1525 0057 0D       		.uleb128 0xd
 1526 0058 00       		.byte	0
 1527 0059 03       		.uleb128 0x3
 1528 005a 08       		.uleb128 0x8
 1529 005b 3A       		.uleb128 0x3a
 1530 005c 0B       		.uleb128 0xb
 1531 005d 3B       		.uleb128 0x3b
ARM GAS  C:\Users\z80\AppData\Local\Temp\ccooDRiy.s 			page 28


 1532 005e 0B       		.uleb128 0xb
 1533 005f 49       		.uleb128 0x49
 1534 0060 13       		.uleb128 0x13
 1535 0061 38       		.uleb128 0x38
 1536 0062 0A       		.uleb128 0xa
 1537 0063 00       		.byte	0
 1538 0064 00       		.byte	0
 1539 0065 08       		.uleb128 0x8
 1540 0066 13       		.uleb128 0x13
 1541 0067 01       		.byte	0x1
 1542 0068 0B       		.uleb128 0xb
 1543 0069 0B       		.uleb128 0xb
 1544 006a 3A       		.uleb128 0x3a
 1545 006b 0B       		.uleb128 0xb
 1546 006c 3B       		.uleb128 0x3b
 1547 006d 0B       		.uleb128 0xb
 1548 006e 01       		.uleb128 0x1
 1549 006f 13       		.uleb128 0x13
 1550 0070 00       		.byte	0
 1551 0071 00       		.byte	0
 1552 0072 09       		.uleb128 0x9
 1553 0073 0F       		.uleb128 0xf
 1554 0074 00       		.byte	0
 1555 0075 0B       		.uleb128 0xb
 1556 0076 0B       		.uleb128 0xb
 1557 0077 49       		.uleb128 0x49
 1558 0078 13       		.uleb128 0x13
 1559 0079 00       		.byte	0
 1560 007a 00       		.byte	0
 1561 007b 0A       		.uleb128 0xa
 1562 007c 0F       		.uleb128 0xf
 1563 007d 00       		.byte	0
 1564 007e 0B       		.uleb128 0xb
 1565 007f 0B       		.uleb128 0xb
 1566 0080 00       		.byte	0
 1567 0081 00       		.byte	0
 1568 0082 0B       		.uleb128 0xb
 1569 0083 0D       		.uleb128 0xd
 1570 0084 00       		.byte	0
 1571 0085 03       		.uleb128 0x3
 1572 0086 08       		.uleb128 0x8
 1573 0087 3A       		.uleb128 0x3a
 1574 0088 0B       		.uleb128 0xb
 1575 0089 3B       		.uleb128 0x3b
 1576 008a 05       		.uleb128 0x5
 1577 008b 49       		.uleb128 0x49
 1578 008c 13       		.uleb128 0x13
 1579 008d 38       		.uleb128 0x38
 1580 008e 0A       		.uleb128 0xa
 1581 008f 00       		.byte	0
 1582 0090 00       		.byte	0
 1583 0091 0C       		.uleb128 0xc
 1584 0092 13       		.uleb128 0x13
 1585 0093 01       		.byte	0x1
 1586 0094 03       		.uleb128 0x3
 1587 0095 0E       		.uleb128 0xe
 1588 0096 0B       		.uleb128 0xb
ARM GAS  C:\Users\z80\AppData\Local\Temp\ccooDRiy.s 			page 29


 1589 0097 0B       		.uleb128 0xb
 1590 0098 3A       		.uleb128 0x3a
 1591 0099 0B       		.uleb128 0xb
 1592 009a 3B       		.uleb128 0x3b
 1593 009b 05       		.uleb128 0x5
 1594 009c 01       		.uleb128 0x1
 1595 009d 13       		.uleb128 0x13
 1596 009e 00       		.byte	0
 1597 009f 00       		.byte	0
 1598 00a0 0D       		.uleb128 0xd
 1599 00a1 35       		.uleb128 0x35
 1600 00a2 00       		.byte	0
 1601 00a3 49       		.uleb128 0x49
 1602 00a4 13       		.uleb128 0x13
 1603 00a5 00       		.byte	0
 1604 00a6 00       		.byte	0
 1605 00a7 0E       		.uleb128 0xe
 1606 00a8 01       		.uleb128 0x1
 1607 00a9 01       		.byte	0x1
 1608 00aa 49       		.uleb128 0x49
 1609 00ab 13       		.uleb128 0x13
 1610 00ac 01       		.uleb128 0x1
 1611 00ad 13       		.uleb128 0x13
 1612 00ae 00       		.byte	0
 1613 00af 00       		.byte	0
 1614 00b0 0F       		.uleb128 0xf
 1615 00b1 21       		.uleb128 0x21
 1616 00b2 00       		.byte	0
 1617 00b3 49       		.uleb128 0x49
 1618 00b4 13       		.uleb128 0x13
 1619 00b5 2F       		.uleb128 0x2f
 1620 00b6 0B       		.uleb128 0xb
 1621 00b7 00       		.byte	0
 1622 00b8 00       		.byte	0
 1623 00b9 10       		.uleb128 0x10
 1624 00ba 17       		.uleb128 0x17
 1625 00bb 01       		.byte	0x1
 1626 00bc 0B       		.uleb128 0xb
 1627 00bd 0B       		.uleb128 0xb
 1628 00be 3A       		.uleb128 0x3a
 1629 00bf 0B       		.uleb128 0xb
 1630 00c0 3B       		.uleb128 0x3b
 1631 00c1 0B       		.uleb128 0xb
 1632 00c2 01       		.uleb128 0x1
 1633 00c3 13       		.uleb128 0x13
 1634 00c4 00       		.byte	0
 1635 00c5 00       		.byte	0
 1636 00c6 11       		.uleb128 0x11
 1637 00c7 0D       		.uleb128 0xd
 1638 00c8 00       		.byte	0
 1639 00c9 03       		.uleb128 0x3
 1640 00ca 0E       		.uleb128 0xe
 1641 00cb 3A       		.uleb128 0x3a
 1642 00cc 0B       		.uleb128 0xb
 1643 00cd 3B       		.uleb128 0x3b
 1644 00ce 0B       		.uleb128 0xb
 1645 00cf 49       		.uleb128 0x49
ARM GAS  C:\Users\z80\AppData\Local\Temp\ccooDRiy.s 			page 30


 1646 00d0 13       		.uleb128 0x13
 1647 00d1 00       		.byte	0
 1648 00d2 00       		.byte	0
 1649 00d3 12       		.uleb128 0x12
 1650 00d4 26       		.uleb128 0x26
 1651 00d5 00       		.byte	0
 1652 00d6 49       		.uleb128 0x49
 1653 00d7 13       		.uleb128 0x13
 1654 00d8 00       		.byte	0
 1655 00d9 00       		.byte	0
 1656 00da 13       		.uleb128 0x13
 1657 00db 2E       		.uleb128 0x2e
 1658 00dc 00       		.byte	0
 1659 00dd 3F       		.uleb128 0x3f
 1660 00de 0C       		.uleb128 0xc
 1661 00df 03       		.uleb128 0x3
 1662 00e0 0E       		.uleb128 0xe
 1663 00e1 3A       		.uleb128 0x3a
 1664 00e2 0B       		.uleb128 0xb
 1665 00e3 3B       		.uleb128 0x3b
 1666 00e4 0B       		.uleb128 0xb
 1667 00e5 27       		.uleb128 0x27
 1668 00e6 0C       		.uleb128 0xc
 1669 00e7 11       		.uleb128 0x11
 1670 00e8 01       		.uleb128 0x1
 1671 00e9 12       		.uleb128 0x12
 1672 00ea 01       		.uleb128 0x1
 1673 00eb 40       		.uleb128 0x40
 1674 00ec 0A       		.uleb128 0xa
 1675 00ed 00       		.byte	0
 1676 00ee 00       		.byte	0
 1677 00ef 14       		.uleb128 0x14
 1678 00f0 2E       		.uleb128 0x2e
 1679 00f1 01       		.byte	0x1
 1680 00f2 3F       		.uleb128 0x3f
 1681 00f3 0C       		.uleb128 0xc
 1682 00f4 03       		.uleb128 0x3
 1683 00f5 0E       		.uleb128 0xe
 1684 00f6 3A       		.uleb128 0x3a
 1685 00f7 0B       		.uleb128 0xb
 1686 00f8 3B       		.uleb128 0x3b
 1687 00f9 0B       		.uleb128 0xb
 1688 00fa 27       		.uleb128 0x27
 1689 00fb 0C       		.uleb128 0xc
 1690 00fc 11       		.uleb128 0x11
 1691 00fd 01       		.uleb128 0x1
 1692 00fe 12       		.uleb128 0x12
 1693 00ff 01       		.uleb128 0x1
 1694 0100 40       		.uleb128 0x40
 1695 0101 0A       		.uleb128 0xa
 1696 0102 01       		.uleb128 0x1
 1697 0103 13       		.uleb128 0x13
 1698 0104 00       		.byte	0
 1699 0105 00       		.byte	0
 1700 0106 15       		.uleb128 0x15
 1701 0107 34       		.uleb128 0x34
 1702 0108 00       		.byte	0
ARM GAS  C:\Users\z80\AppData\Local\Temp\ccooDRiy.s 			page 31


 1703 0109 03       		.uleb128 0x3
 1704 010a 0E       		.uleb128 0xe
 1705 010b 3A       		.uleb128 0x3a
 1706 010c 0B       		.uleb128 0xb
 1707 010d 3B       		.uleb128 0x3b
 1708 010e 0B       		.uleb128 0xb
 1709 010f 49       		.uleb128 0x49
 1710 0110 13       		.uleb128 0x13
 1711 0111 02       		.uleb128 0x2
 1712 0112 06       		.uleb128 0x6
 1713 0113 00       		.byte	0
 1714 0114 00       		.byte	0
 1715 0115 16       		.uleb128 0x16
 1716 0116 0B       		.uleb128 0xb
 1717 0117 01       		.byte	0x1
 1718 0118 11       		.uleb128 0x11
 1719 0119 01       		.uleb128 0x1
 1720 011a 12       		.uleb128 0x12
 1721 011b 01       		.uleb128 0x1
 1722 011c 00       		.byte	0
 1723 011d 00       		.byte	0
 1724 011e 17       		.uleb128 0x17
 1725 011f 34       		.uleb128 0x34
 1726 0120 00       		.byte	0
 1727 0121 03       		.uleb128 0x3
 1728 0122 08       		.uleb128 0x8
 1729 0123 3A       		.uleb128 0x3a
 1730 0124 0B       		.uleb128 0xb
 1731 0125 3B       		.uleb128 0x3b
 1732 0126 0B       		.uleb128 0xb
 1733 0127 49       		.uleb128 0x49
 1734 0128 13       		.uleb128 0x13
 1735 0129 02       		.uleb128 0x2
 1736 012a 06       		.uleb128 0x6
 1737 012b 00       		.byte	0
 1738 012c 00       		.byte	0
 1739 012d 18       		.uleb128 0x18
 1740 012e 2E       		.uleb128 0x2e
 1741 012f 00       		.byte	0
 1742 0130 3F       		.uleb128 0x3f
 1743 0131 0C       		.uleb128 0xc
 1744 0132 03       		.uleb128 0x3
 1745 0133 0E       		.uleb128 0xe
 1746 0134 3A       		.uleb128 0x3a
 1747 0135 0B       		.uleb128 0xb
 1748 0136 3B       		.uleb128 0x3b
 1749 0137 0B       		.uleb128 0xb
 1750 0138 27       		.uleb128 0x27
 1751 0139 0C       		.uleb128 0xc
 1752 013a 11       		.uleb128 0x11
 1753 013b 01       		.uleb128 0x1
 1754 013c 12       		.uleb128 0x12
 1755 013d 01       		.uleb128 0x1
 1756 013e 40       		.uleb128 0x40
 1757 013f 06       		.uleb128 0x6
 1758 0140 00       		.byte	0
 1759 0141 00       		.byte	0
ARM GAS  C:\Users\z80\AppData\Local\Temp\ccooDRiy.s 			page 32


 1760 0142 19       		.uleb128 0x19
 1761 0143 0B       		.uleb128 0xb
 1762 0144 01       		.byte	0x1
 1763 0145 11       		.uleb128 0x11
 1764 0146 01       		.uleb128 0x1
 1765 0147 12       		.uleb128 0x12
 1766 0148 01       		.uleb128 0x1
 1767 0149 01       		.uleb128 0x1
 1768 014a 13       		.uleb128 0x13
 1769 014b 00       		.byte	0
 1770 014c 00       		.byte	0
 1771 014d 1A       		.uleb128 0x1a
 1772 014e 0B       		.uleb128 0xb
 1773 014f 01       		.byte	0x1
 1774 0150 55       		.uleb128 0x55
 1775 0151 06       		.uleb128 0x6
 1776 0152 01       		.uleb128 0x1
 1777 0153 13       		.uleb128 0x13
 1778 0154 00       		.byte	0
 1779 0155 00       		.byte	0
 1780 0156 1B       		.uleb128 0x1b
 1781 0157 2E       		.uleb128 0x2e
 1782 0158 01       		.byte	0x1
 1783 0159 3F       		.uleb128 0x3f
 1784 015a 0C       		.uleb128 0xc
 1785 015b 03       		.uleb128 0x3
 1786 015c 0E       		.uleb128 0xe
 1787 015d 3A       		.uleb128 0x3a
 1788 015e 0B       		.uleb128 0xb
 1789 015f 3B       		.uleb128 0x3b
 1790 0160 0B       		.uleb128 0xb
 1791 0161 27       		.uleb128 0x27
 1792 0162 0C       		.uleb128 0xc
 1793 0163 11       		.uleb128 0x11
 1794 0164 01       		.uleb128 0x1
 1795 0165 12       		.uleb128 0x12
 1796 0166 01       		.uleb128 0x1
 1797 0167 40       		.uleb128 0x40
 1798 0168 06       		.uleb128 0x6
 1799 0169 01       		.uleb128 0x1
 1800 016a 13       		.uleb128 0x13
 1801 016b 00       		.byte	0
 1802 016c 00       		.byte	0
 1803 016d 1C       		.uleb128 0x1c
 1804 016e 05       		.uleb128 0x5
 1805 016f 00       		.byte	0
 1806 0170 03       		.uleb128 0x3
 1807 0171 08       		.uleb128 0x8
 1808 0172 3A       		.uleb128 0x3a
 1809 0173 0B       		.uleb128 0xb
 1810 0174 3B       		.uleb128 0x3b
 1811 0175 0B       		.uleb128 0xb
 1812 0176 49       		.uleb128 0x49
 1813 0177 13       		.uleb128 0x13
 1814 0178 02       		.uleb128 0x2
 1815 0179 0A       		.uleb128 0xa
 1816 017a 00       		.byte	0
ARM GAS  C:\Users\z80\AppData\Local\Temp\ccooDRiy.s 			page 33


 1817 017b 00       		.byte	0
 1818 017c 1D       		.uleb128 0x1d
 1819 017d 2E       		.uleb128 0x2e
 1820 017e 01       		.byte	0x1
 1821 017f 3F       		.uleb128 0x3f
 1822 0180 0C       		.uleb128 0xc
 1823 0181 03       		.uleb128 0x3
 1824 0182 0E       		.uleb128 0xe
 1825 0183 3A       		.uleb128 0x3a
 1826 0184 0B       		.uleb128 0xb
 1827 0185 3B       		.uleb128 0x3b
 1828 0186 05       		.uleb128 0x5
 1829 0187 27       		.uleb128 0x27
 1830 0188 0C       		.uleb128 0xc
 1831 0189 11       		.uleb128 0x11
 1832 018a 01       		.uleb128 0x1
 1833 018b 12       		.uleb128 0x12
 1834 018c 01       		.uleb128 0x1
 1835 018d 40       		.uleb128 0x40
 1836 018e 06       		.uleb128 0x6
 1837 018f 01       		.uleb128 0x1
 1838 0190 13       		.uleb128 0x13
 1839 0191 00       		.byte	0
 1840 0192 00       		.byte	0
 1841 0193 1E       		.uleb128 0x1e
 1842 0194 34       		.uleb128 0x34
 1843 0195 00       		.byte	0
 1844 0196 03       		.uleb128 0x3
 1845 0197 08       		.uleb128 0x8
 1846 0198 3A       		.uleb128 0x3a
 1847 0199 0B       		.uleb128 0xb
 1848 019a 3B       		.uleb128 0x3b
 1849 019b 05       		.uleb128 0x5
 1850 019c 49       		.uleb128 0x49
 1851 019d 13       		.uleb128 0x13
 1852 019e 02       		.uleb128 0x2
 1853 019f 06       		.uleb128 0x6
 1854 01a0 00       		.byte	0
 1855 01a1 00       		.byte	0
 1856 01a2 1F       		.uleb128 0x1f
 1857 01a3 34       		.uleb128 0x34
 1858 01a4 00       		.byte	0
 1859 01a5 03       		.uleb128 0x3
 1860 01a6 0E       		.uleb128 0xe
 1861 01a7 3A       		.uleb128 0x3a
 1862 01a8 0B       		.uleb128 0xb
 1863 01a9 3B       		.uleb128 0x3b
 1864 01aa 0B       		.uleb128 0xb
 1865 01ab 49       		.uleb128 0x49
 1866 01ac 13       		.uleb128 0x13
 1867 01ad 3F       		.uleb128 0x3f
 1868 01ae 0C       		.uleb128 0xc
 1869 01af 3C       		.uleb128 0x3c
 1870 01b0 0C       		.uleb128 0xc
 1871 01b1 00       		.byte	0
 1872 01b2 00       		.byte	0
 1873 01b3 00       		.byte	0
ARM GAS  C:\Users\z80\AppData\Local\Temp\ccooDRiy.s 			page 34


 1874              		.section	.debug_loc,"",%progbits
 1875              	.Ldebug_loc0:
 1876              	.LLST0:
 1877 0000 04000000 		.4byte	.LVL0
 1878 0004 06000000 		.4byte	.LVL1
 1879 0008 0300     		.2byte	0x3
 1880 000a 73       		.byte	0x73
 1881 000b 20       		.sleb128 32
 1882 000c 9F       		.byte	0x9f
 1883 000d 06000000 		.4byte	.LVL1
 1884 0011 0C000000 		.4byte	.LVL2
 1885 0015 0100     		.2byte	0x1
 1886 0017 53       		.byte	0x53
 1887 0018 00000000 		.4byte	0
 1888 001c 00000000 		.4byte	0
 1889              	.LLST1:
 1890 0020 10000000 		.4byte	.LVL3
 1891 0024 12000000 		.4byte	.LFE8
 1892 0028 0100     		.2byte	0x1
 1893 002a 53       		.byte	0x53
 1894 002b 00000000 		.4byte	0
 1895 002f 00000000 		.4byte	0
 1896              	.LLST2:
 1897 0033 00000000 		.4byte	.LFB9
 1898 0037 02000000 		.4byte	.LCFI0
 1899 003b 0200     		.2byte	0x2
 1900 003d 7D       		.byte	0x7d
 1901 003e 00       		.sleb128 0
 1902 003f 02000000 		.4byte	.LCFI0
 1903 0043 34000000 		.4byte	.LFE9
 1904 0047 0200     		.2byte	0x2
 1905 0049 7D       		.byte	0x7d
 1906 004a 08       		.sleb128 8
 1907 004b 00000000 		.4byte	0
 1908 004f 00000000 		.4byte	0
 1909              	.LLST3:
 1910 0053 06000000 		.4byte	.LVL5
 1911 0057 10000000 		.4byte	.LVL6
 1912 005b 0100     		.2byte	0x1
 1913 005d 53       		.byte	0x53
 1914 005e 00000000 		.4byte	0
 1915 0062 00000000 		.4byte	0
 1916              	.LLST4:
 1917 0066 1A000000 		.4byte	.LVL7
 1918 006a 56000000 		.4byte	.LVL8
 1919 006e 0300     		.2byte	0x3
 1920 0070 72       		.byte	0x72
 1921 0071 60       		.sleb128 -32
 1922 0072 9F       		.byte	0x9f
 1923 0073 5C000000 		.4byte	.LVL10
 1924 0077 7E000000 		.4byte	.LFE10
 1925 007b 0100     		.2byte	0x1
 1926 007d 5C       		.byte	0x5c
 1927 007e 00000000 		.4byte	0
 1928 0082 00000000 		.4byte	0
 1929              	.LLST5:
 1930 0086 5A000000 		.4byte	.LVL9
ARM GAS  C:\Users\z80\AppData\Local\Temp\ccooDRiy.s 			page 35


 1931 008a 5C000000 		.4byte	.LVL10
 1932 008e 0100     		.2byte	0x1
 1933 0090 53       		.byte	0x53
 1934 0091 00000000 		.4byte	0
 1935 0095 00000000 		.4byte	0
 1936              	.LLST6:
 1937 0099 00000000 		.4byte	.LFB7
 1938 009d 02000000 		.4byte	.LCFI1
 1939 00a1 0200     		.2byte	0x2
 1940 00a3 7D       		.byte	0x7d
 1941 00a4 00       		.sleb128 0
 1942 00a5 02000000 		.4byte	.LCFI1
 1943 00a9 2A000000 		.4byte	.LFE7
 1944 00ad 0200     		.2byte	0x2
 1945 00af 7D       		.byte	0x7d
 1946 00b0 08       		.sleb128 8
 1947 00b1 00000000 		.4byte	0
 1948 00b5 00000000 		.4byte	0
 1949              	.LLST7:
 1950 00b9 0C000000 		.4byte	.LVL12
 1951 00bd 0F000000 		.4byte	.LVL13-1
 1952 00c1 0100     		.2byte	0x1
 1953 00c3 53       		.byte	0x53
 1954 00c4 00000000 		.4byte	0
 1955 00c8 00000000 		.4byte	0
 1956              	.LLST8:
 1957 00cc 1E000000 		.4byte	.LVL15
 1958 00d0 21000000 		.4byte	.LVL16-1
 1959 00d4 0100     		.2byte	0x1
 1960 00d6 53       		.byte	0x53
 1961 00d7 00000000 		.4byte	0
 1962 00db 00000000 		.4byte	0
 1963              	.LLST9:
 1964 00df 00000000 		.4byte	.LFB13
 1965 00e3 02000000 		.4byte	.LCFI2
 1966 00e7 0200     		.2byte	0x2
 1967 00e9 7D       		.byte	0x7d
 1968 00ea 00       		.sleb128 0
 1969 00eb 02000000 		.4byte	.LCFI2
 1970 00ef 16000000 		.4byte	.LFE13
 1971 00f3 0200     		.2byte	0x2
 1972 00f5 7D       		.byte	0x7d
 1973 00f6 08       		.sleb128 8
 1974 00f7 00000000 		.4byte	0
 1975 00fb 00000000 		.4byte	0
 1976              	.LLST10:
 1977 00ff 0C000000 		.4byte	.LVL19
 1978 0103 16000000 		.4byte	.LFE13
 1979 0107 0100     		.2byte	0x1
 1980 0109 53       		.byte	0x53
 1981 010a 00000000 		.4byte	0
 1982 010e 00000000 		.4byte	0
 1983              		.section	.debug_aranges,"",%progbits
 1984 0000 4C000000 		.4byte	0x4c
 1985 0004 0200     		.2byte	0x2
 1986 0006 00000000 		.4byte	.Ldebug_info0
 1987 000a 04       		.byte	0x4
ARM GAS  C:\Users\z80\AppData\Local\Temp\ccooDRiy.s 			page 36


 1988 000b 00       		.byte	0
 1989 000c 0000     		.2byte	0
 1990 000e 0000     		.2byte	0
 1991 0010 00000000 		.4byte	.LFB11
 1992 0014 0E000000 		.4byte	.LFE11-.LFB11
 1993 0018 00000000 		.4byte	.LFB8
 1994 001c 12000000 		.4byte	.LFE8-.LFB8
 1995 0020 00000000 		.4byte	.LFB9
 1996 0024 34000000 		.4byte	.LFE9-.LFB9
 1997 0028 00000000 		.4byte	.LFB10
 1998 002c 7E000000 		.4byte	.LFE10-.LFB10
 1999 0030 00000000 		.4byte	.LFB7
 2000 0034 2A000000 		.4byte	.LFE7-.LFB7
 2001 0038 00000000 		.4byte	.LFB12
 2002 003c 10000000 		.4byte	.LFE12-.LFB12
 2003 0040 00000000 		.4byte	.LFB13
 2004 0044 16000000 		.4byte	.LFE13-.LFB13
 2005 0048 00000000 		.4byte	0
 2006 004c 00000000 		.4byte	0
 2007              		.section	.debug_ranges,"",%progbits
 2008              	.Ldebug_ranges0:
 2009 0000 16000000 		.4byte	.LBB4
 2010 0004 56000000 		.4byte	.LBE4
 2011 0008 5C000000 		.4byte	.LBB6
 2012 000c 7E000000 		.4byte	.LBE6
 2013 0010 00000000 		.4byte	0
 2014 0014 00000000 		.4byte	0
 2015 0018 00000000 		.4byte	.LFB11
 2016 001c 0E000000 		.4byte	.LFE11
 2017 0020 00000000 		.4byte	.LFB8
 2018 0024 12000000 		.4byte	.LFE8
 2019 0028 00000000 		.4byte	.LFB9
 2020 002c 34000000 		.4byte	.LFE9
 2021 0030 00000000 		.4byte	.LFB10
 2022 0034 7E000000 		.4byte	.LFE10
 2023 0038 00000000 		.4byte	.LFB7
 2024 003c 2A000000 		.4byte	.LFE7
 2025 0040 00000000 		.4byte	.LFB12
 2026 0044 10000000 		.4byte	.LFE12
 2027 0048 00000000 		.4byte	.LFB13
 2028 004c 16000000 		.4byte	.LFE13
 2029 0050 00000000 		.4byte	0
 2030 0054 00000000 		.4byte	0
 2031              		.section	.debug_line,"",%progbits
 2032              	.Ldebug_line0:
 2033 0000 1B020000 		.section	.debug_str,"MS",%progbits,1
 2033      02006201 
 2033      00000201 
 2033      FB0E0D00 
 2033      01010101 
 2034              	.LASF34:
 2035 0000 705F6D73 		.ascii	"p_msg\000"
 2035      6700
 2036              	.LASF75:
 2037 0006 7264796D 		.ascii	"rdymsg\000"
 2037      736700
 2038              	.LASF11:
ARM GAS  C:\Users\z80\AppData\Local\Temp\ccooDRiy.s 			page 37


 2039 000d 75696E74 		.ascii	"uint64_t\000"
 2039      36345F74 
 2039      00
 2040              	.LASF62:
 2041 0016 434D785F 		.ascii	"CMx_SCB\000"
 2041      53434200 
 2042              	.LASF85:
 2043 001e 53797354 		.ascii	"SysTickVector\000"
 2043      69636B56 
 2043      6563746F 
 2043      7200
 2044              	.LASF12:
 2045 002c 6C6F6E67 		.ascii	"long long unsigned int\000"
 2045      206C6F6E 
 2045      6720756E 
 2045      7369676E 
 2045      65642069 
 2046              	.LASF76:
 2047 0043 65786974 		.ascii	"exitcode\000"
 2047      636F6465 
 2047      00
 2048              	.LASF47:
 2049 004c 43505549 		.ascii	"CPUID\000"
 2049      4400
 2050              	.LASF23:
 2051 0052 705F7072 		.ascii	"p_prio\000"
 2051      696F00
 2052              	.LASF10:
 2053 0059 6C6F6E67 		.ascii	"long long int\000"
 2053      206C6F6E 
 2053      6720696E 
 2053      7400
 2054              	.LASF1:
 2055 0067 7369676E 		.ascii	"signed char\000"
 2055      65642063 
 2055      68617200 
 2056              	.LASF72:
 2057 0073 6D5F7175 		.ascii	"m_queue\000"
 2057      65756500 
 2058              	.LASF90:
 2059 007b 433A5C70 		.ascii	"C:\\projects\\digitizer.git\\firmware\\digitizer\000"
 2059      726F6A65 
 2059      6374735C 
 2059      64696769 
 2059      74697A65 
 2060              	.LASF7:
 2061 00a8 6C6F6E67 		.ascii	"long int\000"
 2061      20696E74 
 2061      00
 2062              	.LASF14:
 2063 00b1 74737461 		.ascii	"tstate_t\000"
 2063      74655F74 
 2063      00
 2064              	.LASF87:
 2065 00ba 5F706F72 		.ascii	"_port_thread_start\000"
 2065      745F7468 
 2065      72656164 
ARM GAS  C:\Users\z80\AppData\Local\Temp\ccooDRiy.s 			page 38


 2065      5F737461 
 2065      727400
 2066              	.LASF25:
 2067 00cd 705F6E65 		.ascii	"p_newer\000"
 2067      77657200 
 2068              	.LASF57:
 2069 00d5 42464152 		.ascii	"BFAR\000"
 2069      00
 2070              	.LASF66:
 2071 00da 725F6E65 		.ascii	"r_newer\000"
 2071      77657200 
 2072              	.LASF40:
 2073 00e2 72656761 		.ascii	"regarm_t\000"
 2073      726D5F74 
 2073      00
 2074              	.LASF19:
 2075 00eb 636E745F 		.ascii	"cnt_t\000"
 2075      7400
 2076              	.LASF28:
 2077 00f1 705F7374 		.ascii	"p_stklimit\000"
 2077      6B6C696D 
 2077      697400
 2078              	.LASF0:
 2079 00fc 756E7369 		.ascii	"unsigned int\000"
 2079      676E6564 
 2079      20696E74 
 2079      00
 2080              	.LASF43:
 2081 0109 6C725F74 		.ascii	"lr_thd\000"
 2081      686400
 2082              	.LASF42:
 2083 0110 65787463 		.ascii	"extctx\000"
 2083      747800
 2084              	.LASF86:
 2085 0117 5F706F72 		.ascii	"_port_switch\000"
 2085      745F7377 
 2085      69746368 
 2085      00
 2086              	.LASF9:
 2087 0124 6C6F6E67 		.ascii	"long unsigned int\000"
 2087      20756E73 
 2087      69676E65 
 2087      6420696E 
 2087      7400
 2088              	.LASF49:
 2089 0136 56544F52 		.ascii	"VTOR\000"
 2089      00
 2090              	.LASF81:
 2091 013b 5F706F72 		.ascii	"_port_switch_from_isr\000"
 2091      745F7377 
 2091      69746368 
 2091      5F66726F 
 2091      6D5F6973 
 2092              	.LASF46:
 2093 0151 636F6E74 		.ascii	"context\000"
 2093      65787400 
 2094              	.LASF4:
ARM GAS  C:\Users\z80\AppData\Local\Temp\ccooDRiy.s 			page 39


 2095 0159 73686F72 		.ascii	"short unsigned int\000"
 2095      7420756E 
 2095      7369676E 
 2095      65642069 
 2095      6E7400
 2096              	.LASF48:
 2097 016c 49435352 		.ascii	"ICSR\000"
 2097      00
 2098              	.LASF16:
 2099 0171 6D73675F 		.ascii	"msg_t\000"
 2099      7400
 2100              	.LASF50:
 2101 0177 41495243 		.ascii	"AIRCR\000"
 2101      5200
 2102              	.LASF55:
 2103 017d 44465352 		.ascii	"DFSR\000"
 2103      00
 2104              	.LASF56:
 2105 0182 4D4D4641 		.ascii	"MMFAR\000"
 2105      5200
 2106              	.LASF84:
 2107 0188 5F706F72 		.ascii	"_port_irq_epilogue\000"
 2107      745F6972 
 2107      715F6570 
 2107      696C6F67 
 2107      756500
 2108              	.LASF13:
 2109 019b 746D6F64 		.ascii	"tmode_t\000"
 2109      655F7400 
 2110              	.LASF39:
 2111 01a3 54687265 		.ascii	"ThreadsList\000"
 2111      6164734C 
 2111      69737400 
 2112              	.LASF17:
 2113 01af 6576656E 		.ascii	"eventmask_t\000"
 2113      746D6173 
 2113      6B5F7400 
 2114              	.LASF71:
 2115 01bb 4D757465 		.ascii	"Mutex\000"
 2115      7800
 2116              	.LASF41:
 2117 01c1 73746B61 		.ascii	"stkalign_t\000"
 2117      6C69676E 
 2117      5F7400
 2118              	.LASF53:
 2119 01cc 43465352 		.ascii	"CFSR\000"
 2119      00
 2120              	.LASF26:
 2121 01d1 705F6F6C 		.ascii	"p_older\000"
 2121      64657200 
 2122              	.LASF65:
 2123 01d9 725F6374 		.ascii	"r_ctx\000"
 2123      7800
 2124              	.LASF38:
 2125 01df 54687265 		.ascii	"ThreadsQueue\000"
 2125      61647351 
 2125      75657565 
ARM GAS  C:\Users\z80\AppData\Local\Temp\ccooDRiy.s 			page 40


 2125      00
 2126              	.LASF89:
 2127 01ec 2E2E2F63 		.ascii	"../chibios_2.4.x/os/ports/GCC/ARMCMx/chcore_v7m.c\000"
 2127      68696269 
 2127      6F735F32 
 2127      2E342E78 
 2127      2F6F732F 
 2128              	.LASF69:
 2129 021e 725F6375 		.ascii	"r_current\000"
 2129      7272656E 
 2129      7400
 2130              	.LASF67:
 2131 0228 725F6F6C 		.ascii	"r_older\000"
 2131      64657200 
 2132              	.LASF80:
 2133 0230 63747870 		.ascii	"ctxp\000"
 2133      00
 2134              	.LASF22:
 2135 0235 705F7072 		.ascii	"p_prev\000"
 2135      657600
 2136              	.LASF15:
 2137 023c 74707269 		.ascii	"tprio_t\000"
 2137      6F5F7400 
 2138              	.LASF6:
 2139 0244 696E7433 		.ascii	"int32_t\000"
 2139      325F7400 
 2140              	.LASF2:
 2141 024c 756E7369 		.ascii	"unsigned char\000"
 2141      676E6564 
 2141      20636861 
 2141      7200
 2142              	.LASF52:
 2143 025a 53484353 		.ascii	"SHCSR\000"
 2143      5200
 2144              	.LASF36:
 2145 0260 705F6D74 		.ascii	"p_mtxlist\000"
 2145      786C6973 
 2145      7400
 2146              	.LASF3:
 2147 026a 73686F72 		.ascii	"short int\000"
 2147      7420696E 
 2147      7400
 2148              	.LASF29:
 2149 0274 705F7374 		.ascii	"p_state\000"
 2149      61746500 
 2150              	.LASF44:
 2151 027c 78707372 		.ascii	"xpsr\000"
 2151      00
 2152              	.LASF64:
 2153 0281 725F7072 		.ascii	"r_prio\000"
 2153      696F00
 2154              	.LASF78:
 2155 0288 65776D61 		.ascii	"ewmask\000"
 2155      736B00
 2156              	.LASF21:
 2157 028f 705F6E65 		.ascii	"p_next\000"
 2157      787400
ARM GAS  C:\Users\z80\AppData\Local\Temp\ccooDRiy.s 			page 41


 2158              	.LASF30:
 2159 0296 705F666C 		.ascii	"p_flags\000"
 2159      61677300 
 2160              	.LASF20:
 2161 029e 54687265 		.ascii	"Thread\000"
 2161      616400
 2162              	.LASF35:
 2163 02a5 705F6570 		.ascii	"p_epending\000"
 2163      656E6469 
 2163      6E6700
 2164              	.LASF8:
 2165 02b0 75696E74 		.ascii	"uint32_t\000"
 2165      33325F74 
 2165      00
 2166              	.LASF63:
 2167 02b9 725F7175 		.ascii	"r_queue\000"
 2167      65756500 
 2168              	.LASF58:
 2169 02c1 41465352 		.ascii	"AFSR\000"
 2169      00
 2170              	.LASF60:
 2171 02c6 756E7573 		.ascii	"unused1\000"
 2171      65643100 
 2172              	.LASF88:
 2173 02ce 474E5520 		.ascii	"GNU C 4.6.3\000"
 2173      4320342E 
 2173      362E3300 
 2174              	.LASF79:
 2175 02da 63686172 		.ascii	"char\000"
 2175      00
 2176              	.LASF74:
 2177 02df 6D5F6E65 		.ascii	"m_next\000"
 2177      787400
 2178              	.LASF18:
 2179 02e6 73797374 		.ascii	"systime_t\000"
 2179      696D655F 
 2179      7400
 2180              	.LASF37:
 2181 02f0 705F7265 		.ascii	"p_realprio\000"
 2181      616C7072 
 2181      696F00
 2182              	.LASF83:
 2183 02fb 53564361 		.ascii	"SVCallVector\000"
 2183      6C6C5665 
 2183      63746F72 
 2183      00
 2184              	.LASF68:
 2185 0308 725F7072 		.ascii	"r_preempt\000"
 2185      65656D70 
 2185      7400
 2186              	.LASF31:
 2187 0312 705F7469 		.ascii	"p_time\000"
 2187      6D6500
 2188              	.LASF51:
 2189 0319 53485052 		.ascii	"SHPR\000"
 2189      00
 2190              	.LASF45:
ARM GAS  C:\Users\z80\AppData\Local\Temp\ccooDRiy.s 			page 42


 2191 031e 696E7463 		.ascii	"intctx\000"
 2191      747800
 2192              	.LASF33:
 2193 0325 705F6D73 		.ascii	"p_msgqueue\000"
 2193      67717565 
 2193      756500
 2194              	.LASF70:
 2195 0330 52656164 		.ascii	"ReadyList\000"
 2195      794C6973 
 2195      7400
 2196              	.LASF59:
 2197 033a 4D4D4652 		.ascii	"MMFR\000"
 2197      00
 2198              	.LASF91:
 2199 033f 726C6973 		.ascii	"rlist\000"
 2199      7400
 2200              	.LASF5:
 2201 0345 75696E74 		.ascii	"uint8_t\000"
 2201      385F7400 
 2202              	.LASF82:
 2203 034d 5F706F72 		.ascii	"_port_init\000"
 2203      745F696E 
 2203      697400
 2204              	.LASF77:
 2205 0358 77746F62 		.ascii	"wtobjp\000"
 2205      6A7000
 2206              	.LASF27:
 2207 035f 705F6E61 		.ascii	"p_name\000"
 2207      6D6500
 2208              	.LASF61:
 2209 0366 43504143 		.ascii	"CPACR\000"
 2209      5200
 2210              	.LASF54:
 2211 036c 48465352 		.ascii	"HFSR\000"
 2211      00
 2212              	.LASF73:
 2213 0371 6D5F6F77 		.ascii	"m_owner\000"
 2213      6E657200 
 2214              	.LASF24:
 2215 0379 705F6374 		.ascii	"p_ctx\000"
 2215      7800
 2216              	.LASF32:
 2217 037f 705F7761 		.ascii	"p_waiting\000"
 2217      6974696E 
 2217      6700
 2218              		.ident	"GCC: (Sourcery CodeBench Lite 2012.03-56) 4.6.3"
ARM GAS  C:\Users\z80\AppData\Local\Temp\ccooDRiy.s 			page 43


DEFINED SYMBOLS
                            *ABS*:00000000 chcore_v7m.c
C:\Users\z80\AppData\Local\Temp\ccooDRiy.s:19     .text._port_switch_from_isr:00000000 $t
C:\Users\z80\AppData\Local\Temp\ccooDRiy.s:25     .text._port_switch_from_isr:00000000 _port_switch_from_isr
C:\Users\z80\AppData\Local\Temp\ccooDRiy.s:41     .text._port_switch_from_isr:0000000c _port_exit_from_isr
C:\Users\z80\AppData\Local\Temp\ccooDRiy.s:53     .text.SVCallVector:00000000 $t
C:\Users\z80\AppData\Local\Temp\ccooDRiy.s:59     .text.SVCallVector:00000000 SVCallVector
C:\Users\z80\AppData\Local\Temp\ccooDRiy.s:96     .text._port_init:00000000 $t
C:\Users\z80\AppData\Local\Temp\ccooDRiy.s:102    .text._port_init:00000000 _port_init
C:\Users\z80\AppData\Local\Temp\ccooDRiy.s:145    .text._port_irq_epilogue:00000000 $t
C:\Users\z80\AppData\Local\Temp\ccooDRiy.s:151    .text._port_irq_epilogue:00000000 _port_irq_epilogue
C:\Users\z80\AppData\Local\Temp\ccooDRiy.s:251    .text.SysTickVector:00000000 $t
C:\Users\z80\AppData\Local\Temp\ccooDRiy.s:257    .text.SysTickVector:00000000 SysTickVector
C:\Users\z80\AppData\Local\Temp\ccooDRiy.s:306    .text._port_switch:00000000 $t
C:\Users\z80\AppData\Local\Temp\ccooDRiy.s:312    .text._port_switch:00000000 _port_switch
C:\Users\z80\AppData\Local\Temp\ccooDRiy.s:339    .text._port_thread_start:00000000 $t
C:\Users\z80\AppData\Local\Temp\ccooDRiy.s:345    .text._port_thread_start:00000000 _port_thread_start
                     .debug_frame:00000010 $d

UNDEFINED SYMBOLS
dbg_check_lock
chSchDoReschedule
dbg_check_unlock
nvicSetSystemHandlerPriority
rlist
dbg_check_enter_isr
dbg_check_lock_from_isr
chSysTimerHandlerI
dbg_check_unlock_from_isr
dbg_check_leave_isr
chThdExit
