ARM GAS  C:\Users\z80\AppData\Local\Temp\ccDjipLg.s 			page 1


   1              		.syntax unified
   2              		.cpu cortex-m3
   3              		.fpu softvfp
   4              		.eabi_attribute 20, 1
   5              		.eabi_attribute 21, 1
   6              		.eabi_attribute 23, 3
   7              		.eabi_attribute 24, 1
   8              		.eabi_attribute 25, 1
   9              		.eabi_attribute 26, 1
  10              		.eabi_attribute 30, 6
  11              		.eabi_attribute 34, 1
  12              		.eabi_attribute 18, 4
  13              		.thumb
  14              		.file	"chdynamic.c"
  15              		.text
  16              	.Ltext0:
  17              		.cfi_sections	.debug_frame
  18              	.Letext0:
  19              		.section	.debug_info,"",%progbits
  20              	.Ldebug_info0:
  21 0000 6F000000 		.4byte	0x6f
  22 0004 0200     		.2byte	0x2
  23 0006 00000000 		.4byte	.Ldebug_abbrev0
  24 000a 04       		.byte	0x4
  25 000b 01       		.uleb128 0x1
  26 000c 95000000 		.4byte	.LASF10
  27 0010 01       		.byte	0x1
  28 0011 AF000000 		.4byte	.LASF11
  29 0015 00000000 		.4byte	.LASF12
  30 0019 00000000 		.4byte	.Ltext0
  31 001d 00000000 		.4byte	.Letext0
  32 0021 00000000 		.4byte	.Ldebug_line0
  33 0025 02       		.uleb128 0x2
  34 0026 04       		.byte	0x4
  35 0027 05       		.byte	0x5
  36 0028 696E7400 		.ascii	"int\000"
  37 002c 03       		.uleb128 0x3
  38 002d 04       		.byte	0x4
  39 002e 07       		.byte	0x7
  40 002f 2D000000 		.4byte	.LASF0
  41 0033 03       		.uleb128 0x3
  42 0034 01       		.byte	0x1
  43 0035 06       		.byte	0x6
  44 0036 55000000 		.4byte	.LASF1
  45 003a 03       		.uleb128 0x3
  46 003b 01       		.byte	0x1
  47 003c 08       		.byte	0x8
  48 003d A1000000 		.4byte	.LASF2
  49 0041 03       		.uleb128 0x3
  50 0042 02       		.byte	0x2
  51 0043 05       		.byte	0x5
  52 0044 74000000 		.4byte	.LASF3
  53 0048 03       		.uleb128 0x3
  54 0049 02       		.byte	0x2
  55 004a 07       		.byte	0x7
  56 004b 61000000 		.4byte	.LASF4
  57 004f 03       		.uleb128 0x3
ARM GAS  C:\Users\z80\AppData\Local\Temp\ccDjipLg.s 			page 2


  58 0050 04       		.byte	0x4
  59 0051 05       		.byte	0x5
  60 0052 4C000000 		.4byte	.LASF5
  61 0056 03       		.uleb128 0x3
  62 0057 04       		.byte	0x4
  63 0058 07       		.byte	0x7
  64 0059 3A000000 		.4byte	.LASF6
  65 005d 03       		.uleb128 0x3
  66 005e 08       		.byte	0x8
  67 005f 05       		.byte	0x5
  68 0060 DF000000 		.4byte	.LASF7
  69 0064 03       		.uleb128 0x3
  70 0065 08       		.byte	0x8
  71 0066 07       		.byte	0x7
  72 0067 7E000000 		.4byte	.LASF8
  73 006b 03       		.uleb128 0x3
  74 006c 01       		.byte	0x1
  75 006d 08       		.byte	0x8
  76 006e DA000000 		.4byte	.LASF9
  77 0072 00       		.byte	0
  78              		.section	.debug_abbrev,"",%progbits
  79              	.Ldebug_abbrev0:
  80 0000 01       		.uleb128 0x1
  81 0001 11       		.uleb128 0x11
  82 0002 01       		.byte	0x1
  83 0003 25       		.uleb128 0x25
  84 0004 0E       		.uleb128 0xe
  85 0005 13       		.uleb128 0x13
  86 0006 0B       		.uleb128 0xb
  87 0007 03       		.uleb128 0x3
  88 0008 0E       		.uleb128 0xe
  89 0009 1B       		.uleb128 0x1b
  90 000a 0E       		.uleb128 0xe
  91 000b 11       		.uleb128 0x11
  92 000c 01       		.uleb128 0x1
  93 000d 12       		.uleb128 0x12
  94 000e 01       		.uleb128 0x1
  95 000f 10       		.uleb128 0x10
  96 0010 06       		.uleb128 0x6
  97 0011 00       		.byte	0
  98 0012 00       		.byte	0
  99 0013 02       		.uleb128 0x2
 100 0014 24       		.uleb128 0x24
 101 0015 00       		.byte	0
 102 0016 0B       		.uleb128 0xb
 103 0017 0B       		.uleb128 0xb
 104 0018 3E       		.uleb128 0x3e
 105 0019 0B       		.uleb128 0xb
 106 001a 03       		.uleb128 0x3
 107 001b 08       		.uleb128 0x8
 108 001c 00       		.byte	0
 109 001d 00       		.byte	0
 110 001e 03       		.uleb128 0x3
 111 001f 24       		.uleb128 0x24
 112 0020 00       		.byte	0
 113 0021 0B       		.uleb128 0xb
 114 0022 0B       		.uleb128 0xb
ARM GAS  C:\Users\z80\AppData\Local\Temp\ccDjipLg.s 			page 3


 115 0023 3E       		.uleb128 0x3e
 116 0024 0B       		.uleb128 0xb
 117 0025 03       		.uleb128 0x3
 118 0026 0E       		.uleb128 0xe
 119 0027 00       		.byte	0
 120 0028 00       		.byte	0
 121 0029 00       		.byte	0
 122              		.section	.debug_line,"",%progbits
 123              	.Ldebug_line0:
 124 0000 19000000 		.section	.debug_str,"MS",%progbits,1
 124      02001300 
 124      00000201 
 124      FB0E0D00 
 124      01010101 
 125              	.LASF12:
 126 0000 433A5C70 		.ascii	"C:\\projects\\digitizer.git\\firmware\\digitizer\000"
 126      726F6A65 
 126      6374735C 
 126      64696769 
 126      74697A65 
 127              	.LASF0:
 128 002d 756E7369 		.ascii	"unsigned int\000"
 128      676E6564 
 128      20696E74 
 128      00
 129              	.LASF6:
 130 003a 6C6F6E67 		.ascii	"long unsigned int\000"
 130      20756E73 
 130      69676E65 
 130      6420696E 
 130      7400
 131              	.LASF5:
 132 004c 6C6F6E67 		.ascii	"long int\000"
 132      20696E74 
 132      00
 133              	.LASF1:
 134 0055 7369676E 		.ascii	"signed char\000"
 134      65642063 
 134      68617200 
 135              	.LASF4:
 136 0061 73686F72 		.ascii	"short unsigned int\000"
 136      7420756E 
 136      7369676E 
 136      65642069 
 136      6E7400
 137              	.LASF3:
 138 0074 73686F72 		.ascii	"short int\000"
 138      7420696E 
 138      7400
 139              	.LASF8:
 140 007e 6C6F6E67 		.ascii	"long long unsigned int\000"
 140      206C6F6E 
 140      6720756E 
 140      7369676E 
 140      65642069 
 141              	.LASF10:
 142 0095 474E5520 		.ascii	"GNU C 4.6.3\000"
ARM GAS  C:\Users\z80\AppData\Local\Temp\ccDjipLg.s 			page 4


 142      4320342E 
 142      362E3300 
 143              	.LASF2:
 144 00a1 756E7369 		.ascii	"unsigned char\000"
 144      676E6564 
 144      20636861 
 144      7200
 145              	.LASF11:
 146 00af 2E2E2F63 		.ascii	"../chibios_2.4.x/os/kernel/src/chdynamic.c\000"
 146      68696269 
 146      6F735F32 
 146      2E342E78 
 146      2F6F732F 
 147              	.LASF9:
 148 00da 63686172 		.ascii	"char\000"
 148      00
 149              	.LASF7:
 150 00df 6C6F6E67 		.ascii	"long long int\000"
 150      206C6F6E 
 150      6720696E 
 150      7400
 151              		.ident	"GCC: (Sourcery CodeBench Lite 2012.03-56) 4.6.3"
ARM GAS  C:\Users\z80\AppData\Local\Temp\ccDjipLg.s 			page 5


DEFINED SYMBOLS
                            *ABS*:00000000 chdynamic.c

NO UNDEFINED SYMBOLS
