ARM GAS  C:\Users\z80\AppData\Local\Temp\ccXJXCMS.s 			page 1


   1              		.syntax unified
   2              		.cpu cortex-m3
   3              		.fpu softvfp
   4              		.eabi_attribute 20, 1
   5              		.eabi_attribute 21, 1
   6              		.eabi_attribute 23, 3
   7              		.eabi_attribute 24, 1
   8              		.eabi_attribute 25, 1
   9              		.eabi_attribute 26, 1
  10              		.eabi_attribute 30, 6
  11              		.eabi_attribute 34, 1
  12              		.eabi_attribute 18, 4
  13              		.thumb
  14              		.file	"chvt.c"
  15              		.text
  16              	.Ltext0:
  17              		.cfi_sections	.debug_frame
  18              		.global	vtlist
  19              		.section	.bss.vtlist,"aw",%nobits
  20              		.align	2
  21              		.type	vtlist, %object
  22              		.size	vtlist, 16
  23              	vtlist:
  24 0000 00000000 		.space	16
  24      00000000 
  24      00000000 
  24      00000000 
  25              		.section	.text._vt_init,"ax",%progbits
  26              		.align	2
  27              		.p2align 4,,15
  28              		.global	_vt_init
  29              		.thumb
  30              		.thumb_func
  31              		.type	_vt_init, %function
  32              	_vt_init:
  33              	.LFB7:
  34              		.file 1 "../chibios_2.4.x/os/kernel/src/chvt.c"
  35              		.loc 1 50 0
  36              		.cfi_startproc
  37              		@ args = 0, pretend = 0, frame = 0
  38              		@ frame_needed = 0, uses_anonymous_args = 0
  39              		@ link register save eliminated.
  40              		.loc 1 52 0
  41 0000 40F20003 		movw	r3, #:lower16:vtlist
  42 0004 C0F20003 		movt	r3, #:upper16:vtlist
  43 0008 40F20002 		movw	r2, #:lower16:vtlist
  44 000c C0F20002 		movt	r2, #:upper16:vtlist
  45 0010 5A60     		str	r2, [r3, #4]
  46 0012 40F20003 		movw	r3, #:lower16:vtlist
  47 0016 C0F20003 		movt	r3, #:upper16:vtlist
  48 001a 5A68     		ldr	r2, [r3, #4]
  49 001c 40F20003 		movw	r3, #:lower16:vtlist
  50 0020 C0F20003 		movt	r3, #:upper16:vtlist
  51 0024 1A60     		str	r2, [r3, #0]
  52              		.loc 1 53 0
  53 0026 40F20003 		movw	r3, #:lower16:vtlist
  54 002a C0F20003 		movt	r3, #:upper16:vtlist
ARM GAS  C:\Users\z80\AppData\Local\Temp\ccXJXCMS.s 			page 2


  55 002e 4FF0FF32 		mov	r2, #-1
  56 0032 9A60     		str	r2, [r3, #8]
  57              		.loc 1 54 0
  58 0034 40F20003 		movw	r3, #:lower16:vtlist
  59 0038 C0F20003 		movt	r3, #:upper16:vtlist
  60 003c 4FF00002 		mov	r2, #0
  61 0040 DA60     		str	r2, [r3, #12]
  62              		.loc 1 55 0
  63 0042 7047     		bx	lr
  64              		.cfi_endproc
  65              	.LFE7:
  66              		.size	_vt_init, .-_vt_init
  67 0044 AFF30080 		.section	.rodata
  67      AFF30080 
  67      AFF30080 
  68              		.align	2
  69              	.LC0:
  70 0000 22636856 		.ascii	"\"chVTSetI\"()\000"
  70      54536574 
  70      49222829 
  70      00
  71              		.section	.text.chVTSetI,"ax",%progbits
  72              		.align	2
  73              		.p2align 4,,15
  74              		.global	chVTSetI
  75              		.thumb
  76              		.thumb_func
  77              		.type	chVTSetI, %function
  78              	chVTSetI:
  79              	.LFB8:
  80              		.loc 1 77 0
  81              		.cfi_startproc
  82              		@ args = 0, pretend = 0, frame = 24
  83              		@ frame_needed = 0, uses_anonymous_args = 0
  84 0000 00B5     		push	{lr}
  85              	.LCFI0:
  86              		.cfi_def_cfa_offset 4
  87              		.cfi_offset 14, -4
  88 0002 87B0     		sub	sp, sp, #28
  89              	.LCFI1:
  90              		.cfi_def_cfa_offset 32
  91 0004 0390     		str	r0, [sp, #12]
  92 0006 0291     		str	r1, [sp, #8]
  93 0008 0192     		str	r2, [sp, #4]
  94 000a 0093     		str	r3, [sp, #0]
  95              		.loc 1 80 0
  96 000c FFF7FEFF 		bl	chDbgCheckClassI
  97              		.loc 1 81 0
  98 0010 039B     		ldr	r3, [sp, #12]
  99 0012 002B     		cmp	r3, #0
 100 0014 05D0     		beq	.L3
 101              		.loc 1 81 0 is_stmt 0 discriminator 2
 102 0016 019B     		ldr	r3, [sp, #4]
 103 0018 002B     		cmp	r3, #0
 104 001a 02D0     		beq	.L3
 105              		.loc 1 81 0 discriminator 3
 106 001c 029B     		ldr	r3, [sp, #8]
ARM GAS  C:\Users\z80\AppData\Local\Temp\ccXJXCMS.s 			page 3


 107 001e 002B     		cmp	r3, #0
 108 0020 05D1     		bne	.L4
 109              	.L3:
 110              		.loc 1 81 0 discriminator 1
 111 0022 40F20000 		movw	r0, #:lower16:.LC0
 112 0026 C0F20000 		movt	r0, #:upper16:.LC0
 113 002a FFF7FEFF 		bl	chDbgPanic
 114              	.L4:
 115              		.loc 1 84 0 is_stmt 1
 116 002e 039B     		ldr	r3, [sp, #12]
 117 0030 009A     		ldr	r2, [sp, #0]
 118 0032 1A61     		str	r2, [r3, #16]
 119              		.loc 1 85 0
 120 0034 039B     		ldr	r3, [sp, #12]
 121 0036 019A     		ldr	r2, [sp, #4]
 122 0038 DA60     		str	r2, [r3, #12]
 123              		.loc 1 86 0
 124 003a 40F20003 		movw	r3, #:lower16:vtlist
 125 003e C0F20003 		movt	r3, #:upper16:vtlist
 126 0042 1B68     		ldr	r3, [r3, #0]
 127 0044 0593     		str	r3, [sp, #20]
 128              		.loc 1 87 0
 129 0046 07E0     		b	.L5
 130              	.L6:
 131              		.loc 1 88 0
 132 0048 059B     		ldr	r3, [sp, #20]
 133 004a 9B68     		ldr	r3, [r3, #8]
 134 004c 029A     		ldr	r2, [sp, #8]
 135 004e D31A     		subs	r3, r2, r3
 136 0050 0293     		str	r3, [sp, #8]
 137              		.loc 1 89 0
 138 0052 059B     		ldr	r3, [sp, #20]
 139 0054 1B68     		ldr	r3, [r3, #0]
 140 0056 0593     		str	r3, [sp, #20]
 141              	.L5:
 142              		.loc 1 87 0 discriminator 1
 143 0058 059B     		ldr	r3, [sp, #20]
 144 005a 9A68     		ldr	r2, [r3, #8]
 145 005c 029B     		ldr	r3, [sp, #8]
 146 005e 9A42     		cmp	r2, r3
 147 0060 F2D3     		bcc	.L6
 148              		.loc 1 92 0
 149 0062 039B     		ldr	r3, [sp, #12]
 150 0064 059A     		ldr	r2, [sp, #20]
 151 0066 1A60     		str	r2, [r3, #0]
 152 0068 039B     		ldr	r3, [sp, #12]
 153 006a 1B68     		ldr	r3, [r3, #0]
 154 006c 5A68     		ldr	r2, [r3, #4]
 155 006e 039B     		ldr	r3, [sp, #12]
 156 0070 5A60     		str	r2, [r3, #4]
 157              		.loc 1 93 0
 158 0072 039B     		ldr	r3, [sp, #12]
 159 0074 5B68     		ldr	r3, [r3, #4]
 160 0076 059A     		ldr	r2, [sp, #20]
 161 0078 0399     		ldr	r1, [sp, #12]
 162 007a 5160     		str	r1, [r2, #4]
 163 007c 059A     		ldr	r2, [sp, #20]
ARM GAS  C:\Users\z80\AppData\Local\Temp\ccXJXCMS.s 			page 4


 164 007e 5268     		ldr	r2, [r2, #4]
 165 0080 1A60     		str	r2, [r3, #0]
 166              		.loc 1 94 0
 167 0082 039B     		ldr	r3, [sp, #12]
 168 0084 029A     		ldr	r2, [sp, #8]
 169 0086 9A60     		str	r2, [r3, #8]
 170              		.loc 1 95 0
 171 0088 059A     		ldr	r2, [sp, #20]
 172 008a 40F20003 		movw	r3, #:lower16:vtlist
 173 008e C0F20003 		movt	r3, #:upper16:vtlist
 174 0092 9A42     		cmp	r2, r3
 175 0094 05D0     		beq	.L2
 176              		.loc 1 96 0
 177 0096 059B     		ldr	r3, [sp, #20]
 178 0098 9A68     		ldr	r2, [r3, #8]
 179 009a 029B     		ldr	r3, [sp, #8]
 180 009c D21A     		subs	r2, r2, r3
 181 009e 059B     		ldr	r3, [sp, #20]
 182 00a0 9A60     		str	r2, [r3, #8]
 183              	.L2:
 184              		.loc 1 97 0
 185 00a2 07B0     		add	sp, sp, #28
 186 00a4 00BD     		pop	{pc}
 187              		.cfi_endproc
 188              	.LFE8:
 189              		.size	chVTSetI, .-chVTSetI
 190 00a6 00BFAFF3 		.section	.rodata
 190      0080AFF3 
 190      0080
 191 000d 000000   		.align	2
 192              	.LC1:
 193 0010 22636856 		.ascii	"\"chVTResetI\"()\000"
 193      54526573 
 193      65744922 
 193      282900
 194 001f 00       		.align	2
 195              	.LC2:
 196 0020 63685654 		.ascii	"chVTResetI(), #1\000"
 196      52657365 
 196      74492829 
 196      2C202331 
 196      00
 197 0031 000000   		.section	.text.chVTResetI,"ax",%progbits
 198              		.align	2
 199              		.p2align 4,,15
 200              		.global	chVTResetI
 201              		.thumb
 202              		.thumb_func
 203              		.type	chVTResetI, %function
 204              	chVTResetI:
 205              	.LFB9:
 206              		.loc 1 107 0
 207              		.cfi_startproc
 208              		@ args = 0, pretend = 0, frame = 8
 209              		@ frame_needed = 0, uses_anonymous_args = 0
 210 0000 00B5     		push	{lr}
 211              	.LCFI2:
ARM GAS  C:\Users\z80\AppData\Local\Temp\ccXJXCMS.s 			page 5


 212              		.cfi_def_cfa_offset 4
 213              		.cfi_offset 14, -4
 214 0002 83B0     		sub	sp, sp, #12
 215              	.LCFI3:
 216              		.cfi_def_cfa_offset 16
 217 0004 0190     		str	r0, [sp, #4]
 218              		.loc 1 109 0
 219 0006 FFF7FEFF 		bl	chDbgCheckClassI
 220              		.loc 1 110 0
 221 000a 019B     		ldr	r3, [sp, #4]
 222 000c 002B     		cmp	r3, #0
 223 000e 05D1     		bne	.L9
 224              		.loc 1 110 0 is_stmt 0 discriminator 1
 225 0010 40F20000 		movw	r0, #:lower16:.LC1
 226 0014 C0F20000 		movt	r0, #:upper16:.LC1
 227 0018 FFF7FEFF 		bl	chDbgPanic
 228              	.L9:
 229              		.loc 1 111 0 is_stmt 1
 230 001c 019B     		ldr	r3, [sp, #4]
 231 001e DB68     		ldr	r3, [r3, #12]
 232 0020 002B     		cmp	r3, #0
 233 0022 05D1     		bne	.L10
 234              		.loc 1 111 0 is_stmt 0 discriminator 1
 235 0024 40F20000 		movw	r0, #:lower16:.LC2
 236 0028 C0F20000 		movt	r0, #:upper16:.LC2
 237 002c FFF7FEFF 		bl	chDbgPanic
 238              	.L10:
 239              		.loc 1 115 0 is_stmt 1
 240 0030 019B     		ldr	r3, [sp, #4]
 241 0032 1A68     		ldr	r2, [r3, #0]
 242 0034 40F20003 		movw	r3, #:lower16:vtlist
 243 0038 C0F20003 		movt	r3, #:upper16:vtlist
 244 003c 9A42     		cmp	r2, r3
 245 003e 08D0     		beq	.L11
 246              		.loc 1 116 0
 247 0040 019B     		ldr	r3, [sp, #4]
 248 0042 1B68     		ldr	r3, [r3, #0]
 249 0044 019A     		ldr	r2, [sp, #4]
 250 0046 1268     		ldr	r2, [r2, #0]
 251 0048 9168     		ldr	r1, [r2, #8]
 252 004a 019A     		ldr	r2, [sp, #4]
 253 004c 9268     		ldr	r2, [r2, #8]
 254 004e 8A18     		adds	r2, r1, r2
 255 0050 9A60     		str	r2, [r3, #8]
 256              	.L11:
 257              		.loc 1 117 0
 258 0052 019B     		ldr	r3, [sp, #4]
 259 0054 5B68     		ldr	r3, [r3, #4]
 260 0056 019A     		ldr	r2, [sp, #4]
 261 0058 1268     		ldr	r2, [r2, #0]
 262 005a 1A60     		str	r2, [r3, #0]
 263              		.loc 1 118 0
 264 005c 019B     		ldr	r3, [sp, #4]
 265 005e 1B68     		ldr	r3, [r3, #0]
 266 0060 019A     		ldr	r2, [sp, #4]
 267 0062 5268     		ldr	r2, [r2, #4]
 268 0064 5A60     		str	r2, [r3, #4]
ARM GAS  C:\Users\z80\AppData\Local\Temp\ccXJXCMS.s 			page 6


 269              		.loc 1 119 0
 270 0066 019B     		ldr	r3, [sp, #4]
 271 0068 4FF00002 		mov	r2, #0
 272 006c DA60     		str	r2, [r3, #12]
 273              		.loc 1 120 0
 274 006e 03B0     		add	sp, sp, #12
 275 0070 00BD     		pop	{pc}
 276              		.cfi_endproc
 277              	.LFE9:
 278              		.size	chVTResetI, .-chVTResetI
 279 0072 00BFAFF3 		.section	.text.chTimeIsWithin,"ax",%progbits
 279      0080AFF3 
 279      0080AFF3 
 279      0080
 280              		.align	2
 281              		.p2align 4,,15
 282              		.global	chTimeIsWithin
 283              		.thumb
 284              		.thumb_func
 285              		.type	chTimeIsWithin, %function
 286              	chTimeIsWithin:
 287              	.LFB10:
 288              		.loc 1 135 0
 289              		.cfi_startproc
 290              		@ args = 0, pretend = 0, frame = 16
 291              		@ frame_needed = 0, uses_anonymous_args = 0
 292              		@ link register save eliminated.
 293 0000 84B0     		sub	sp, sp, #16
 294              	.LCFI4:
 295              		.cfi_def_cfa_offset 16
 296 0002 0190     		str	r0, [sp, #4]
 297 0004 0091     		str	r1, [sp, #0]
 298              		.loc 1 137 0
 299 0006 40F20003 		movw	r3, #:lower16:vtlist
 300 000a C0F20003 		movt	r3, #:upper16:vtlist
 301 000e DB68     		ldr	r3, [r3, #12]
 302 0010 0393     		str	r3, [sp, #12]
 303              		.loc 1 138 0
 304 0012 009A     		ldr	r2, [sp, #0]
 305 0014 019B     		ldr	r3, [sp, #4]
 306 0016 9A42     		cmp	r2, r3
 307 0018 0DD9     		bls	.L13
 308              		.loc 1 138 0 is_stmt 0 discriminator 1
 309 001a 039A     		ldr	r2, [sp, #12]
 310 001c 019B     		ldr	r3, [sp, #4]
 311 001e 9A42     		cmp	r2, r3
 312 0020 06D3     		bcc	.L14
 313              		.loc 1 138 0 discriminator 3
 314 0022 039A     		ldr	r2, [sp, #12]
 315 0024 009B     		ldr	r3, [sp, #0]
 316 0026 9A42     		cmp	r2, r3
 317 0028 02D2     		bcs	.L14
 318              		.loc 1 138 0 discriminator 1
 319 002a 4FF00103 		mov	r3, #1
 320 002e 01E0     		b	.L15
 321              	.L14:
 322              		.loc 1 138 0 discriminator 4
ARM GAS  C:\Users\z80\AppData\Local\Temp\ccXJXCMS.s 			page 7


 323 0030 4FF00003 		mov	r3, #0
 324              	.L15:
 325 0034 0CE0     		b	.L16
 326              	.L13:
 327              		.loc 1 138 0 discriminator 2
 328 0036 039A     		ldr	r2, [sp, #12]
 329 0038 019B     		ldr	r3, [sp, #4]
 330 003a 9A42     		cmp	r2, r3
 331 003c 03D2     		bcs	.L17
 332              		.loc 1 139 0 is_stmt 1
 333 003e 039A     		ldr	r2, [sp, #12]
 334 0040 009B     		ldr	r3, [sp, #0]
 335 0042 9A42     		cmp	r2, r3
 336 0044 02D2     		bcs	.L18
 337              	.L17:
 338              		.loc 1 138 0 discriminator 6
 339 0046 4FF00103 		mov	r3, #1
 340 004a 01E0     		b	.L19
 341              	.L18:
 342              		.loc 1 138 0 is_stmt 0
 343 004c 4FF00003 		mov	r3, #0
 344              	.L19:
 345              	.L16:
 346              		.loc 1 140 0 is_stmt 1 discriminator 8
 347 0050 1846     		mov	r0, r3
 348 0052 04B0     		add	sp, sp, #16
 349 0054 7047     		bx	lr
 350              		.cfi_endproc
 351              	.LFE10:
 352              		.size	chTimeIsWithin, .-chTimeIsWithin
 353 0056 00BFAFF3 		.text
 353      0080AFF3 
 353      0080
 354              	.Letext0:
 355              		.file 2 "c:\\programs\\codesourcery\\2011.03-56\\bin\\../lib/gcc/arm-none-eabi/4.6.3/../../../../a
 356              		.file 3 "../chibios_2.4.x/os/ports/GCC/ARMCMx/chtypes.h"
 357              		.file 4 "../chibios_2.4.x/os/kernel/include/chvt.h"
 358              		.section	.debug_info,"",%progbits
 359              	.Ldebug_info0:
 360 0000 67020000 		.4byte	0x267
 361 0004 0200     		.2byte	0x2
 362 0006 00000000 		.4byte	.Ldebug_abbrev0
 363 000a 04       		.byte	0x4
 364 000b 01       		.uleb128 0x1
 365 000c 81000000 		.4byte	.LASF28
 366 0010 01       		.byte	0x1
 367 0011 20000000 		.4byte	.LASF29
 368 0015 B1000000 		.4byte	.LASF30
 369 0019 00000000 		.4byte	0
 370 001d 00000000 		.4byte	0
 371 0021 00000000 		.4byte	.Ldebug_ranges0+0
 372 0025 00000000 		.4byte	.Ldebug_line0
 373 0029 02       		.uleb128 0x2
 374 002a 04       		.byte	0x4
 375 002b 05       		.byte	0x5
 376 002c 696E7400 		.ascii	"int\000"
 377 0030 03       		.uleb128 0x3
ARM GAS  C:\Users\z80\AppData\Local\Temp\ccXJXCMS.s 			page 8


 378 0031 04       		.byte	0x4
 379 0032 07       		.byte	0x7
 380 0033 A4000000 		.4byte	.LASF0
 381 0037 03       		.uleb128 0x3
 382 0038 01       		.byte	0x1
 383 0039 06       		.byte	0x6
 384 003a 78010000 		.4byte	.LASF1
 385 003e 03       		.uleb128 0x3
 386 003f 01       		.byte	0x1
 387 0040 08       		.byte	0x8
 388 0041 8D000000 		.4byte	.LASF2
 389 0045 03       		.uleb128 0x3
 390 0046 02       		.byte	0x2
 391 0047 05       		.byte	0x5
 392 0048 45010000 		.4byte	.LASF3
 393 004c 03       		.uleb128 0x3
 394 004d 02       		.byte	0x2
 395 004e 07       		.byte	0x7
 396 004f 61000000 		.4byte	.LASF4
 397 0053 04       		.uleb128 0x4
 398 0054 09010000 		.4byte	.LASF6
 399 0058 02       		.byte	0x2
 400 0059 4F       		.byte	0x4f
 401 005a 5E000000 		.4byte	0x5e
 402 005e 03       		.uleb128 0x3
 403 005f 04       		.byte	0x4
 404 0060 05       		.byte	0x5
 405 0061 6F010000 		.4byte	.LASF5
 406 0065 04       		.uleb128 0x4
 407 0066 66010000 		.4byte	.LASF7
 408 006a 02       		.byte	0x2
 409 006b 50       		.byte	0x50
 410 006c 70000000 		.4byte	0x70
 411 0070 03       		.uleb128 0x3
 412 0071 04       		.byte	0x4
 413 0072 07       		.byte	0x7
 414 0073 4F000000 		.4byte	.LASF8
 415 0077 03       		.uleb128 0x3
 416 0078 08       		.byte	0x8
 417 0079 05       		.byte	0x5
 418 007a 1C010000 		.4byte	.LASF9
 419 007e 03       		.uleb128 0x3
 420 007f 08       		.byte	0x8
 421 0080 07       		.byte	0x7
 422 0081 DE000000 		.4byte	.LASF10
 423 0085 04       		.uleb128 0x4
 424 0086 19000000 		.4byte	.LASF11
 425 008a 03       		.byte	0x3
 426 008b 2E       		.byte	0x2e
 427 008c 53000000 		.4byte	0x53
 428 0090 04       		.uleb128 0x4
 429 0091 09000000 		.4byte	.LASF12
 430 0095 03       		.byte	0x3
 431 0096 36       		.byte	0x36
 432 0097 65000000 		.4byte	0x65
 433 009b 05       		.uleb128 0x5
 434 009c 04       		.byte	0x4
ARM GAS  C:\Users\z80\AppData\Local\Temp\ccXJXCMS.s 			page 9


 435 009d 04       		.uleb128 0x4
 436 009e 46000000 		.4byte	.LASF13
 437 00a2 04       		.byte	0x4
 438 00a3 53       		.byte	0x53
 439 00a4 A8000000 		.4byte	0xa8
 440 00a8 06       		.uleb128 0x6
 441 00a9 04       		.byte	0x4
 442 00aa AE000000 		.4byte	0xae
 443 00ae 07       		.uleb128 0x7
 444 00af 01       		.byte	0x1
 445 00b0 BA000000 		.4byte	0xba
 446 00b4 08       		.uleb128 0x8
 447 00b5 9B000000 		.4byte	0x9b
 448 00b9 00       		.byte	0
 449 00ba 04       		.uleb128 0x4
 450 00bb 74000000 		.4byte	.LASF14
 451 00bf 04       		.byte	0x4
 452 00c0 58       		.byte	0x58
 453 00c1 C5000000 		.4byte	0xc5
 454 00c5 09       		.uleb128 0x9
 455 00c6 74000000 		.4byte	.LASF14
 456 00ca 14       		.byte	0x14
 457 00cb 04       		.byte	0x4
 458 00cc 5F       		.byte	0x5f
 459 00cd 18010000 		.4byte	0x118
 460 00d1 0A       		.uleb128 0xa
 461 00d2 8B010000 		.4byte	.LASF15
 462 00d6 04       		.byte	0x4
 463 00d7 60       		.byte	0x60
 464 00d8 18010000 		.4byte	0x118
 465 00dc 02       		.byte	0x2
 466 00dd 23       		.byte	0x23
 467 00de 00       		.uleb128 0
 468 00df 0A       		.uleb128 0xa
 469 00e0 5E010000 		.4byte	.LASF16
 470 00e4 04       		.byte	0x4
 471 00e5 62       		.byte	0x62
 472 00e6 18010000 		.4byte	0x118
 473 00ea 02       		.byte	0x2
 474 00eb 23       		.byte	0x23
 475 00ec 04       		.uleb128 0x4
 476 00ed 0A       		.uleb128 0xa
 477 00ee 01010000 		.4byte	.LASF17
 478 00f2 04       		.byte	0x4
 479 00f3 64       		.byte	0x64
 480 00f4 90000000 		.4byte	0x90
 481 00f8 02       		.byte	0x2
 482 00f9 23       		.byte	0x23
 483 00fa 08       		.uleb128 0x8
 484 00fb 0A       		.uleb128 0xa
 485 00fc 2A010000 		.4byte	.LASF18
 486 0100 04       		.byte	0x4
 487 0101 65       		.byte	0x65
 488 0102 9D000000 		.4byte	0x9d
 489 0106 02       		.byte	0x2
 490 0107 23       		.byte	0x23
 491 0108 0C       		.uleb128 0xc
ARM GAS  C:\Users\z80\AppData\Local\Temp\ccXJXCMS.s 			page 10


 492 0109 0A       		.uleb128 0xa
 493 010a 3E010000 		.4byte	.LASF19
 494 010e 04       		.byte	0x4
 495 010f 67       		.byte	0x67
 496 0110 9B000000 		.4byte	0x9b
 497 0114 02       		.byte	0x2
 498 0115 23       		.byte	0x23
 499 0116 10       		.uleb128 0x10
 500 0117 00       		.byte	0
 501 0118 06       		.uleb128 0x6
 502 0119 04       		.byte	0x4
 503 011a BA000000 		.4byte	0xba
 504 011e 0B       		.uleb128 0xb
 505 011f 10       		.byte	0x10
 506 0120 04       		.byte	0x4
 507 0121 71       		.byte	0x71
 508 0122 5F010000 		.4byte	0x15f
 509 0126 0A       		.uleb128 0xa
 510 0127 8B010000 		.4byte	.LASF15
 511 012b 04       		.byte	0x4
 512 012c 72       		.byte	0x72
 513 012d 18010000 		.4byte	0x118
 514 0131 02       		.byte	0x2
 515 0132 23       		.byte	0x23
 516 0133 00       		.uleb128 0
 517 0134 0A       		.uleb128 0xa
 518 0135 5E010000 		.4byte	.LASF16
 519 0139 04       		.byte	0x4
 520 013a 74       		.byte	0x74
 521 013b 18010000 		.4byte	0x118
 522 013f 02       		.byte	0x2
 523 0140 23       		.byte	0x23
 524 0141 04       		.uleb128 0x4
 525 0142 0A       		.uleb128 0xa
 526 0143 01010000 		.4byte	.LASF17
 527 0147 04       		.byte	0x4
 528 0148 76       		.byte	0x76
 529 0149 90000000 		.4byte	0x90
 530 014d 02       		.byte	0x2
 531 014e 23       		.byte	0x23
 532 014f 08       		.uleb128 0x8
 533 0150 0A       		.uleb128 0xa
 534 0151 11010000 		.4byte	.LASF20
 535 0155 04       		.byte	0x4
 536 0156 77       		.byte	0x77
 537 0157 5F010000 		.4byte	0x15f
 538 015b 02       		.byte	0x2
 539 015c 23       		.byte	0x23
 540 015d 0C       		.uleb128 0xc
 541 015e 00       		.byte	0
 542 015f 0C       		.uleb128 0xc
 543 0160 90000000 		.4byte	0x90
 544 0164 04       		.uleb128 0x4
 545 0165 84010000 		.4byte	.LASF21
 546 0169 04       		.byte	0x4
 547 016a 78       		.byte	0x78
 548 016b 1E010000 		.4byte	0x11e
ARM GAS  C:\Users\z80\AppData\Local\Temp\ccXJXCMS.s 			page 11


 549 016f 03       		.uleb128 0x3
 550 0170 01       		.byte	0x1
 551 0171 08       		.byte	0x8
 552 0172 39010000 		.4byte	.LASF22
 553 0176 0D       		.uleb128 0xd
 554 0177 01       		.byte	0x1
 555 0178 9B000000 		.4byte	.LASF31
 556 017c 01       		.byte	0x1
 557 017d 32       		.byte	0x32
 558 017e 01       		.byte	0x1
 559 017f 00000000 		.4byte	.LFB7
 560 0183 44000000 		.4byte	.LFE7
 561 0187 02       		.byte	0x2
 562 0188 7D       		.byte	0x7d
 563 0189 00       		.sleb128 0
 564 018a 0E       		.uleb128 0xe
 565 018b 01       		.byte	0x1
 566 018c 00000000 		.4byte	.LASF25
 567 0190 01       		.byte	0x1
 568 0191 4D       		.byte	0x4d
 569 0192 01       		.byte	0x1
 570 0193 00000000 		.4byte	.LFB8
 571 0197 A6000000 		.4byte	.LFE8
 572 019b 00000000 		.4byte	.LLST0
 573 019f E8010000 		.4byte	0x1e8
 574 01a3 0F       		.uleb128 0xf
 575 01a4 76747000 		.ascii	"vtp\000"
 576 01a8 01       		.byte	0x1
 577 01a9 4D       		.byte	0x4d
 578 01aa 18010000 		.4byte	0x118
 579 01ae 02       		.byte	0x2
 580 01af 91       		.byte	0x91
 581 01b0 6C       		.sleb128 -20
 582 01b1 10       		.uleb128 0x10
 583 01b2 FC000000 		.4byte	.LASF23
 584 01b6 01       		.byte	0x1
 585 01b7 4D       		.byte	0x4d
 586 01b8 90000000 		.4byte	0x90
 587 01bc 02       		.byte	0x2
 588 01bd 91       		.byte	0x91
 589 01be 68       		.sleb128 -24
 590 01bf 10       		.uleb128 0x10
 591 01c0 32010000 		.4byte	.LASF24
 592 01c4 01       		.byte	0x1
 593 01c5 4D       		.byte	0x4d
 594 01c6 9D000000 		.4byte	0x9d
 595 01ca 02       		.byte	0x2
 596 01cb 91       		.byte	0x91
 597 01cc 64       		.sleb128 -28
 598 01cd 0F       		.uleb128 0xf
 599 01ce 70617200 		.ascii	"par\000"
 600 01d2 01       		.byte	0x1
 601 01d3 4D       		.byte	0x4d
 602 01d4 9B000000 		.4byte	0x9b
 603 01d8 02       		.byte	0x2
 604 01d9 91       		.byte	0x91
 605 01da 60       		.sleb128 -32
ARM GAS  C:\Users\z80\AppData\Local\Temp\ccXJXCMS.s 			page 12


 606 01db 11       		.uleb128 0x11
 607 01dc 7000     		.ascii	"p\000"
 608 01de 01       		.byte	0x1
 609 01df 4E       		.byte	0x4e
 610 01e0 18010000 		.4byte	0x118
 611 01e4 02       		.byte	0x2
 612 01e5 91       		.byte	0x91
 613 01e6 74       		.sleb128 -12
 614 01e7 00       		.byte	0
 615 01e8 0E       		.uleb128 0xe
 616 01e9 01       		.byte	0x1
 617 01ea 93010000 		.4byte	.LASF26
 618 01ee 01       		.byte	0x1
 619 01ef 6B       		.byte	0x6b
 620 01f0 01       		.byte	0x1
 621 01f1 00000000 		.4byte	.LFB9
 622 01f5 72000000 		.4byte	.LFE9
 623 01f9 2C000000 		.4byte	.LLST1
 624 01fd 10020000 		.4byte	0x210
 625 0201 0F       		.uleb128 0xf
 626 0202 76747000 		.ascii	"vtp\000"
 627 0206 01       		.byte	0x1
 628 0207 6B       		.byte	0x6b
 629 0208 18010000 		.4byte	0x118
 630 020c 02       		.byte	0x2
 631 020d 91       		.byte	0x91
 632 020e 74       		.sleb128 -12
 633 020f 00       		.byte	0
 634 0210 12       		.uleb128 0x12
 635 0211 01       		.byte	0x1
 636 0212 4F010000 		.4byte	.LASF32
 637 0216 01       		.byte	0x1
 638 0217 87       		.byte	0x87
 639 0218 01       		.byte	0x1
 640 0219 85000000 		.4byte	0x85
 641 021d 00000000 		.4byte	.LFB10
 642 0221 56000000 		.4byte	.LFE10
 643 0225 58000000 		.4byte	.LLST2
 644 0229 58020000 		.4byte	0x258
 645 022d 10       		.uleb128 0x10
 646 022e 13000000 		.4byte	.LASF27
 647 0232 01       		.byte	0x1
 648 0233 87       		.byte	0x87
 649 0234 90000000 		.4byte	0x90
 650 0238 02       		.byte	0x2
 651 0239 91       		.byte	0x91
 652 023a 74       		.sleb128 -12
 653 023b 0F       		.uleb128 0xf
 654 023c 656E6400 		.ascii	"end\000"
 655 0240 01       		.byte	0x1
 656 0241 87       		.byte	0x87
 657 0242 90000000 		.4byte	0x90
 658 0246 02       		.byte	0x2
 659 0247 91       		.byte	0x91
 660 0248 70       		.sleb128 -16
 661 0249 13       		.uleb128 0x13
 662 024a FC000000 		.4byte	.LASF23
ARM GAS  C:\Users\z80\AppData\Local\Temp\ccXJXCMS.s 			page 13


 663 024e 01       		.byte	0x1
 664 024f 89       		.byte	0x89
 665 0250 90000000 		.4byte	0x90
 666 0254 02       		.byte	0x2
 667 0255 91       		.byte	0x91
 668 0256 7C       		.sleb128 -4
 669 0257 00       		.byte	0
 670 0258 14       		.uleb128 0x14
 671 0259 F5000000 		.4byte	.LASF33
 672 025d 01       		.byte	0x1
 673 025e 2A       		.byte	0x2a
 674 025f 64010000 		.4byte	0x164
 675 0263 01       		.byte	0x1
 676 0264 05       		.byte	0x5
 677 0265 03       		.byte	0x3
 678 0266 00000000 		.4byte	vtlist
 679 026a 00       		.byte	0
 680              		.section	.debug_abbrev,"",%progbits
 681              	.Ldebug_abbrev0:
 682 0000 01       		.uleb128 0x1
 683 0001 11       		.uleb128 0x11
 684 0002 01       		.byte	0x1
 685 0003 25       		.uleb128 0x25
 686 0004 0E       		.uleb128 0xe
 687 0005 13       		.uleb128 0x13
 688 0006 0B       		.uleb128 0xb
 689 0007 03       		.uleb128 0x3
 690 0008 0E       		.uleb128 0xe
 691 0009 1B       		.uleb128 0x1b
 692 000a 0E       		.uleb128 0xe
 693 000b 11       		.uleb128 0x11
 694 000c 01       		.uleb128 0x1
 695 000d 52       		.uleb128 0x52
 696 000e 01       		.uleb128 0x1
 697 000f 55       		.uleb128 0x55
 698 0010 06       		.uleb128 0x6
 699 0011 10       		.uleb128 0x10
 700 0012 06       		.uleb128 0x6
 701 0013 00       		.byte	0
 702 0014 00       		.byte	0
 703 0015 02       		.uleb128 0x2
 704 0016 24       		.uleb128 0x24
 705 0017 00       		.byte	0
 706 0018 0B       		.uleb128 0xb
 707 0019 0B       		.uleb128 0xb
 708 001a 3E       		.uleb128 0x3e
 709 001b 0B       		.uleb128 0xb
 710 001c 03       		.uleb128 0x3
 711 001d 08       		.uleb128 0x8
 712 001e 00       		.byte	0
 713 001f 00       		.byte	0
 714 0020 03       		.uleb128 0x3
 715 0021 24       		.uleb128 0x24
 716 0022 00       		.byte	0
 717 0023 0B       		.uleb128 0xb
 718 0024 0B       		.uleb128 0xb
 719 0025 3E       		.uleb128 0x3e
ARM GAS  C:\Users\z80\AppData\Local\Temp\ccXJXCMS.s 			page 14


 720 0026 0B       		.uleb128 0xb
 721 0027 03       		.uleb128 0x3
 722 0028 0E       		.uleb128 0xe
 723 0029 00       		.byte	0
 724 002a 00       		.byte	0
 725 002b 04       		.uleb128 0x4
 726 002c 16       		.uleb128 0x16
 727 002d 00       		.byte	0
 728 002e 03       		.uleb128 0x3
 729 002f 0E       		.uleb128 0xe
 730 0030 3A       		.uleb128 0x3a
 731 0031 0B       		.uleb128 0xb
 732 0032 3B       		.uleb128 0x3b
 733 0033 0B       		.uleb128 0xb
 734 0034 49       		.uleb128 0x49
 735 0035 13       		.uleb128 0x13
 736 0036 00       		.byte	0
 737 0037 00       		.byte	0
 738 0038 05       		.uleb128 0x5
 739 0039 0F       		.uleb128 0xf
 740 003a 00       		.byte	0
 741 003b 0B       		.uleb128 0xb
 742 003c 0B       		.uleb128 0xb
 743 003d 00       		.byte	0
 744 003e 00       		.byte	0
 745 003f 06       		.uleb128 0x6
 746 0040 0F       		.uleb128 0xf
 747 0041 00       		.byte	0
 748 0042 0B       		.uleb128 0xb
 749 0043 0B       		.uleb128 0xb
 750 0044 49       		.uleb128 0x49
 751 0045 13       		.uleb128 0x13
 752 0046 00       		.byte	0
 753 0047 00       		.byte	0
 754 0048 07       		.uleb128 0x7
 755 0049 15       		.uleb128 0x15
 756 004a 01       		.byte	0x1
 757 004b 27       		.uleb128 0x27
 758 004c 0C       		.uleb128 0xc
 759 004d 01       		.uleb128 0x1
 760 004e 13       		.uleb128 0x13
 761 004f 00       		.byte	0
 762 0050 00       		.byte	0
 763 0051 08       		.uleb128 0x8
 764 0052 05       		.uleb128 0x5
 765 0053 00       		.byte	0
 766 0054 49       		.uleb128 0x49
 767 0055 13       		.uleb128 0x13
 768 0056 00       		.byte	0
 769 0057 00       		.byte	0
 770 0058 09       		.uleb128 0x9
 771 0059 13       		.uleb128 0x13
 772 005a 01       		.byte	0x1
 773 005b 03       		.uleb128 0x3
 774 005c 0E       		.uleb128 0xe
 775 005d 0B       		.uleb128 0xb
 776 005e 0B       		.uleb128 0xb
ARM GAS  C:\Users\z80\AppData\Local\Temp\ccXJXCMS.s 			page 15


 777 005f 3A       		.uleb128 0x3a
 778 0060 0B       		.uleb128 0xb
 779 0061 3B       		.uleb128 0x3b
 780 0062 0B       		.uleb128 0xb
 781 0063 01       		.uleb128 0x1
 782 0064 13       		.uleb128 0x13
 783 0065 00       		.byte	0
 784 0066 00       		.byte	0
 785 0067 0A       		.uleb128 0xa
 786 0068 0D       		.uleb128 0xd
 787 0069 00       		.byte	0
 788 006a 03       		.uleb128 0x3
 789 006b 0E       		.uleb128 0xe
 790 006c 3A       		.uleb128 0x3a
 791 006d 0B       		.uleb128 0xb
 792 006e 3B       		.uleb128 0x3b
 793 006f 0B       		.uleb128 0xb
 794 0070 49       		.uleb128 0x49
 795 0071 13       		.uleb128 0x13
 796 0072 38       		.uleb128 0x38
 797 0073 0A       		.uleb128 0xa
 798 0074 00       		.byte	0
 799 0075 00       		.byte	0
 800 0076 0B       		.uleb128 0xb
 801 0077 13       		.uleb128 0x13
 802 0078 01       		.byte	0x1
 803 0079 0B       		.uleb128 0xb
 804 007a 0B       		.uleb128 0xb
 805 007b 3A       		.uleb128 0x3a
 806 007c 0B       		.uleb128 0xb
 807 007d 3B       		.uleb128 0x3b
 808 007e 0B       		.uleb128 0xb
 809 007f 01       		.uleb128 0x1
 810 0080 13       		.uleb128 0x13
 811 0081 00       		.byte	0
 812 0082 00       		.byte	0
 813 0083 0C       		.uleb128 0xc
 814 0084 35       		.uleb128 0x35
 815 0085 00       		.byte	0
 816 0086 49       		.uleb128 0x49
 817 0087 13       		.uleb128 0x13
 818 0088 00       		.byte	0
 819 0089 00       		.byte	0
 820 008a 0D       		.uleb128 0xd
 821 008b 2E       		.uleb128 0x2e
 822 008c 00       		.byte	0
 823 008d 3F       		.uleb128 0x3f
 824 008e 0C       		.uleb128 0xc
 825 008f 03       		.uleb128 0x3
 826 0090 0E       		.uleb128 0xe
 827 0091 3A       		.uleb128 0x3a
 828 0092 0B       		.uleb128 0xb
 829 0093 3B       		.uleb128 0x3b
 830 0094 0B       		.uleb128 0xb
 831 0095 27       		.uleb128 0x27
 832 0096 0C       		.uleb128 0xc
 833 0097 11       		.uleb128 0x11
ARM GAS  C:\Users\z80\AppData\Local\Temp\ccXJXCMS.s 			page 16


 834 0098 01       		.uleb128 0x1
 835 0099 12       		.uleb128 0x12
 836 009a 01       		.uleb128 0x1
 837 009b 40       		.uleb128 0x40
 838 009c 0A       		.uleb128 0xa
 839 009d 00       		.byte	0
 840 009e 00       		.byte	0
 841 009f 0E       		.uleb128 0xe
 842 00a0 2E       		.uleb128 0x2e
 843 00a1 01       		.byte	0x1
 844 00a2 3F       		.uleb128 0x3f
 845 00a3 0C       		.uleb128 0xc
 846 00a4 03       		.uleb128 0x3
 847 00a5 0E       		.uleb128 0xe
 848 00a6 3A       		.uleb128 0x3a
 849 00a7 0B       		.uleb128 0xb
 850 00a8 3B       		.uleb128 0x3b
 851 00a9 0B       		.uleb128 0xb
 852 00aa 27       		.uleb128 0x27
 853 00ab 0C       		.uleb128 0xc
 854 00ac 11       		.uleb128 0x11
 855 00ad 01       		.uleb128 0x1
 856 00ae 12       		.uleb128 0x12
 857 00af 01       		.uleb128 0x1
 858 00b0 40       		.uleb128 0x40
 859 00b1 06       		.uleb128 0x6
 860 00b2 01       		.uleb128 0x1
 861 00b3 13       		.uleb128 0x13
 862 00b4 00       		.byte	0
 863 00b5 00       		.byte	0
 864 00b6 0F       		.uleb128 0xf
 865 00b7 05       		.uleb128 0x5
 866 00b8 00       		.byte	0
 867 00b9 03       		.uleb128 0x3
 868 00ba 08       		.uleb128 0x8
 869 00bb 3A       		.uleb128 0x3a
 870 00bc 0B       		.uleb128 0xb
 871 00bd 3B       		.uleb128 0x3b
 872 00be 0B       		.uleb128 0xb
 873 00bf 49       		.uleb128 0x49
 874 00c0 13       		.uleb128 0x13
 875 00c1 02       		.uleb128 0x2
 876 00c2 0A       		.uleb128 0xa
 877 00c3 00       		.byte	0
 878 00c4 00       		.byte	0
 879 00c5 10       		.uleb128 0x10
 880 00c6 05       		.uleb128 0x5
 881 00c7 00       		.byte	0
 882 00c8 03       		.uleb128 0x3
 883 00c9 0E       		.uleb128 0xe
 884 00ca 3A       		.uleb128 0x3a
 885 00cb 0B       		.uleb128 0xb
 886 00cc 3B       		.uleb128 0x3b
 887 00cd 0B       		.uleb128 0xb
 888 00ce 49       		.uleb128 0x49
 889 00cf 13       		.uleb128 0x13
 890 00d0 02       		.uleb128 0x2
ARM GAS  C:\Users\z80\AppData\Local\Temp\ccXJXCMS.s 			page 17


 891 00d1 0A       		.uleb128 0xa
 892 00d2 00       		.byte	0
 893 00d3 00       		.byte	0
 894 00d4 11       		.uleb128 0x11
 895 00d5 34       		.uleb128 0x34
 896 00d6 00       		.byte	0
 897 00d7 03       		.uleb128 0x3
 898 00d8 08       		.uleb128 0x8
 899 00d9 3A       		.uleb128 0x3a
 900 00da 0B       		.uleb128 0xb
 901 00db 3B       		.uleb128 0x3b
 902 00dc 0B       		.uleb128 0xb
 903 00dd 49       		.uleb128 0x49
 904 00de 13       		.uleb128 0x13
 905 00df 02       		.uleb128 0x2
 906 00e0 0A       		.uleb128 0xa
 907 00e1 00       		.byte	0
 908 00e2 00       		.byte	0
 909 00e3 12       		.uleb128 0x12
 910 00e4 2E       		.uleb128 0x2e
 911 00e5 01       		.byte	0x1
 912 00e6 3F       		.uleb128 0x3f
 913 00e7 0C       		.uleb128 0xc
 914 00e8 03       		.uleb128 0x3
 915 00e9 0E       		.uleb128 0xe
 916 00ea 3A       		.uleb128 0x3a
 917 00eb 0B       		.uleb128 0xb
 918 00ec 3B       		.uleb128 0x3b
 919 00ed 0B       		.uleb128 0xb
 920 00ee 27       		.uleb128 0x27
 921 00ef 0C       		.uleb128 0xc
 922 00f0 49       		.uleb128 0x49
 923 00f1 13       		.uleb128 0x13
 924 00f2 11       		.uleb128 0x11
 925 00f3 01       		.uleb128 0x1
 926 00f4 12       		.uleb128 0x12
 927 00f5 01       		.uleb128 0x1
 928 00f6 40       		.uleb128 0x40
 929 00f7 06       		.uleb128 0x6
 930 00f8 01       		.uleb128 0x1
 931 00f9 13       		.uleb128 0x13
 932 00fa 00       		.byte	0
 933 00fb 00       		.byte	0
 934 00fc 13       		.uleb128 0x13
 935 00fd 34       		.uleb128 0x34
 936 00fe 00       		.byte	0
 937 00ff 03       		.uleb128 0x3
 938 0100 0E       		.uleb128 0xe
 939 0101 3A       		.uleb128 0x3a
 940 0102 0B       		.uleb128 0xb
 941 0103 3B       		.uleb128 0x3b
 942 0104 0B       		.uleb128 0xb
 943 0105 49       		.uleb128 0x49
 944 0106 13       		.uleb128 0x13
 945 0107 02       		.uleb128 0x2
 946 0108 0A       		.uleb128 0xa
 947 0109 00       		.byte	0
ARM GAS  C:\Users\z80\AppData\Local\Temp\ccXJXCMS.s 			page 18


 948 010a 00       		.byte	0
 949 010b 14       		.uleb128 0x14
 950 010c 34       		.uleb128 0x34
 951 010d 00       		.byte	0
 952 010e 03       		.uleb128 0x3
 953 010f 0E       		.uleb128 0xe
 954 0110 3A       		.uleb128 0x3a
 955 0111 0B       		.uleb128 0xb
 956 0112 3B       		.uleb128 0x3b
 957 0113 0B       		.uleb128 0xb
 958 0114 49       		.uleb128 0x49
 959 0115 13       		.uleb128 0x13
 960 0116 3F       		.uleb128 0x3f
 961 0117 0C       		.uleb128 0xc
 962 0118 02       		.uleb128 0x2
 963 0119 0A       		.uleb128 0xa
 964 011a 00       		.byte	0
 965 011b 00       		.byte	0
 966 011c 00       		.byte	0
 967              		.section	.debug_loc,"",%progbits
 968              	.Ldebug_loc0:
 969              	.LLST0:
 970 0000 00000000 		.4byte	.LFB8
 971 0004 02000000 		.4byte	.LCFI0
 972 0008 0200     		.2byte	0x2
 973 000a 7D       		.byte	0x7d
 974 000b 00       		.sleb128 0
 975 000c 02000000 		.4byte	.LCFI0
 976 0010 04000000 		.4byte	.LCFI1
 977 0014 0200     		.2byte	0x2
 978 0016 7D       		.byte	0x7d
 979 0017 04       		.sleb128 4
 980 0018 04000000 		.4byte	.LCFI1
 981 001c A6000000 		.4byte	.LFE8
 982 0020 0200     		.2byte	0x2
 983 0022 7D       		.byte	0x7d
 984 0023 20       		.sleb128 32
 985 0024 00000000 		.4byte	0
 986 0028 00000000 		.4byte	0
 987              	.LLST1:
 988 002c 00000000 		.4byte	.LFB9
 989 0030 02000000 		.4byte	.LCFI2
 990 0034 0200     		.2byte	0x2
 991 0036 7D       		.byte	0x7d
 992 0037 00       		.sleb128 0
 993 0038 02000000 		.4byte	.LCFI2
 994 003c 04000000 		.4byte	.LCFI3
 995 0040 0200     		.2byte	0x2
 996 0042 7D       		.byte	0x7d
 997 0043 04       		.sleb128 4
 998 0044 04000000 		.4byte	.LCFI3
 999 0048 72000000 		.4byte	.LFE9
 1000 004c 0200     		.2byte	0x2
 1001 004e 7D       		.byte	0x7d
 1002 004f 10       		.sleb128 16
 1003 0050 00000000 		.4byte	0
 1004 0054 00000000 		.4byte	0
ARM GAS  C:\Users\z80\AppData\Local\Temp\ccXJXCMS.s 			page 19


 1005              	.LLST2:
 1006 0058 00000000 		.4byte	.LFB10
 1007 005c 02000000 		.4byte	.LCFI4
 1008 0060 0200     		.2byte	0x2
 1009 0062 7D       		.byte	0x7d
 1010 0063 00       		.sleb128 0
 1011 0064 02000000 		.4byte	.LCFI4
 1012 0068 56000000 		.4byte	.LFE10
 1013 006c 0200     		.2byte	0x2
 1014 006e 7D       		.byte	0x7d
 1015 006f 10       		.sleb128 16
 1016 0070 00000000 		.4byte	0
 1017 0074 00000000 		.4byte	0
 1018              		.section	.debug_aranges,"",%progbits
 1019 0000 34000000 		.4byte	0x34
 1020 0004 0200     		.2byte	0x2
 1021 0006 00000000 		.4byte	.Ldebug_info0
 1022 000a 04       		.byte	0x4
 1023 000b 00       		.byte	0
 1024 000c 0000     		.2byte	0
 1025 000e 0000     		.2byte	0
 1026 0010 00000000 		.4byte	.LFB7
 1027 0014 44000000 		.4byte	.LFE7-.LFB7
 1028 0018 00000000 		.4byte	.LFB8
 1029 001c A6000000 		.4byte	.LFE8-.LFB8
 1030 0020 00000000 		.4byte	.LFB9
 1031 0024 72000000 		.4byte	.LFE9-.LFB9
 1032 0028 00000000 		.4byte	.LFB10
 1033 002c 56000000 		.4byte	.LFE10-.LFB10
 1034 0030 00000000 		.4byte	0
 1035 0034 00000000 		.4byte	0
 1036              		.section	.debug_ranges,"",%progbits
 1037              	.Ldebug_ranges0:
 1038 0000 00000000 		.4byte	.LFB7
 1039 0004 44000000 		.4byte	.LFE7
 1040 0008 00000000 		.4byte	.LFB8
 1041 000c A6000000 		.4byte	.LFE8
 1042 0010 00000000 		.4byte	.LFB9
 1043 0014 72000000 		.4byte	.LFE9
 1044 0018 00000000 		.4byte	.LFB10
 1045 001c 56000000 		.4byte	.LFE10
 1046 0020 00000000 		.4byte	0
 1047 0024 00000000 		.4byte	0
 1048              		.section	.debug_line,"",%progbits
 1049              	.Ldebug_line0:
 1050 0000 C0010000 		.section	.debug_str,"MS",%progbits,1
 1050      02001001 
 1050      00000201 
 1050      FB0E0D00 
 1050      01010101 
 1051              	.LASF25:
 1052 0000 63685654 		.ascii	"chVTSetI\000"
 1052      53657449 
 1052      00
 1053              	.LASF12:
 1054 0009 73797374 		.ascii	"systime_t\000"
 1054      696D655F 
ARM GAS  C:\Users\z80\AppData\Local\Temp\ccXJXCMS.s 			page 20


 1054      7400
 1055              	.LASF27:
 1056 0013 73746172 		.ascii	"start\000"
 1056      7400
 1057              	.LASF11:
 1058 0019 626F6F6C 		.ascii	"bool_t\000"
 1058      5F7400
 1059              	.LASF29:
 1060 0020 2E2E2F63 		.ascii	"../chibios_2.4.x/os/kernel/src/chvt.c\000"
 1060      68696269 
 1060      6F735F32 
 1060      2E342E78 
 1060      2F6F732F 
 1061              	.LASF13:
 1062 0046 76746675 		.ascii	"vtfunc_t\000"
 1062      6E635F74 
 1062      00
 1063              	.LASF8:
 1064 004f 6C6F6E67 		.ascii	"long unsigned int\000"
 1064      20756E73 
 1064      69676E65 
 1064      6420696E 
 1064      7400
 1065              	.LASF4:
 1066 0061 73686F72 		.ascii	"short unsigned int\000"
 1066      7420756E 
 1066      7369676E 
 1066      65642069 
 1066      6E7400
 1067              	.LASF14:
 1068 0074 56697274 		.ascii	"VirtualTimer\000"
 1068      75616C54 
 1068      696D6572 
 1068      00
 1069              	.LASF28:
 1070 0081 474E5520 		.ascii	"GNU C 4.6.3\000"
 1070      4320342E 
 1070      362E3300 
 1071              	.LASF2:
 1072 008d 756E7369 		.ascii	"unsigned char\000"
 1072      676E6564 
 1072      20636861 
 1072      7200
 1073              	.LASF31:
 1074 009b 5F76745F 		.ascii	"_vt_init\000"
 1074      696E6974 
 1074      00
 1075              	.LASF0:
 1076 00a4 756E7369 		.ascii	"unsigned int\000"
 1076      676E6564 
 1076      20696E74 
 1076      00
 1077              	.LASF30:
 1078 00b1 433A5C70 		.ascii	"C:\\projects\\digitizer.git\\firmware\\digitizer\000"
 1078      726F6A65 
 1078      6374735C 
 1078      64696769 
ARM GAS  C:\Users\z80\AppData\Local\Temp\ccXJXCMS.s 			page 21


 1078      74697A65 
 1079              	.LASF10:
 1080 00de 6C6F6E67 		.ascii	"long long unsigned int\000"
 1080      206C6F6E 
 1080      6720756E 
 1080      7369676E 
 1080      65642069 
 1081              	.LASF33:
 1082 00f5 76746C69 		.ascii	"vtlist\000"
 1082      737400
 1083              	.LASF23:
 1084 00fc 74696D65 		.ascii	"time\000"
 1084      00
 1085              	.LASF17:
 1086 0101 76745F74 		.ascii	"vt_time\000"
 1086      696D6500 
 1087              	.LASF6:
 1088 0109 696E7433 		.ascii	"int32_t\000"
 1088      325F7400 
 1089              	.LASF20:
 1090 0111 76745F73 		.ascii	"vt_systime\000"
 1090      79737469 
 1090      6D6500
 1091              	.LASF9:
 1092 011c 6C6F6E67 		.ascii	"long long int\000"
 1092      206C6F6E 
 1092      6720696E 
 1092      7400
 1093              	.LASF18:
 1094 012a 76745F66 		.ascii	"vt_func\000"
 1094      756E6300 
 1095              	.LASF24:
 1096 0132 76746675 		.ascii	"vtfunc\000"
 1096      6E6300
 1097              	.LASF22:
 1098 0139 63686172 		.ascii	"char\000"
 1098      00
 1099              	.LASF19:
 1100 013e 76745F70 		.ascii	"vt_par\000"
 1100      617200
 1101              	.LASF3:
 1102 0145 73686F72 		.ascii	"short int\000"
 1102      7420696E 
 1102      7400
 1103              	.LASF32:
 1104 014f 63685469 		.ascii	"chTimeIsWithin\000"
 1104      6D654973 
 1104      57697468 
 1104      696E00
 1105              	.LASF16:
 1106 015e 76745F70 		.ascii	"vt_prev\000"
 1106      72657600 
 1107              	.LASF7:
 1108 0166 75696E74 		.ascii	"uint32_t\000"
 1108      33325F74 
 1108      00
 1109              	.LASF5:
ARM GAS  C:\Users\z80\AppData\Local\Temp\ccXJXCMS.s 			page 22


 1110 016f 6C6F6E67 		.ascii	"long int\000"
 1110      20696E74 
 1110      00
 1111              	.LASF1:
 1112 0178 7369676E 		.ascii	"signed char\000"
 1112      65642063 
 1112      68617200 
 1113              	.LASF21:
 1114 0184 56544C69 		.ascii	"VTList\000"
 1114      737400
 1115              	.LASF15:
 1116 018b 76745F6E 		.ascii	"vt_next\000"
 1116      65787400 
 1117              	.LASF26:
 1118 0193 63685654 		.ascii	"chVTResetI\000"
 1118      52657365 
 1118      744900
 1119              		.ident	"GCC: (Sourcery CodeBench Lite 2012.03-56) 4.6.3"
ARM GAS  C:\Users\z80\AppData\Local\Temp\ccXJXCMS.s 			page 23


DEFINED SYMBOLS
                            *ABS*:00000000 chvt.c
C:\Users\z80\AppData\Local\Temp\ccXJXCMS.s:23     .bss.vtlist:00000000 vtlist
C:\Users\z80\AppData\Local\Temp\ccXJXCMS.s:20     .bss.vtlist:00000000 $d
C:\Users\z80\AppData\Local\Temp\ccXJXCMS.s:26     .text._vt_init:00000000 $t
C:\Users\z80\AppData\Local\Temp\ccXJXCMS.s:32     .text._vt_init:00000000 _vt_init
C:\Users\z80\AppData\Local\Temp\ccXJXCMS.s:68     .rodata:00000000 $d
C:\Users\z80\AppData\Local\Temp\ccXJXCMS.s:69     .rodata:00000000 .LC0
C:\Users\z80\AppData\Local\Temp\ccXJXCMS.s:72     .text.chVTSetI:00000000 $t
C:\Users\z80\AppData\Local\Temp\ccXJXCMS.s:78     .text.chVTSetI:00000000 chVTSetI
C:\Users\z80\AppData\Local\Temp\ccXJXCMS.s:192    .rodata:00000010 .LC1
C:\Users\z80\AppData\Local\Temp\ccXJXCMS.s:195    .rodata:00000020 .LC2
C:\Users\z80\AppData\Local\Temp\ccXJXCMS.s:198    .text.chVTResetI:00000000 $t
C:\Users\z80\AppData\Local\Temp\ccXJXCMS.s:204    .text.chVTResetI:00000000 chVTResetI
C:\Users\z80\AppData\Local\Temp\ccXJXCMS.s:280    .text.chTimeIsWithin:00000000 $t
C:\Users\z80\AppData\Local\Temp\ccXJXCMS.s:286    .text.chTimeIsWithin:00000000 chTimeIsWithin
                     .debug_frame:00000010 $d

UNDEFINED SYMBOLS
chDbgCheckClassI
chDbgPanic
