ARM GAS  C:\Users\z80\AppData\Local\Temp\ccI9PR4h.s 			page 1


   1              		.syntax unified
   2              		.cpu cortex-m3
   3              		.fpu softvfp
   4              		.eabi_attribute 20, 1
   5              		.eabi_attribute 21, 1
   6              		.eabi_attribute 23, 3
   7              		.eabi_attribute 24, 1
   8              		.eabi_attribute 25, 1
   9              		.eabi_attribute 26, 1
  10              		.eabi_attribute 30, 6
  11              		.eabi_attribute 34, 1
  12              		.eabi_attribute 18, 4
  13              		.thumb
  14              		.file	"crt0.c"
  15              		.text
  16              	.Ltext0:
  17              		.cfi_sections	.debug_frame
  18              		.section	.text.__early_init,"ax",%progbits
  19              		.align	2
  20              		.p2align 4,,15
  21              		.weak	__early_init
  22              		.thumb
  23              		.thumb_func
  24              		.type	__early_init, %function
  25              	__early_init:
  26              	.LFB7:
  27              		.file 1 "../chibios_2.4.x/os/ports/GCC/ARMCMx/crt0.c"
  28              		.loc 1 220 0
  29              		.cfi_startproc
  30              		@ args = 0, pretend = 0, frame = 0
  31              		@ frame_needed = 0, uses_anonymous_args = 0
  32              		@ link register save eliminated.
  33              		.loc 1 220 0
  34 0000 7047     		bx	lr
  35              		.cfi_endproc
  36              	.LFE7:
  37              		.size	__early_init, .-__early_init
  38 0002 00BFAFF3 		.section	.text.__late_init,"ax",%progbits
  38      0080AFF3 
  38      0080AFF3 
  38      0080
  39              		.align	2
  40              		.p2align 4,,15
  41              		.weak	__late_init
  42              		.thumb
  43              		.thumb_func
  44              		.type	__late_init, %function
  45              	__late_init:
  46              	.LFB8:
  47              		.loc 1 232 0
  48              		.cfi_startproc
  49              		@ args = 0, pretend = 0, frame = 0
  50              		@ frame_needed = 0, uses_anonymous_args = 0
  51              		@ link register save eliminated.
  52              		.loc 1 232 0
  53 0000 7047     		bx	lr
  54              		.cfi_endproc
ARM GAS  C:\Users\z80\AppData\Local\Temp\ccI9PR4h.s 			page 2


  55              	.LFE8:
  56              		.size	__late_init, .-__late_init
  57 0002 00BFAFF3 		.section	.text._default_exit,"ax",%progbits
  57      0080AFF3 
  57      0080AFF3 
  57      0080
  58              		.align	2
  59              		.p2align 4,,15
  60              		.weak	_default_exit
  61              		.thumb
  62              		.thumb_func
  63              		.type	_default_exit, %function
  64              	_default_exit:
  65              	.LFB9:
  66              		.loc 1 243 0
  67              		.cfi_startproc
  68              		@ Naked Function: prologue and epilogue provided by programmer.
  69              		@ args = 0, pretend = 0, frame = 0
  70              		@ frame_needed = 0, uses_anonymous_args = 0
  71              	.L4:
  72              		.loc 1 245 0 discriminator 1
  73 0000 FEE7     		b	.L4
  74              		.cfi_endproc
  75              	.LFE9:
  76              		.size	_default_exit, .-_default_exit
  77 0002 00BFAFF3 		.section	.text.ResetHandler,"ax",%progbits
  77      0080AFF3 
  77      0080AFF3 
  77      0080
  78              		.align	2
  79              		.p2align 4,,15
  80              		.global	ResetHandler
  81              		.thumb
  82              		.thumb_func
  83              		.type	ResetHandler, %function
  84              	ResetHandler:
  85              	.LFB10:
  86              		.loc 1 254 0
  87              		.cfi_startproc
  88              		@ Naked Function: prologue and epilogue provided by programmer.
  89              		@ args = 0, pretend = 0, frame = 0
  90              		@ frame_needed = 0, uses_anonymous_args = 0
  91              		.loc 1 260 0
  92              	@ 260 "../chibios_2.4.x/os/ports/GCC/ARMCMx/crt0.c" 1
  93 0000 72B6     		cpsid   i
  94              	@ 0 "" 2
  95              		.loc 1 261 0
  96              		.thumb
  97 0002 40F20004 		movw	r4, #:lower16:__process_stack_end__
  98 0006 C0F20004 		movt	r4, #:upper16:__process_stack_end__
  99              		.loc 1 262 0
 100              	@ 262 "../chibios_2.4.x/os/ports/GCC/ARMCMx/crt0.c" 1
 101 000a 84F30988 		msr     PSP, r4
 102              	@ 0 "" 2
 103              		.loc 1 280 0
 104              		.thumb
 105 000e 4FF00204 		mov	r4, #2
ARM GAS  C:\Users\z80\AppData\Local\Temp\ccI9PR4h.s 			page 3


 106              		.loc 1 282 0
 107              	@ 282 "../chibios_2.4.x/os/ports/GCC/ARMCMx/crt0.c" 1
 108 0012 84F31488 		msr     CONTROL, r4
 109              	@ 0 "" 2
 110              		.loc 1 283 0
 111              	@ 283 "../chibios_2.4.x/os/ports/GCC/ARMCMx/crt0.c" 1
 112 0016 BFF36F8F 		isb
 113              	@ 0 "" 2
 114              		.thumb
 115              	.LBB2:
 116              		.loc 1 287 0
 117 001a 40F20004 		movw	r4, #:lower16:__main_stack_base__
 118 001e C0F20004 		movt	r4, #:upper16:__main_stack_base__
 119 0022 40F20005 		movw	r5, #:lower16:__main_stack_end__
 120 0026 C0F20005 		movt	r5, #:upper16:__main_stack_end__
 121 002a 04E0     		b	.L6
 122              	.L7:
 123              		.loc 1 287 0 is_stmt 0 discriminator 2
 124 002c 4FF05533 		mov	r3, #1431655765
 125 0030 2360     		str	r3, [r4, #0]
 126 0032 04F10404 		add	r4, r4, #4
 127              	.L6:
 128              		.loc 1 287 0 discriminator 1
 129 0036 AC42     		cmp	r4, r5
 130 0038 F8D3     		bcc	.L7
 131              	.LBE2:
 132              	.LBB3:
 133              		.loc 1 290 0 is_stmt 1
 134 003a 40F20004 		movw	r4, #:lower16:__process_stack_base__
 135 003e C0F20004 		movt	r4, #:upper16:__process_stack_base__
 136 0042 40F20005 		movw	r5, #:lower16:__process_stack_end__
 137 0046 C0F20005 		movt	r5, #:upper16:__process_stack_end__
 138 004a 04E0     		b	.L8
 139              	.L9:
 140              		.loc 1 290 0 is_stmt 0 discriminator 2
 141 004c 4FF05533 		mov	r3, #1431655765
 142 0050 2360     		str	r3, [r4, #0]
 143 0052 04F10404 		add	r4, r4, #4
 144              	.L8:
 145              		.loc 1 290 0 discriminator 1
 146 0056 AC42     		cmp	r4, r5
 147 0058 F8D3     		bcc	.L9
 148              	.LBE3:
 149              		.loc 1 296 0 is_stmt 1
 150 005a FFF7FEFF 		bl	__early_init
 151              	.LBB4:
 152              		.loc 1 303 0
 153 005e 40F20005 		movw	r5, #:lower16:_textdata
 154 0062 C0F20005 		movt	r5, #:upper16:_textdata
 155              		.loc 1 304 0
 156 0066 40F20004 		movw	r4, #:lower16:_data
 157 006a C0F20004 		movt	r4, #:upper16:_data
 158              		.loc 1 305 0
 159 006e 05E0     		b	.L10
 160              	.L11:
 161              		.loc 1 306 0
 162 0070 2B68     		ldr	r3, [r5, #0]
ARM GAS  C:\Users\z80\AppData\Local\Temp\ccI9PR4h.s 			page 4


 163 0072 2360     		str	r3, [r4, #0]
 164 0074 04F10404 		add	r4, r4, #4
 165 0078 05F10405 		add	r5, r5, #4
 166              	.L10:
 167              		.loc 1 305 0 discriminator 1
 168 007c 40F20003 		movw	r3, #:lower16:_edata
 169 0080 C0F20003 		movt	r3, #:upper16:_edata
 170 0084 9C42     		cmp	r4, r3
 171 0086 F3D3     		bcc	.L11
 172              	.LBE4:
 173              	.LBB5:
 174              		.loc 1 312 0
 175 0088 40F20004 		movw	r4, #:lower16:_bss_start
 176 008c C0F20004 		movt	r4, #:upper16:_bss_start
 177 0090 40F20005 		movw	r5, #:lower16:_bss_end
 178 0094 C0F20005 		movt	r5, #:upper16:_bss_end
 179 0098 04E0     		b	.L12
 180              	.L13:
 181              		.loc 1 312 0 is_stmt 0 discriminator 2
 182 009a 4FF00003 		mov	r3, #0
 183 009e 2360     		str	r3, [r4, #0]
 184 00a0 04F10404 		add	r4, r4, #4
 185              	.L12:
 186              		.loc 1 312 0 discriminator 1
 187 00a4 AC42     		cmp	r4, r5
 188 00a6 F8D3     		bcc	.L13
 189              	.LBE5:
 190              		.loc 1 316 0 is_stmt 1
 191 00a8 FFF7FEFF 		bl	__late_init
 192              	.LBB6:
 193              		.loc 1 321 0
 194 00ac 40F20004 		movw	r4, #:lower16:__init_array_start
 195 00b0 C0F20004 		movt	r4, #:upper16:__init_array_start
 196              		.loc 1 322 0
 197 00b4 03E0     		b	.L14
 198              	.L15:
 199              		.loc 1 323 0
 200 00b6 2368     		ldr	r3, [r4, #0]
 201 00b8 9847     		blx	r3
 202              		.loc 1 324 0
 203 00ba 04F10404 		add	r4, r4, #4
 204              	.L14:
 205              		.loc 1 322 0 discriminator 1
 206 00be 40F20003 		movw	r3, #:lower16:__init_array_end
 207 00c2 C0F20003 		movt	r3, #:upper16:__init_array_end
 208 00c6 9C42     		cmp	r4, r3
 209 00c8 F5D3     		bcc	.L15
 210              	.LBE6:
 211              		.loc 1 330 0
 212 00ca FFF7FEFF 		bl	main
 213              	.LBB7:
 214              		.loc 1 335 0
 215 00ce 40F20004 		movw	r4, #:lower16:__fini_array_start
 216 00d2 C0F20004 		movt	r4, #:upper16:__fini_array_start
 217              		.loc 1 336 0
 218 00d6 03E0     		b	.L16
 219              	.L17:
ARM GAS  C:\Users\z80\AppData\Local\Temp\ccI9PR4h.s 			page 5


 220              		.loc 1 337 0
 221 00d8 2368     		ldr	r3, [r4, #0]
 222 00da 9847     		blx	r3
 223              		.loc 1 338 0
 224 00dc 04F10404 		add	r4, r4, #4
 225              	.L16:
 226              		.loc 1 336 0 discriminator 1
 227 00e0 40F20003 		movw	r3, #:lower16:__fini_array_end
 228 00e4 C0F20003 		movt	r3, #:upper16:__fini_array_end
 229 00e8 9C42     		cmp	r4, r3
 230 00ea F5D3     		bcc	.L17
 231              	.LBE7:
 232              		.loc 1 344 0
 233 00ec FFF7FEFF 		bl	_default_exit
 234              		.loc 1 345 0
 235              		.cfi_endproc
 236              	.LFE10:
 237              		.size	ResetHandler, .-ResetHandler
 238              		.text
 239              	.Letext0:
 240              		.file 2 "c:\\programs\\codesourcery\\2011.03-56\\bin\\../lib/gcc/arm-none-eabi/4.6.3/../../../../a
 241              		.section	.debug_info,"",%progbits
 242              	.Ldebug_info0:
 243 0000 9F020000 		.4byte	0x29f
 244 0004 0200     		.2byte	0x2
 245 0006 00000000 		.4byte	.Ldebug_abbrev0
 246 000a 04       		.byte	0x4
 247 000b 01       		.uleb128 0x1
 248 000c 8D010000 		.4byte	.LASF30
 249 0010 01       		.byte	0x1
 250 0011 46010000 		.4byte	.LASF31
 251 0015 51000000 		.4byte	.LASF32
 252 0019 00000000 		.4byte	0
 253 001d 00000000 		.4byte	0
 254 0021 00000000 		.4byte	.Ldebug_ranges0+0
 255 0025 00000000 		.4byte	.Ldebug_line0
 256 0029 02       		.uleb128 0x2
 257 002a 04       		.byte	0x4
 258 002b 05       		.byte	0x5
 259 002c 696E7400 		.ascii	"int\000"
 260 0030 03       		.uleb128 0x3
 261 0031 04       		.byte	0x4
 262 0032 07       		.byte	0x7
 263 0033 02010000 		.4byte	.LASF0
 264 0037 03       		.uleb128 0x3
 265 0038 01       		.byte	0x1
 266 0039 06       		.byte	0x6
 267 003a C3010000 		.4byte	.LASF1
 268 003e 04       		.uleb128 0x4
 269 003f 72010000 		.4byte	.LASF6
 270 0043 02       		.byte	0x2
 271 0044 2A       		.byte	0x2a
 272 0045 49000000 		.4byte	0x49
 273 0049 03       		.uleb128 0x3
 274 004a 01       		.byte	0x1
 275 004b 08       		.byte	0x8
 276 004c 7E000000 		.4byte	.LASF2
ARM GAS  C:\Users\z80\AppData\Local\Temp\ccI9PR4h.s 			page 6


 277 0050 03       		.uleb128 0x3
 278 0051 02       		.byte	0x2
 279 0052 05       		.byte	0x5
 280 0053 99010000 		.4byte	.LASF3
 281 0057 03       		.uleb128 0x3
 282 0058 02       		.byte	0x2
 283 0059 07       		.byte	0x7
 284 005a B7000000 		.4byte	.LASF4
 285 005e 03       		.uleb128 0x3
 286 005f 04       		.byte	0x4
 287 0060 05       		.byte	0x5
 288 0061 B4010000 		.4byte	.LASF5
 289 0065 04       		.uleb128 0x4
 290 0066 AB010000 		.4byte	.LASF7
 291 006a 02       		.byte	0x2
 292 006b 50       		.byte	0x50
 293 006c 70000000 		.4byte	0x70
 294 0070 03       		.uleb128 0x3
 295 0071 04       		.byte	0x4
 296 0072 07       		.byte	0x7
 297 0073 98000000 		.4byte	.LASF8
 298 0077 03       		.uleb128 0x3
 299 0078 08       		.byte	0x8
 300 0079 05       		.byte	0x5
 301 007a 7A010000 		.4byte	.LASF9
 302 007e 03       		.uleb128 0x3
 303 007f 08       		.byte	0x8
 304 0080 07       		.byte	0x7
 305 0081 0F010000 		.4byte	.LASF10
 306 0085 03       		.uleb128 0x3
 307 0086 01       		.byte	0x1
 308 0087 08       		.byte	0x8
 309 0088 88010000 		.4byte	.LASF11
 310 008c 04       		.uleb128 0x4
 311 008d A3010000 		.4byte	.LASF12
 312 0091 01       		.byte	0x1
 313 0092 26       		.byte	0x26
 314 0093 97000000 		.4byte	0x97
 315 0097 05       		.uleb128 0x5
 316 0098 04       		.byte	0x4
 317 0099 9D000000 		.4byte	0x9d
 318 009d 06       		.uleb128 0x6
 319 009e 01       		.byte	0x1
 320 009f 04       		.uleb128 0x4
 321 00a0 3A000000 		.4byte	.LASF13
 322 00a4 01       		.byte	0x1
 323 00a5 27       		.byte	0x27
 324 00a6 AA000000 		.4byte	0xaa
 325 00aa 05       		.uleb128 0x5
 326 00ab 04       		.byte	0x4
 327 00ac 8C000000 		.4byte	0x8c
 328 00b0 07       		.uleb128 0x7
 329 00b1 01       		.byte	0x1
 330 00b2 39010000 		.4byte	.LASF14
 331 00b6 01       		.byte	0x1
 332 00b7 DC       		.byte	0xdc
 333 00b8 01       		.byte	0x1
ARM GAS  C:\Users\z80\AppData\Local\Temp\ccI9PR4h.s 			page 7


 334 00b9 00000000 		.4byte	.LFB7
 335 00bd 02000000 		.4byte	.LFE7
 336 00c1 02       		.byte	0x2
 337 00c2 7D       		.byte	0x7d
 338 00c3 00       		.sleb128 0
 339 00c4 07       		.uleb128 0x7
 340 00c5 01       		.byte	0x1
 341 00c6 8C000000 		.4byte	.LASF15
 342 00ca 01       		.byte	0x1
 343 00cb E8       		.byte	0xe8
 344 00cc 01       		.byte	0x1
 345 00cd 00000000 		.4byte	.LFB8
 346 00d1 02000000 		.4byte	.LFE8
 347 00d5 02       		.byte	0x2
 348 00d6 7D       		.byte	0x7d
 349 00d7 00       		.sleb128 0
 350 00d8 07       		.uleb128 0x7
 351 00d9 01       		.byte	0x1
 352 00da 43000000 		.4byte	.LASF16
 353 00de 01       		.byte	0x1
 354 00df F3       		.byte	0xf3
 355 00e0 01       		.byte	0x1
 356 00e1 00000000 		.4byte	.LFB9
 357 00e5 02000000 		.4byte	.LFE9
 358 00e9 02       		.byte	0x2
 359 00ea 7D       		.byte	0x7d
 360 00eb 00       		.sleb128 0
 361 00ec 08       		.uleb128 0x8
 362 00ed 01       		.byte	0x1
 363 00ee AA000000 		.4byte	.LASF33
 364 00f2 01       		.byte	0x1
 365 00f3 FE       		.byte	0xfe
 366 00f4 01       		.byte	0x1
 367 00f5 00000000 		.4byte	.LFB10
 368 00f9 F0000000 		.4byte	.LFE10
 369 00fd 02       		.byte	0x2
 370 00fe 7D       		.byte	0x7d
 371 00ff 00       		.sleb128 0
 372 0100 F3010000 		.4byte	0x1f3
 373 0104 09       		.uleb128 0x9
 374 0105 70737000 		.ascii	"psp\000"
 375 0109 01       		.byte	0x1
 376 010a FF       		.byte	0xff
 377 010b 65000000 		.4byte	0x65
 378 010f 01       		.byte	0x1
 379 0110 54       		.byte	0x54
 380 0111 09       		.uleb128 0x9
 381 0112 72656700 		.ascii	"reg\000"
 382 0116 01       		.byte	0x1
 383 0117 FF       		.byte	0xff
 384 0118 65000000 		.4byte	0x65
 385 011c 01       		.byte	0x1
 386 011d 54       		.byte	0x54
 387 011e 0A       		.uleb128 0xa
 388 011f 1A000000 		.4byte	.LBB2
 389 0123 3A000000 		.4byte	.LBE2
 390 0127 46010000 		.4byte	0x146
ARM GAS  C:\Users\z80\AppData\Local\Temp\ccI9PR4h.s 			page 8


 391 012b 0B       		.uleb128 0xb
 392 012c 703100   		.ascii	"p1\000"
 393 012f 01       		.byte	0x1
 394 0130 1F01     		.2byte	0x11f
 395 0132 F3010000 		.4byte	0x1f3
 396 0136 01       		.byte	0x1
 397 0137 54       		.byte	0x54
 398 0138 0B       		.uleb128 0xb
 399 0139 703200   		.ascii	"p2\000"
 400 013c 01       		.byte	0x1
 401 013d 1F01     		.2byte	0x11f
 402 013f F3010000 		.4byte	0x1f3
 403 0143 01       		.byte	0x1
 404 0144 55       		.byte	0x55
 405 0145 00       		.byte	0
 406 0146 0A       		.uleb128 0xa
 407 0147 3A000000 		.4byte	.LBB3
 408 014b 5A000000 		.4byte	.LBE3
 409 014f 6E010000 		.4byte	0x16e
 410 0153 0B       		.uleb128 0xb
 411 0154 703100   		.ascii	"p1\000"
 412 0157 01       		.byte	0x1
 413 0158 2201     		.2byte	0x122
 414 015a F3010000 		.4byte	0x1f3
 415 015e 01       		.byte	0x1
 416 015f 54       		.byte	0x54
 417 0160 0B       		.uleb128 0xb
 418 0161 703200   		.ascii	"p2\000"
 419 0164 01       		.byte	0x1
 420 0165 2201     		.2byte	0x122
 421 0167 F3010000 		.4byte	0x1f3
 422 016b 01       		.byte	0x1
 423 016c 55       		.byte	0x55
 424 016d 00       		.byte	0
 425 016e 0A       		.uleb128 0xa
 426 016f 5E000000 		.4byte	.LBB4
 427 0173 88000000 		.4byte	.LBE4
 428 0177 96010000 		.4byte	0x196
 429 017b 0B       		.uleb128 0xb
 430 017c 747000   		.ascii	"tp\000"
 431 017f 01       		.byte	0x1
 432 0180 2D01     		.2byte	0x12d
 433 0182 F3010000 		.4byte	0x1f3
 434 0186 01       		.byte	0x1
 435 0187 55       		.byte	0x55
 436 0188 0B       		.uleb128 0xb
 437 0189 647000   		.ascii	"dp\000"
 438 018c 01       		.byte	0x1
 439 018d 2D01     		.2byte	0x12d
 440 018f F3010000 		.4byte	0x1f3
 441 0193 01       		.byte	0x1
 442 0194 54       		.byte	0x54
 443 0195 00       		.byte	0
 444 0196 0A       		.uleb128 0xa
 445 0197 88000000 		.4byte	.LBB5
 446 019b A8000000 		.4byte	.LBE5
 447 019f BE010000 		.4byte	0x1be
ARM GAS  C:\Users\z80\AppData\Local\Temp\ccI9PR4h.s 			page 9


 448 01a3 0B       		.uleb128 0xb
 449 01a4 703100   		.ascii	"p1\000"
 450 01a7 01       		.byte	0x1
 451 01a8 3801     		.2byte	0x138
 452 01aa F3010000 		.4byte	0x1f3
 453 01ae 01       		.byte	0x1
 454 01af 54       		.byte	0x54
 455 01b0 0B       		.uleb128 0xb
 456 01b1 703200   		.ascii	"p2\000"
 457 01b4 01       		.byte	0x1
 458 01b5 3801     		.2byte	0x138
 459 01b7 F3010000 		.4byte	0x1f3
 460 01bb 01       		.byte	0x1
 461 01bc 55       		.byte	0x55
 462 01bd 00       		.byte	0
 463 01be 0A       		.uleb128 0xa
 464 01bf AC000000 		.4byte	.LBB6
 465 01c3 CA000000 		.4byte	.LBE6
 466 01c7 DA010000 		.4byte	0x1da
 467 01cb 0B       		.uleb128 0xb
 468 01cc 66707000 		.ascii	"fpp\000"
 469 01d0 01       		.byte	0x1
 470 01d1 4101     		.2byte	0x141
 471 01d3 9F000000 		.4byte	0x9f
 472 01d7 01       		.byte	0x1
 473 01d8 54       		.byte	0x54
 474 01d9 00       		.byte	0
 475 01da 0C       		.uleb128 0xc
 476 01db CE000000 		.4byte	.LBB7
 477 01df EC000000 		.4byte	.LBE7
 478 01e3 0B       		.uleb128 0xb
 479 01e4 66707000 		.ascii	"fpp\000"
 480 01e8 01       		.byte	0x1
 481 01e9 4F01     		.2byte	0x14f
 482 01eb 9F000000 		.4byte	0x9f
 483 01ef 01       		.byte	0x1
 484 01f0 54       		.byte	0x54
 485 01f1 00       		.byte	0
 486 01f2 00       		.byte	0
 487 01f3 05       		.uleb128 0x5
 488 01f4 04       		.byte	0x4
 489 01f5 65000000 		.4byte	0x65
 490 01f9 0D       		.uleb128 0xd
 491 01fa EE000000 		.4byte	.LASF17
 492 01fe 01       		.byte	0x1
 493 01ff 7D       		.byte	0x7d
 494 0200 65000000 		.4byte	0x65
 495 0204 01       		.byte	0x1
 496 0205 01       		.byte	0x1
 497 0206 0D       		.uleb128 0xd
 498 0207 F8010000 		.4byte	.LASF18
 499 020b 01       		.byte	0x1
 500 020c 85       		.byte	0x85
 501 020d 65000000 		.4byte	0x65
 502 0211 01       		.byte	0x1
 503 0212 01       		.byte	0x1
 504 0213 0D       		.uleb128 0xd
ARM GAS  C:\Users\z80\AppData\Local\Temp\ccI9PR4h.s 			page 10


 505 0214 23000000 		.4byte	.LASF19
 506 0218 01       		.byte	0x1
 507 0219 8C       		.byte	0x8c
 508 021a 65000000 		.4byte	0x65
 509 021e 01       		.byte	0x1
 510 021f 01       		.byte	0x1
 511 0220 0D       		.uleb128 0xd
 512 0221 CF010000 		.4byte	.LASF20
 513 0225 01       		.byte	0x1
 514 0226 93       		.byte	0x93
 515 0227 65000000 		.4byte	0x65
 516 022b 01       		.byte	0x1
 517 022c 01       		.byte	0x1
 518 022d 0D       		.uleb128 0xd
 519 022e 2F010000 		.4byte	.LASF21
 520 0232 01       		.byte	0x1
 521 0233 99       		.byte	0x99
 522 0234 65000000 		.4byte	0x65
 523 0238 01       		.byte	0x1
 524 0239 01       		.byte	0x1
 525 023a 0D       		.uleb128 0xd
 526 023b BD010000 		.4byte	.LASF22
 527 023f 01       		.byte	0x1
 528 0240 9F       		.byte	0x9f
 529 0241 65000000 		.4byte	0x65
 530 0245 01       		.byte	0x1
 531 0246 01       		.byte	0x1
 532 0247 0D       		.uleb128 0xd
 533 0248 0B000000 		.4byte	.LASF23
 534 024c 01       		.byte	0x1
 535 024d A5       		.byte	0xa5
 536 024e 65000000 		.4byte	0x65
 537 0252 01       		.byte	0x1
 538 0253 01       		.byte	0x1
 539 0254 0D       		.uleb128 0xd
 540 0255 00000000 		.4byte	.LASF24
 541 0259 01       		.byte	0x1
 542 025a AB       		.byte	0xab
 543 025b 65000000 		.4byte	0x65
 544 025f 01       		.byte	0x1
 545 0260 01       		.byte	0x1
 546 0261 0D       		.uleb128 0xd
 547 0262 26010000 		.4byte	.LASF25
 548 0266 01       		.byte	0x1
 549 0267 B1       		.byte	0xb1
 550 0268 65000000 		.4byte	0x65
 551 026c 01       		.byte	0x1
 552 026d 01       		.byte	0x1
 553 026e 0D       		.uleb128 0xd
 554 026f E5010000 		.4byte	.LASF26
 555 0273 01       		.byte	0x1
 556 0274 B7       		.byte	0xb7
 557 0275 8C000000 		.4byte	0x8c
 558 0279 01       		.byte	0x1
 559 027a 01       		.byte	0x1
 560 027b 0D       		.uleb128 0xd
 561 027c DD000000 		.4byte	.LASF27
ARM GAS  C:\Users\z80\AppData\Local\Temp\ccI9PR4h.s 			page 11


 562 0280 01       		.byte	0x1
 563 0281 BD       		.byte	0xbd
 564 0282 8C000000 		.4byte	0x8c
 565 0286 01       		.byte	0x1
 566 0287 01       		.byte	0x1
 567 0288 0D       		.uleb128 0xd
 568 0289 CA000000 		.4byte	.LASF28
 569 028d 01       		.byte	0x1
 570 028e C3       		.byte	0xc3
 571 028f 8C000000 		.4byte	0x8c
 572 0293 01       		.byte	0x1
 573 0294 01       		.byte	0x1
 574 0295 0D       		.uleb128 0xd
 575 0296 12000000 		.4byte	.LASF29
 576 029a 01       		.byte	0x1
 577 029b C9       		.byte	0xc9
 578 029c 8C000000 		.4byte	0x8c
 579 02a0 01       		.byte	0x1
 580 02a1 01       		.byte	0x1
 581 02a2 00       		.byte	0
 582              		.section	.debug_abbrev,"",%progbits
 583              	.Ldebug_abbrev0:
 584 0000 01       		.uleb128 0x1
 585 0001 11       		.uleb128 0x11
 586 0002 01       		.byte	0x1
 587 0003 25       		.uleb128 0x25
 588 0004 0E       		.uleb128 0xe
 589 0005 13       		.uleb128 0x13
 590 0006 0B       		.uleb128 0xb
 591 0007 03       		.uleb128 0x3
 592 0008 0E       		.uleb128 0xe
 593 0009 1B       		.uleb128 0x1b
 594 000a 0E       		.uleb128 0xe
 595 000b 11       		.uleb128 0x11
 596 000c 01       		.uleb128 0x1
 597 000d 52       		.uleb128 0x52
 598 000e 01       		.uleb128 0x1
 599 000f 55       		.uleb128 0x55
 600 0010 06       		.uleb128 0x6
 601 0011 10       		.uleb128 0x10
 602 0012 06       		.uleb128 0x6
 603 0013 00       		.byte	0
 604 0014 00       		.byte	0
 605 0015 02       		.uleb128 0x2
 606 0016 24       		.uleb128 0x24
 607 0017 00       		.byte	0
 608 0018 0B       		.uleb128 0xb
 609 0019 0B       		.uleb128 0xb
 610 001a 3E       		.uleb128 0x3e
 611 001b 0B       		.uleb128 0xb
 612 001c 03       		.uleb128 0x3
 613 001d 08       		.uleb128 0x8
 614 001e 00       		.byte	0
 615 001f 00       		.byte	0
 616 0020 03       		.uleb128 0x3
 617 0021 24       		.uleb128 0x24
 618 0022 00       		.byte	0
ARM GAS  C:\Users\z80\AppData\Local\Temp\ccI9PR4h.s 			page 12


 619 0023 0B       		.uleb128 0xb
 620 0024 0B       		.uleb128 0xb
 621 0025 3E       		.uleb128 0x3e
 622 0026 0B       		.uleb128 0xb
 623 0027 03       		.uleb128 0x3
 624 0028 0E       		.uleb128 0xe
 625 0029 00       		.byte	0
 626 002a 00       		.byte	0
 627 002b 04       		.uleb128 0x4
 628 002c 16       		.uleb128 0x16
 629 002d 00       		.byte	0
 630 002e 03       		.uleb128 0x3
 631 002f 0E       		.uleb128 0xe
 632 0030 3A       		.uleb128 0x3a
 633 0031 0B       		.uleb128 0xb
 634 0032 3B       		.uleb128 0x3b
 635 0033 0B       		.uleb128 0xb
 636 0034 49       		.uleb128 0x49
 637 0035 13       		.uleb128 0x13
 638 0036 00       		.byte	0
 639 0037 00       		.byte	0
 640 0038 05       		.uleb128 0x5
 641 0039 0F       		.uleb128 0xf
 642 003a 00       		.byte	0
 643 003b 0B       		.uleb128 0xb
 644 003c 0B       		.uleb128 0xb
 645 003d 49       		.uleb128 0x49
 646 003e 13       		.uleb128 0x13
 647 003f 00       		.byte	0
 648 0040 00       		.byte	0
 649 0041 06       		.uleb128 0x6
 650 0042 15       		.uleb128 0x15
 651 0043 00       		.byte	0
 652 0044 27       		.uleb128 0x27
 653 0045 0C       		.uleb128 0xc
 654 0046 00       		.byte	0
 655 0047 00       		.byte	0
 656 0048 07       		.uleb128 0x7
 657 0049 2E       		.uleb128 0x2e
 658 004a 00       		.byte	0
 659 004b 3F       		.uleb128 0x3f
 660 004c 0C       		.uleb128 0xc
 661 004d 03       		.uleb128 0x3
 662 004e 0E       		.uleb128 0xe
 663 004f 3A       		.uleb128 0x3a
 664 0050 0B       		.uleb128 0xb
 665 0051 3B       		.uleb128 0x3b
 666 0052 0B       		.uleb128 0xb
 667 0053 27       		.uleb128 0x27
 668 0054 0C       		.uleb128 0xc
 669 0055 11       		.uleb128 0x11
 670 0056 01       		.uleb128 0x1
 671 0057 12       		.uleb128 0x12
 672 0058 01       		.uleb128 0x1
 673 0059 40       		.uleb128 0x40
 674 005a 0A       		.uleb128 0xa
 675 005b 00       		.byte	0
ARM GAS  C:\Users\z80\AppData\Local\Temp\ccI9PR4h.s 			page 13


 676 005c 00       		.byte	0
 677 005d 08       		.uleb128 0x8
 678 005e 2E       		.uleb128 0x2e
 679 005f 01       		.byte	0x1
 680 0060 3F       		.uleb128 0x3f
 681 0061 0C       		.uleb128 0xc
 682 0062 03       		.uleb128 0x3
 683 0063 0E       		.uleb128 0xe
 684 0064 3A       		.uleb128 0x3a
 685 0065 0B       		.uleb128 0xb
 686 0066 3B       		.uleb128 0x3b
 687 0067 0B       		.uleb128 0xb
 688 0068 27       		.uleb128 0x27
 689 0069 0C       		.uleb128 0xc
 690 006a 11       		.uleb128 0x11
 691 006b 01       		.uleb128 0x1
 692 006c 12       		.uleb128 0x12
 693 006d 01       		.uleb128 0x1
 694 006e 40       		.uleb128 0x40
 695 006f 0A       		.uleb128 0xa
 696 0070 01       		.uleb128 0x1
 697 0071 13       		.uleb128 0x13
 698 0072 00       		.byte	0
 699 0073 00       		.byte	0
 700 0074 09       		.uleb128 0x9
 701 0075 34       		.uleb128 0x34
 702 0076 00       		.byte	0
 703 0077 03       		.uleb128 0x3
 704 0078 08       		.uleb128 0x8
 705 0079 3A       		.uleb128 0x3a
 706 007a 0B       		.uleb128 0xb
 707 007b 3B       		.uleb128 0x3b
 708 007c 0B       		.uleb128 0xb
 709 007d 49       		.uleb128 0x49
 710 007e 13       		.uleb128 0x13
 711 007f 02       		.uleb128 0x2
 712 0080 0A       		.uleb128 0xa
 713 0081 00       		.byte	0
 714 0082 00       		.byte	0
 715 0083 0A       		.uleb128 0xa
 716 0084 0B       		.uleb128 0xb
 717 0085 01       		.byte	0x1
 718 0086 11       		.uleb128 0x11
 719 0087 01       		.uleb128 0x1
 720 0088 12       		.uleb128 0x12
 721 0089 01       		.uleb128 0x1
 722 008a 01       		.uleb128 0x1
 723 008b 13       		.uleb128 0x13
 724 008c 00       		.byte	0
 725 008d 00       		.byte	0
 726 008e 0B       		.uleb128 0xb
 727 008f 34       		.uleb128 0x34
 728 0090 00       		.byte	0
 729 0091 03       		.uleb128 0x3
 730 0092 08       		.uleb128 0x8
 731 0093 3A       		.uleb128 0x3a
 732 0094 0B       		.uleb128 0xb
ARM GAS  C:\Users\z80\AppData\Local\Temp\ccI9PR4h.s 			page 14


 733 0095 3B       		.uleb128 0x3b
 734 0096 05       		.uleb128 0x5
 735 0097 49       		.uleb128 0x49
 736 0098 13       		.uleb128 0x13
 737 0099 02       		.uleb128 0x2
 738 009a 0A       		.uleb128 0xa
 739 009b 00       		.byte	0
 740 009c 00       		.byte	0
 741 009d 0C       		.uleb128 0xc
 742 009e 0B       		.uleb128 0xb
 743 009f 01       		.byte	0x1
 744 00a0 11       		.uleb128 0x11
 745 00a1 01       		.uleb128 0x1
 746 00a2 12       		.uleb128 0x12
 747 00a3 01       		.uleb128 0x1
 748 00a4 00       		.byte	0
 749 00a5 00       		.byte	0
 750 00a6 0D       		.uleb128 0xd
 751 00a7 34       		.uleb128 0x34
 752 00a8 00       		.byte	0
 753 00a9 03       		.uleb128 0x3
 754 00aa 0E       		.uleb128 0xe
 755 00ab 3A       		.uleb128 0x3a
 756 00ac 0B       		.uleb128 0xb
 757 00ad 3B       		.uleb128 0x3b
 758 00ae 0B       		.uleb128 0xb
 759 00af 49       		.uleb128 0x49
 760 00b0 13       		.uleb128 0x13
 761 00b1 3F       		.uleb128 0x3f
 762 00b2 0C       		.uleb128 0xc
 763 00b3 3C       		.uleb128 0x3c
 764 00b4 0C       		.uleb128 0xc
 765 00b5 00       		.byte	0
 766 00b6 00       		.byte	0
 767 00b7 00       		.byte	0
 768              		.section	.debug_aranges,"",%progbits
 769 0000 34000000 		.4byte	0x34
 770 0004 0200     		.2byte	0x2
 771 0006 00000000 		.4byte	.Ldebug_info0
 772 000a 04       		.byte	0x4
 773 000b 00       		.byte	0
 774 000c 0000     		.2byte	0
 775 000e 0000     		.2byte	0
 776 0010 00000000 		.4byte	.LFB7
 777 0014 02000000 		.4byte	.LFE7-.LFB7
 778 0018 00000000 		.4byte	.LFB8
 779 001c 02000000 		.4byte	.LFE8-.LFB8
 780 0020 00000000 		.4byte	.LFB9
 781 0024 02000000 		.4byte	.LFE9-.LFB9
 782 0028 00000000 		.4byte	.LFB10
 783 002c F0000000 		.4byte	.LFE10-.LFB10
 784 0030 00000000 		.4byte	0
 785 0034 00000000 		.4byte	0
 786              		.section	.debug_ranges,"",%progbits
 787              	.Ldebug_ranges0:
 788 0000 00000000 		.4byte	.LFB7
 789 0004 02000000 		.4byte	.LFE7
ARM GAS  C:\Users\z80\AppData\Local\Temp\ccI9PR4h.s 			page 15


 790 0008 00000000 		.4byte	.LFB8
 791 000c 02000000 		.4byte	.LFE8
 792 0010 00000000 		.4byte	.LFB9
 793 0014 02000000 		.4byte	.LFE9
 794 0018 00000000 		.4byte	.LFB10
 795 001c F0000000 		.4byte	.LFE10
 796 0020 00000000 		.4byte	0
 797 0024 00000000 		.4byte	0
 798              		.section	.debug_line,"",%progbits
 799              	.Ldebug_line0:
 800 0000 52010000 		.section	.debug_str,"MS",%progbits,1
 800      0200B700 
 800      00000201 
 800      FB0E0D00 
 800      01010101 
 801              	.LASF24:
 802 0000 5F627373 		.ascii	"_bss_start\000"
 802      5F737461 
 802      727400
 803              	.LASF23:
 804 000b 5F656461 		.ascii	"_edata\000"
 804      746100
 805              	.LASF29:
 806 0012 5F5F6669 		.ascii	"__fini_array_end\000"
 806      6E695F61 
 806      72726179 
 806      5F656E64 
 806      00
 807              	.LASF19:
 808 0023 5F5F7072 		.ascii	"__process_stack_base__\000"
 808      6F636573 
 808      735F7374 
 808      61636B5F 
 808      62617365 
 809              	.LASF13:
 810 003a 66756E63 		.ascii	"funcpp_t\000"
 810      70705F74 
 810      00
 811              	.LASF16:
 812 0043 5F646566 		.ascii	"_default_exit\000"
 812      61756C74 
 812      5F657869 
 812      7400
 813              	.LASF32:
 814 0051 433A5C70 		.ascii	"C:\\projects\\digitizer.git\\firmware\\digitizer\000"
 814      726F6A65 
 814      6374735C 
 814      64696769 
 814      74697A65 
 815              	.LASF2:
 816 007e 756E7369 		.ascii	"unsigned char\000"
 816      676E6564 
 816      20636861 
 816      7200
 817              	.LASF15:
 818 008c 5F5F6C61 		.ascii	"__late_init\000"
 818      74655F69 
ARM GAS  C:\Users\z80\AppData\Local\Temp\ccI9PR4h.s 			page 16


 818      6E697400 
 819              	.LASF8:
 820 0098 6C6F6E67 		.ascii	"long unsigned int\000"
 820      20756E73 
 820      69676E65 
 820      6420696E 
 820      7400
 821              	.LASF33:
 822 00aa 52657365 		.ascii	"ResetHandler\000"
 822      7448616E 
 822      646C6572 
 822      00
 823              	.LASF4:
 824 00b7 73686F72 		.ascii	"short unsigned int\000"
 824      7420756E 
 824      7369676E 
 824      65642069 
 824      6E7400
 825              	.LASF28:
 826 00ca 5F5F6669 		.ascii	"__fini_array_start\000"
 826      6E695F61 
 826      72726179 
 826      5F737461 
 826      727400
 827              	.LASF27:
 828 00dd 5F5F696E 		.ascii	"__init_array_end\000"
 828      69745F61 
 828      72726179 
 828      5F656E64 
 828      00
 829              	.LASF17:
 830 00ee 5F5F6D61 		.ascii	"__main_stack_base__\000"
 830      696E5F73 
 830      7461636B 
 830      5F626173 
 830      655F5F00 
 831              	.LASF0:
 832 0102 756E7369 		.ascii	"unsigned int\000"
 832      676E6564 
 832      20696E74 
 832      00
 833              	.LASF10:
 834 010f 6C6F6E67 		.ascii	"long long unsigned int\000"
 834      206C6F6E 
 834      6720756E 
 834      7369676E 
 834      65642069 
 835              	.LASF25:
 836 0126 5F627373 		.ascii	"_bss_end\000"
 836      5F656E64 
 836      00
 837              	.LASF21:
 838 012f 5F746578 		.ascii	"_textdata\000"
 838      74646174 
 838      6100
 839              	.LASF14:
 840 0139 5F5F6561 		.ascii	"__early_init\000"
ARM GAS  C:\Users\z80\AppData\Local\Temp\ccI9PR4h.s 			page 17


 840      726C795F 
 840      696E6974 
 840      00
 841              	.LASF31:
 842 0146 2E2E2F63 		.ascii	"../chibios_2.4.x/os/ports/GCC/ARMCMx/crt0.c\000"
 842      68696269 
 842      6F735F32 
 842      2E342E78 
 842      2F6F732F 
 843              	.LASF6:
 844 0172 75696E74 		.ascii	"uint8_t\000"
 844      385F7400 
 845              	.LASF9:
 846 017a 6C6F6E67 		.ascii	"long long int\000"
 846      206C6F6E 
 846      6720696E 
 846      7400
 847              	.LASF11:
 848 0188 63686172 		.ascii	"char\000"
 848      00
 849              	.LASF30:
 850 018d 474E5520 		.ascii	"GNU C 4.6.3\000"
 850      4320342E 
 850      362E3300 
 851              	.LASF3:
 852 0199 73686F72 		.ascii	"short int\000"
 852      7420696E 
 852      7400
 853              	.LASF12:
 854 01a3 66756E63 		.ascii	"funcp_t\000"
 854      705F7400 
 855              	.LASF7:
 856 01ab 75696E74 		.ascii	"uint32_t\000"
 856      33325F74 
 856      00
 857              	.LASF5:
 858 01b4 6C6F6E67 		.ascii	"long int\000"
 858      20696E74 
 858      00
 859              	.LASF22:
 860 01bd 5F646174 		.ascii	"_data\000"
 860      6100
 861              	.LASF1:
 862 01c3 7369676E 		.ascii	"signed char\000"
 862      65642063 
 862      68617200 
 863              	.LASF20:
 864 01cf 5F5F7072 		.ascii	"__process_stack_end__\000"
 864      6F636573 
 864      735F7374 
 864      61636B5F 
 864      656E645F 
 865              	.LASF26:
 866 01e5 5F5F696E 		.ascii	"__init_array_start\000"
 866      69745F61 
 866      72726179 
 866      5F737461 
ARM GAS  C:\Users\z80\AppData\Local\Temp\ccI9PR4h.s 			page 18


 866      727400
 867              	.LASF18:
 868 01f8 5F5F6D61 		.ascii	"__main_stack_end__\000"
 868      696E5F73 
 868      7461636B 
 868      5F656E64 
 868      5F5F00
 869              		.ident	"GCC: (Sourcery CodeBench Lite 2012.03-56) 4.6.3"
ARM GAS  C:\Users\z80\AppData\Local\Temp\ccI9PR4h.s 			page 19


DEFINED SYMBOLS
                            *ABS*:00000000 crt0.c
C:\Users\z80\AppData\Local\Temp\ccI9PR4h.s:19     .text.__early_init:00000000 $t
C:\Users\z80\AppData\Local\Temp\ccI9PR4h.s:25     .text.__early_init:00000000 __early_init
C:\Users\z80\AppData\Local\Temp\ccI9PR4h.s:39     .text.__late_init:00000000 $t
C:\Users\z80\AppData\Local\Temp\ccI9PR4h.s:45     .text.__late_init:00000000 __late_init
C:\Users\z80\AppData\Local\Temp\ccI9PR4h.s:58     .text._default_exit:00000000 $t
C:\Users\z80\AppData\Local\Temp\ccI9PR4h.s:64     .text._default_exit:00000000 _default_exit
C:\Users\z80\AppData\Local\Temp\ccI9PR4h.s:78     .text.ResetHandler:00000000 $t
C:\Users\z80\AppData\Local\Temp\ccI9PR4h.s:84     .text.ResetHandler:00000000 ResetHandler
                     .debug_frame:00000010 $d

UNDEFINED SYMBOLS
__process_stack_end__
__main_stack_base__
__main_stack_end__
__process_stack_base__
_textdata
_data
_edata
_bss_start
_bss_end
__init_array_start
__init_array_end
main
__fini_array_start
__fini_array_end
