ARM GAS  /tmp/cchdophV.s 			page 1


   1              		.syntax unified
   2              		.cpu cortex-m3
   3              		.fpu softvfp
   4              		.eabi_attribute 20, 1
   5              		.eabi_attribute 21, 1
   6              		.eabi_attribute 23, 3
   7              		.eabi_attribute 24, 1
   8              		.eabi_attribute 25, 1
   9              		.eabi_attribute 26, 1
  10              		.eabi_attribute 30, 6
  11              		.eabi_attribute 18, 4
  12              		.thumb
  13              		.file	"hal.c"
  14              		.section	.debug_abbrev,"",%progbits
  15              	.Ldebug_abbrev0:
  16              		.section	.debug_info,"",%progbits
  17              	.Ldebug_info0:
  18              		.section	.debug_line,"",%progbits
  19              	.Ldebug_line0:
  20 0000 4D020000 		.text
  20      0200D201 
  20      00000201 
  20      FB0E0D00 
  20      01010101 
  21              	.Ltext0:
  22              		.cfi_sections	.debug_frame
  23              		.section	.text.halInit,"ax",%progbits
  24              		.align	2
  25              		.p2align 4,,15
  26              		.global	halInit
  27              		.thumb
  28              		.thumb_func
  29              		.type	halInit, %function
  30              	halInit:
  31              	.LFB62:
  32              		.file 1 "../chibios_2.4.x/os/hal/src/hal.c"
  33              		.loc 1 68 0
  34              		.cfi_startproc
  35              		@ args = 0, pretend = 0, frame = 0
  36              		@ frame_needed = 0, uses_anonymous_args = 0
  37 0000 08B5     		push	{r3, lr}
  38              	.LCFI0:
  39              		.cfi_def_cfa_offset 8
  40              		.loc 1 70 0
  41              		.cfi_offset 14, -4
  42              		.cfi_offset 3, -8
  43 0002 FFF7FEFF 		bl	hal_lld_init
  44              		.loc 1 76 0
  45 0006 0848     		ldr	r0, .L2
  46 0008 FFF7FEFF 		bl	_pal_lld_init
  47              		.loc 1 85 0
  48 000c FFF7FEFF 		bl	extInit
  49              		.loc 1 88 0
  50 0010 FFF7FEFF 		bl	gptInit
  51              		.loc 1 91 0
  52 0014 FFF7FEFF 		bl	i2cInit
  53              		.loc 1 103 0
ARM GAS  /tmp/cchdophV.s 			page 2


  54 0018 FFF7FEFF 		bl	sdInit
  55              		.loc 1 109 0
  56 001c FFF7FEFF 		bl	spiInit
  57              		.loc 1 127 0
  58 0020 FFF7FEFF 		bl	boardInit
  59              		.loc 1 128 0
  60 0024 08BD     		pop	{r3, pc}
  61              	.L3:
  62 0026 00BF     		.align	2
  63              	.L2:
  64 0028 00000000 		.word	pal_default_config
  65              		.cfi_endproc
  66              	.LFE62:
  67              		.size	halInit, .-halInit
  68              		.section	.text.halIsCounterWithin,"ax",%progbits
  69              		.align	2
  70              		.p2align 4,,15
  71              		.global	halIsCounterWithin
  72              		.thumb
  73              		.thumb_func
  74              		.type	halIsCounterWithin, %function
  75              	halIsCounterWithin:
  76              	.LFB63:
  77              		.loc 1 174 0
  78              		.cfi_startproc
  79              		@ args = 0, pretend = 0, frame = 16
  80              		@ frame_needed = 0, uses_anonymous_args = 0
  81              		@ link register save eliminated.
  82 0000 84B0     		sub	sp, sp, #16
  83              	.LCFI1:
  84              		.cfi_def_cfa_offset 16
  85 0002 0190     		str	r0, [sp, #4]
  86 0004 0091     		str	r1, [sp, #0]
  87              		.loc 1 175 0
  88 0006 124B     		ldr	r3, .L12
  89 0008 5B68     		ldr	r3, [r3, #4]
  90 000a 0393     		str	r3, [sp, #12]
  91              		.loc 1 177 0
  92 000c 009A     		ldr	r2, [sp, #0]
  93 000e 019B     		ldr	r3, [sp, #4]
  94 0010 9A42     		cmp	r2, r3
  95 0012 0DD9     		bls	.L5
  96              		.loc 1 177 0 is_stmt 0 discriminator 1
  97 0014 039A     		ldr	r2, [sp, #12]
  98 0016 019B     		ldr	r3, [sp, #4]
  99 0018 9A42     		cmp	r2, r3
 100 001a 06D3     		bcc	.L6
 101              		.loc 1 177 0 discriminator 3
 102 001c 039A     		ldr	r2, [sp, #12]
 103 001e 009B     		ldr	r3, [sp, #0]
 104 0020 9A42     		cmp	r2, r3
 105 0022 02D2     		bcs	.L6
 106              		.loc 1 177 0 discriminator 1
 107 0024 4FF00103 		mov	r3, #1
 108 0028 01E0     		b	.L7
 109              	.L6:
 110              		.loc 1 177 0 discriminator 4
ARM GAS  /tmp/cchdophV.s 			page 3


 111 002a 4FF00003 		mov	r3, #0
 112              	.L7:
 113 002e 0CE0     		b	.L8
 114              	.L5:
 115              		.loc 1 177 0 discriminator 2
 116 0030 039A     		ldr	r2, [sp, #12]
 117 0032 019B     		ldr	r3, [sp, #4]
 118 0034 9A42     		cmp	r2, r3
 119 0036 03D2     		bcs	.L9
 120              		.loc 1 178 0 is_stmt 1
 121 0038 039A     		ldr	r2, [sp, #12]
 122 003a 009B     		ldr	r3, [sp, #0]
 123 003c 9A42     		cmp	r2, r3
 124 003e 02D2     		bcs	.L10
 125              	.L9:
 126              		.loc 1 177 0 discriminator 6
 127 0040 4FF00103 		mov	r3, #1
 128 0044 01E0     		b	.L11
 129              	.L10:
 130              		.loc 1 177 0 is_stmt 0
 131 0046 4FF00003 		mov	r3, #0
 132              	.L11:
 133              	.L8:
 134              		.loc 1 179 0 is_stmt 1 discriminator 8
 135 004a 1846     		mov	r0, r3
 136 004c 04B0     		add	sp, sp, #16
 137 004e 7047     		bx	lr
 138              	.L13:
 139              		.align	2
 140              	.L12:
 141 0050 001000E0 		.word	-536866816
 142              		.cfi_endproc
 143              	.LFE63:
 144              		.size	halIsCounterWithin, .-halIsCounterWithin
 145 0054 AFF30080 		.section	.text.halPolledDelay,"ax",%progbits
 145      AFF30080 
 145      AFF30080 
 146              		.align	2
 147              		.p2align 4,,15
 148              		.global	halPolledDelay
 149              		.thumb
 150              		.thumb_func
 151              		.type	halPolledDelay, %function
 152              	halPolledDelay:
 153              	.LFB64:
 154              		.loc 1 193 0
 155              		.cfi_startproc
 156              		@ args = 0, pretend = 0, frame = 16
 157              		@ frame_needed = 0, uses_anonymous_args = 0
 158 0000 00B5     		push	{lr}
 159              	.LCFI2:
 160              		.cfi_def_cfa_offset 4
 161 0002 85B0     		sub	sp, sp, #20
 162              	.LCFI3:
 163              		.cfi_def_cfa_offset 24
 164 0004 0190     		str	r0, [sp, #4]
 165              		.loc 1 194 0
ARM GAS  /tmp/cchdophV.s 			page 4


 166 0006 084B     		ldr	r3, .L16
 167 0008 5B68     		ldr	r3, [r3, #4]
 168 000a 0393     		str	r3, [sp, #12]
 169              		.loc 1 195 0
 170 000c 039A     		ldr	r2, [sp, #12]
 171 000e 019B     		ldr	r3, [sp, #4]
 172 0010 D318     		adds	r3, r2, r3
 173 0012 0293     		str	r3, [sp, #8]
 174              		.loc 1 196 0
 175 0014 00BF     		nop
 176              	.L15:
 177              		.loc 1 196 0 is_stmt 0 discriminator 1
 178 0016 0398     		ldr	r0, [sp, #12]
 179 0018 0299     		ldr	r1, [sp, #8]
 180              		.cfi_offset 14, -4
 181 001a FFF7FEFF 		bl	halIsCounterWithin
 182 001e 0346     		mov	r3, r0
 183 0020 002B     		cmp	r3, #0
 184 0022 F8D1     		bne	.L15
 185              		.loc 1 198 0 is_stmt 1
 186 0024 05B0     		add	sp, sp, #20
 187 0026 00BD     		pop	{pc}
 188              	.L17:
 189              		.align	2
 190              	.L16:
 191 0028 001000E0 		.word	-536866816
 192              		.cfi_endproc
 193              	.LFE64:
 194              		.size	halPolledDelay, .-halPolledDelay
 195 002c AFF30080 		.text
 196              	.Letext0:
 197              		.section	.debug_loc,"",%progbits
 198              	.Ldebug_loc0:
 199              	.LLST0:
 200 0000 00000000 		.4byte	.LFB62
 201 0004 02000000 		.4byte	.LCFI0
 202 0008 0200     		.2byte	0x2
 203 000a 7D       		.byte	0x7d
 204 000b 00       		.sleb128 0
 205 000c 02000000 		.4byte	.LCFI0
 206 0010 2C000000 		.4byte	.LFE62
 207 0014 0200     		.2byte	0x2
 208 0016 7D       		.byte	0x7d
 209 0017 08       		.sleb128 8
 210 0018 00000000 		.4byte	0x0
 211 001c 00000000 		.4byte	0x0
 212              	.LLST1:
 213 0020 00000000 		.4byte	.LFB63
 214 0024 02000000 		.4byte	.LCFI1
 215 0028 0200     		.2byte	0x2
 216 002a 7D       		.byte	0x7d
 217 002b 00       		.sleb128 0
 218 002c 02000000 		.4byte	.LCFI1
 219 0030 54000000 		.4byte	.LFE63
 220 0034 0200     		.2byte	0x2
 221 0036 7D       		.byte	0x7d
 222 0037 10       		.sleb128 16
ARM GAS  /tmp/cchdophV.s 			page 5


 223 0038 00000000 		.4byte	0x0
 224 003c 00000000 		.4byte	0x0
 225              	.LLST2:
 226 0040 00000000 		.4byte	.LFB64
 227 0044 02000000 		.4byte	.LCFI2
 228 0048 0200     		.2byte	0x2
 229 004a 7D       		.byte	0x7d
 230 004b 00       		.sleb128 0
 231 004c 02000000 		.4byte	.LCFI2
 232 0050 04000000 		.4byte	.LCFI3
 233 0054 0200     		.2byte	0x2
 234 0056 7D       		.byte	0x7d
 235 0057 04       		.sleb128 4
 236 0058 04000000 		.4byte	.LCFI3
 237 005c 2C000000 		.4byte	.LFE64
 238 0060 0200     		.2byte	0x2
 239 0062 7D       		.byte	0x7d
 240 0063 18       		.sleb128 24
 241 0064 00000000 		.4byte	0x0
 242 0068 00000000 		.4byte	0x0
 243              		.file 2 "/home/z80/programs/code-sourcery/2011.03-42/bin/../lib/gcc/arm-none-eabi/4.5.2/../../../.
 244              		.file 3 "../chibios_2.4.x/os/ports/GCC/ARMCMx/chtypes.h"
 245              		.file 4 "../chibios_2.4.x/os/ports/common/ARMCMx/nvic.h"
 246              		.file 5 "../chibios_2.4.x/os/hal/platforms/STM32F1xx/hal_lld.h"
 247              		.file 6 "../chibios_2.4.x/os/hal/platforms/STM32/GPIOv1/pal_lld.h"
 248              		.file 7 "../chibios_2.4.x/os/ports/common/ARMCMx/CMSIS/include/core_cm3.h"
 249              		.section	.debug_info
 250 0000 AD020000 		.4byte	0x2ad
 251 0004 0200     		.2byte	0x2
 252 0006 00000000 		.4byte	.Ldebug_abbrev0
 253 000a 04       		.byte	0x4
 254 000b 01       		.uleb128 0x1
 255 000c 0D000000 		.4byte	.LASF35
 256 0010 01       		.byte	0x1
 257 0011 6E000000 		.4byte	.LASF36
 258 0015 19000000 		.4byte	.LASF37
 259 0019 00000000 		.4byte	0x0
 260 001d 00000000 		.4byte	0x0
 261 0021 00000000 		.4byte	.Ldebug_ranges0+0x0
 262 0025 00000000 		.4byte	.Ldebug_line0
 263 0029 02       		.uleb128 0x2
 264 002a 04       		.byte	0x4
 265 002b 05       		.byte	0x5
 266 002c 696E7400 		.ascii	"int\000"
 267 0030 03       		.uleb128 0x3
 268 0031 04       		.byte	0x4
 269 0032 07       		.byte	0x7
 270 0033 53000000 		.4byte	.LASF0
 271 0037 03       		.uleb128 0x3
 272 0038 01       		.byte	0x1
 273 0039 06       		.byte	0x6
 274 003a C8010000 		.4byte	.LASF1
 275 003e 03       		.uleb128 0x3
 276 003f 01       		.byte	0x1
 277 0040 08       		.byte	0x8
 278 0041 A8000000 		.4byte	.LASF2
 279 0045 03       		.uleb128 0x3
ARM GAS  /tmp/cchdophV.s 			page 6


 280 0046 02       		.byte	0x2
 281 0047 05       		.byte	0x5
 282 0048 9D010000 		.4byte	.LASF3
 283 004c 03       		.uleb128 0x3
 284 004d 02       		.byte	0x2
 285 004e 07       		.byte	0x7
 286 004f E2000000 		.4byte	.LASF4
 287 0053 04       		.uleb128 0x4
 288 0054 6B010000 		.4byte	.LASF6
 289 0058 02       		.byte	0x2
 290 0059 4F       		.byte	0x4f
 291 005a 5E000000 		.4byte	0x5e
 292 005e 03       		.uleb128 0x3
 293 005f 04       		.byte	0x4
 294 0060 05       		.byte	0x5
 295 0061 BF010000 		.4byte	.LASF5
 296 0065 04       		.uleb128 0x4
 297 0066 B6010000 		.4byte	.LASF7
 298 006a 02       		.byte	0x2
 299 006b 50       		.byte	0x50
 300 006c 70000000 		.4byte	0x70
 301 0070 03       		.uleb128 0x3
 302 0071 04       		.byte	0x4
 303 0072 07       		.byte	0x7
 304 0073 D0000000 		.4byte	.LASF8
 305 0077 03       		.uleb128 0x3
 306 0078 08       		.byte	0x8
 307 0079 05       		.byte	0x5
 308 007a 73010000 		.4byte	.LASF9
 309 007e 03       		.uleb128 0x3
 310 007f 08       		.byte	0x8
 311 0080 07       		.byte	0x7
 312 0081 D4010000 		.4byte	.LASF10
 313 0085 04       		.uleb128 0x4
 314 0086 60000000 		.4byte	.LASF11
 315 008a 03       		.byte	0x3
 316 008b 2E       		.byte	0x2e
 317 008c 53000000 		.4byte	0x53
 318 0090 05       		.uleb128 0x5
 319 0091 70000000 		.4byte	0x70
 320 0095 06       		.uleb128 0x6
 321 0096 20       		.byte	0x20
 322 0097 04       		.byte	0x4
 323 0098 0601     		.2byte	0x106
 324 009a 17010000 		.4byte	0x117
 325 009e 07       		.uleb128 0x7
 326 009f 53010000 		.4byte	.LASF12
 327 00a3 04       		.byte	0x4
 328 00a4 0701     		.2byte	0x107
 329 00a6 90000000 		.4byte	0x90
 330 00aa 02       		.byte	0x2
 331 00ab 23       		.byte	0x23
 332 00ac 00       		.uleb128 0x0
 333 00ad 07       		.uleb128 0x7
 334 00ae 35010000 		.4byte	.LASF13
 335 00b2 04       		.byte	0x4
 336 00b3 0801     		.2byte	0x108
ARM GAS  /tmp/cchdophV.s 			page 7


 337 00b5 90000000 		.4byte	0x90
 338 00b9 02       		.byte	0x2
 339 00ba 23       		.byte	0x23
 340 00bb 04       		.uleb128 0x4
 341 00bc 07       		.uleb128 0x7
 342 00bd F5000000 		.4byte	.LASF14
 343 00c1 04       		.byte	0x4
 344 00c2 0901     		.2byte	0x109
 345 00c4 90000000 		.4byte	0x90
 346 00c8 02       		.byte	0x2
 347 00c9 23       		.byte	0x23
 348 00ca 08       		.uleb128 0x8
 349 00cb 07       		.uleb128 0x7
 350 00cc 67000000 		.4byte	.LASF15
 351 00d0 04       		.byte	0x4
 352 00d1 0A01     		.2byte	0x10a
 353 00d3 90000000 		.4byte	0x90
 354 00d7 02       		.byte	0x2
 355 00d8 23       		.byte	0x23
 356 00d9 0C       		.uleb128 0xc
 357 00da 07       		.uleb128 0x7
 358 00db 90000000 		.4byte	.LASF16
 359 00df 04       		.byte	0x4
 360 00e0 0B01     		.2byte	0x10b
 361 00e2 90000000 		.4byte	0x90
 362 00e6 02       		.byte	0x2
 363 00e7 23       		.byte	0x23
 364 00e8 10       		.uleb128 0x10
 365 00e9 07       		.uleb128 0x7
 366 00ea 2E010000 		.4byte	.LASF17
 367 00ee 04       		.byte	0x4
 368 00ef 0C01     		.2byte	0x10c
 369 00f1 90000000 		.4byte	0x90
 370 00f5 02       		.byte	0x2
 371 00f6 23       		.byte	0x23
 372 00f7 14       		.uleb128 0x14
 373 00f8 07       		.uleb128 0x7
 374 00f9 09010000 		.4byte	.LASF18
 375 00fd 04       		.byte	0x4
 376 00fe 0D01     		.2byte	0x10d
 377 0100 90000000 		.4byte	0x90
 378 0104 02       		.byte	0x2
 379 0105 23       		.byte	0x23
 380 0106 18       		.uleb128 0x18
 381 0107 07       		.uleb128 0x7
 382 0108 89010000 		.4byte	.LASF19
 383 010c 04       		.byte	0x4
 384 010d 0E01     		.2byte	0x10e
 385 010f 90000000 		.4byte	0x90
 386 0113 02       		.byte	0x2
 387 0114 23       		.byte	0x23
 388 0115 1C       		.uleb128 0x1c
 389 0116 00       		.byte	0x0
 390 0117 08       		.uleb128 0x8
 391 0118 AE010000 		.4byte	.LASF20
 392 011c 04       		.byte	0x4
 393 011d 0F01     		.2byte	0x10f
ARM GAS  /tmp/cchdophV.s 			page 8


 394 011f 95000000 		.4byte	0x95
 395 0123 03       		.uleb128 0x3
 396 0124 01       		.byte	0x1
 397 0125 08       		.byte	0x8
 398 0126 4E010000 		.4byte	.LASF21
 399 012a 05       		.uleb128 0x5
 400 012b 53000000 		.4byte	0x53
 401 012f 04       		.uleb128 0x4
 402 0130 43010000 		.4byte	.LASF22
 403 0134 05       		.byte	0x5
 404 0135 D8       		.byte	0xd8
 405 0136 65000000 		.4byte	0x65
 406 013a 09       		.uleb128 0x9
 407 013b 0C       		.byte	0xc
 408 013c 06       		.byte	0x6
 409 013d 43       		.byte	0x43
 410 013e 6D010000 		.4byte	0x16d
 411 0142 0A       		.uleb128 0xa
 412 0143 6F647200 		.ascii	"odr\000"
 413 0147 06       		.byte	0x6
 414 0148 45       		.byte	0x45
 415 0149 65000000 		.4byte	0x65
 416 014d 02       		.byte	0x2
 417 014e 23       		.byte	0x23
 418 014f 00       		.uleb128 0x0
 419 0150 0A       		.uleb128 0xa
 420 0151 63726C00 		.ascii	"crl\000"
 421 0155 06       		.byte	0x6
 422 0156 47       		.byte	0x47
 423 0157 65000000 		.4byte	0x65
 424 015b 02       		.byte	0x2
 425 015c 23       		.byte	0x23
 426 015d 04       		.uleb128 0x4
 427 015e 0A       		.uleb128 0xa
 428 015f 63726800 		.ascii	"crh\000"
 429 0163 06       		.byte	0x6
 430 0164 49       		.byte	0x49
 431 0165 65000000 		.4byte	0x65
 432 0169 02       		.byte	0x2
 433 016a 23       		.byte	0x23
 434 016b 08       		.uleb128 0x8
 435 016c 00       		.byte	0x0
 436 016d 04       		.uleb128 0x4
 437 016e B6000000 		.4byte	.LASF23
 438 0172 06       		.byte	0x6
 439 0173 4A       		.byte	0x4a
 440 0174 3A010000 		.4byte	0x13a
 441 0178 09       		.uleb128 0x9
 442 0179 3C       		.byte	0x3c
 443 017a 06       		.byte	0x6
 444 017b 53       		.byte	0x53
 445 017c C7010000 		.4byte	0x1c7
 446 0180 0B       		.uleb128 0xb
 447 0181 C9000000 		.4byte	.LASF24
 448 0185 06       		.byte	0x6
 449 0186 55       		.byte	0x55
 450 0187 6D010000 		.4byte	0x16d
ARM GAS  /tmp/cchdophV.s 			page 9


 451 018b 02       		.byte	0x2
 452 018c 23       		.byte	0x23
 453 018d 00       		.uleb128 0x0
 454 018e 0B       		.uleb128 0xb
 455 018f 3C010000 		.4byte	.LASF25
 456 0193 06       		.byte	0x6
 457 0194 57       		.byte	0x57
 458 0195 6D010000 		.4byte	0x16d
 459 0199 02       		.byte	0x2
 460 019a 23       		.byte	0x23
 461 019b 0C       		.uleb128 0xc
 462 019c 0B       		.uleb128 0xb
 463 019d A7010000 		.4byte	.LASF26
 464 01a1 06       		.byte	0x6
 465 01a2 59       		.byte	0x59
 466 01a3 6D010000 		.4byte	0x16d
 467 01a7 02       		.byte	0x2
 468 01a8 23       		.byte	0x23
 469 01a9 18       		.uleb128 0x18
 470 01aa 0B       		.uleb128 0xb
 471 01ab 06000000 		.4byte	.LASF27
 472 01af 06       		.byte	0x6
 473 01b0 5B       		.byte	0x5b
 474 01b1 6D010000 		.4byte	0x16d
 475 01b5 02       		.byte	0x2
 476 01b6 23       		.byte	0x23
 477 01b7 24       		.uleb128 0x24
 478 01b8 0B       		.uleb128 0xb
 479 01b9 A1000000 		.4byte	.LASF28
 480 01bd 06       		.byte	0x6
 481 01be 5E       		.byte	0x5e
 482 01bf 6D010000 		.4byte	0x16d
 483 01c3 02       		.byte	0x2
 484 01c4 23       		.byte	0x23
 485 01c5 30       		.uleb128 0x30
 486 01c6 00       		.byte	0x0
 487 01c7 04       		.uleb128 0x4
 488 01c8 11010000 		.4byte	.LASF29
 489 01cc 06       		.byte	0x6
 490 01cd 68       		.byte	0x68
 491 01ce 78010000 		.4byte	0x178
 492 01d2 0C       		.uleb128 0xc
 493 01d3 01       		.byte	0x1
 494 01d4 99000000 		.4byte	.LASF38
 495 01d8 01       		.byte	0x1
 496 01d9 44       		.byte	0x44
 497 01da 01       		.byte	0x1
 498 01db 00000000 		.4byte	.LFB62
 499 01df 2C000000 		.4byte	.LFE62
 500 01e3 00000000 		.4byte	.LLST0
 501 01e7 0D       		.uleb128 0xd
 502 01e8 01       		.byte	0x1
 503 01e9 58010000 		.4byte	.LASF39
 504 01ed 01       		.byte	0x1
 505 01ee AE       		.byte	0xae
 506 01ef 01       		.byte	0x1
 507 01f0 85000000 		.4byte	0x85
ARM GAS  /tmp/cchdophV.s 			page 10


 508 01f4 00000000 		.4byte	.LFB63
 509 01f8 54000000 		.4byte	.LFE63
 510 01fc 20000000 		.4byte	.LLST1
 511 0200 2F020000 		.4byte	0x22f
 512 0204 0E       		.uleb128 0xe
 513 0205 4D000000 		.4byte	.LASF30
 514 0209 01       		.byte	0x1
 515 020a AE       		.byte	0xae
 516 020b 2F010000 		.4byte	0x12f
 517 020f 02       		.byte	0x2
 518 0210 91       		.byte	0x91
 519 0211 74       		.sleb128 -12
 520 0212 0F       		.uleb128 0xf
 521 0213 656E6400 		.ascii	"end\000"
 522 0217 01       		.byte	0x1
 523 0218 AE       		.byte	0xae
 524 0219 2F010000 		.4byte	0x12f
 525 021d 02       		.byte	0x2
 526 021e 91       		.byte	0x91
 527 021f 70       		.sleb128 -16
 528 0220 10       		.uleb128 0x10
 529 0221 6E6F7700 		.ascii	"now\000"
 530 0225 01       		.byte	0x1
 531 0226 AF       		.byte	0xaf
 532 0227 2F010000 		.4byte	0x12f
 533 022b 02       		.byte	0x2
 534 022c 91       		.byte	0x91
 535 022d 7C       		.sleb128 -4
 536 022e 00       		.byte	0x0
 537 022f 11       		.uleb128 0x11
 538 0230 01       		.byte	0x1
 539 0231 8E010000 		.4byte	.LASF40
 540 0235 01       		.byte	0x1
 541 0236 C1       		.byte	0xc1
 542 0237 01       		.byte	0x1
 543 0238 00000000 		.4byte	.LFB64
 544 023c 2C000000 		.4byte	.LFE64
 545 0240 40000000 		.4byte	.LLST2
 546 0244 73020000 		.4byte	0x273
 547 0248 0E       		.uleb128 0xe
 548 0249 00000000 		.4byte	.LASF31
 549 024d 01       		.byte	0x1
 550 024e C1       		.byte	0xc1
 551 024f 2F010000 		.4byte	0x12f
 552 0253 02       		.byte	0x2
 553 0254 91       		.byte	0x91
 554 0255 6C       		.sleb128 -20
 555 0256 12       		.uleb128 0x12
 556 0257 4D000000 		.4byte	.LASF30
 557 025b 01       		.byte	0x1
 558 025c C2       		.byte	0xc2
 559 025d 2F010000 		.4byte	0x12f
 560 0261 02       		.byte	0x2
 561 0262 91       		.byte	0x91
 562 0263 74       		.sleb128 -12
 563 0264 12       		.uleb128 0x12
 564 0265 81010000 		.4byte	.LASF32
ARM GAS  /tmp/cchdophV.s 			page 11


 565 0269 01       		.byte	0x1
 566 026a C3       		.byte	0xc3
 567 026b 2F010000 		.4byte	0x12f
 568 026f 02       		.byte	0x2
 569 0270 91       		.byte	0x91
 570 0271 70       		.sleb128 -16
 571 0272 00       		.byte	0x0
 572 0273 13       		.uleb128 0x13
 573 0274 FC000000 		.4byte	.LASF33
 574 0278 07       		.byte	0x7
 575 0279 9404     		.2byte	0x494
 576 027b 2A010000 		.4byte	0x12a
 577 027f 01       		.byte	0x1
 578 0280 01       		.byte	0x1
 579 0281 13       		.uleb128 0x13
 580 0282 1B010000 		.4byte	.LASF34
 581 0286 06       		.byte	0x6
 582 0287 4801     		.2byte	0x148
 583 0289 8F020000 		.4byte	0x28f
 584 028d 01       		.byte	0x1
 585 028e 01       		.byte	0x1
 586 028f 14       		.uleb128 0x14
 587 0290 C7010000 		.4byte	0x1c7
 588 0294 13       		.uleb128 0x13
 589 0295 FC000000 		.4byte	.LASF33
 590 0299 07       		.byte	0x7
 591 029a 9404     		.2byte	0x494
 592 029c 2A010000 		.4byte	0x12a
 593 02a0 01       		.byte	0x1
 594 02a1 01       		.byte	0x1
 595 02a2 13       		.uleb128 0x13
 596 02a3 1B010000 		.4byte	.LASF34
 597 02a7 06       		.byte	0x6
 598 02a8 4801     		.2byte	0x148
 599 02aa 8F020000 		.4byte	0x28f
 600 02ae 01       		.byte	0x1
 601 02af 01       		.byte	0x1
 602 02b0 00       		.byte	0x0
 603              		.section	.debug_abbrev
 604 0000 01       		.uleb128 0x1
 605 0001 11       		.uleb128 0x11
 606 0002 01       		.byte	0x1
 607 0003 25       		.uleb128 0x25
 608 0004 0E       		.uleb128 0xe
 609 0005 13       		.uleb128 0x13
 610 0006 0B       		.uleb128 0xb
 611 0007 03       		.uleb128 0x3
 612 0008 0E       		.uleb128 0xe
 613 0009 1B       		.uleb128 0x1b
 614 000a 0E       		.uleb128 0xe
 615 000b 11       		.uleb128 0x11
 616 000c 01       		.uleb128 0x1
 617 000d 52       		.uleb128 0x52
 618 000e 01       		.uleb128 0x1
 619 000f 55       		.uleb128 0x55
 620 0010 06       		.uleb128 0x6
 621 0011 10       		.uleb128 0x10
ARM GAS  /tmp/cchdophV.s 			page 12


 622 0012 06       		.uleb128 0x6
 623 0013 00       		.byte	0x0
 624 0014 00       		.byte	0x0
 625 0015 02       		.uleb128 0x2
 626 0016 24       		.uleb128 0x24
 627 0017 00       		.byte	0x0
 628 0018 0B       		.uleb128 0xb
 629 0019 0B       		.uleb128 0xb
 630 001a 3E       		.uleb128 0x3e
 631 001b 0B       		.uleb128 0xb
 632 001c 03       		.uleb128 0x3
 633 001d 08       		.uleb128 0x8
 634 001e 00       		.byte	0x0
 635 001f 00       		.byte	0x0
 636 0020 03       		.uleb128 0x3
 637 0021 24       		.uleb128 0x24
 638 0022 00       		.byte	0x0
 639 0023 0B       		.uleb128 0xb
 640 0024 0B       		.uleb128 0xb
 641 0025 3E       		.uleb128 0x3e
 642 0026 0B       		.uleb128 0xb
 643 0027 03       		.uleb128 0x3
 644 0028 0E       		.uleb128 0xe
 645 0029 00       		.byte	0x0
 646 002a 00       		.byte	0x0
 647 002b 04       		.uleb128 0x4
 648 002c 16       		.uleb128 0x16
 649 002d 00       		.byte	0x0
 650 002e 03       		.uleb128 0x3
 651 002f 0E       		.uleb128 0xe
 652 0030 3A       		.uleb128 0x3a
 653 0031 0B       		.uleb128 0xb
 654 0032 3B       		.uleb128 0x3b
 655 0033 0B       		.uleb128 0xb
 656 0034 49       		.uleb128 0x49
 657 0035 13       		.uleb128 0x13
 658 0036 00       		.byte	0x0
 659 0037 00       		.byte	0x0
 660 0038 05       		.uleb128 0x5
 661 0039 35       		.uleb128 0x35
 662 003a 00       		.byte	0x0
 663 003b 49       		.uleb128 0x49
 664 003c 13       		.uleb128 0x13
 665 003d 00       		.byte	0x0
 666 003e 00       		.byte	0x0
 667 003f 06       		.uleb128 0x6
 668 0040 13       		.uleb128 0x13
 669 0041 01       		.byte	0x1
 670 0042 0B       		.uleb128 0xb
 671 0043 0B       		.uleb128 0xb
 672 0044 3A       		.uleb128 0x3a
 673 0045 0B       		.uleb128 0xb
 674 0046 3B       		.uleb128 0x3b
 675 0047 05       		.uleb128 0x5
 676 0048 01       		.uleb128 0x1
 677 0049 13       		.uleb128 0x13
 678 004a 00       		.byte	0x0
ARM GAS  /tmp/cchdophV.s 			page 13


 679 004b 00       		.byte	0x0
 680 004c 07       		.uleb128 0x7
 681 004d 0D       		.uleb128 0xd
 682 004e 00       		.byte	0x0
 683 004f 03       		.uleb128 0x3
 684 0050 0E       		.uleb128 0xe
 685 0051 3A       		.uleb128 0x3a
 686 0052 0B       		.uleb128 0xb
 687 0053 3B       		.uleb128 0x3b
 688 0054 05       		.uleb128 0x5
 689 0055 49       		.uleb128 0x49
 690 0056 13       		.uleb128 0x13
 691 0057 38       		.uleb128 0x38
 692 0058 0A       		.uleb128 0xa
 693 0059 00       		.byte	0x0
 694 005a 00       		.byte	0x0
 695 005b 08       		.uleb128 0x8
 696 005c 16       		.uleb128 0x16
 697 005d 00       		.byte	0x0
 698 005e 03       		.uleb128 0x3
 699 005f 0E       		.uleb128 0xe
 700 0060 3A       		.uleb128 0x3a
 701 0061 0B       		.uleb128 0xb
 702 0062 3B       		.uleb128 0x3b
 703 0063 05       		.uleb128 0x5
 704 0064 49       		.uleb128 0x49
 705 0065 13       		.uleb128 0x13
 706 0066 00       		.byte	0x0
 707 0067 00       		.byte	0x0
 708 0068 09       		.uleb128 0x9
 709 0069 13       		.uleb128 0x13
 710 006a 01       		.byte	0x1
 711 006b 0B       		.uleb128 0xb
 712 006c 0B       		.uleb128 0xb
 713 006d 3A       		.uleb128 0x3a
 714 006e 0B       		.uleb128 0xb
 715 006f 3B       		.uleb128 0x3b
 716 0070 0B       		.uleb128 0xb
 717 0071 01       		.uleb128 0x1
 718 0072 13       		.uleb128 0x13
 719 0073 00       		.byte	0x0
 720 0074 00       		.byte	0x0
 721 0075 0A       		.uleb128 0xa
 722 0076 0D       		.uleb128 0xd
 723 0077 00       		.byte	0x0
 724 0078 03       		.uleb128 0x3
 725 0079 08       		.uleb128 0x8
 726 007a 3A       		.uleb128 0x3a
 727 007b 0B       		.uleb128 0xb
 728 007c 3B       		.uleb128 0x3b
 729 007d 0B       		.uleb128 0xb
 730 007e 49       		.uleb128 0x49
 731 007f 13       		.uleb128 0x13
 732 0080 38       		.uleb128 0x38
 733 0081 0A       		.uleb128 0xa
 734 0082 00       		.byte	0x0
 735 0083 00       		.byte	0x0
ARM GAS  /tmp/cchdophV.s 			page 14


 736 0084 0B       		.uleb128 0xb
 737 0085 0D       		.uleb128 0xd
 738 0086 00       		.byte	0x0
 739 0087 03       		.uleb128 0x3
 740 0088 0E       		.uleb128 0xe
 741 0089 3A       		.uleb128 0x3a
 742 008a 0B       		.uleb128 0xb
 743 008b 3B       		.uleb128 0x3b
 744 008c 0B       		.uleb128 0xb
 745 008d 49       		.uleb128 0x49
 746 008e 13       		.uleb128 0x13
 747 008f 38       		.uleb128 0x38
 748 0090 0A       		.uleb128 0xa
 749 0091 00       		.byte	0x0
 750 0092 00       		.byte	0x0
 751 0093 0C       		.uleb128 0xc
 752 0094 2E       		.uleb128 0x2e
 753 0095 00       		.byte	0x0
 754 0096 3F       		.uleb128 0x3f
 755 0097 0C       		.uleb128 0xc
 756 0098 03       		.uleb128 0x3
 757 0099 0E       		.uleb128 0xe
 758 009a 3A       		.uleb128 0x3a
 759 009b 0B       		.uleb128 0xb
 760 009c 3B       		.uleb128 0x3b
 761 009d 0B       		.uleb128 0xb
 762 009e 27       		.uleb128 0x27
 763 009f 0C       		.uleb128 0xc
 764 00a0 11       		.uleb128 0x11
 765 00a1 01       		.uleb128 0x1
 766 00a2 12       		.uleb128 0x12
 767 00a3 01       		.uleb128 0x1
 768 00a4 40       		.uleb128 0x40
 769 00a5 06       		.uleb128 0x6
 770 00a6 00       		.byte	0x0
 771 00a7 00       		.byte	0x0
 772 00a8 0D       		.uleb128 0xd
 773 00a9 2E       		.uleb128 0x2e
 774 00aa 01       		.byte	0x1
 775 00ab 3F       		.uleb128 0x3f
 776 00ac 0C       		.uleb128 0xc
 777 00ad 03       		.uleb128 0x3
 778 00ae 0E       		.uleb128 0xe
 779 00af 3A       		.uleb128 0x3a
 780 00b0 0B       		.uleb128 0xb
 781 00b1 3B       		.uleb128 0x3b
 782 00b2 0B       		.uleb128 0xb
 783 00b3 27       		.uleb128 0x27
 784 00b4 0C       		.uleb128 0xc
 785 00b5 49       		.uleb128 0x49
 786 00b6 13       		.uleb128 0x13
 787 00b7 11       		.uleb128 0x11
 788 00b8 01       		.uleb128 0x1
 789 00b9 12       		.uleb128 0x12
 790 00ba 01       		.uleb128 0x1
 791 00bb 40       		.uleb128 0x40
 792 00bc 06       		.uleb128 0x6
ARM GAS  /tmp/cchdophV.s 			page 15


 793 00bd 01       		.uleb128 0x1
 794 00be 13       		.uleb128 0x13
 795 00bf 00       		.byte	0x0
 796 00c0 00       		.byte	0x0
 797 00c1 0E       		.uleb128 0xe
 798 00c2 05       		.uleb128 0x5
 799 00c3 00       		.byte	0x0
 800 00c4 03       		.uleb128 0x3
 801 00c5 0E       		.uleb128 0xe
 802 00c6 3A       		.uleb128 0x3a
 803 00c7 0B       		.uleb128 0xb
 804 00c8 3B       		.uleb128 0x3b
 805 00c9 0B       		.uleb128 0xb
 806 00ca 49       		.uleb128 0x49
 807 00cb 13       		.uleb128 0x13
 808 00cc 02       		.uleb128 0x2
 809 00cd 0A       		.uleb128 0xa
 810 00ce 00       		.byte	0x0
 811 00cf 00       		.byte	0x0
 812 00d0 0F       		.uleb128 0xf
 813 00d1 05       		.uleb128 0x5
 814 00d2 00       		.byte	0x0
 815 00d3 03       		.uleb128 0x3
 816 00d4 08       		.uleb128 0x8
 817 00d5 3A       		.uleb128 0x3a
 818 00d6 0B       		.uleb128 0xb
 819 00d7 3B       		.uleb128 0x3b
 820 00d8 0B       		.uleb128 0xb
 821 00d9 49       		.uleb128 0x49
 822 00da 13       		.uleb128 0x13
 823 00db 02       		.uleb128 0x2
 824 00dc 0A       		.uleb128 0xa
 825 00dd 00       		.byte	0x0
 826 00de 00       		.byte	0x0
 827 00df 10       		.uleb128 0x10
 828 00e0 34       		.uleb128 0x34
 829 00e1 00       		.byte	0x0
 830 00e2 03       		.uleb128 0x3
 831 00e3 08       		.uleb128 0x8
 832 00e4 3A       		.uleb128 0x3a
 833 00e5 0B       		.uleb128 0xb
 834 00e6 3B       		.uleb128 0x3b
 835 00e7 0B       		.uleb128 0xb
 836 00e8 49       		.uleb128 0x49
 837 00e9 13       		.uleb128 0x13
 838 00ea 02       		.uleb128 0x2
 839 00eb 0A       		.uleb128 0xa
 840 00ec 00       		.byte	0x0
 841 00ed 00       		.byte	0x0
 842 00ee 11       		.uleb128 0x11
 843 00ef 2E       		.uleb128 0x2e
 844 00f0 01       		.byte	0x1
 845 00f1 3F       		.uleb128 0x3f
 846 00f2 0C       		.uleb128 0xc
 847 00f3 03       		.uleb128 0x3
 848 00f4 0E       		.uleb128 0xe
 849 00f5 3A       		.uleb128 0x3a
ARM GAS  /tmp/cchdophV.s 			page 16


 850 00f6 0B       		.uleb128 0xb
 851 00f7 3B       		.uleb128 0x3b
 852 00f8 0B       		.uleb128 0xb
 853 00f9 27       		.uleb128 0x27
 854 00fa 0C       		.uleb128 0xc
 855 00fb 11       		.uleb128 0x11
 856 00fc 01       		.uleb128 0x1
 857 00fd 12       		.uleb128 0x12
 858 00fe 01       		.uleb128 0x1
 859 00ff 40       		.uleb128 0x40
 860 0100 06       		.uleb128 0x6
 861 0101 01       		.uleb128 0x1
 862 0102 13       		.uleb128 0x13
 863 0103 00       		.byte	0x0
 864 0104 00       		.byte	0x0
 865 0105 12       		.uleb128 0x12
 866 0106 34       		.uleb128 0x34
 867 0107 00       		.byte	0x0
 868 0108 03       		.uleb128 0x3
 869 0109 0E       		.uleb128 0xe
 870 010a 3A       		.uleb128 0x3a
 871 010b 0B       		.uleb128 0xb
 872 010c 3B       		.uleb128 0x3b
 873 010d 0B       		.uleb128 0xb
 874 010e 49       		.uleb128 0x49
 875 010f 13       		.uleb128 0x13
 876 0110 02       		.uleb128 0x2
 877 0111 0A       		.uleb128 0xa
 878 0112 00       		.byte	0x0
 879 0113 00       		.byte	0x0
 880 0114 13       		.uleb128 0x13
 881 0115 34       		.uleb128 0x34
 882 0116 00       		.byte	0x0
 883 0117 03       		.uleb128 0x3
 884 0118 0E       		.uleb128 0xe
 885 0119 3A       		.uleb128 0x3a
 886 011a 0B       		.uleb128 0xb
 887 011b 3B       		.uleb128 0x3b
 888 011c 05       		.uleb128 0x5
 889 011d 49       		.uleb128 0x49
 890 011e 13       		.uleb128 0x13
 891 011f 3F       		.uleb128 0x3f
 892 0120 0C       		.uleb128 0xc
 893 0121 3C       		.uleb128 0x3c
 894 0122 0C       		.uleb128 0xc
 895 0123 00       		.byte	0x0
 896 0124 00       		.byte	0x0
 897 0125 14       		.uleb128 0x14
 898 0126 26       		.uleb128 0x26
 899 0127 00       		.byte	0x0
 900 0128 49       		.uleb128 0x49
 901 0129 13       		.uleb128 0x13
 902 012a 00       		.byte	0x0
 903 012b 00       		.byte	0x0
 904 012c 00       		.byte	0x0
 905              		.section	.debug_pubnames,"",%progbits
 906 0000 44000000 		.4byte	0x44
ARM GAS  /tmp/cchdophV.s 			page 17


 907 0004 0200     		.2byte	0x2
 908 0006 00000000 		.4byte	.Ldebug_info0
 909 000a B1020000 		.4byte	0x2b1
 910 000e D2010000 		.4byte	0x1d2
 911 0012 68616C49 		.ascii	"halInit\000"
 911      6E697400 
 912 001a E7010000 		.4byte	0x1e7
 913 001e 68616C49 		.ascii	"halIsCounterWithin\000"
 913      73436F75 
 913      6E746572 
 913      57697468 
 913      696E00
 914 0031 2F020000 		.4byte	0x22f
 915 0035 68616C50 		.ascii	"halPolledDelay\000"
 915      6F6C6C65 
 915      6444656C 
 915      617900
 916 0044 00000000 		.4byte	0x0
 917              		.section	.debug_pubtypes,"",%progbits
 918 0000 72000000 		.4byte	0x72
 919 0004 0200     		.2byte	0x2
 920 0006 00000000 		.4byte	.Ldebug_info0
 921 000a B1020000 		.4byte	0x2b1
 922 000e 53000000 		.4byte	0x53
 923 0012 696E7433 		.ascii	"int32_t\000"
 923      325F7400 
 924 001a 65000000 		.4byte	0x65
 925 001e 75696E74 		.ascii	"uint32_t\000"
 925      33325F74 
 925      00
 926 0027 85000000 		.4byte	0x85
 927 002b 626F6F6C 		.ascii	"bool_t\000"
 927      5F7400
 928 0032 17010000 		.4byte	0x117
 929 0036 434D785F 		.ascii	"CMx_DWT\000"
 929      44575400 
 930 003e 2F010000 		.4byte	0x12f
 931 0042 68616C72 		.ascii	"halrtcnt_t\000"
 931      74636E74 
 931      5F7400
 932 004d 6D010000 		.4byte	0x16d
 933 0051 73746D33 		.ascii	"stm32_gpio_setup_t\000"
 933      325F6770 
 933      696F5F73 
 933      65747570 
 933      5F7400
 934 0064 C7010000 		.4byte	0x1c7
 935 0068 50414C43 		.ascii	"PALConfig\000"
 935      6F6E6669 
 935      6700
 936 0072 00000000 		.4byte	0x0
 937              		.section	.debug_aranges,"",%progbits
 938 0000 2C000000 		.4byte	0x2c
 939 0004 0200     		.2byte	0x2
 940 0006 00000000 		.4byte	.Ldebug_info0
 941 000a 04       		.byte	0x4
 942 000b 00       		.byte	0x0
ARM GAS  /tmp/cchdophV.s 			page 18


 943 000c 0000     		.2byte	0x0
 944 000e 0000     		.2byte	0x0
 945 0010 00000000 		.4byte	.LFB62
 946 0014 2C000000 		.4byte	.LFE62-.LFB62
 947 0018 00000000 		.4byte	.LFB63
 948 001c 54000000 		.4byte	.LFE63-.LFB63
 949 0020 00000000 		.4byte	.LFB64
 950 0024 2C000000 		.4byte	.LFE64-.LFB64
 951 0028 00000000 		.4byte	0x0
 952 002c 00000000 		.4byte	0x0
 953              		.section	.debug_ranges,"",%progbits
 954              	.Ldebug_ranges0:
 955 0000 00000000 		.4byte	.LFB62
 956 0004 2C000000 		.4byte	.LFE62
 957 0008 00000000 		.4byte	.LFB63
 958 000c 54000000 		.4byte	.LFE63
 959 0010 00000000 		.4byte	.LFB64
 960 0014 2C000000 		.4byte	.LFE64
 961 0018 00000000 		.4byte	0x0
 962 001c 00000000 		.4byte	0x0
 963              		.section	.debug_str,"MS",%progbits,1
 964              	.LASF31:
 965 0000 7469636B 		.ascii	"ticks\000"
 965      7300
 966              	.LASF27:
 967 0006 50444461 		.ascii	"PDData\000"
 967      746100
 968              	.LASF35:
 969 000d 474E5520 		.ascii	"GNU C 4.5.2\000"
 969      4320342E 
 969      352E3200 
 970              	.LASF37:
 971 0019 2F686F6D 		.ascii	"/home/z80/projects/digitizer.git/firmware/digitizer"
 971      652F7A38 
 971      302F7072 
 971      6F6A6563 
 971      74732F64 
 972 004c 00       		.ascii	"\000"
 973              	.LASF30:
 974 004d 73746172 		.ascii	"start\000"
 974      7400
 975              	.LASF0:
 976 0053 756E7369 		.ascii	"unsigned int\000"
 976      676E6564 
 976      20696E74 
 976      00
 977              	.LASF11:
 978 0060 626F6F6C 		.ascii	"bool_t\000"
 978      5F7400
 979              	.LASF15:
 980 0067 45584343 		.ascii	"EXCCNT\000"
 980      4E5400
 981              	.LASF36:
 982 006e 2E2E2F63 		.ascii	"../chibios_2.4.x/os/hal/src/hal.c\000"
 982      68696269 
 982      6F735F32 
 982      2E342E78 
ARM GAS  /tmp/cchdophV.s 			page 19


 982      2F6F732F 
 983              	.LASF16:
 984 0090 534C4545 		.ascii	"SLEEPCNT\000"
 984      50434E54 
 984      00
 985              	.LASF38:
 986 0099 68616C49 		.ascii	"halInit\000"
 986      6E697400 
 987              	.LASF28:
 988 00a1 50454461 		.ascii	"PEData\000"
 988      746100
 989              	.LASF2:
 990 00a8 756E7369 		.ascii	"unsigned char\000"
 990      676E6564 
 990      20636861 
 990      7200
 991              	.LASF23:
 992 00b6 73746D33 		.ascii	"stm32_gpio_setup_t\000"
 992      325F6770 
 992      696F5F73 
 992      65747570 
 992      5F7400
 993              	.LASF24:
 994 00c9 50414461 		.ascii	"PAData\000"
 994      746100
 995              	.LASF8:
 996 00d0 6C6F6E67 		.ascii	"long unsigned int\000"
 996      20756E73 
 996      69676E65 
 996      6420696E 
 996      7400
 997              	.LASF4:
 998 00e2 73686F72 		.ascii	"short unsigned int\000"
 998      7420756E 
 998      7369676E 
 998      65642069 
 998      6E7400
 999              	.LASF14:
 1000 00f5 43504943 		.ascii	"CPICNT\000"
 1000      4E5400
 1001              	.LASF33:
 1002 00fc 49544D5F 		.ascii	"ITM_RxBuffer\000"
 1002      52784275 
 1002      66666572 
 1002      00
 1003              	.LASF18:
 1004 0109 464F4C44 		.ascii	"FOLDCNT\000"
 1004      434E5400 
 1005              	.LASF29:
 1006 0111 50414C43 		.ascii	"PALConfig\000"
 1006      6F6E6669 
 1006      6700
 1007              	.LASF34:
 1008 011b 70616C5F 		.ascii	"pal_default_config\000"
 1008      64656661 
 1008      756C745F 
 1008      636F6E66 
ARM GAS  /tmp/cchdophV.s 			page 20


 1008      696700
 1009              	.LASF17:
 1010 012e 4C535543 		.ascii	"LSUCNT\000"
 1010      4E5400
 1011              	.LASF13:
 1012 0135 43594343 		.ascii	"CYCCNT\000"
 1012      4E5400
 1013              	.LASF25:
 1014 013c 50424461 		.ascii	"PBData\000"
 1014      746100
 1015              	.LASF22:
 1016 0143 68616C72 		.ascii	"halrtcnt_t\000"
 1016      74636E74 
 1016      5F7400
 1017              	.LASF21:
 1018 014e 63686172 		.ascii	"char\000"
 1018      00
 1019              	.LASF12:
 1020 0153 4354524C 		.ascii	"CTRL\000"
 1020      00
 1021              	.LASF39:
 1022 0158 68616C49 		.ascii	"halIsCounterWithin\000"
 1022      73436F75 
 1022      6E746572 
 1022      57697468 
 1022      696E00
 1023              	.LASF6:
 1024 016b 696E7433 		.ascii	"int32_t\000"
 1024      325F7400 
 1025              	.LASF9:
 1026 0173 6C6F6E67 		.ascii	"long long int\000"
 1026      206C6F6E 
 1026      6720696E 
 1026      7400
 1027              	.LASF32:
 1028 0181 74696D65 		.ascii	"timeout\000"
 1028      6F757400 
 1029              	.LASF19:
 1030 0189 50435352 		.ascii	"PCSR\000"
 1030      00
 1031              	.LASF40:
 1032 018e 68616C50 		.ascii	"halPolledDelay\000"
 1032      6F6C6C65 
 1032      6444656C 
 1032      617900
 1033              	.LASF3:
 1034 019d 73686F72 		.ascii	"short int\000"
 1034      7420696E 
 1034      7400
 1035              	.LASF26:
 1036 01a7 50434461 		.ascii	"PCData\000"
 1036      746100
 1037              	.LASF20:
 1038 01ae 434D785F 		.ascii	"CMx_DWT\000"
 1038      44575400 
 1039              	.LASF7:
 1040 01b6 75696E74 		.ascii	"uint32_t\000"
ARM GAS  /tmp/cchdophV.s 			page 21


 1040      33325F74 
 1040      00
 1041              	.LASF5:
 1042 01bf 6C6F6E67 		.ascii	"long int\000"
 1042      20696E74 
 1042      00
 1043              	.LASF1:
 1044 01c8 7369676E 		.ascii	"signed char\000"
 1044      65642063 
 1044      68617200 
 1045              	.LASF10:
 1046 01d4 6C6F6E67 		.ascii	"long long unsigned int\000"
 1046      206C6F6E 
 1046      6720756E 
 1046      7369676E 
 1046      65642069 
 1047              		.ident	"GCC: (Sourcery G++ Lite 2011.03-42) 4.5.2"
ARM GAS  /tmp/cchdophV.s 			page 22


DEFINED SYMBOLS
                            *ABS*:00000000 hal.c
     /tmp/cchdophV.s:24     .text.halInit:00000000 $t
     /tmp/cchdophV.s:30     .text.halInit:00000000 halInit
     /tmp/cchdophV.s:64     .text.halInit:00000028 $d
     /tmp/cchdophV.s:69     .text.halIsCounterWithin:00000000 $t
     /tmp/cchdophV.s:75     .text.halIsCounterWithin:00000000 halIsCounterWithin
     /tmp/cchdophV.s:141    .text.halIsCounterWithin:00000050 $d
     /tmp/cchdophV.s:146    .text.halPolledDelay:00000000 $t
     /tmp/cchdophV.s:152    .text.halPolledDelay:00000000 halPolledDelay
     /tmp/cchdophV.s:191    .text.halPolledDelay:00000028 $d
                     .debug_frame:00000010 $d
     /tmp/cchdophV.s:1047   .text.halInit:0000002c $t
     /tmp/cchdophV.s:145    .text.halIsCounterWithin:00000054 $t
     /tmp/cchdophV.s:195    .text.halPolledDelay:0000002c $t

UNDEFINED SYMBOLS
hal_lld_init
_pal_lld_init
extInit
gptInit
i2cInit
sdInit
spiInit
boardInit
pal_default_config
