ARM GAS  /tmp/ccNOR8Ql.s 			page 1


   1              		.syntax unified
   2              		.cpu cortex-m3
   3              		.fpu softvfp
   4              		.eabi_attribute 20, 1
   5              		.eabi_attribute 21, 1
   6              		.eabi_attribute 23, 3
   7              		.eabi_attribute 24, 1
   8              		.eabi_attribute 25, 1
   9              		.eabi_attribute 26, 1
  10              		.eabi_attribute 30, 6
  11              		.eabi_attribute 18, 4
  12              		.thumb
  13              		.file	"hal_lld.c"
  14              		.section	.debug_abbrev,"",%progbits
  15              	.Ldebug_abbrev0:
  16              		.section	.debug_info,"",%progbits
  17              	.Ldebug_info0:
  18              		.section	.debug_line,"",%progbits
  19              	.Ldebug_line0:
  20 0000 CF010000 		.text
  20      02004E01 
  20      00000201 
  20      FB0E0D00 
  20      01010101 
  21              	.Ltext0:
  22              		.cfi_sections	.debug_frame
  23              		.section	.text.hal_lld_backup_domain_init,"ax",%progbits
  24              		.align	2
  25              		.p2align 4,,15
  26              		.thumb
  27              		.thumb_func
  28              		.type	hal_lld_backup_domain_init, %function
  29              	hal_lld_backup_domain_init:
  30              	.LFB62:
  31              		.file 1 "../chibios_2.4.x/os/hal/platforms/STM32F1xx/hal_lld.c"
  32              		.loc 1 56 0
  33              		.cfi_startproc
  34              		@ args = 0, pretend = 0, frame = 0
  35              		@ frame_needed = 0, uses_anonymous_args = 0
  36              		@ link register save eliminated.
  37              		.loc 1 59 0
  38 0000 134B     		ldr	r3, .L4
  39 0002 134A     		ldr	r2, .L4
  40 0004 1268     		ldr	r2, [r2, #0]
  41 0006 42F48072 		orr	r2, r2, #256
  42 000a 1A60     		str	r2, [r3, #0]
  43              		.loc 1 62 0
  44 000c 114B     		ldr	r3, .L4+4
  45 000e 1B6A     		ldr	r3, [r3, #32]
  46 0010 03F44073 		and	r3, r3, #768
  47 0014 B3F5407F 		cmp	r3, #768
  48 0018 07D0     		beq	.L2
  49              		.loc 1 64 0
  50 001a 0E4B     		ldr	r3, .L4+4
  51 001c 4FF48032 		mov	r2, #65536
  52 0020 1A62     		str	r2, [r3, #32]
  53              		.loc 1 65 0
ARM GAS  /tmp/ccNOR8Ql.s 			page 2


  54 0022 0C4B     		ldr	r3, .L4+4
  55 0024 4FF00002 		mov	r2, #0
  56 0028 1A62     		str	r2, [r3, #32]
  57              	.L2:
  58              		.loc 1 78 0
  59 002a 0A4B     		ldr	r3, .L4+4
  60 002c 1B6A     		ldr	r3, [r3, #32]
  61 002e 03F40043 		and	r3, r3, #32768
  62 0032 002B     		cmp	r3, #0
  63 0034 0BD1     		bne	.L1
  64              		.loc 1 80 0
  65 0036 074B     		ldr	r3, .L4+4
  66 0038 064A     		ldr	r2, .L4+4
  67 003a 126A     		ldr	r2, [r2, #32]
  68 003c 42F44072 		orr	r2, r2, #768
  69 0040 1A62     		str	r2, [r3, #32]
  70              		.loc 1 83 0
  71 0042 044B     		ldr	r3, .L4+4
  72 0044 034A     		ldr	r2, .L4+4
  73 0046 126A     		ldr	r2, [r2, #32]
  74 0048 42F40042 		orr	r2, r2, #32768
  75 004c 1A62     		str	r2, [r3, #32]
  76              	.L1:
  77              		.loc 1 86 0
  78 004e 7047     		bx	lr
  79              	.L5:
  80              		.align	2
  81              	.L4:
  82 0050 00700040 		.word	1073770496
  83 0054 00100240 		.word	1073876992
  84              		.cfi_endproc
  85              	.LFE62:
  86              		.size	hal_lld_backup_domain_init, .-hal_lld_backup_domain_init
  87 0058 AFF30080 		.section	.text.hal_lld_init,"ax",%progbits
  87      AFF30080 
  88              		.align	2
  89              		.p2align 4,,15
  90              		.global	hal_lld_init
  91              		.thumb
  92              		.thumb_func
  93              		.type	hal_lld_init, %function
  94              	hal_lld_init:
  95              	.LFB63:
  96              		.loc 1 101 0
  97              		.cfi_startproc
  98              		@ args = 0, pretend = 0, frame = 0
  99              		@ frame_needed = 0, uses_anonymous_args = 0
 100 0000 08B5     		push	{r3, lr}
 101              	.LCFI0:
 102              		.cfi_def_cfa_offset 8
 103              		.loc 1 104 0
 104 0002 1E4B     		ldr	r3, .L7
 105              		.cfi_offset 14, -4
 106              		.cfi_offset 3, -8
 107 0004 1B69     		ldr	r3, [r3, #16]
 108 0006 1D4B     		ldr	r3, .L7
 109 0008 4FF0FF32 		mov	r2, #-1
ARM GAS  /tmp/ccNOR8Ql.s 			page 3


 110 000c 1A61     		str	r2, [r3, #16]
 111 000e 1B4B     		ldr	r3, .L7
 112 0010 4FF00002 		mov	r2, #0
 113 0014 1A61     		str	r2, [r3, #16]
 114              		.loc 1 105 0
 115 0016 194B     		ldr	r3, .L7
 116 0018 DB68     		ldr	r3, [r3, #12]
 117 001a 184B     		ldr	r3, .L7
 118 001c 4FF0FF32 		mov	r2, #-1
 119 0020 DA60     		str	r2, [r3, #12]
 120 0022 164B     		ldr	r3, .L7
 121 0024 4FF00002 		mov	r2, #0
 122 0028 DA60     		str	r2, [r3, #12]
 123              		.loc 1 108 0
 124 002a 154B     		ldr	r3, .L7+4
 125 002c 154A     		ldr	r2, .L7+8
 126 002e 5A60     		str	r2, [r3, #4]
 127              		.loc 1 109 0
 128 0030 134B     		ldr	r3, .L7+4
 129 0032 4FF00002 		mov	r2, #0
 130 0036 9A60     		str	r2, [r3, #8]
 131              		.loc 1 110 0
 132 0038 114B     		ldr	r3, .L7+4
 133 003a 4FF00702 		mov	r2, #7
 134 003e 1A60     		str	r2, [r3, #0]
 135              		.loc 1 115 0
 136 0040 114B     		ldr	r3, .L7+12
 137 0042 114A     		ldr	r2, .L7+12
 138 0044 D268     		ldr	r2, [r2, #12]
 139 0046 42F08072 		orr	r2, r2, #16777216
 140 004a DA60     		str	r2, [r3, #12]
 141              		.loc 1 116 0
 142 004c 0F4B     		ldr	r3, .L7+16
 143 004e 0F4A     		ldr	r2, .L7+16
 144 0050 1268     		ldr	r2, [r2, #0]
 145 0052 42F00102 		orr	r2, r2, #1
 146 0056 1A60     		str	r2, [r3, #0]
 147              		.loc 1 119 0
 148 0058 084B     		ldr	r3, .L7
 149 005a 084A     		ldr	r2, .L7
 150 005c D269     		ldr	r2, [r2, #28]
 151 005e 42F08052 		orr	r2, r2, #268435456
 152 0062 DA61     		str	r2, [r3, #28]
 153              		.loc 1 120 0
 154 0064 054B     		ldr	r3, .L7
 155 0066 054A     		ldr	r2, .L7
 156 0068 D269     		ldr	r2, [r2, #28]
 157 006a 42F00062 		orr	r2, r2, #134217728
 158 006e DA61     		str	r2, [r3, #28]
 159              		.loc 1 123 0
 160 0070 FFF7FEFF 		bl	hal_lld_backup_domain_init
 161              		.loc 1 126 0
 162 0074 FFF7FEFF 		bl	dmaInit
 163              		.loc 1 133 0
 164 0078 08BD     		pop	{r3, pc}
 165              	.L8:
 166 007a 00BF     		.align	2
ARM GAS  /tmp/ccNOR8Ql.s 			page 4


 167              	.L7:
 168 007c 00100240 		.word	1073876992
 169 0080 10E000E0 		.word	-536813552
 170 0084 7F320200 		.word	143999
 171 0088 F0ED00E0 		.word	-536810000
 172 008c 001000E0 		.word	-536866816
 173              		.cfi_endproc
 174              	.LFE63:
 175              		.size	hal_lld_init, .-hal_lld_init
 176              		.section	.text.stm32_clock_init,"ax",%progbits
 177              		.align	2
 178              		.p2align 4,,15
 179              		.global	stm32_clock_init
 180              		.thumb
 181              		.thumb_func
 182              		.type	stm32_clock_init, %function
 183              	stm32_clock_init:
 184              	.LFB64:
 185              		.loc 1 149 0
 186              		.cfi_startproc
 187              		@ args = 0, pretend = 0, frame = 0
 188              		@ frame_needed = 0, uses_anonymous_args = 0
 189              		@ link register save eliminated.
 190              		.loc 1 154 0
 191 0000 294B     		ldr	r3, .L15
 192 0002 294A     		ldr	r2, .L15
 193 0004 1268     		ldr	r2, [r2, #0]
 194 0006 42F00102 		orr	r2, r2, #1
 195 000a 1A60     		str	r2, [r3, #0]
 196              		.loc 1 155 0
 197 000c 00BF     		nop
 198              	.L10:
 199              		.loc 1 155 0 is_stmt 0 discriminator 1
 200 000e 264B     		ldr	r3, .L15
 201 0010 1B68     		ldr	r3, [r3, #0]
 202 0012 03F00203 		and	r3, r3, #2
 203 0016 002B     		cmp	r3, #0
 204 0018 F9D0     		beq	.L10
 205              		.loc 1 157 0 is_stmt 1
 206 001a 234B     		ldr	r3, .L15
 207 001c 224A     		ldr	r2, .L15
 208 001e 1268     		ldr	r2, [r2, #0]
 209 0020 02F0F902 		and	r2, r2, #249
 210 0024 1A60     		str	r2, [r3, #0]
 211              		.loc 1 158 0
 212 0026 204B     		ldr	r3, .L15
 213 0028 4FF00002 		mov	r2, #0
 214 002c 5A60     		str	r2, [r3, #4]
 215              		.loc 1 159 0
 216 002e 00BF     		nop
 217              	.L11:
 218              		.loc 1 159 0 is_stmt 0 discriminator 1
 219 0030 1D4B     		ldr	r3, .L15
 220 0032 5B68     		ldr	r3, [r3, #4]
 221 0034 03F00C03 		and	r3, r3, #12
 222 0038 002B     		cmp	r3, #0
 223 003a F9D1     		bne	.L11
ARM GAS  /tmp/ccNOR8Ql.s 			page 5


 224              		.loc 1 164 0 is_stmt 1
 225 003c 1A4B     		ldr	r3, .L15
 226 003e 1A4A     		ldr	r2, .L15
 227 0040 1268     		ldr	r2, [r2, #0]
 228 0042 42F48032 		orr	r2, r2, #65536
 229 0046 1A60     		str	r2, [r3, #0]
 230              		.loc 1 165 0
 231 0048 00BF     		nop
 232              	.L12:
 233              		.loc 1 165 0 is_stmt 0 discriminator 1
 234 004a 174B     		ldr	r3, .L15
 235 004c 1B68     		ldr	r3, [r3, #0]
 236 004e 03F40033 		and	r3, r3, #131072
 237 0052 002B     		cmp	r3, #0
 238 0054 F9D0     		beq	.L12
 239              		.loc 1 178 0 is_stmt 1
 240 0056 144B     		ldr	r3, .L15
 241 0058 134A     		ldr	r2, .L15
 242 005a 5268     		ldr	r2, [r2, #4]
 243 005c 42F4E812 		orr	r2, r2, #1900544
 244 0060 5A60     		str	r2, [r3, #4]
 245              		.loc 1 179 0
 246 0062 114B     		ldr	r3, .L15
 247 0064 104A     		ldr	r2, .L15
 248 0066 1268     		ldr	r2, [r2, #0]
 249 0068 42F08072 		orr	r2, r2, #16777216
 250 006c 1A60     		str	r2, [r3, #0]
 251              		.loc 1 180 0
 252 006e 00BF     		nop
 253              	.L13:
 254              		.loc 1 180 0 is_stmt 0 discriminator 1
 255 0070 0D4B     		ldr	r3, .L15
 256 0072 1B68     		ldr	r3, [r3, #0]
 257 0074 03F00073 		and	r3, r3, #33554432
 258 0078 002B     		cmp	r3, #0
 259 007a F9D0     		beq	.L13
 260              		.loc 1 186 0 is_stmt 1
 261 007c 0A4B     		ldr	r3, .L15
 262 007e 0B4A     		ldr	r2, .L15+4
 263 0080 5A60     		str	r2, [r3, #4]
 264              		.loc 1 196 0
 265 0082 0B4B     		ldr	r3, .L15+8
 266 0084 4FF01202 		mov	r2, #18
 267 0088 1A60     		str	r2, [r3, #0]
 268              		.loc 1 201 0
 269 008a 074B     		ldr	r3, .L15
 270 008c 064A     		ldr	r2, .L15
 271 008e 5268     		ldr	r2, [r2, #4]
 272 0090 42F00202 		orr	r2, r2, #2
 273 0094 5A60     		str	r2, [r3, #4]
 274              		.loc 1 202 0
 275 0096 00BF     		nop
 276              	.L14:
 277              		.loc 1 202 0 is_stmt 0 discriminator 1
 278 0098 034B     		ldr	r3, .L15
 279 009a 5B68     		ldr	r3, [r3, #4]
 280 009c 03F00C03 		and	r3, r3, #12
ARM GAS  /tmp/ccNOR8Ql.s 			page 6


 281 00a0 082B     		cmp	r3, #8
 282 00a2 F9D1     		bne	.L14
 283              		.loc 1 206 0 is_stmt 1
 284 00a4 7047     		bx	lr
 285              	.L16:
 286 00a6 00BF     		.align	2
 287              	.L15:
 288 00a8 00100240 		.word	1073876992
 289 00ac 00641D00 		.word	1926144
 290 00b0 00200240 		.word	1073881088
 291              		.cfi_endproc
 292              	.LFE64:
 293              		.size	stm32_clock_init, .-stm32_clock_init
 294 00b4 AFF30080 		.text
 294      AFF30080 
 294      AFF30080 
 295              	.Letext0:
 296              		.section	.debug_loc,"",%progbits
 297              	.Ldebug_loc0:
 298              	.LLST0:
 299 0000 00000000 		.4byte	.LFB63
 300 0004 02000000 		.4byte	.LCFI0
 301 0008 0200     		.2byte	0x2
 302 000a 7D       		.byte	0x7d
 303 000b 00       		.sleb128 0
 304 000c 02000000 		.4byte	.LCFI0
 305 0010 90000000 		.4byte	.LFE63
 306 0014 0200     		.2byte	0x2
 307 0016 7D       		.byte	0x7d
 308 0017 08       		.sleb128 8
 309 0018 00000000 		.4byte	0x0
 310 001c 00000000 		.4byte	0x0
 311              		.file 2 "/home/z80/programs/code-sourcery/2011.03-42/bin/../lib/gcc/arm-none-eabi/4.5.2/../../../.
 312              		.file 3 "../chibios_2.4.x/os/ports/common/ARMCMx/nvic.h"
 313              		.file 4 "../chibios_2.4.x/os/ports/common/ARMCMx/CMSIS/include/core_cm3.h"
 314              		.file 5 "../chibios_2.4.x/os/hal/platforms/STM32F1xx/stm32f10x.h"
 315              		.section	.debug_info
 316 0000 A4030000 		.4byte	0x3a4
 317 0004 0200     		.2byte	0x2
 318 0006 00000000 		.4byte	.Ldebug_abbrev0
 319 000a 04       		.byte	0x4
 320 000b 01       		.uleb128 0x1
 321 000c 18000000 		.4byte	.LASF47
 322 0010 01       		.byte	0x1
 323 0011 6E000000 		.4byte	.LASF48
 324 0015 24000000 		.4byte	.LASF49
 325 0019 00000000 		.4byte	0x0
 326 001d 00000000 		.4byte	0x0
 327 0021 00000000 		.4byte	.Ldebug_ranges0+0x0
 328 0025 00000000 		.4byte	.Ldebug_line0
 329 0029 02       		.uleb128 0x2
 330 002a 04       		.byte	0x4
 331 002b 05       		.byte	0x5
 332 002c 696E7400 		.ascii	"int\000"
 333 0030 03       		.uleb128 0x3
 334 0031 04       		.byte	0x4
 335 0032 07       		.byte	0x7
ARM GAS  /tmp/ccNOR8Ql.s 			page 7


 336 0033 9B010000 		.4byte	.LASF0
 337 0037 03       		.uleb128 0x3
 338 0038 01       		.byte	0x1
 339 0039 06       		.byte	0x6
 340 003a 3E020000 		.4byte	.LASF1
 341 003e 03       		.uleb128 0x3
 342 003f 01       		.byte	0x1
 343 0040 08       		.byte	0x8
 344 0041 E7000000 		.4byte	.LASF2
 345 0045 03       		.uleb128 0x3
 346 0046 02       		.byte	0x2
 347 0047 05       		.byte	0x5
 348 0048 73010000 		.4byte	.LASF3
 349 004c 04       		.uleb128 0x4
 350 004d 12020000 		.4byte	.LASF5
 351 0051 02       		.byte	0x2
 352 0052 36       		.byte	0x36
 353 0053 57000000 		.4byte	0x57
 354 0057 03       		.uleb128 0x3
 355 0058 02       		.byte	0x2
 356 0059 07       		.byte	0x7
 357 005a 0E010000 		.4byte	.LASF4
 358 005e 04       		.uleb128 0x4
 359 005f CC010000 		.4byte	.LASF6
 360 0063 02       		.byte	0x2
 361 0064 4F       		.byte	0x4f
 362 0065 69000000 		.4byte	0x69
 363 0069 03       		.uleb128 0x3
 364 006a 04       		.byte	0x4
 365 006b 05       		.byte	0x5
 366 006c 30020000 		.4byte	.LASF7
 367 0070 04       		.uleb128 0x4
 368 0071 27020000 		.4byte	.LASF8
 369 0075 02       		.byte	0x2
 370 0076 50       		.byte	0x50
 371 0077 7B000000 		.4byte	0x7b
 372 007b 03       		.uleb128 0x3
 373 007c 04       		.byte	0x4
 374 007d 07       		.byte	0x7
 375 007e FC000000 		.4byte	.LASF9
 376 0082 03       		.uleb128 0x3
 377 0083 08       		.byte	0x8
 378 0084 05       		.byte	0x5
 379 0085 00000000 		.4byte	.LASF10
 380 0089 03       		.uleb128 0x3
 381 008a 08       		.byte	0x8
 382 008b 07       		.byte	0x7
 383 008c C1000000 		.4byte	.LASF11
 384 0090 05       		.uleb128 0x5
 385 0091 70000000 		.4byte	0x70
 386 0095 05       		.uleb128 0x5
 387 0096 7B000000 		.4byte	0x7b
 388 009a 06       		.uleb128 0x6
 389 009b 10       		.byte	0x10
 390 009c 03       		.byte	0x3
 391 009d F1       		.byte	0xf1
 392 009e DB000000 		.4byte	0xdb
ARM GAS  /tmp/ccNOR8Ql.s 			page 8


 393 00a2 07       		.uleb128 0x7
 394 00a3 50010000 		.4byte	.LASF12
 395 00a7 03       		.byte	0x3
 396 00a8 F2       		.byte	0xf2
 397 00a9 95000000 		.4byte	0x95
 398 00ad 02       		.byte	0x2
 399 00ae 23       		.byte	0x23
 400 00af 00       		.uleb128 0x0
 401 00b0 07       		.uleb128 0x7
 402 00b1 95010000 		.4byte	.LASF13
 403 00b5 03       		.byte	0x3
 404 00b6 F3       		.byte	0xf3
 405 00b7 95000000 		.4byte	0x95
 406 00bb 02       		.byte	0x2
 407 00bc 23       		.byte	0x23
 408 00bd 04       		.uleb128 0x4
 409 00be 07       		.uleb128 0x7
 410 00bf BA010000 		.4byte	.LASF14
 411 00c3 03       		.byte	0x3
 412 00c4 F4       		.byte	0xf4
 413 00c5 95000000 		.4byte	0x95
 414 00c9 02       		.byte	0x2
 415 00ca 23       		.byte	0x23
 416 00cb 08       		.uleb128 0x8
 417 00cc 07       		.uleb128 0x7
 418 00cd E1000000 		.4byte	.LASF15
 419 00d1 03       		.byte	0x3
 420 00d2 F5       		.byte	0xf5
 421 00d3 95000000 		.4byte	0x95
 422 00d7 02       		.byte	0x2
 423 00d8 23       		.byte	0x23
 424 00d9 0C       		.uleb128 0xc
 425 00da 00       		.byte	0x0
 426 00db 04       		.uleb128 0x4
 427 00dc E7010000 		.4byte	.LASF16
 428 00e0 03       		.byte	0x3
 429 00e1 F6       		.byte	0xf6
 430 00e2 9A000000 		.4byte	0x9a
 431 00e6 08       		.uleb128 0x8
 432 00e7 20       		.byte	0x20
 433 00e8 03       		.byte	0x3
 434 00e9 0601     		.2byte	0x106
 435 00eb 68010000 		.4byte	0x168
 436 00ef 09       		.uleb128 0x9
 437 00f0 C0010000 		.4byte	.LASF17
 438 00f4 03       		.byte	0x3
 439 00f5 0701     		.2byte	0x107
 440 00f7 95000000 		.4byte	0x95
 441 00fb 02       		.byte	0x2
 442 00fc 23       		.byte	0x23
 443 00fd 00       		.uleb128 0x0
 444 00fe 09       		.uleb128 0x9
 445 00ff F5000000 		.4byte	.LASF18
 446 0103 03       		.byte	0x3
 447 0104 0801     		.2byte	0x108
 448 0106 95000000 		.4byte	0x95
 449 010a 02       		.byte	0x2
ARM GAS  /tmp/ccNOR8Ql.s 			page 9


 450 010b 23       		.byte	0x23
 451 010c 04       		.uleb128 0x4
 452 010d 09       		.uleb128 0x9
 453 010e 3C010000 		.4byte	.LASF19
 454 0112 03       		.byte	0x3
 455 0113 0901     		.2byte	0x109
 456 0115 95000000 		.4byte	0x95
 457 0119 02       		.byte	0x2
 458 011a 23       		.byte	0x23
 459 011b 08       		.uleb128 0x8
 460 011c 09       		.uleb128 0x9
 461 011d C5010000 		.4byte	.LASF20
 462 0121 03       		.byte	0x3
 463 0122 0A01     		.2byte	0x10a
 464 0124 95000000 		.4byte	0x95
 465 0128 02       		.byte	0x2
 466 0129 23       		.byte	0x23
 467 012a 0C       		.uleb128 0xc
 468 012b 09       		.uleb128 0x9
 469 012c B8000000 		.4byte	.LASF21
 470 0130 03       		.byte	0x3
 471 0131 0B01     		.2byte	0x10b
 472 0133 95000000 		.4byte	0x95
 473 0137 02       		.byte	0x2
 474 0138 23       		.byte	0x23
 475 0139 10       		.uleb128 0x10
 476 013a 09       		.uleb128 0x9
 477 013b 7D010000 		.4byte	.LASF22
 478 013f 03       		.byte	0x3
 479 0140 0C01     		.2byte	0x10c
 480 0142 95000000 		.4byte	0x95
 481 0146 02       		.byte	0x2
 482 0147 23       		.byte	0x23
 483 0148 14       		.uleb128 0x14
 484 0149 09       		.uleb128 0x9
 485 014a AB000000 		.4byte	.LASF23
 486 014e 03       		.byte	0x3
 487 014f 0D01     		.2byte	0x10d
 488 0151 95000000 		.4byte	0x95
 489 0155 02       		.byte	0x2
 490 0156 23       		.byte	0x23
 491 0157 18       		.uleb128 0x18
 492 0158 09       		.uleb128 0x9
 493 0159 E2010000 		.4byte	.LASF24
 494 015d 03       		.byte	0x3
 495 015e 0E01     		.2byte	0x10e
 496 0160 95000000 		.4byte	0x95
 497 0164 02       		.byte	0x2
 498 0165 23       		.byte	0x23
 499 0166 1C       		.uleb128 0x1c
 500 0167 00       		.byte	0x0
 501 0168 0A       		.uleb128 0xa
 502 0169 66000000 		.4byte	.LASF25
 503 016d 03       		.byte	0x3
 504 016e 0F01     		.2byte	0x10f
 505 0170 E6000000 		.4byte	0xe6
 506 0174 03       		.uleb128 0x3
ARM GAS  /tmp/ccNOR8Ql.s 			page 10


 507 0175 01       		.byte	0x1
 508 0176 08       		.byte	0x8
 509 0177 A8010000 		.4byte	.LASF26
 510 017b 0B       		.uleb128 0xb
 511 017c 90000000 		.4byte	0x90
 512 0180 08       		.uleb128 0x8
 513 0181 10       		.byte	0x10
 514 0182 04       		.byte	0x4
 515 0183 3802     		.2byte	0x238
 516 0185 C6010000 		.4byte	0x1c6
 517 0189 09       		.uleb128 0x9
 518 018a C0010000 		.4byte	.LASF17
 519 018e 04       		.byte	0x4
 520 018f 3A02     		.2byte	0x23a
 521 0191 90000000 		.4byte	0x90
 522 0195 02       		.byte	0x2
 523 0196 23       		.byte	0x23
 524 0197 00       		.uleb128 0x0
 525 0198 09       		.uleb128 0x9
 526 0199 FC010000 		.4byte	.LASF27
 527 019d 04       		.byte	0x4
 528 019e 3B02     		.2byte	0x23b
 529 01a0 90000000 		.4byte	0x90
 530 01a4 02       		.byte	0x2
 531 01a5 23       		.byte	0x23
 532 01a6 04       		.uleb128 0x4
 533 01a7 0C       		.uleb128 0xc
 534 01a8 56414C00 		.ascii	"VAL\000"
 535 01ac 04       		.byte	0x4
 536 01ad 3C02     		.2byte	0x23c
 537 01af 90000000 		.4byte	0x90
 538 01b3 02       		.byte	0x2
 539 01b4 23       		.byte	0x23
 540 01b5 08       		.uleb128 0x8
 541 01b6 09       		.uleb128 0x9
 542 01b7 D4010000 		.4byte	.LASF28
 543 01bb 04       		.byte	0x4
 544 01bc 3D02     		.2byte	0x23d
 545 01be 7B010000 		.4byte	0x17b
 546 01c2 02       		.byte	0x2
 547 01c3 23       		.byte	0x23
 548 01c4 0C       		.uleb128 0xc
 549 01c5 00       		.byte	0x0
 550 01c6 0A       		.uleb128 0xa
 551 01c7 AD010000 		.4byte	.LASF29
 552 01cb 04       		.byte	0x4
 553 01cc 3E02     		.2byte	0x23e
 554 01ce 80010000 		.4byte	0x180
 555 01d2 05       		.uleb128 0x5
 556 01d3 5E000000 		.4byte	0x5e
 557 01d7 08       		.uleb128 0x8
 558 01d8 24       		.byte	0x24
 559 01d9 05       		.byte	0x5
 560 01da 9403     		.2byte	0x394
 561 01dc 65020000 		.4byte	0x265
 562 01e0 0C       		.uleb128 0xc
 563 01e1 41435200 		.ascii	"ACR\000"
ARM GAS  /tmp/ccNOR8Ql.s 			page 11


 564 01e5 05       		.byte	0x5
 565 01e6 9603     		.2byte	0x396
 566 01e8 90000000 		.4byte	0x90
 567 01ec 02       		.byte	0x2
 568 01ed 23       		.byte	0x23
 569 01ee 00       		.uleb128 0x0
 570 01ef 09       		.uleb128 0x9
 571 01f0 39020000 		.4byte	.LASF30
 572 01f4 05       		.byte	0x5
 573 01f5 9703     		.2byte	0x397
 574 01f7 90000000 		.4byte	0x90
 575 01fb 02       		.byte	0x2
 576 01fc 23       		.byte	0x23
 577 01fd 04       		.uleb128 0x4
 578 01fe 09       		.uleb128 0x9
 579 01ff 56010000 		.4byte	.LASF31
 580 0203 05       		.byte	0x5
 581 0204 9803     		.2byte	0x398
 582 0206 90000000 		.4byte	0x90
 583 020a 02       		.byte	0x2
 584 020b 23       		.byte	0x23
 585 020c 08       		.uleb128 0x8
 586 020d 0C       		.uleb128 0xc
 587 020e 535200   		.ascii	"SR\000"
 588 0211 05       		.byte	0x5
 589 0212 9903     		.2byte	0x399
 590 0214 90000000 		.4byte	0x90
 591 0218 02       		.byte	0x2
 592 0219 23       		.byte	0x23
 593 021a 0C       		.uleb128 0xc
 594 021b 0C       		.uleb128 0xc
 595 021c 435200   		.ascii	"CR\000"
 596 021f 05       		.byte	0x5
 597 0220 9A03     		.2byte	0x39a
 598 0222 90000000 		.4byte	0x90
 599 0226 02       		.byte	0x2
 600 0227 23       		.byte	0x23
 601 0228 10       		.uleb128 0x10
 602 0229 0C       		.uleb128 0xc
 603 022a 415200   		.ascii	"AR\000"
 604 022d 05       		.byte	0x5
 605 022e 9B03     		.2byte	0x39b
 606 0230 90000000 		.4byte	0x90
 607 0234 02       		.byte	0x2
 608 0235 23       		.byte	0x23
 609 0236 14       		.uleb128 0x14
 610 0237 09       		.uleb128 0x9
 611 0238 6A010000 		.4byte	.LASF32
 612 023c 05       		.byte	0x5
 613 023d 9C03     		.2byte	0x39c
 614 023f 90000000 		.4byte	0x90
 615 0243 02       		.byte	0x2
 616 0244 23       		.byte	0x23
 617 0245 18       		.uleb128 0x18
 618 0246 0C       		.uleb128 0xc
 619 0247 4F425200 		.ascii	"OBR\000"
 620 024b 05       		.byte	0x5
ARM GAS  /tmp/ccNOR8Ql.s 			page 12


 621 024c 9D03     		.2byte	0x39d
 622 024e 90000000 		.4byte	0x90
 623 0252 02       		.byte	0x2
 624 0253 23       		.byte	0x23
 625 0254 1C       		.uleb128 0x1c
 626 0255 09       		.uleb128 0x9
 627 0256 B3000000 		.4byte	.LASF33
 628 025a 05       		.byte	0x5
 629 025b 9E03     		.2byte	0x39e
 630 025d 90000000 		.4byte	0x90
 631 0261 02       		.byte	0x2
 632 0262 23       		.byte	0x23
 633 0263 20       		.uleb128 0x20
 634 0264 00       		.byte	0x0
 635 0265 0A       		.uleb128 0xa
 636 0266 58000000 		.4byte	.LASF34
 637 026a 05       		.byte	0x5
 638 026b A703     		.2byte	0x3a7
 639 026d D7010000 		.4byte	0x1d7
 640 0271 08       		.uleb128 0x8
 641 0272 08       		.byte	0x8
 642 0273 05       		.byte	0x5
 643 0274 3904     		.2byte	0x439
 644 0276 98020000 		.4byte	0x298
 645 027a 0C       		.uleb128 0xc
 646 027b 435200   		.ascii	"CR\000"
 647 027e 05       		.byte	0x5
 648 027f 3B04     		.2byte	0x43b
 649 0281 90000000 		.4byte	0x90
 650 0285 02       		.byte	0x2
 651 0286 23       		.byte	0x23
 652 0287 00       		.uleb128 0x0
 653 0288 0C       		.uleb128 0xc
 654 0289 43535200 		.ascii	"CSR\000"
 655 028d 05       		.byte	0x5
 656 028e 3C04     		.2byte	0x43c
 657 0290 90000000 		.4byte	0x90
 658 0294 02       		.byte	0x2
 659 0295 23       		.byte	0x23
 660 0296 04       		.uleb128 0x4
 661 0297 00       		.byte	0x0
 662 0298 0A       		.uleb128 0xa
 663 0299 5E010000 		.4byte	.LASF35
 664 029d 05       		.byte	0x5
 665 029e 3D04     		.2byte	0x43d
 666 02a0 71020000 		.4byte	0x271
 667 02a4 08       		.uleb128 0x8
 668 02a5 28       		.byte	0x28
 669 02a6 05       		.byte	0x5
 670 02a7 4304     		.2byte	0x443
 671 02a9 43030000 		.4byte	0x343
 672 02ad 0C       		.uleb128 0xc
 673 02ae 435200   		.ascii	"CR\000"
 674 02b1 05       		.byte	0x5
 675 02b2 4504     		.2byte	0x445
 676 02b4 90000000 		.4byte	0x90
 677 02b8 02       		.byte	0x2
ARM GAS  /tmp/ccNOR8Ql.s 			page 13


 678 02b9 23       		.byte	0x23
 679 02ba 00       		.uleb128 0x0
 680 02bb 09       		.uleb128 0x9
 681 02bc 13000000 		.4byte	.LASF36
 682 02c0 05       		.byte	0x5
 683 02c1 4604     		.2byte	0x446
 684 02c3 90000000 		.4byte	0x90
 685 02c7 02       		.byte	0x2
 686 02c8 23       		.byte	0x23
 687 02c9 04       		.uleb128 0x4
 688 02ca 0C       		.uleb128 0xc
 689 02cb 43495200 		.ascii	"CIR\000"
 690 02cf 05       		.byte	0x5
 691 02d0 4704     		.2byte	0x447
 692 02d2 90000000 		.4byte	0x90
 693 02d6 02       		.byte	0x2
 694 02d7 23       		.byte	0x23
 695 02d8 08       		.uleb128 0x8
 696 02d9 09       		.uleb128 0x9
 697 02da 8C010000 		.4byte	.LASF37
 698 02de 05       		.byte	0x5
 699 02df 4804     		.2byte	0x448
 700 02e1 90000000 		.4byte	0x90
 701 02e5 02       		.byte	0x2
 702 02e6 23       		.byte	0x23
 703 02e7 0C       		.uleb128 0xc
 704 02e8 09       		.uleb128 0x9
 705 02e9 D8000000 		.4byte	.LASF38
 706 02ed 05       		.byte	0x5
 707 02ee 4904     		.2byte	0x449
 708 02f0 90000000 		.4byte	0x90
 709 02f4 02       		.byte	0x2
 710 02f5 23       		.byte	0x23
 711 02f6 10       		.uleb128 0x10
 712 02f7 09       		.uleb128 0x9
 713 02f8 A4000000 		.4byte	.LASF39
 714 02fc 05       		.byte	0x5
 715 02fd 4A04     		.2byte	0x44a
 716 02ff 90000000 		.4byte	0x90
 717 0303 02       		.byte	0x2
 718 0304 23       		.byte	0x23
 719 0305 14       		.uleb128 0x14
 720 0306 09       		.uleb128 0x9
 721 0307 DA010000 		.4byte	.LASF40
 722 030b 05       		.byte	0x5
 723 030c 4B04     		.2byte	0x44b
 724 030e 90000000 		.4byte	0x90
 725 0312 02       		.byte	0x2
 726 0313 23       		.byte	0x23
 727 0314 18       		.uleb128 0x18
 728 0315 09       		.uleb128 0x9
 729 0316 84010000 		.4byte	.LASF41
 730 031a 05       		.byte	0x5
 731 031b 4C04     		.2byte	0x44c
 732 031d 90000000 		.4byte	0x90
 733 0321 02       		.byte	0x2
 734 0322 23       		.byte	0x23
ARM GAS  /tmp/ccNOR8Ql.s 			page 14


 735 0323 1C       		.uleb128 0x1c
 736 0324 09       		.uleb128 0x9
 737 0325 0E000000 		.4byte	.LASF42
 738 0329 05       		.byte	0x5
 739 032a 4D04     		.2byte	0x44d
 740 032c 90000000 		.4byte	0x90
 741 0330 02       		.byte	0x2
 742 0331 23       		.byte	0x23
 743 0332 20       		.uleb128 0x20
 744 0333 0C       		.uleb128 0xc
 745 0334 43535200 		.ascii	"CSR\000"
 746 0338 05       		.byte	0x5
 747 0339 4E04     		.2byte	0x44e
 748 033b 90000000 		.4byte	0x90
 749 033f 02       		.byte	0x2
 750 0340 23       		.byte	0x23
 751 0341 24       		.uleb128 0x24
 752 0342 00       		.byte	0x0
 753 0343 0A       		.uleb128 0xa
 754 0344 1B020000 		.4byte	.LASF43
 755 0348 05       		.byte	0x5
 756 0349 5904     		.2byte	0x459
 757 034b A4020000 		.4byte	0x2a4
 758 034f 0D       		.uleb128 0xd
 759 0350 21010000 		.4byte	.LASF50
 760 0354 01       		.byte	0x1
 761 0355 38       		.byte	0x38
 762 0356 01       		.byte	0x1
 763 0357 00000000 		.4byte	.LFB62
 764 035b 58000000 		.4byte	.LFE62
 765 035f 02       		.byte	0x2
 766 0360 7D       		.byte	0x7d
 767 0361 00       		.sleb128 0
 768 0362 0E       		.uleb128 0xe
 769 0363 01       		.byte	0x1
 770 0364 EF010000 		.4byte	.LASF44
 771 0368 01       		.byte	0x1
 772 0369 65       		.byte	0x65
 773 036a 01       		.byte	0x1
 774 036b 00000000 		.4byte	.LFB63
 775 036f 90000000 		.4byte	.LFE63
 776 0373 00000000 		.4byte	.LLST0
 777 0377 0F       		.uleb128 0xf
 778 0378 01       		.byte	0x1
 779 0379 01020000 		.4byte	.LASF45
 780 037d 01       		.byte	0x1
 781 037e 95       		.byte	0x95
 782 037f 01       		.byte	0x1
 783 0380 00000000 		.4byte	.LFB64
 784 0384 B4000000 		.4byte	.LFE64
 785 0388 02       		.byte	0x2
 786 0389 7D       		.byte	0x7d
 787 038a 00       		.sleb128 0
 788 038b 10       		.uleb128 0x10
 789 038c 43010000 		.4byte	.LASF46
 790 0390 04       		.byte	0x4
 791 0391 9404     		.2byte	0x494
ARM GAS  /tmp/ccNOR8Ql.s 			page 15


 792 0393 D2010000 		.4byte	0x1d2
 793 0397 01       		.byte	0x1
 794 0398 01       		.byte	0x1
 795 0399 10       		.uleb128 0x10
 796 039a 43010000 		.4byte	.LASF46
 797 039e 04       		.byte	0x4
 798 039f 9404     		.2byte	0x494
 799 03a1 D2010000 		.4byte	0x1d2
 800 03a5 01       		.byte	0x1
 801 03a6 01       		.byte	0x1
 802 03a7 00       		.byte	0x0
 803              		.section	.debug_abbrev
 804 0000 01       		.uleb128 0x1
 805 0001 11       		.uleb128 0x11
 806 0002 01       		.byte	0x1
 807 0003 25       		.uleb128 0x25
 808 0004 0E       		.uleb128 0xe
 809 0005 13       		.uleb128 0x13
 810 0006 0B       		.uleb128 0xb
 811 0007 03       		.uleb128 0x3
 812 0008 0E       		.uleb128 0xe
 813 0009 1B       		.uleb128 0x1b
 814 000a 0E       		.uleb128 0xe
 815 000b 11       		.uleb128 0x11
 816 000c 01       		.uleb128 0x1
 817 000d 52       		.uleb128 0x52
 818 000e 01       		.uleb128 0x1
 819 000f 55       		.uleb128 0x55
 820 0010 06       		.uleb128 0x6
 821 0011 10       		.uleb128 0x10
 822 0012 06       		.uleb128 0x6
 823 0013 00       		.byte	0x0
 824 0014 00       		.byte	0x0
 825 0015 02       		.uleb128 0x2
 826 0016 24       		.uleb128 0x24
 827 0017 00       		.byte	0x0
 828 0018 0B       		.uleb128 0xb
 829 0019 0B       		.uleb128 0xb
 830 001a 3E       		.uleb128 0x3e
 831 001b 0B       		.uleb128 0xb
 832 001c 03       		.uleb128 0x3
 833 001d 08       		.uleb128 0x8
 834 001e 00       		.byte	0x0
 835 001f 00       		.byte	0x0
 836 0020 03       		.uleb128 0x3
 837 0021 24       		.uleb128 0x24
 838 0022 00       		.byte	0x0
 839 0023 0B       		.uleb128 0xb
 840 0024 0B       		.uleb128 0xb
 841 0025 3E       		.uleb128 0x3e
 842 0026 0B       		.uleb128 0xb
 843 0027 03       		.uleb128 0x3
 844 0028 0E       		.uleb128 0xe
 845 0029 00       		.byte	0x0
 846 002a 00       		.byte	0x0
 847 002b 04       		.uleb128 0x4
 848 002c 16       		.uleb128 0x16
ARM GAS  /tmp/ccNOR8Ql.s 			page 16


 849 002d 00       		.byte	0x0
 850 002e 03       		.uleb128 0x3
 851 002f 0E       		.uleb128 0xe
 852 0030 3A       		.uleb128 0x3a
 853 0031 0B       		.uleb128 0xb
 854 0032 3B       		.uleb128 0x3b
 855 0033 0B       		.uleb128 0xb
 856 0034 49       		.uleb128 0x49
 857 0035 13       		.uleb128 0x13
 858 0036 00       		.byte	0x0
 859 0037 00       		.byte	0x0
 860 0038 05       		.uleb128 0x5
 861 0039 35       		.uleb128 0x35
 862 003a 00       		.byte	0x0
 863 003b 49       		.uleb128 0x49
 864 003c 13       		.uleb128 0x13
 865 003d 00       		.byte	0x0
 866 003e 00       		.byte	0x0
 867 003f 06       		.uleb128 0x6
 868 0040 13       		.uleb128 0x13
 869 0041 01       		.byte	0x1
 870 0042 0B       		.uleb128 0xb
 871 0043 0B       		.uleb128 0xb
 872 0044 3A       		.uleb128 0x3a
 873 0045 0B       		.uleb128 0xb
 874 0046 3B       		.uleb128 0x3b
 875 0047 0B       		.uleb128 0xb
 876 0048 01       		.uleb128 0x1
 877 0049 13       		.uleb128 0x13
 878 004a 00       		.byte	0x0
 879 004b 00       		.byte	0x0
 880 004c 07       		.uleb128 0x7
 881 004d 0D       		.uleb128 0xd
 882 004e 00       		.byte	0x0
 883 004f 03       		.uleb128 0x3
 884 0050 0E       		.uleb128 0xe
 885 0051 3A       		.uleb128 0x3a
 886 0052 0B       		.uleb128 0xb
 887 0053 3B       		.uleb128 0x3b
 888 0054 0B       		.uleb128 0xb
 889 0055 49       		.uleb128 0x49
 890 0056 13       		.uleb128 0x13
 891 0057 38       		.uleb128 0x38
 892 0058 0A       		.uleb128 0xa
 893 0059 00       		.byte	0x0
 894 005a 00       		.byte	0x0
 895 005b 08       		.uleb128 0x8
 896 005c 13       		.uleb128 0x13
 897 005d 01       		.byte	0x1
 898 005e 0B       		.uleb128 0xb
 899 005f 0B       		.uleb128 0xb
 900 0060 3A       		.uleb128 0x3a
 901 0061 0B       		.uleb128 0xb
 902 0062 3B       		.uleb128 0x3b
 903 0063 05       		.uleb128 0x5
 904 0064 01       		.uleb128 0x1
 905 0065 13       		.uleb128 0x13
ARM GAS  /tmp/ccNOR8Ql.s 			page 17


 906 0066 00       		.byte	0x0
 907 0067 00       		.byte	0x0
 908 0068 09       		.uleb128 0x9
 909 0069 0D       		.uleb128 0xd
 910 006a 00       		.byte	0x0
 911 006b 03       		.uleb128 0x3
 912 006c 0E       		.uleb128 0xe
 913 006d 3A       		.uleb128 0x3a
 914 006e 0B       		.uleb128 0xb
 915 006f 3B       		.uleb128 0x3b
 916 0070 05       		.uleb128 0x5
 917 0071 49       		.uleb128 0x49
 918 0072 13       		.uleb128 0x13
 919 0073 38       		.uleb128 0x38
 920 0074 0A       		.uleb128 0xa
 921 0075 00       		.byte	0x0
 922 0076 00       		.byte	0x0
 923 0077 0A       		.uleb128 0xa
 924 0078 16       		.uleb128 0x16
 925 0079 00       		.byte	0x0
 926 007a 03       		.uleb128 0x3
 927 007b 0E       		.uleb128 0xe
 928 007c 3A       		.uleb128 0x3a
 929 007d 0B       		.uleb128 0xb
 930 007e 3B       		.uleb128 0x3b
 931 007f 05       		.uleb128 0x5
 932 0080 49       		.uleb128 0x49
 933 0081 13       		.uleb128 0x13
 934 0082 00       		.byte	0x0
 935 0083 00       		.byte	0x0
 936 0084 0B       		.uleb128 0xb
 937 0085 26       		.uleb128 0x26
 938 0086 00       		.byte	0x0
 939 0087 49       		.uleb128 0x49
 940 0088 13       		.uleb128 0x13
 941 0089 00       		.byte	0x0
 942 008a 00       		.byte	0x0
 943 008b 0C       		.uleb128 0xc
 944 008c 0D       		.uleb128 0xd
 945 008d 00       		.byte	0x0
 946 008e 03       		.uleb128 0x3
 947 008f 08       		.uleb128 0x8
 948 0090 3A       		.uleb128 0x3a
 949 0091 0B       		.uleb128 0xb
 950 0092 3B       		.uleb128 0x3b
 951 0093 05       		.uleb128 0x5
 952 0094 49       		.uleb128 0x49
 953 0095 13       		.uleb128 0x13
 954 0096 38       		.uleb128 0x38
 955 0097 0A       		.uleb128 0xa
 956 0098 00       		.byte	0x0
 957 0099 00       		.byte	0x0
 958 009a 0D       		.uleb128 0xd
 959 009b 2E       		.uleb128 0x2e
 960 009c 00       		.byte	0x0
 961 009d 03       		.uleb128 0x3
 962 009e 0E       		.uleb128 0xe
ARM GAS  /tmp/ccNOR8Ql.s 			page 18


 963 009f 3A       		.uleb128 0x3a
 964 00a0 0B       		.uleb128 0xb
 965 00a1 3B       		.uleb128 0x3b
 966 00a2 0B       		.uleb128 0xb
 967 00a3 27       		.uleb128 0x27
 968 00a4 0C       		.uleb128 0xc
 969 00a5 11       		.uleb128 0x11
 970 00a6 01       		.uleb128 0x1
 971 00a7 12       		.uleb128 0x12
 972 00a8 01       		.uleb128 0x1
 973 00a9 40       		.uleb128 0x40
 974 00aa 0A       		.uleb128 0xa
 975 00ab 00       		.byte	0x0
 976 00ac 00       		.byte	0x0
 977 00ad 0E       		.uleb128 0xe
 978 00ae 2E       		.uleb128 0x2e
 979 00af 00       		.byte	0x0
 980 00b0 3F       		.uleb128 0x3f
 981 00b1 0C       		.uleb128 0xc
 982 00b2 03       		.uleb128 0x3
 983 00b3 0E       		.uleb128 0xe
 984 00b4 3A       		.uleb128 0x3a
 985 00b5 0B       		.uleb128 0xb
 986 00b6 3B       		.uleb128 0x3b
 987 00b7 0B       		.uleb128 0xb
 988 00b8 27       		.uleb128 0x27
 989 00b9 0C       		.uleb128 0xc
 990 00ba 11       		.uleb128 0x11
 991 00bb 01       		.uleb128 0x1
 992 00bc 12       		.uleb128 0x12
 993 00bd 01       		.uleb128 0x1
 994 00be 40       		.uleb128 0x40
 995 00bf 06       		.uleb128 0x6
 996 00c0 00       		.byte	0x0
 997 00c1 00       		.byte	0x0
 998 00c2 0F       		.uleb128 0xf
 999 00c3 2E       		.uleb128 0x2e
 1000 00c4 00       		.byte	0x0
 1001 00c5 3F       		.uleb128 0x3f
 1002 00c6 0C       		.uleb128 0xc
 1003 00c7 03       		.uleb128 0x3
 1004 00c8 0E       		.uleb128 0xe
 1005 00c9 3A       		.uleb128 0x3a
 1006 00ca 0B       		.uleb128 0xb
 1007 00cb 3B       		.uleb128 0x3b
 1008 00cc 0B       		.uleb128 0xb
 1009 00cd 27       		.uleb128 0x27
 1010 00ce 0C       		.uleb128 0xc
 1011 00cf 11       		.uleb128 0x11
 1012 00d0 01       		.uleb128 0x1
 1013 00d1 12       		.uleb128 0x12
 1014 00d2 01       		.uleb128 0x1
 1015 00d3 40       		.uleb128 0x40
 1016 00d4 0A       		.uleb128 0xa
 1017 00d5 00       		.byte	0x0
 1018 00d6 00       		.byte	0x0
 1019 00d7 10       		.uleb128 0x10
ARM GAS  /tmp/ccNOR8Ql.s 			page 19


 1020 00d8 34       		.uleb128 0x34
 1021 00d9 00       		.byte	0x0
 1022 00da 03       		.uleb128 0x3
 1023 00db 0E       		.uleb128 0xe
 1024 00dc 3A       		.uleb128 0x3a
 1025 00dd 0B       		.uleb128 0xb
 1026 00de 3B       		.uleb128 0x3b
 1027 00df 05       		.uleb128 0x5
 1028 00e0 49       		.uleb128 0x49
 1029 00e1 13       		.uleb128 0x13
 1030 00e2 3F       		.uleb128 0x3f
 1031 00e3 0C       		.uleb128 0xc
 1032 00e4 3C       		.uleb128 0x3c
 1033 00e5 0C       		.uleb128 0xc
 1034 00e6 00       		.byte	0x0
 1035 00e7 00       		.byte	0x0
 1036 00e8 00       		.byte	0x0
 1037              		.section	.debug_pubnames,"",%progbits
 1038 0000 34000000 		.4byte	0x34
 1039 0004 0200     		.2byte	0x2
 1040 0006 00000000 		.4byte	.Ldebug_info0
 1041 000a A8030000 		.4byte	0x3a8
 1042 000e 62030000 		.4byte	0x362
 1043 0012 68616C5F 		.ascii	"hal_lld_init\000"
 1043      6C6C645F 
 1043      696E6974 
 1043      00
 1044 001f 77030000 		.4byte	0x377
 1045 0023 73746D33 		.ascii	"stm32_clock_init\000"
 1045      325F636C 
 1045      6F636B5F 
 1045      696E6974 
 1045      00
 1046 0034 00000000 		.4byte	0x0
 1047              		.section	.debug_pubtypes,"",%progbits
 1048 0000 8F000000 		.4byte	0x8f
 1049 0004 0200     		.2byte	0x2
 1050 0006 00000000 		.4byte	.Ldebug_info0
 1051 000a A8030000 		.4byte	0x3a8
 1052 000e 4C000000 		.4byte	0x4c
 1053 0012 75696E74 		.ascii	"uint16_t\000"
 1053      31365F74 
 1053      00
 1054 001b 5E000000 		.4byte	0x5e
 1055 001f 696E7433 		.ascii	"int32_t\000"
 1055      325F7400 
 1056 0027 70000000 		.4byte	0x70
 1057 002b 75696E74 		.ascii	"uint32_t\000"
 1057      33325F74 
 1057      00
 1058 0034 DB000000 		.4byte	0xdb
 1059 0038 434D785F 		.ascii	"CMx_SCS\000"
 1059      53435300 
 1060 0040 68010000 		.4byte	0x168
 1061 0044 434D785F 		.ascii	"CMx_DWT\000"
 1061      44575400 
 1062 004c C6010000 		.4byte	0x1c6
ARM GAS  /tmp/ccNOR8Ql.s 			page 20


 1063 0050 53797354 		.ascii	"SysTick_Type\000"
 1063      69636B5F 
 1063      54797065 
 1063      00
 1064 005d 65020000 		.4byte	0x265
 1065 0061 464C4153 		.ascii	"FLASH_TypeDef\000"
 1065      485F5479 
 1065      70654465 
 1065      6600
 1066 006f 98020000 		.4byte	0x298
 1067 0073 5057525F 		.ascii	"PWR_TypeDef\000"
 1067      54797065 
 1067      44656600 
 1068 007f 43030000 		.4byte	0x343
 1069 0083 5243435F 		.ascii	"RCC_TypeDef\000"
 1069      54797065 
 1069      44656600 
 1070 008f 00000000 		.4byte	0x0
 1071              		.section	.debug_aranges,"",%progbits
 1072 0000 2C000000 		.4byte	0x2c
 1073 0004 0200     		.2byte	0x2
 1074 0006 00000000 		.4byte	.Ldebug_info0
 1075 000a 04       		.byte	0x4
 1076 000b 00       		.byte	0x0
 1077 000c 0000     		.2byte	0x0
 1078 000e 0000     		.2byte	0x0
 1079 0010 00000000 		.4byte	.LFB62
 1080 0014 58000000 		.4byte	.LFE62-.LFB62
 1081 0018 00000000 		.4byte	.LFB63
 1082 001c 90000000 		.4byte	.LFE63-.LFB63
 1083 0020 00000000 		.4byte	.LFB64
 1084 0024 B4000000 		.4byte	.LFE64-.LFB64
 1085 0028 00000000 		.4byte	0x0
 1086 002c 00000000 		.4byte	0x0
 1087              		.section	.debug_ranges,"",%progbits
 1088              	.Ldebug_ranges0:
 1089 0000 00000000 		.4byte	.LFB62
 1090 0004 58000000 		.4byte	.LFE62
 1091 0008 00000000 		.4byte	.LFB63
 1092 000c 90000000 		.4byte	.LFE63
 1093 0010 00000000 		.4byte	.LFB64
 1094 0014 B4000000 		.4byte	.LFE64
 1095 0018 00000000 		.4byte	0x0
 1096 001c 00000000 		.4byte	0x0
 1097              		.section	.debug_str,"MS",%progbits,1
 1098              	.LASF10:
 1099 0000 6C6F6E67 		.ascii	"long long int\000"
 1099      206C6F6E 
 1099      6720696E 
 1099      7400
 1100              	.LASF42:
 1101 000e 42444352 		.ascii	"BDCR\000"
 1101      00
 1102              	.LASF36:
 1103 0013 43464752 		.ascii	"CFGR\000"
 1103      00
 1104              	.LASF47:
ARM GAS  /tmp/ccNOR8Ql.s 			page 21


 1105 0018 474E5520 		.ascii	"GNU C 4.5.2\000"
 1105      4320342E 
 1105      352E3200 
 1106              	.LASF49:
 1107 0024 2F686F6D 		.ascii	"/home/z80/projects/digitizer.git/firmware/digitizer"
 1107      652F7A38 
 1107      302F7072 
 1107      6F6A6563 
 1107      74732F64 
 1108 0057 00       		.ascii	"\000"
 1109              	.LASF34:
 1110 0058 464C4153 		.ascii	"FLASH_TypeDef\000"
 1110      485F5479 
 1110      70654465 
 1110      6600
 1111              	.LASF25:
 1112 0066 434D785F 		.ascii	"CMx_DWT\000"
 1112      44575400 
 1113              	.LASF48:
 1114 006e 2E2E2F63 		.ascii	"../chibios_2.4.x/os/hal/platforms/STM32F1xx/hal_lld"
 1114      68696269 
 1114      6F735F32 
 1114      2E342E78 
 1114      2F6F732F 
 1115 00a1 2E6300   		.ascii	".c\000"
 1116              	.LASF39:
 1117 00a4 41484245 		.ascii	"AHBENR\000"
 1117      4E5200
 1118              	.LASF23:
 1119 00ab 464F4C44 		.ascii	"FOLDCNT\000"
 1119      434E5400 
 1120              	.LASF33:
 1121 00b3 57525052 		.ascii	"WRPR\000"
 1121      00
 1122              	.LASF21:
 1123 00b8 534C4545 		.ascii	"SLEEPCNT\000"
 1123      50434E54 
 1123      00
 1124              	.LASF11:
 1125 00c1 6C6F6E67 		.ascii	"long long unsigned int\000"
 1125      206C6F6E 
 1125      6720756E 
 1125      7369676E 
 1125      65642069 
 1126              	.LASF38:
 1127 00d8 41504231 		.ascii	"APB1RSTR\000"
 1127      52535452 
 1127      00
 1128              	.LASF15:
 1129 00e1 44454D43 		.ascii	"DEMCR\000"
 1129      5200
 1130              	.LASF2:
 1131 00e7 756E7369 		.ascii	"unsigned char\000"
 1131      676E6564 
 1131      20636861 
 1131      7200
 1132              	.LASF18:
ARM GAS  /tmp/ccNOR8Ql.s 			page 22


 1133 00f5 43594343 		.ascii	"CYCCNT\000"
 1133      4E5400
 1134              	.LASF9:
 1135 00fc 6C6F6E67 		.ascii	"long unsigned int\000"
 1135      20756E73 
 1135      69676E65 
 1135      6420696E 
 1135      7400
 1136              	.LASF4:
 1137 010e 73686F72 		.ascii	"short unsigned int\000"
 1137      7420756E 
 1137      7369676E 
 1137      65642069 
 1137      6E7400
 1138              	.LASF50:
 1139 0121 68616C5F 		.ascii	"hal_lld_backup_domain_init\000"
 1139      6C6C645F 
 1139      6261636B 
 1139      75705F64 
 1139      6F6D6169 
 1140              	.LASF19:
 1141 013c 43504943 		.ascii	"CPICNT\000"
 1141      4E5400
 1142              	.LASF46:
 1143 0143 49544D5F 		.ascii	"ITM_RxBuffer\000"
 1143      52784275 
 1143      66666572 
 1143      00
 1144              	.LASF12:
 1145 0150 44484353 		.ascii	"DHCSR\000"
 1145      5200
 1146              	.LASF31:
 1147 0156 4F50544B 		.ascii	"OPTKEYR\000"
 1147      45595200 
 1148              	.LASF35:
 1149 015e 5057525F 		.ascii	"PWR_TypeDef\000"
 1149      54797065 
 1149      44656600 
 1150              	.LASF32:
 1151 016a 52455345 		.ascii	"RESERVED\000"
 1151      52564544 
 1151      00
 1152              	.LASF3:
 1153 0173 73686F72 		.ascii	"short int\000"
 1153      7420696E 
 1153      7400
 1154              	.LASF22:
 1155 017d 4C535543 		.ascii	"LSUCNT\000"
 1155      4E5400
 1156              	.LASF41:
 1157 0184 41504231 		.ascii	"APB1ENR\000"
 1157      454E5200 
 1158              	.LASF37:
 1159 018c 41504232 		.ascii	"APB2RSTR\000"
 1159      52535452 
 1159      00
 1160              	.LASF13:
ARM GAS  /tmp/ccNOR8Ql.s 			page 23


 1161 0195 44435253 		.ascii	"DCRSR\000"
 1161      5200
 1162              	.LASF0:
 1163 019b 756E7369 		.ascii	"unsigned int\000"
 1163      676E6564 
 1163      20696E74 
 1163      00
 1164              	.LASF26:
 1165 01a8 63686172 		.ascii	"char\000"
 1165      00
 1166              	.LASF29:
 1167 01ad 53797354 		.ascii	"SysTick_Type\000"
 1167      69636B5F 
 1167      54797065 
 1167      00
 1168              	.LASF14:
 1169 01ba 44435244 		.ascii	"DCRDR\000"
 1169      5200
 1170              	.LASF17:
 1171 01c0 4354524C 		.ascii	"CTRL\000"
 1171      00
 1172              	.LASF20:
 1173 01c5 45584343 		.ascii	"EXCCNT\000"
 1173      4E5400
 1174              	.LASF6:
 1175 01cc 696E7433 		.ascii	"int32_t\000"
 1175      325F7400 
 1176              	.LASF28:
 1177 01d4 43414C49 		.ascii	"CALIB\000"
 1177      4200
 1178              	.LASF40:
 1179 01da 41504232 		.ascii	"APB2ENR\000"
 1179      454E5200 
 1180              	.LASF24:
 1181 01e2 50435352 		.ascii	"PCSR\000"
 1181      00
 1182              	.LASF16:
 1183 01e7 434D785F 		.ascii	"CMx_SCS\000"
 1183      53435300 
 1184              	.LASF44:
 1185 01ef 68616C5F 		.ascii	"hal_lld_init\000"
 1185      6C6C645F 
 1185      696E6974 
 1185      00
 1186              	.LASF27:
 1187 01fc 4C4F4144 		.ascii	"LOAD\000"
 1187      00
 1188              	.LASF45:
 1189 0201 73746D33 		.ascii	"stm32_clock_init\000"
 1189      325F636C 
 1189      6F636B5F 
 1189      696E6974 
 1189      00
 1190              	.LASF5:
 1191 0212 75696E74 		.ascii	"uint16_t\000"
 1191      31365F74 
 1191      00
ARM GAS  /tmp/ccNOR8Ql.s 			page 24


 1192              	.LASF43:
 1193 021b 5243435F 		.ascii	"RCC_TypeDef\000"
 1193      54797065 
 1193      44656600 
 1194              	.LASF8:
 1195 0227 75696E74 		.ascii	"uint32_t\000"
 1195      33325F74 
 1195      00
 1196              	.LASF7:
 1197 0230 6C6F6E67 		.ascii	"long int\000"
 1197      20696E74 
 1197      00
 1198              	.LASF30:
 1199 0239 4B455952 		.ascii	"KEYR\000"
 1199      00
 1200              	.LASF1:
 1201 023e 7369676E 		.ascii	"signed char\000"
 1201      65642063 
 1201      68617200 
 1202              		.ident	"GCC: (Sourcery G++ Lite 2011.03-42) 4.5.2"
ARM GAS  /tmp/ccNOR8Ql.s 			page 25


DEFINED SYMBOLS
                            *ABS*:00000000 hal_lld.c
     /tmp/ccNOR8Ql.s:24     .text.hal_lld_backup_domain_init:00000000 $t
     /tmp/ccNOR8Ql.s:29     .text.hal_lld_backup_domain_init:00000000 hal_lld_backup_domain_init
     /tmp/ccNOR8Ql.s:82     .text.hal_lld_backup_domain_init:00000050 $d
     /tmp/ccNOR8Ql.s:88     .text.hal_lld_init:00000000 $t
     /tmp/ccNOR8Ql.s:94     .text.hal_lld_init:00000000 hal_lld_init
     /tmp/ccNOR8Ql.s:168    .text.hal_lld_init:0000007c $d
     /tmp/ccNOR8Ql.s:177    .text.stm32_clock_init:00000000 $t
     /tmp/ccNOR8Ql.s:183    .text.stm32_clock_init:00000000 stm32_clock_init
     /tmp/ccNOR8Ql.s:288    .text.stm32_clock_init:000000a8 $d
                     .debug_frame:00000010 $d
     /tmp/ccNOR8Ql.s:87     .text.hal_lld_backup_domain_init:00000058 $t
     /tmp/ccNOR8Ql.s:294    .text.stm32_clock_init:000000b4 $t

UNDEFINED SYMBOLS
dmaInit
