ARM GAS  C:\Users\z80\AppData\Local\Temp\cci1gNVz.s 			page 1


   1              		.syntax unified
   2              		.cpu cortex-m3
   3              		.fpu softvfp
   4              		.eabi_attribute 20, 1
   5              		.eabi_attribute 21, 1
   6              		.eabi_attribute 23, 3
   7              		.eabi_attribute 24, 1
   8              		.eabi_attribute 25, 1
   9              		.eabi_attribute 26, 1
  10              		.eabi_attribute 30, 2
  11              		.eabi_attribute 34, 1
  12              		.eabi_attribute 18, 4
  13              		.thumb
  14              		.file	"iwdg.c"
  15              		.text
  16              	.Ltext0:
  17              		.cfi_sections	.debug_frame
  18              		.section	.text.iwdgInit,"ax",%progbits
  19              		.align	2
  20              		.p2align 4,,15
  21              		.global	iwdgInit
  22              		.thumb
  23              		.thumb_func
  24              		.type	iwdgInit, %function
  25              	iwdgInit:
  26              	.LFB62:
  27              		.file 1 "./src/iwdg/iwdg.c"
  28              		.loc 1 70 0
  29              		.cfi_startproc
  30              		@ args = 0, pretend = 0, frame = 0
  31              		@ frame_needed = 0, uses_anonymous_args = 0
  32              		@ link register save eliminated.
  33              		.loc 1 72 0
  34              		.loc 1 71 0
  35 0000 FFF7FEBF 		b	iwdg_lld_init
  36              		.cfi_endproc
  37              	.LFE62:
  38              		.size	iwdgInit, .-iwdgInit
  39 0004 AFF30080 		.section	.text.iwdgStart,"ax",%progbits
  39      AFF30080 
  39      AFF30080 
  40              		.align	2
  41              		.p2align 4,,15
  42              		.global	iwdgStart
  43              		.thumb
  44              		.thumb_func
  45              		.type	iwdgStart, %function
  46              	iwdgStart:
  47              	.LFB63:
  48              		.loc 1 84 0
  49              		.cfi_startproc
  50              		@ args = 0, pretend = 0, frame = 0
  51              		@ frame_needed = 0, uses_anonymous_args = 0
  52              	.LVL0:
  53 0000 38B5     		push	{r3, r4, r5, lr}
  54              	.LCFI0:
  55              		.cfi_def_cfa_offset 16
ARM GAS  C:\Users\z80\AppData\Local\Temp\cci1gNVz.s 			page 2


  56              		.cfi_offset 14, -4
  57              		.cfi_offset 5, -8
  58              		.cfi_offset 4, -12
  59              		.cfi_offset 3, -16
  60              		.loc 1 85 0
  61 0002 D0F10103 		rsbs	r3, r0, #1
  62 0006 38BF     		it	cc
  63 0008 0023     		movcc	r3, #0
  64 000a 0029     		cmp	r1, #0
  65 000c 08BF     		it	eq
  66 000e 43F00103 		orreq	r3, r3, #1
  67 0012 0446     		mov	r4, r0
  68 0014 0D46     		mov	r5, r1
  69 0016 2BB1     		cbz	r3, .L3
  70              		.loc 1 85 0 is_stmt 0 discriminator 1
  71 0018 40F20000 		movw	r0, #:lower16:.LC0
  72              	.LVL1:
  73 001c C0F20000 		movt	r0, #:upper16:.LC0
  74 0020 FFF7FEFF 		bl	chDbgPanic
  75              	.LVL2:
  76              	.L3:
  77              	.LBB2:
  78              		.loc 1 87 0 is_stmt 1
  79 0024 2023     		movs	r3, #32
  80              	.LVL3:
  81              	@ 87 "./src/iwdg/iwdg.c" 1
  82 0026 83F31188 		msr     BASEPRI, r3
  83              	@ 0 "" 2
  84              	.LVL4:
  85              		.thumb
  86              	.LBE2:
  87 002a FFF7FEFF 		bl	dbg_check_lock
  88              	.LVL5:
  89              		.loc 1 88 0
  90 002e 2046     		mov	r0, r4
  91 0030 2946     		mov	r1, r5
  92 0032 FFF7FEFF 		bl	iwdg_lld_start
  93              		.loc 1 89 0
  94 0036 0220     		movs	r0, #2
  95 0038 2070     		strb	r0, [r4, #0]
  96              		.loc 1 90 0
  97 003a FFF7FEFF 		bl	dbg_check_unlock
  98              	.LBB3:
  99 003e 0023     		movs	r3, #0
 100              	.LVL6:
 101              	@ 90 "./src/iwdg/iwdg.c" 1
 102 0040 83F31188 		msr     BASEPRI, r3
 103              	@ 0 "" 2
 104              	.LVL7:
 105              		.thumb
 106              	.LBE3:
 107              		.loc 1 91 0
 108 0044 38BD     		pop	{r3, r4, r5, pc}
 109              		.cfi_endproc
 110              	.LFE63:
 111              		.size	iwdgStart, .-iwdgStart
 112 0046 00BFAFF3 		.section	.text.iwdgReset,"ax",%progbits
ARM GAS  C:\Users\z80\AppData\Local\Temp\cci1gNVz.s 			page 3


 112      0080AFF3 
 112      0080
 113              		.align	2
 114              		.p2align 4,,15
 115              		.global	iwdgReset
 116              		.thumb
 117              		.thumb_func
 118              		.type	iwdgReset, %function
 119              	iwdgReset:
 120              	.LFB64:
 121              		.loc 1 101 0
 122              		.cfi_startproc
 123              		@ args = 0, pretend = 0, frame = 0
 124              		@ frame_needed = 0, uses_anonymous_args = 0
 125              	.LVL8:
 126 0000 10B5     		push	{r4, lr}
 127              	.LCFI1:
 128              		.cfi_def_cfa_offset 8
 129              		.cfi_offset 14, -4
 130              		.cfi_offset 4, -8
 131              		.loc 1 102 0
 132 0002 0446     		mov	r4, r0
 133 0004 68B1     		cbz	r0, .L7
 134              	.LVL9:
 135              	.L6:
 136              	.LBB4:
 137              		.loc 1 104 0
 138 0006 2023     		movs	r3, #32
 139              	.LVL10:
 140              	@ 104 "./src/iwdg/iwdg.c" 1
 141 0008 83F31188 		msr     BASEPRI, r3
 142              	@ 0 "" 2
 143              	.LVL11:
 144              		.thumb
 145              	.LBE4:
 146 000c FFF7FEFF 		bl	dbg_check_lock
 147              	.LVL12:
 148              		.loc 1 105 0
 149 0010 2046     		mov	r0, r4
 150 0012 FFF7FEFF 		bl	iwdg_lld_reset
 151              		.loc 1 106 0
 152 0016 FFF7FEFF 		bl	dbg_check_unlock
 153              	.LBB5:
 154 001a 0023     		movs	r3, #0
 155              	.LVL13:
 156              	@ 106 "./src/iwdg/iwdg.c" 1
 157 001c 83F31188 		msr     BASEPRI, r3
 158              	@ 0 "" 2
 159              	.LVL14:
 160              		.thumb
 161              	.LBE5:
 162              		.loc 1 107 0
 163 0020 10BD     		pop	{r4, pc}
 164              	.LVL15:
 165              	.L7:
 166              		.loc 1 102 0 discriminator 1
 167 0022 40F20000 		movw	r0, #:lower16:.LC1
ARM GAS  C:\Users\z80\AppData\Local\Temp\cci1gNVz.s 			page 4


 168 0026 C0F20000 		movt	r0, #:upper16:.LC1
 169 002a FFF7FEFF 		bl	chDbgPanic
 170 002e EAE7     		b	.L6
 171              		.cfi_endproc
 172              	.LFE64:
 173              		.size	iwdgReset, .-iwdgReset
 174              		.section	.rodata.str1.4,"aMS",%progbits,1
 175              		.align	2
 176              	.LC0:
 177 0000 22697764 		.ascii	"\"iwdgStart\"()\000"
 177      67537461 
 177      72742228 
 177      2900
 178 000e 0000     		.space	2
 179              	.LC1:
 180 0010 22697764 		.ascii	"\"iwdgReset\"()\000"
 180      67526573 
 180      65742228 
 180      2900
 181 001e 0000     		.text
 182              	.Letext0:
 183              		.file 2 "c:\\programs\\codesourcery\\2011.03-56\\bin\\../lib/gcc/arm-none-eabi/4.6.3/../../../../a
 184              		.file 3 "../chibios_2.4.x/os/hal/platforms/STM32F1xx/stm32f10x.h"
 185              		.file 4 "./src/iwdg/iwdg.h"
 186              		.file 5 "./src/iwdg/iwdg_lld.h"
 187              		.file 6 "../chibios_2.4.x/os/ports/common/ARMCMx/CMSIS/include/core_cm3.h"
 188              		.section	.debug_info,"",%progbits
 189              	.Ldebug_info0:
 190 0000 88020000 		.4byte	0x288
 191 0004 0200     		.2byte	0x2
 192 0006 00000000 		.4byte	.Ldebug_abbrev0
 193 000a 04       		.byte	0x4
 194 000b 01       		.uleb128 0x1
 195 000c B8000000 		.4byte	.LASF28
 196 0010 01       		.byte	0x1
 197 0011 06000000 		.4byte	.LASF29
 198 0015 2C000000 		.4byte	.LASF30
 199 0019 00000000 		.4byte	0
 200 001d 00000000 		.4byte	0
 201 0021 00000000 		.4byte	.Ldebug_ranges0+0
 202 0025 00000000 		.4byte	.Ldebug_line0
 203 0029 02       		.uleb128 0x2
 204 002a 04       		.byte	0x4
 205 002b 05       		.byte	0x5
 206 002c 696E7400 		.ascii	"int\000"
 207 0030 03       		.uleb128 0x3
 208 0031 04       		.byte	0x4
 209 0032 07       		.byte	0x7
 210 0033 DA000000 		.4byte	.LASF0
 211 0037 03       		.uleb128 0x3
 212 0038 01       		.byte	0x1
 213 0039 06       		.byte	0x6
 214 003a 62010000 		.4byte	.LASF1
 215 003e 04       		.uleb128 0x4
 216 003f EC000000 		.4byte	.LASF4
 217 0043 02       		.byte	0x2
 218 0044 2A       		.byte	0x2a
ARM GAS  C:\Users\z80\AppData\Local\Temp\cci1gNVz.s 			page 5


 219 0045 49000000 		.4byte	0x49
 220 0049 03       		.uleb128 0x3
 221 004a 01       		.byte	0x1
 222 004b 08       		.byte	0x8
 223 004c 78000000 		.4byte	.LASF2
 224 0050 03       		.uleb128 0x3
 225 0051 02       		.byte	0x2
 226 0052 05       		.byte	0x5
 227 0053 2E010000 		.4byte	.LASF3
 228 0057 04       		.uleb128 0x4
 229 0058 44010000 		.4byte	.LASF5
 230 005c 02       		.byte	0x2
 231 005d 36       		.byte	0x36
 232 005e 62000000 		.4byte	0x62
 233 0062 03       		.uleb128 0x3
 234 0063 02       		.byte	0x2
 235 0064 07       		.byte	0x7
 236 0065 98000000 		.4byte	.LASF6
 237 0069 04       		.uleb128 0x4
 238 006a 05010000 		.4byte	.LASF7
 239 006e 02       		.byte	0x2
 240 006f 4F       		.byte	0x4f
 241 0070 74000000 		.4byte	0x74
 242 0074 03       		.uleb128 0x3
 243 0075 04       		.byte	0x4
 244 0076 05       		.byte	0x5
 245 0077 18000000 		.4byte	.LASF8
 246 007b 04       		.uleb128 0x4
 247 007c 4D010000 		.4byte	.LASF9
 248 0080 02       		.byte	0x2
 249 0081 50       		.byte	0x50
 250 0082 86000000 		.4byte	0x86
 251 0086 03       		.uleb128 0x3
 252 0087 04       		.byte	0x4
 253 0088 07       		.byte	0x7
 254 0089 86000000 		.4byte	.LASF10
 255 008d 03       		.uleb128 0x3
 256 008e 08       		.byte	0x8
 257 008f 05       		.byte	0x5
 258 0090 0D010000 		.4byte	.LASF11
 259 0094 03       		.uleb128 0x3
 260 0095 08       		.byte	0x8
 261 0096 07       		.byte	0x7
 262 0097 61000000 		.4byte	.LASF12
 263 009b 05       		.uleb128 0x5
 264 009c 7B000000 		.4byte	0x7b
 265 00a0 03       		.uleb128 0x3
 266 00a1 01       		.byte	0x1
 267 00a2 08       		.byte	0x8
 268 00a3 E7000000 		.4byte	.LASF13
 269 00a7 05       		.uleb128 0x5
 270 00a8 69000000 		.4byte	0x69
 271 00ac 06       		.uleb128 0x6
 272 00ad 10       		.byte	0x10
 273 00ae 03       		.byte	0x3
 274 00af 2D04     		.2byte	0x42d
 275 00b1 EF000000 		.4byte	0xef
ARM GAS  C:\Users\z80\AppData\Local\Temp\cci1gNVz.s 			page 6


 276 00b5 07       		.uleb128 0x7
 277 00b6 4B5200   		.ascii	"KR\000"
 278 00b9 03       		.byte	0x3
 279 00ba 2F04     		.2byte	0x42f
 280 00bc 9B000000 		.4byte	0x9b
 281 00c0 02       		.byte	0x2
 282 00c1 23       		.byte	0x23
 283 00c2 00       		.uleb128 0
 284 00c3 07       		.uleb128 0x7
 285 00c4 505200   		.ascii	"PR\000"
 286 00c7 03       		.byte	0x3
 287 00c8 3004     		.2byte	0x430
 288 00ca 9B000000 		.4byte	0x9b
 289 00ce 02       		.byte	0x2
 290 00cf 23       		.byte	0x23
 291 00d0 04       		.uleb128 0x4
 292 00d1 07       		.uleb128 0x7
 293 00d2 524C5200 		.ascii	"RLR\000"
 294 00d6 03       		.byte	0x3
 295 00d7 3104     		.2byte	0x431
 296 00d9 9B000000 		.4byte	0x9b
 297 00dd 02       		.byte	0x2
 298 00de 23       		.byte	0x23
 299 00df 08       		.uleb128 0x8
 300 00e0 07       		.uleb128 0x7
 301 00e1 535200   		.ascii	"SR\000"
 302 00e4 03       		.byte	0x3
 303 00e5 3204     		.2byte	0x432
 304 00e7 9B000000 		.4byte	0x9b
 305 00eb 02       		.byte	0x2
 306 00ec 23       		.byte	0x23
 307 00ed 0C       		.uleb128 0xc
 308 00ee 00       		.byte	0
 309 00ef 08       		.uleb128 0x8
 310 00f0 83010000 		.4byte	.LASF14
 311 00f4 03       		.byte	0x3
 312 00f5 3304     		.2byte	0x433
 313 00f7 AC000000 		.4byte	0xac
 314 00fb 09       		.uleb128 0x9
 315 00fc 01       		.byte	0x1
 316 00fd 04       		.byte	0x4
 317 00fe 3C       		.byte	0x3c
 318 00ff 16010000 		.4byte	0x116
 319 0103 0A       		.uleb128 0xa
 320 0104 56010000 		.4byte	.LASF15
 321 0108 00       		.sleb128 0
 322 0109 0A       		.uleb128 0xa
 323 010a CB000000 		.4byte	.LASF16
 324 010e 01       		.sleb128 1
 325 010f 0A       		.uleb128 0xa
 326 0110 78010000 		.4byte	.LASF17
 327 0114 02       		.sleb128 2
 328 0115 00       		.byte	0
 329 0116 04       		.uleb128 0x4
 330 0117 38010000 		.4byte	.LASF18
 331 011b 04       		.byte	0x4
 332 011c 40       		.byte	0x40
ARM GAS  C:\Users\z80\AppData\Local\Temp\cci1gNVz.s 			page 7


 333 011d FB000000 		.4byte	0xfb
 334 0121 0B       		.uleb128 0xb
 335 0122 04       		.byte	0x4
 336 0123 05       		.byte	0x5
 337 0124 49       		.byte	0x49
 338 0125 46010000 		.4byte	0x146
 339 0129 0C       		.uleb128 0xc
 340 012a 59000000 		.4byte	.LASF19
 341 012e 05       		.byte	0x5
 342 012f 4A       		.byte	0x4a
 343 0130 57000000 		.4byte	0x57
 344 0134 02       		.byte	0x2
 345 0135 23       		.byte	0x23
 346 0136 00       		.uleb128 0
 347 0137 0D       		.uleb128 0xd
 348 0138 64697600 		.ascii	"div\000"
 349 013c 05       		.byte	0x5
 350 013d 4B       		.byte	0x4b
 351 013e 3E000000 		.4byte	0x3e
 352 0142 02       		.byte	0x2
 353 0143 23       		.byte	0x23
 354 0144 02       		.uleb128 0x2
 355 0145 00       		.byte	0
 356 0146 04       		.uleb128 0x4
 357 0147 F4000000 		.4byte	.LASF20
 358 014b 05       		.byte	0x5
 359 014c 4C       		.byte	0x4c
 360 014d 21010000 		.4byte	0x121
 361 0151 0E       		.uleb128 0xe
 362 0152 21000000 		.4byte	.LASF23
 363 0156 08       		.byte	0x8
 364 0157 05       		.byte	0x5
 365 0158 51       		.byte	0x51
 366 0159 7A010000 		.4byte	0x17a
 367 015d 0C       		.uleb128 0xc
 368 015e 00000000 		.4byte	.LASF21
 369 0162 05       		.byte	0x5
 370 0163 55       		.byte	0x55
 371 0164 16010000 		.4byte	0x116
 372 0168 02       		.byte	0x2
 373 0169 23       		.byte	0x23
 374 016a 00       		.uleb128 0
 375 016b 0C       		.uleb128 0xc
 376 016c D5000000 		.4byte	.LASF22
 377 0170 05       		.byte	0x5
 378 0171 57       		.byte	0x57
 379 0172 7A010000 		.4byte	0x17a
 380 0176 02       		.byte	0x2
 381 0177 23       		.byte	0x23
 382 0178 04       		.uleb128 0x4
 383 0179 00       		.byte	0
 384 017a 0F       		.uleb128 0xf
 385 017b 04       		.byte	0x4
 386 017c EF000000 		.4byte	0xef
 387 0180 04       		.uleb128 0x4
 388 0181 21000000 		.4byte	.LASF23
 389 0185 05       		.byte	0x5
ARM GAS  C:\Users\z80\AppData\Local\Temp\cci1gNVz.s 			page 8


 390 0186 5A       		.byte	0x5a
 391 0187 51010000 		.4byte	0x151
 392 018b 10       		.uleb128 0x10
 393 018c 01       		.byte	0x1
 394 018d 25010000 		.4byte	.LASF31
 395 0191 01       		.byte	0x1
 396 0192 45       		.byte	0x45
 397 0193 01       		.byte	0x1
 398 0194 00000000 		.4byte	.LFB62
 399 0198 04000000 		.4byte	.LFE62
 400 019c 02       		.byte	0x2
 401 019d 7D       		.byte	0x7d
 402 019e 00       		.sleb128 0
 403 019f 11       		.uleb128 0x11
 404 01a0 01       		.byte	0x1
 405 01a1 6E010000 		.4byte	.LASF26
 406 01a5 01       		.byte	0x1
 407 01a6 53       		.byte	0x53
 408 01a7 01       		.byte	0x1
 409 01a8 00000000 		.4byte	.LFB63
 410 01ac 46000000 		.4byte	.LFE63
 411 01b0 00000000 		.4byte	.LLST0
 412 01b4 0D020000 		.4byte	0x20d
 413 01b8 12       		.uleb128 0x12
 414 01b9 FF000000 		.4byte	.LASF24
 415 01bd 01       		.byte	0x1
 416 01be 53       		.byte	0x53
 417 01bf 0D020000 		.4byte	0x20d
 418 01c3 20000000 		.4byte	.LLST1
 419 01c7 12       		.uleb128 0x12
 420 01c8 C4000000 		.4byte	.LASF25
 421 01cc 01       		.byte	0x1
 422 01cd 53       		.byte	0x53
 423 01ce 13020000 		.4byte	0x213
 424 01d2 3E000000 		.4byte	.LLST2
 425 01d6 13       		.uleb128 0x13
 426 01d7 24000000 		.4byte	.LBB2
 427 01db 2A000000 		.4byte	.LBE2
 428 01df F3010000 		.4byte	0x1f3
 429 01e3 14       		.uleb128 0x14
 430 01e4 746D7000 		.ascii	"tmp\000"
 431 01e8 01       		.byte	0x1
 432 01e9 57       		.byte	0x57
 433 01ea 7B000000 		.4byte	0x7b
 434 01ee 5C000000 		.4byte	.LLST3
 435 01f2 00       		.byte	0
 436 01f3 15       		.uleb128 0x15
 437 01f4 3E000000 		.4byte	.LBB3
 438 01f8 44000000 		.4byte	.LBE3
 439 01fc 14       		.uleb128 0x14
 440 01fd 746D7000 		.ascii	"tmp\000"
 441 0201 01       		.byte	0x1
 442 0202 5A       		.byte	0x5a
 443 0203 7B000000 		.4byte	0x7b
 444 0207 6F000000 		.4byte	.LLST4
 445 020b 00       		.byte	0
 446 020c 00       		.byte	0
ARM GAS  C:\Users\z80\AppData\Local\Temp\cci1gNVz.s 			page 9


 447 020d 0F       		.uleb128 0xf
 448 020e 04       		.byte	0x4
 449 020f 80010000 		.4byte	0x180
 450 0213 0F       		.uleb128 0xf
 451 0214 04       		.byte	0x4
 452 0215 19020000 		.4byte	0x219
 453 0219 16       		.uleb128 0x16
 454 021a 46010000 		.4byte	0x146
 455 021e 11       		.uleb128 0x11
 456 021f 01       		.byte	0x1
 457 0220 1B010000 		.4byte	.LASF27
 458 0224 01       		.byte	0x1
 459 0225 64       		.byte	0x64
 460 0226 01       		.byte	0x1
 461 0227 00000000 		.4byte	.LFB64
 462 022b 30000000 		.4byte	.LFE64
 463 022f 82000000 		.4byte	.LLST5
 464 0233 7D020000 		.4byte	0x27d
 465 0237 12       		.uleb128 0x12
 466 0238 FF000000 		.4byte	.LASF24
 467 023c 01       		.byte	0x1
 468 023d 64       		.byte	0x64
 469 023e 0D020000 		.4byte	0x20d
 470 0242 A2000000 		.4byte	.LLST6
 471 0246 13       		.uleb128 0x13
 472 0247 06000000 		.4byte	.LBB4
 473 024b 0C000000 		.4byte	.LBE4
 474 024f 63020000 		.4byte	0x263
 475 0253 14       		.uleb128 0x14
 476 0254 746D7000 		.ascii	"tmp\000"
 477 0258 01       		.byte	0x1
 478 0259 68       		.byte	0x68
 479 025a 7B000000 		.4byte	0x7b
 480 025e C0000000 		.4byte	.LLST7
 481 0262 00       		.byte	0
 482 0263 15       		.uleb128 0x15
 483 0264 1A000000 		.4byte	.LBB5
 484 0268 20000000 		.4byte	.LBE5
 485 026c 14       		.uleb128 0x14
 486 026d 746D7000 		.ascii	"tmp\000"
 487 0271 01       		.byte	0x1
 488 0272 6A       		.byte	0x6a
 489 0273 7B000000 		.4byte	0x7b
 490 0277 D3000000 		.4byte	.LLST8
 491 027b 00       		.byte	0
 492 027c 00       		.byte	0
 493 027d 17       		.uleb128 0x17
 494 027e AB000000 		.4byte	.LASF32
 495 0282 06       		.byte	0x6
 496 0283 9404     		.2byte	0x494
 497 0285 A7000000 		.4byte	0xa7
 498 0289 01       		.byte	0x1
 499 028a 01       		.byte	0x1
 500 028b 00       		.byte	0
 501              		.section	.debug_abbrev,"",%progbits
 502              	.Ldebug_abbrev0:
 503 0000 01       		.uleb128 0x1
ARM GAS  C:\Users\z80\AppData\Local\Temp\cci1gNVz.s 			page 10


 504 0001 11       		.uleb128 0x11
 505 0002 01       		.byte	0x1
 506 0003 25       		.uleb128 0x25
 507 0004 0E       		.uleb128 0xe
 508 0005 13       		.uleb128 0x13
 509 0006 0B       		.uleb128 0xb
 510 0007 03       		.uleb128 0x3
 511 0008 0E       		.uleb128 0xe
 512 0009 1B       		.uleb128 0x1b
 513 000a 0E       		.uleb128 0xe
 514 000b 11       		.uleb128 0x11
 515 000c 01       		.uleb128 0x1
 516 000d 52       		.uleb128 0x52
 517 000e 01       		.uleb128 0x1
 518 000f 55       		.uleb128 0x55
 519 0010 06       		.uleb128 0x6
 520 0011 10       		.uleb128 0x10
 521 0012 06       		.uleb128 0x6
 522 0013 00       		.byte	0
 523 0014 00       		.byte	0
 524 0015 02       		.uleb128 0x2
 525 0016 24       		.uleb128 0x24
 526 0017 00       		.byte	0
 527 0018 0B       		.uleb128 0xb
 528 0019 0B       		.uleb128 0xb
 529 001a 3E       		.uleb128 0x3e
 530 001b 0B       		.uleb128 0xb
 531 001c 03       		.uleb128 0x3
 532 001d 08       		.uleb128 0x8
 533 001e 00       		.byte	0
 534 001f 00       		.byte	0
 535 0020 03       		.uleb128 0x3
 536 0021 24       		.uleb128 0x24
 537 0022 00       		.byte	0
 538 0023 0B       		.uleb128 0xb
 539 0024 0B       		.uleb128 0xb
 540 0025 3E       		.uleb128 0x3e
 541 0026 0B       		.uleb128 0xb
 542 0027 03       		.uleb128 0x3
 543 0028 0E       		.uleb128 0xe
 544 0029 00       		.byte	0
 545 002a 00       		.byte	0
 546 002b 04       		.uleb128 0x4
 547 002c 16       		.uleb128 0x16
 548 002d 00       		.byte	0
 549 002e 03       		.uleb128 0x3
 550 002f 0E       		.uleb128 0xe
 551 0030 3A       		.uleb128 0x3a
 552 0031 0B       		.uleb128 0xb
 553 0032 3B       		.uleb128 0x3b
 554 0033 0B       		.uleb128 0xb
 555 0034 49       		.uleb128 0x49
 556 0035 13       		.uleb128 0x13
 557 0036 00       		.byte	0
 558 0037 00       		.byte	0
 559 0038 05       		.uleb128 0x5
 560 0039 35       		.uleb128 0x35
ARM GAS  C:\Users\z80\AppData\Local\Temp\cci1gNVz.s 			page 11


 561 003a 00       		.byte	0
 562 003b 49       		.uleb128 0x49
 563 003c 13       		.uleb128 0x13
 564 003d 00       		.byte	0
 565 003e 00       		.byte	0
 566 003f 06       		.uleb128 0x6
 567 0040 13       		.uleb128 0x13
 568 0041 01       		.byte	0x1
 569 0042 0B       		.uleb128 0xb
 570 0043 0B       		.uleb128 0xb
 571 0044 3A       		.uleb128 0x3a
 572 0045 0B       		.uleb128 0xb
 573 0046 3B       		.uleb128 0x3b
 574 0047 05       		.uleb128 0x5
 575 0048 01       		.uleb128 0x1
 576 0049 13       		.uleb128 0x13
 577 004a 00       		.byte	0
 578 004b 00       		.byte	0
 579 004c 07       		.uleb128 0x7
 580 004d 0D       		.uleb128 0xd
 581 004e 00       		.byte	0
 582 004f 03       		.uleb128 0x3
 583 0050 08       		.uleb128 0x8
 584 0051 3A       		.uleb128 0x3a
 585 0052 0B       		.uleb128 0xb
 586 0053 3B       		.uleb128 0x3b
 587 0054 05       		.uleb128 0x5
 588 0055 49       		.uleb128 0x49
 589 0056 13       		.uleb128 0x13
 590 0057 38       		.uleb128 0x38
 591 0058 0A       		.uleb128 0xa
 592 0059 00       		.byte	0
 593 005a 00       		.byte	0
 594 005b 08       		.uleb128 0x8
 595 005c 16       		.uleb128 0x16
 596 005d 00       		.byte	0
 597 005e 03       		.uleb128 0x3
 598 005f 0E       		.uleb128 0xe
 599 0060 3A       		.uleb128 0x3a
 600 0061 0B       		.uleb128 0xb
 601 0062 3B       		.uleb128 0x3b
 602 0063 05       		.uleb128 0x5
 603 0064 49       		.uleb128 0x49
 604 0065 13       		.uleb128 0x13
 605 0066 00       		.byte	0
 606 0067 00       		.byte	0
 607 0068 09       		.uleb128 0x9
 608 0069 04       		.uleb128 0x4
 609 006a 01       		.byte	0x1
 610 006b 0B       		.uleb128 0xb
 611 006c 0B       		.uleb128 0xb
 612 006d 3A       		.uleb128 0x3a
 613 006e 0B       		.uleb128 0xb
 614 006f 3B       		.uleb128 0x3b
 615 0070 0B       		.uleb128 0xb
 616 0071 01       		.uleb128 0x1
 617 0072 13       		.uleb128 0x13
ARM GAS  C:\Users\z80\AppData\Local\Temp\cci1gNVz.s 			page 12


 618 0073 00       		.byte	0
 619 0074 00       		.byte	0
 620 0075 0A       		.uleb128 0xa
 621 0076 28       		.uleb128 0x28
 622 0077 00       		.byte	0
 623 0078 03       		.uleb128 0x3
 624 0079 0E       		.uleb128 0xe
 625 007a 1C       		.uleb128 0x1c
 626 007b 0D       		.uleb128 0xd
 627 007c 00       		.byte	0
 628 007d 00       		.byte	0
 629 007e 0B       		.uleb128 0xb
 630 007f 13       		.uleb128 0x13
 631 0080 01       		.byte	0x1
 632 0081 0B       		.uleb128 0xb
 633 0082 0B       		.uleb128 0xb
 634 0083 3A       		.uleb128 0x3a
 635 0084 0B       		.uleb128 0xb
 636 0085 3B       		.uleb128 0x3b
 637 0086 0B       		.uleb128 0xb
 638 0087 01       		.uleb128 0x1
 639 0088 13       		.uleb128 0x13
 640 0089 00       		.byte	0
 641 008a 00       		.byte	0
 642 008b 0C       		.uleb128 0xc
 643 008c 0D       		.uleb128 0xd
 644 008d 00       		.byte	0
 645 008e 03       		.uleb128 0x3
 646 008f 0E       		.uleb128 0xe
 647 0090 3A       		.uleb128 0x3a
 648 0091 0B       		.uleb128 0xb
 649 0092 3B       		.uleb128 0x3b
 650 0093 0B       		.uleb128 0xb
 651 0094 49       		.uleb128 0x49
 652 0095 13       		.uleb128 0x13
 653 0096 38       		.uleb128 0x38
 654 0097 0A       		.uleb128 0xa
 655 0098 00       		.byte	0
 656 0099 00       		.byte	0
 657 009a 0D       		.uleb128 0xd
 658 009b 0D       		.uleb128 0xd
 659 009c 00       		.byte	0
 660 009d 03       		.uleb128 0x3
 661 009e 08       		.uleb128 0x8
 662 009f 3A       		.uleb128 0x3a
 663 00a0 0B       		.uleb128 0xb
 664 00a1 3B       		.uleb128 0x3b
 665 00a2 0B       		.uleb128 0xb
 666 00a3 49       		.uleb128 0x49
 667 00a4 13       		.uleb128 0x13
 668 00a5 38       		.uleb128 0x38
 669 00a6 0A       		.uleb128 0xa
 670 00a7 00       		.byte	0
 671 00a8 00       		.byte	0
 672 00a9 0E       		.uleb128 0xe
 673 00aa 13       		.uleb128 0x13
 674 00ab 01       		.byte	0x1
ARM GAS  C:\Users\z80\AppData\Local\Temp\cci1gNVz.s 			page 13


 675 00ac 03       		.uleb128 0x3
 676 00ad 0E       		.uleb128 0xe
 677 00ae 0B       		.uleb128 0xb
 678 00af 0B       		.uleb128 0xb
 679 00b0 3A       		.uleb128 0x3a
 680 00b1 0B       		.uleb128 0xb
 681 00b2 3B       		.uleb128 0x3b
 682 00b3 0B       		.uleb128 0xb
 683 00b4 01       		.uleb128 0x1
 684 00b5 13       		.uleb128 0x13
 685 00b6 00       		.byte	0
 686 00b7 00       		.byte	0
 687 00b8 0F       		.uleb128 0xf
 688 00b9 0F       		.uleb128 0xf
 689 00ba 00       		.byte	0
 690 00bb 0B       		.uleb128 0xb
 691 00bc 0B       		.uleb128 0xb
 692 00bd 49       		.uleb128 0x49
 693 00be 13       		.uleb128 0x13
 694 00bf 00       		.byte	0
 695 00c0 00       		.byte	0
 696 00c1 10       		.uleb128 0x10
 697 00c2 2E       		.uleb128 0x2e
 698 00c3 00       		.byte	0
 699 00c4 3F       		.uleb128 0x3f
 700 00c5 0C       		.uleb128 0xc
 701 00c6 03       		.uleb128 0x3
 702 00c7 0E       		.uleb128 0xe
 703 00c8 3A       		.uleb128 0x3a
 704 00c9 0B       		.uleb128 0xb
 705 00ca 3B       		.uleb128 0x3b
 706 00cb 0B       		.uleb128 0xb
 707 00cc 27       		.uleb128 0x27
 708 00cd 0C       		.uleb128 0xc
 709 00ce 11       		.uleb128 0x11
 710 00cf 01       		.uleb128 0x1
 711 00d0 12       		.uleb128 0x12
 712 00d1 01       		.uleb128 0x1
 713 00d2 40       		.uleb128 0x40
 714 00d3 0A       		.uleb128 0xa
 715 00d4 00       		.byte	0
 716 00d5 00       		.byte	0
 717 00d6 11       		.uleb128 0x11
 718 00d7 2E       		.uleb128 0x2e
 719 00d8 01       		.byte	0x1
 720 00d9 3F       		.uleb128 0x3f
 721 00da 0C       		.uleb128 0xc
 722 00db 03       		.uleb128 0x3
 723 00dc 0E       		.uleb128 0xe
 724 00dd 3A       		.uleb128 0x3a
 725 00de 0B       		.uleb128 0xb
 726 00df 3B       		.uleb128 0x3b
 727 00e0 0B       		.uleb128 0xb
 728 00e1 27       		.uleb128 0x27
 729 00e2 0C       		.uleb128 0xc
 730 00e3 11       		.uleb128 0x11
 731 00e4 01       		.uleb128 0x1
ARM GAS  C:\Users\z80\AppData\Local\Temp\cci1gNVz.s 			page 14


 732 00e5 12       		.uleb128 0x12
 733 00e6 01       		.uleb128 0x1
 734 00e7 40       		.uleb128 0x40
 735 00e8 06       		.uleb128 0x6
 736 00e9 01       		.uleb128 0x1
 737 00ea 13       		.uleb128 0x13
 738 00eb 00       		.byte	0
 739 00ec 00       		.byte	0
 740 00ed 12       		.uleb128 0x12
 741 00ee 05       		.uleb128 0x5
 742 00ef 00       		.byte	0
 743 00f0 03       		.uleb128 0x3
 744 00f1 0E       		.uleb128 0xe
 745 00f2 3A       		.uleb128 0x3a
 746 00f3 0B       		.uleb128 0xb
 747 00f4 3B       		.uleb128 0x3b
 748 00f5 0B       		.uleb128 0xb
 749 00f6 49       		.uleb128 0x49
 750 00f7 13       		.uleb128 0x13
 751 00f8 02       		.uleb128 0x2
 752 00f9 06       		.uleb128 0x6
 753 00fa 00       		.byte	0
 754 00fb 00       		.byte	0
 755 00fc 13       		.uleb128 0x13
 756 00fd 0B       		.uleb128 0xb
 757 00fe 01       		.byte	0x1
 758 00ff 11       		.uleb128 0x11
 759 0100 01       		.uleb128 0x1
 760 0101 12       		.uleb128 0x12
 761 0102 01       		.uleb128 0x1
 762 0103 01       		.uleb128 0x1
 763 0104 13       		.uleb128 0x13
 764 0105 00       		.byte	0
 765 0106 00       		.byte	0
 766 0107 14       		.uleb128 0x14
 767 0108 34       		.uleb128 0x34
 768 0109 00       		.byte	0
 769 010a 03       		.uleb128 0x3
 770 010b 08       		.uleb128 0x8
 771 010c 3A       		.uleb128 0x3a
 772 010d 0B       		.uleb128 0xb
 773 010e 3B       		.uleb128 0x3b
 774 010f 0B       		.uleb128 0xb
 775 0110 49       		.uleb128 0x49
 776 0111 13       		.uleb128 0x13
 777 0112 02       		.uleb128 0x2
 778 0113 06       		.uleb128 0x6
 779 0114 00       		.byte	0
 780 0115 00       		.byte	0
 781 0116 15       		.uleb128 0x15
 782 0117 0B       		.uleb128 0xb
 783 0118 01       		.byte	0x1
 784 0119 11       		.uleb128 0x11
 785 011a 01       		.uleb128 0x1
 786 011b 12       		.uleb128 0x12
 787 011c 01       		.uleb128 0x1
 788 011d 00       		.byte	0
ARM GAS  C:\Users\z80\AppData\Local\Temp\cci1gNVz.s 			page 15


 789 011e 00       		.byte	0
 790 011f 16       		.uleb128 0x16
 791 0120 26       		.uleb128 0x26
 792 0121 00       		.byte	0
 793 0122 49       		.uleb128 0x49
 794 0123 13       		.uleb128 0x13
 795 0124 00       		.byte	0
 796 0125 00       		.byte	0
 797 0126 17       		.uleb128 0x17
 798 0127 34       		.uleb128 0x34
 799 0128 00       		.byte	0
 800 0129 03       		.uleb128 0x3
 801 012a 0E       		.uleb128 0xe
 802 012b 3A       		.uleb128 0x3a
 803 012c 0B       		.uleb128 0xb
 804 012d 3B       		.uleb128 0x3b
 805 012e 05       		.uleb128 0x5
 806 012f 49       		.uleb128 0x49
 807 0130 13       		.uleb128 0x13
 808 0131 3F       		.uleb128 0x3f
 809 0132 0C       		.uleb128 0xc
 810 0133 3C       		.uleb128 0x3c
 811 0134 0C       		.uleb128 0xc
 812 0135 00       		.byte	0
 813 0136 00       		.byte	0
 814 0137 00       		.byte	0
 815              		.section	.debug_loc,"",%progbits
 816              	.Ldebug_loc0:
 817              	.LLST0:
 818 0000 00000000 		.4byte	.LFB63
 819 0004 02000000 		.4byte	.LCFI0
 820 0008 0200     		.2byte	0x2
 821 000a 7D       		.byte	0x7d
 822 000b 00       		.sleb128 0
 823 000c 02000000 		.4byte	.LCFI0
 824 0010 46000000 		.4byte	.LFE63
 825 0014 0200     		.2byte	0x2
 826 0016 7D       		.byte	0x7d
 827 0017 10       		.sleb128 16
 828 0018 00000000 		.4byte	0
 829 001c 00000000 		.4byte	0
 830              	.LLST1:
 831 0020 00000000 		.4byte	.LVL0
 832 0024 1C000000 		.4byte	.LVL1
 833 0028 0100     		.2byte	0x1
 834 002a 50       		.byte	0x50
 835 002b 1C000000 		.4byte	.LVL1
 836 002f 46000000 		.4byte	.LFE63
 837 0033 0100     		.2byte	0x1
 838 0035 54       		.byte	0x54
 839 0036 00000000 		.4byte	0
 840 003a 00000000 		.4byte	0
 841              	.LLST2:
 842 003e 00000000 		.4byte	.LVL0
 843 0042 23000000 		.4byte	.LVL2-1
 844 0046 0100     		.2byte	0x1
 845 0048 51       		.byte	0x51
ARM GAS  C:\Users\z80\AppData\Local\Temp\cci1gNVz.s 			page 16


 846 0049 23000000 		.4byte	.LVL2-1
 847 004d 46000000 		.4byte	.LFE63
 848 0051 0100     		.2byte	0x1
 849 0053 55       		.byte	0x55
 850 0054 00000000 		.4byte	0
 851 0058 00000000 		.4byte	0
 852              	.LLST3:
 853 005c 2A000000 		.4byte	.LVL4
 854 0060 2D000000 		.4byte	.LVL5-1
 855 0064 0100     		.2byte	0x1
 856 0066 53       		.byte	0x53
 857 0067 00000000 		.4byte	0
 858 006b 00000000 		.4byte	0
 859              	.LLST4:
 860 006f 44000000 		.4byte	.LVL7
 861 0073 46000000 		.4byte	.LFE63
 862 0077 0100     		.2byte	0x1
 863 0079 53       		.byte	0x53
 864 007a 00000000 		.4byte	0
 865 007e 00000000 		.4byte	0
 866              	.LLST5:
 867 0082 00000000 		.4byte	.LFB64
 868 0086 02000000 		.4byte	.LCFI1
 869 008a 0200     		.2byte	0x2
 870 008c 7D       		.byte	0x7d
 871 008d 00       		.sleb128 0
 872 008e 02000000 		.4byte	.LCFI1
 873 0092 30000000 		.4byte	.LFE64
 874 0096 0200     		.2byte	0x2
 875 0098 7D       		.byte	0x7d
 876 0099 08       		.sleb128 8
 877 009a 00000000 		.4byte	0
 878 009e 00000000 		.4byte	0
 879              	.LLST6:
 880 00a2 00000000 		.4byte	.LVL8
 881 00a6 06000000 		.4byte	.LVL9
 882 00aa 0100     		.2byte	0x1
 883 00ac 50       		.byte	0x50
 884 00ad 06000000 		.4byte	.LVL9
 885 00b1 30000000 		.4byte	.LFE64
 886 00b5 0100     		.2byte	0x1
 887 00b7 54       		.byte	0x54
 888 00b8 00000000 		.4byte	0
 889 00bc 00000000 		.4byte	0
 890              	.LLST7:
 891 00c0 0C000000 		.4byte	.LVL11
 892 00c4 0F000000 		.4byte	.LVL12-1
 893 00c8 0100     		.2byte	0x1
 894 00ca 53       		.byte	0x53
 895 00cb 00000000 		.4byte	0
 896 00cf 00000000 		.4byte	0
 897              	.LLST8:
 898 00d3 20000000 		.4byte	.LVL14
 899 00d7 22000000 		.4byte	.LVL15
 900 00db 0100     		.2byte	0x1
 901 00dd 53       		.byte	0x53
 902 00de 00000000 		.4byte	0
ARM GAS  C:\Users\z80\AppData\Local\Temp\cci1gNVz.s 			page 17


 903 00e2 00000000 		.4byte	0
 904              		.section	.debug_aranges,"",%progbits
 905 0000 2C000000 		.4byte	0x2c
 906 0004 0200     		.2byte	0x2
 907 0006 00000000 		.4byte	.Ldebug_info0
 908 000a 04       		.byte	0x4
 909 000b 00       		.byte	0
 910 000c 0000     		.2byte	0
 911 000e 0000     		.2byte	0
 912 0010 00000000 		.4byte	.LFB62
 913 0014 04000000 		.4byte	.LFE62-.LFB62
 914 0018 00000000 		.4byte	.LFB63
 915 001c 46000000 		.4byte	.LFE63-.LFB63
 916 0020 00000000 		.4byte	.LFB64
 917 0024 30000000 		.4byte	.LFE64-.LFB64
 918 0028 00000000 		.4byte	0
 919 002c 00000000 		.4byte	0
 920              		.section	.debug_ranges,"",%progbits
 921              	.Ldebug_ranges0:
 922 0000 00000000 		.4byte	.LFB62
 923 0004 04000000 		.4byte	.LFE62
 924 0008 00000000 		.4byte	.LFB63
 925 000c 46000000 		.4byte	.LFE63
 926 0010 00000000 		.4byte	.LFB64
 927 0014 30000000 		.4byte	.LFE64
 928 0018 00000000 		.4byte	0
 929 001c 00000000 		.4byte	0
 930              		.section	.debug_line,"",%progbits
 931              	.Ldebug_line0:
 932 0000 83010000 		.section	.debug_str,"MS",%progbits,1
 932      02003401 
 932      00000201 
 932      FB0E0D00 
 932      01010101 
 933              	.LASF21:
 934 0000 73746174 		.ascii	"state\000"
 934      6500
 935              	.LASF29:
 936 0006 2E2F7372 		.ascii	"./src/iwdg/iwdg.c\000"
 936      632F6977 
 936      64672F69 
 936      7764672E 
 936      6300
 937              	.LASF8:
 938 0018 6C6F6E67 		.ascii	"long int\000"
 938      20696E74 
 938      00
 939              	.LASF23:
 940 0021 49574447 		.ascii	"IWDGDriver\000"
 940      44726976 
 940      657200
 941              	.LASF30:
 942 002c 433A5C70 		.ascii	"C:\\projects\\digitizer.git\\firmware\\digitizer\000"
 942      726F6A65 
 942      6374735C 
 942      64696769 
 942      74697A65 
ARM GAS  C:\Users\z80\AppData\Local\Temp\cci1gNVz.s 			page 18


 943              	.LASF19:
 944 0059 636F756E 		.ascii	"counter\000"
 944      74657200 
 945              	.LASF12:
 946 0061 6C6F6E67 		.ascii	"long long unsigned int\000"
 946      206C6F6E 
 946      6720756E 
 946      7369676E 
 946      65642069 
 947              	.LASF2:
 948 0078 756E7369 		.ascii	"unsigned char\000"
 948      676E6564 
 948      20636861 
 948      7200
 949              	.LASF10:
 950 0086 6C6F6E67 		.ascii	"long unsigned int\000"
 950      20756E73 
 950      69676E65 
 950      6420696E 
 950      7400
 951              	.LASF6:
 952 0098 73686F72 		.ascii	"short unsigned int\000"
 952      7420756E 
 952      7369676E 
 952      65642069 
 952      6E7400
 953              	.LASF32:
 954 00ab 49544D5F 		.ascii	"ITM_RxBuffer\000"
 954      52784275 
 954      66666572 
 954      00
 955              	.LASF28:
 956 00b8 474E5520 		.ascii	"GNU C 4.6.3\000"
 956      4320342E 
 956      362E3300 
 957              	.LASF25:
 958 00c4 636F6E66 		.ascii	"config\000"
 958      696700
 959              	.LASF16:
 960 00cb 49574447 		.ascii	"IWDG_STOP\000"
 960      5F53544F 
 960      5000
 961              	.LASF22:
 962 00d5 69776467 		.ascii	"iwdg\000"
 962      00
 963              	.LASF0:
 964 00da 756E7369 		.ascii	"unsigned int\000"
 964      676E6564 
 964      20696E74 
 964      00
 965              	.LASF13:
 966 00e7 63686172 		.ascii	"char\000"
 966      00
 967              	.LASF4:
 968 00ec 75696E74 		.ascii	"uint8_t\000"
 968      385F7400 
 969              	.LASF20:
ARM GAS  C:\Users\z80\AppData\Local\Temp\cci1gNVz.s 			page 19


 970 00f4 49574447 		.ascii	"IWDGConfig\000"
 970      436F6E66 
 970      696700
 971              	.LASF24:
 972 00ff 69776467 		.ascii	"iwdgp\000"
 972      7000
 973              	.LASF7:
 974 0105 696E7433 		.ascii	"int32_t\000"
 974      325F7400 
 975              	.LASF11:
 976 010d 6C6F6E67 		.ascii	"long long int\000"
 976      206C6F6E 
 976      6720696E 
 976      7400
 977              	.LASF27:
 978 011b 69776467 		.ascii	"iwdgReset\000"
 978      52657365 
 978      7400
 979              	.LASF31:
 980 0125 69776467 		.ascii	"iwdgInit\000"
 980      496E6974 
 980      00
 981              	.LASF3:
 982 012e 73686F72 		.ascii	"short int\000"
 982      7420696E 
 982      7400
 983              	.LASF18:
 984 0138 69776467 		.ascii	"iwdgstate_t\000"
 984      73746174 
 984      655F7400 
 985              	.LASF5:
 986 0144 75696E74 		.ascii	"uint16_t\000"
 986      31365F74 
 986      00
 987              	.LASF9:
 988 014d 75696E74 		.ascii	"uint32_t\000"
 988      33325F74 
 988      00
 989              	.LASF15:
 990 0156 49574447 		.ascii	"IWDG_UNINIT\000"
 990      5F554E49 
 990      4E495400 
 991              	.LASF1:
 992 0162 7369676E 		.ascii	"signed char\000"
 992      65642063 
 992      68617200 
 993              	.LASF26:
 994 016e 69776467 		.ascii	"iwdgStart\000"
 994      53746172 
 994      7400
 995              	.LASF17:
 996 0178 49574447 		.ascii	"IWDG_READY\000"
 996      5F524541 
 996      445900
 997              	.LASF14:
 998 0183 49574447 		.ascii	"IWDG_TypeDef\000"
 998      5F547970 
ARM GAS  C:\Users\z80\AppData\Local\Temp\cci1gNVz.s 			page 20


 998      65446566 
 998      00
 999              		.ident	"GCC: (Sourcery CodeBench Lite 2012.03-56) 4.6.3"
ARM GAS  C:\Users\z80\AppData\Local\Temp\cci1gNVz.s 			page 21


DEFINED SYMBOLS
                            *ABS*:00000000 iwdg.c
C:\Users\z80\AppData\Local\Temp\cci1gNVz.s:19     .text.iwdgInit:00000000 $t
C:\Users\z80\AppData\Local\Temp\cci1gNVz.s:25     .text.iwdgInit:00000000 iwdgInit
C:\Users\z80\AppData\Local\Temp\cci1gNVz.s:40     .text.iwdgStart:00000000 $t
C:\Users\z80\AppData\Local\Temp\cci1gNVz.s:46     .text.iwdgStart:00000000 iwdgStart
C:\Users\z80\AppData\Local\Temp\cci1gNVz.s:176    .rodata.str1.4:00000000 .LC0
C:\Users\z80\AppData\Local\Temp\cci1gNVz.s:113    .text.iwdgReset:00000000 $t
C:\Users\z80\AppData\Local\Temp\cci1gNVz.s:119    .text.iwdgReset:00000000 iwdgReset
C:\Users\z80\AppData\Local\Temp\cci1gNVz.s:179    .rodata.str1.4:00000010 .LC1
C:\Users\z80\AppData\Local\Temp\cci1gNVz.s:175    .rodata.str1.4:00000000 $d
                     .debug_frame:00000010 $d

UNDEFINED SYMBOLS
iwdg_lld_init
chDbgPanic
dbg_check_lock
iwdg_lld_start
dbg_check_unlock
iwdg_lld_reset
