ARM GAS  C:\Users\z80\AppData\Local\Temp\ccH63Tjf.s 			page 1


   1              		.syntax unified
   2              		.cpu cortex-m3
   3              		.fpu softvfp
   4              		.eabi_attribute 20, 1
   5              		.eabi_attribute 21, 1
   6              		.eabi_attribute 23, 3
   7              		.eabi_attribute 24, 1
   8              		.eabi_attribute 25, 1
   9              		.eabi_attribute 26, 1
  10              		.eabi_attribute 30, 2
  11              		.eabi_attribute 34, 1
  12              		.eabi_attribute 18, 4
  13              		.thumb
  14              		.file	"iwdg_lld.c"
  15              		.text
  16              	.Ltext0:
  17              		.cfi_sections	.debug_frame
  18              		.section	.text.iwdg_lld_init,"ax",%progbits
  19              		.align	2
  20              		.p2align 4,,15
  21              		.global	iwdg_lld_init
  22              		.thumb
  23              		.thumb_func
  24              		.type	iwdg_lld_init, %function
  25              	iwdg_lld_init:
  26              	.LFB62:
  27              		.file 1 "./src/iwdg/iwdg_lld.c"
  28              		.loc 1 76 0
  29              		.cfi_startproc
  30              		@ args = 0, pretend = 0, frame = 0
  31              		@ frame_needed = 0, uses_anonymous_args = 0
  32              		@ link register save eliminated.
  33              		.loc 1 77 0
  34 0000 40F20003 		movw	r3, #:lower16:.LANCHOR0
  35              		.loc 1 78 0
  36 0004 4FF44052 		mov	r2, #12288
  37              		.loc 1 77 0
  38 0008 C0F20003 		movt	r3, #:upper16:.LANCHOR0
  39              		.loc 1 78 0
  40 000c C4F20002 		movt	r2, 16384
  41              		.loc 1 77 0
  42 0010 0121     		movs	r1, #1
  43 0012 1970     		strb	r1, [r3, #0]
  44              		.loc 1 78 0
  45 0014 5A60     		str	r2, [r3, #4]
  46              		.loc 1 79 0
  47 0016 7047     		bx	lr
  48              		.cfi_endproc
  49              	.LFE62:
  50              		.size	iwdg_lld_init, .-iwdg_lld_init
  51 0018 AFF30080 		.section	.text.iwdg_lld_start,"ax",%progbits
  51      AFF30080 
  52              		.align	2
  53              		.p2align 4,,15
  54              		.global	iwdg_lld_start
  55              		.thumb
  56              		.thumb_func
ARM GAS  C:\Users\z80\AppData\Local\Temp\ccH63Tjf.s 			page 2


  57              		.type	iwdg_lld_start, %function
  58              	iwdg_lld_start:
  59              	.LFB63:
  60              		.loc 1 90 0
  61              		.cfi_startproc
  62              		@ args = 0, pretend = 0, frame = 0
  63              		@ frame_needed = 0, uses_anonymous_args = 0
  64              		@ link register save eliminated.
  65              	.LVL0:
  66              		.loc 1 94 0
  67 0000 4368     		ldr	r3, [r0, #4]
  68              	.LVL1:
  69              		.loc 1 95 0
  70 0002 45F25550 		movw	r0, #21845
  71              	.LVL2:
  72 0006 1860     		str	r0, [r3, #0]
  73              		.loc 1 97 0
  74 0008 B1F800C0 		ldrh	ip, [r1, #0]
  75 000c 40F6FF72 		movw	r2, #4095
  76              		.loc 1 96 0
  77 0010 8978     		ldrb	r1, [r1, #2]	@ zero_extendqisi2
  78              	.LVL3:
  79              		.loc 1 97 0
  80 0012 9445     		cmp	ip, r2
  81 0014 38BF     		it	cc
  82 0016 6246     		movcc	r2, ip
  83              		.loc 1 96 0
  84 0018 5960     		str	r1, [r3, #4]
  85              		.loc 1 98 0
  86 001a 4AF6AA20 		movw	r0, #43690
  87              		.loc 1 97 0
  88 001e 9A60     		str	r2, [r3, #8]
  89              		.loc 1 99 0
  90 0020 4CF6CC42 		movw	r2, #52428
  91              		.loc 1 98 0
  92 0024 1860     		str	r0, [r3, #0]
  93              		.loc 1 99 0
  94 0026 1A60     		str	r2, [r3, #0]
  95              		.loc 1 100 0
  96 0028 7047     		bx	lr
  97              		.cfi_endproc
  98              	.LFE63:
  99              		.size	iwdg_lld_start, .-iwdg_lld_start
 100 002a 00BFAFF3 		.section	.text.iwdg_lld_reset,"ax",%progbits
 100      0080
 101              		.align	2
 102              		.p2align 4,,15
 103              		.global	iwdg_lld_reset
 104              		.thumb
 105              		.thumb_func
 106              		.type	iwdg_lld_reset, %function
 107              	iwdg_lld_reset:
 108              	.LFB64:
 109              		.loc 1 110 0
 110              		.cfi_startproc
 111              		@ args = 0, pretend = 0, frame = 0
 112              		@ frame_needed = 0, uses_anonymous_args = 0
ARM GAS  C:\Users\z80\AppData\Local\Temp\ccH63Tjf.s 			page 3


 113              		@ link register save eliminated.
 114              	.LVL4:
 115              		.loc 1 111 0
 116 0000 4368     		ldr	r3, [r0, #4]
 117 0002 4AF6AA22 		movw	r2, #43690
 118 0006 1A60     		str	r2, [r3, #0]
 119              		.loc 1 112 0
 120 0008 7047     		bx	lr
 121              		.cfi_endproc
 122              	.LFE64:
 123              		.size	iwdg_lld_reset, .-iwdg_lld_reset
 124              		.global	IWDGD
 125 000a 00BFAFF3 		.section	.bss.IWDGD,"aw",%nobits
 125      0080
 126              		.align	2
 127              		.set	.LANCHOR0,. + 0
 128              		.type	IWDGD, %object
 129              		.size	IWDGD, 8
 130              	IWDGD:
 131 0000 00000000 		.space	8
 131      00000000 
 132              		.text
 133              	.Letext0:
 134              		.file 2 "c:\\programs\\codesourcery\\2011.03-56\\bin\\../lib/gcc/arm-none-eabi/4.6.3/../../../../a
 135              		.file 3 "../chibios_2.4.x/os/hal/platforms/STM32F1xx/stm32f10x.h"
 136              		.file 4 "./src/iwdg/iwdg.h"
 137              		.file 5 "./src/iwdg/iwdg_lld.h"
 138              		.file 6 "../chibios_2.4.x/os/ports/common/ARMCMx/CMSIS/include/core_cm3.h"
 139              		.section	.debug_info,"",%progbits
 140              	.Ldebug_info0:
 141 0000 37020000 		.4byte	0x237
 142 0004 0200     		.2byte	0x2
 143 0006 00000000 		.4byte	.Ldebug_abbrev0
 144 000a 04       		.byte	0x4
 145 000b 01       		.uleb128 0x1
 146 000c CB000000 		.4byte	.LASF29
 147 0010 01       		.byte	0x1
 148 0011 00000000 		.4byte	.LASF30
 149 0015 3F000000 		.4byte	.LASF31
 150 0019 00000000 		.4byte	0
 151 001d 00000000 		.4byte	0
 152 0021 00000000 		.4byte	.Ldebug_ranges0+0
 153 0025 00000000 		.4byte	.Ldebug_line0
 154 0029 02       		.uleb128 0x2
 155 002a 04       		.byte	0x4
 156 002b 05       		.byte	0x5
 157 002c 696E7400 		.ascii	"int\000"
 158 0030 03       		.uleb128 0x3
 159 0031 04       		.byte	0x4
 160 0032 07       		.byte	0x7
 161 0033 F4000000 		.4byte	.LASF0
 162 0037 03       		.uleb128 0x3
 163 0038 01       		.byte	0x1
 164 0039 06       		.byte	0x6
 165 003a 6F010000 		.4byte	.LASF1
 166 003e 04       		.uleb128 0x4
 167 003f 06010000 		.4byte	.LASF4
ARM GAS  C:\Users\z80\AppData\Local\Temp\ccH63Tjf.s 			page 4


 168 0043 02       		.byte	0x2
 169 0044 2A       		.byte	0x2a
 170 0045 49000000 		.4byte	0x49
 171 0049 03       		.uleb128 0x3
 172 004a 01       		.byte	0x1
 173 004b 08       		.byte	0x8
 174 004c 8B000000 		.4byte	.LASF2
 175 0050 03       		.uleb128 0x3
 176 0051 02       		.byte	0x2
 177 0052 05       		.byte	0x5
 178 0053 3B010000 		.4byte	.LASF3
 179 0057 04       		.uleb128 0x4
 180 0058 51010000 		.4byte	.LASF5
 181 005c 02       		.byte	0x2
 182 005d 36       		.byte	0x36
 183 005e 62000000 		.4byte	0x62
 184 0062 03       		.uleb128 0x3
 185 0063 02       		.byte	0x2
 186 0064 07       		.byte	0x7
 187 0065 AB000000 		.4byte	.LASF6
 188 0069 04       		.uleb128 0x4
 189 006a 1F010000 		.4byte	.LASF7
 190 006e 02       		.byte	0x2
 191 006f 4F       		.byte	0x4f
 192 0070 74000000 		.4byte	0x74
 193 0074 03       		.uleb128 0x3
 194 0075 04       		.byte	0x4
 195 0076 05       		.byte	0x5
 196 0077 2B000000 		.4byte	.LASF8
 197 007b 04       		.uleb128 0x4
 198 007c 5A010000 		.4byte	.LASF9
 199 0080 02       		.byte	0x2
 200 0081 50       		.byte	0x50
 201 0082 86000000 		.4byte	0x86
 202 0086 03       		.uleb128 0x3
 203 0087 04       		.byte	0x4
 204 0088 07       		.byte	0x7
 205 0089 99000000 		.4byte	.LASF10
 206 008d 03       		.uleb128 0x3
 207 008e 08       		.byte	0x8
 208 008f 05       		.byte	0x5
 209 0090 27010000 		.4byte	.LASF11
 210 0094 03       		.uleb128 0x3
 211 0095 08       		.byte	0x8
 212 0096 07       		.byte	0x7
 213 0097 74000000 		.4byte	.LASF12
 214 009b 05       		.uleb128 0x5
 215 009c 7B000000 		.4byte	0x7b
 216 00a0 03       		.uleb128 0x3
 217 00a1 01       		.byte	0x1
 218 00a2 08       		.byte	0x8
 219 00a3 01010000 		.4byte	.LASF13
 220 00a7 05       		.uleb128 0x5
 221 00a8 69000000 		.4byte	0x69
 222 00ac 06       		.uleb128 0x6
 223 00ad 10       		.byte	0x10
 224 00ae 03       		.byte	0x3
ARM GAS  C:\Users\z80\AppData\Local\Temp\ccH63Tjf.s 			page 5


 225 00af 2D04     		.2byte	0x42d
 226 00b1 EF000000 		.4byte	0xef
 227 00b5 07       		.uleb128 0x7
 228 00b6 4B5200   		.ascii	"KR\000"
 229 00b9 03       		.byte	0x3
 230 00ba 2F04     		.2byte	0x42f
 231 00bc 9B000000 		.4byte	0x9b
 232 00c0 02       		.byte	0x2
 233 00c1 23       		.byte	0x23
 234 00c2 00       		.uleb128 0
 235 00c3 07       		.uleb128 0x7
 236 00c4 505200   		.ascii	"PR\000"
 237 00c7 03       		.byte	0x3
 238 00c8 3004     		.2byte	0x430
 239 00ca 9B000000 		.4byte	0x9b
 240 00ce 02       		.byte	0x2
 241 00cf 23       		.byte	0x23
 242 00d0 04       		.uleb128 0x4
 243 00d1 07       		.uleb128 0x7
 244 00d2 524C5200 		.ascii	"RLR\000"
 245 00d6 03       		.byte	0x3
 246 00d7 3104     		.2byte	0x431
 247 00d9 9B000000 		.4byte	0x9b
 248 00dd 02       		.byte	0x2
 249 00de 23       		.byte	0x23
 250 00df 08       		.uleb128 0x8
 251 00e0 07       		.uleb128 0x7
 252 00e1 535200   		.ascii	"SR\000"
 253 00e4 03       		.byte	0x3
 254 00e5 3204     		.2byte	0x432
 255 00e7 9B000000 		.4byte	0x9b
 256 00eb 02       		.byte	0x2
 257 00ec 23       		.byte	0x23
 258 00ed 0C       		.uleb128 0xc
 259 00ee 00       		.byte	0
 260 00ef 08       		.uleb128 0x8
 261 00f0 86010000 		.4byte	.LASF14
 262 00f4 03       		.byte	0x3
 263 00f5 3304     		.2byte	0x433
 264 00f7 AC000000 		.4byte	0xac
 265 00fb 09       		.uleb128 0x9
 266 00fc 01       		.byte	0x1
 267 00fd 04       		.byte	0x4
 268 00fe 3C       		.byte	0x3c
 269 00ff 16010000 		.4byte	0x116
 270 0103 0A       		.uleb128 0xa
 271 0104 63010000 		.4byte	.LASF15
 272 0108 00       		.sleb128 0
 273 0109 0A       		.uleb128 0xa
 274 010a D7000000 		.4byte	.LASF16
 275 010e 01       		.sleb128 1
 276 010f 0A       		.uleb128 0xa
 277 0110 7B010000 		.4byte	.LASF17
 278 0114 02       		.sleb128 2
 279 0115 00       		.byte	0
 280 0116 04       		.uleb128 0x4
 281 0117 45010000 		.4byte	.LASF18
ARM GAS  C:\Users\z80\AppData\Local\Temp\ccH63Tjf.s 			page 6


 282 011b 04       		.byte	0x4
 283 011c 40       		.byte	0x40
 284 011d FB000000 		.4byte	0xfb
 285 0121 0B       		.uleb128 0xb
 286 0122 04       		.byte	0x4
 287 0123 05       		.byte	0x5
 288 0124 49       		.byte	0x49
 289 0125 46010000 		.4byte	0x146
 290 0129 0C       		.uleb128 0xc
 291 012a 6C000000 		.4byte	.LASF19
 292 012e 05       		.byte	0x5
 293 012f 4A       		.byte	0x4a
 294 0130 57000000 		.4byte	0x57
 295 0134 02       		.byte	0x2
 296 0135 23       		.byte	0x23
 297 0136 00       		.uleb128 0
 298 0137 0D       		.uleb128 0xd
 299 0138 64697600 		.ascii	"div\000"
 300 013c 05       		.byte	0x5
 301 013d 4B       		.byte	0x4b
 302 013e 3E000000 		.4byte	0x3e
 303 0142 02       		.byte	0x2
 304 0143 23       		.byte	0x23
 305 0144 02       		.uleb128 0x2
 306 0145 00       		.byte	0
 307 0146 04       		.uleb128 0x4
 308 0147 0E010000 		.4byte	.LASF20
 309 014b 05       		.byte	0x5
 310 014c 4C       		.byte	0x4c
 311 014d 21010000 		.4byte	0x121
 312 0151 0E       		.uleb128 0xe
 313 0152 34000000 		.4byte	.LASF23
 314 0156 08       		.byte	0x8
 315 0157 05       		.byte	0x5
 316 0158 51       		.byte	0x51
 317 0159 7A010000 		.4byte	0x17a
 318 015d 0C       		.uleb128 0xc
 319 015e 25000000 		.4byte	.LASF21
 320 0162 05       		.byte	0x5
 321 0163 55       		.byte	0x55
 322 0164 16010000 		.4byte	0x116
 323 0168 02       		.byte	0x2
 324 0169 23       		.byte	0x23
 325 016a 00       		.uleb128 0
 326 016b 0C       		.uleb128 0xc
 327 016c E1000000 		.4byte	.LASF22
 328 0170 05       		.byte	0x5
 329 0171 57       		.byte	0x57
 330 0172 7A010000 		.4byte	0x17a
 331 0176 02       		.byte	0x2
 332 0177 23       		.byte	0x23
 333 0178 04       		.uleb128 0x4
 334 0179 00       		.byte	0
 335 017a 0F       		.uleb128 0xf
 336 017b 04       		.byte	0x4
 337 017c EF000000 		.4byte	0xef
 338 0180 04       		.uleb128 0x4
ARM GAS  C:\Users\z80\AppData\Local\Temp\ccH63Tjf.s 			page 7


 339 0181 34000000 		.4byte	.LASF23
 340 0185 05       		.byte	0x5
 341 0186 5A       		.byte	0x5a
 342 0187 51010000 		.4byte	0x151
 343 018b 10       		.uleb128 0x10
 344 018c 01       		.byte	0x1
 345 018d E6000000 		.4byte	.LASF32
 346 0191 01       		.byte	0x1
 347 0192 4C       		.byte	0x4c
 348 0193 01       		.byte	0x1
 349 0194 00000000 		.4byte	.LFB62
 350 0198 18000000 		.4byte	.LFE62
 351 019c 02       		.byte	0x2
 352 019d 7D       		.byte	0x7d
 353 019e 00       		.sleb128 0
 354 019f 11       		.uleb128 0x11
 355 01a0 01       		.byte	0x1
 356 01a1 16000000 		.4byte	.LASF25
 357 01a5 01       		.byte	0x1
 358 01a6 59       		.byte	0x59
 359 01a7 01       		.byte	0x1
 360 01a8 00000000 		.4byte	.LFB63
 361 01ac 2A000000 		.4byte	.LFE63
 362 01b0 02       		.byte	0x2
 363 01b1 7D       		.byte	0x7d
 364 01b2 00       		.sleb128 0
 365 01b3 E3010000 		.4byte	0x1e3
 366 01b7 12       		.uleb128 0x12
 367 01b8 19010000 		.4byte	.LASF24
 368 01bc 01       		.byte	0x1
 369 01bd 59       		.byte	0x59
 370 01be E3010000 		.4byte	0x1e3
 371 01c2 00000000 		.4byte	.LLST0
 372 01c6 13       		.uleb128 0x13
 373 01c7 63666700 		.ascii	"cfg\000"
 374 01cb 01       		.byte	0x1
 375 01cc 59       		.byte	0x59
 376 01cd E9010000 		.4byte	0x1e9
 377 01d1 13000000 		.4byte	.LLST1
 378 01d5 14       		.uleb128 0x14
 379 01d6 6400     		.ascii	"d\000"
 380 01d8 01       		.byte	0x1
 381 01d9 5E       		.byte	0x5e
 382 01da 7A010000 		.4byte	0x17a
 383 01de 26000000 		.4byte	.LLST2
 384 01e2 00       		.byte	0
 385 01e3 0F       		.uleb128 0xf
 386 01e4 04       		.byte	0x4
 387 01e5 80010000 		.4byte	0x180
 388 01e9 0F       		.uleb128 0xf
 389 01ea 04       		.byte	0x4
 390 01eb EF010000 		.4byte	0x1ef
 391 01ef 15       		.uleb128 0x15
 392 01f0 46010000 		.4byte	0x146
 393 01f4 11       		.uleb128 0x11
 394 01f5 01       		.byte	0x1
 395 01f6 93010000 		.4byte	.LASF26
ARM GAS  C:\Users\z80\AppData\Local\Temp\ccH63Tjf.s 			page 8


 396 01fa 01       		.byte	0x1
 397 01fb 6D       		.byte	0x6d
 398 01fc 01       		.byte	0x1
 399 01fd 00000000 		.4byte	.LFB64
 400 0201 0A000000 		.4byte	.LFE64
 401 0205 02       		.byte	0x2
 402 0206 7D       		.byte	0x7d
 403 0207 00       		.sleb128 0
 404 0208 1A020000 		.4byte	0x21a
 405 020c 16       		.uleb128 0x16
 406 020d 19010000 		.4byte	.LASF24
 407 0211 01       		.byte	0x1
 408 0212 6D       		.byte	0x6d
 409 0213 E3010000 		.4byte	0x1e3
 410 0217 01       		.byte	0x1
 411 0218 50       		.byte	0x50
 412 0219 00       		.byte	0
 413 021a 17       		.uleb128 0x17
 414 021b BE000000 		.4byte	.LASF27
 415 021f 06       		.byte	0x6
 416 0220 9404     		.2byte	0x494
 417 0222 A7000000 		.4byte	0xa7
 418 0226 01       		.byte	0x1
 419 0227 01       		.byte	0x1
 420 0228 18       		.uleb128 0x18
 421 0229 35010000 		.4byte	.LASF28
 422 022d 01       		.byte	0x1
 423 022e 36       		.byte	0x36
 424 022f 80010000 		.4byte	0x180
 425 0233 01       		.byte	0x1
 426 0234 05       		.byte	0x5
 427 0235 03       		.byte	0x3
 428 0236 00000000 		.4byte	IWDGD
 429 023a 00       		.byte	0
 430              		.section	.debug_abbrev,"",%progbits
 431              	.Ldebug_abbrev0:
 432 0000 01       		.uleb128 0x1
 433 0001 11       		.uleb128 0x11
 434 0002 01       		.byte	0x1
 435 0003 25       		.uleb128 0x25
 436 0004 0E       		.uleb128 0xe
 437 0005 13       		.uleb128 0x13
 438 0006 0B       		.uleb128 0xb
 439 0007 03       		.uleb128 0x3
 440 0008 0E       		.uleb128 0xe
 441 0009 1B       		.uleb128 0x1b
 442 000a 0E       		.uleb128 0xe
 443 000b 11       		.uleb128 0x11
 444 000c 01       		.uleb128 0x1
 445 000d 52       		.uleb128 0x52
 446 000e 01       		.uleb128 0x1
 447 000f 55       		.uleb128 0x55
 448 0010 06       		.uleb128 0x6
 449 0011 10       		.uleb128 0x10
 450 0012 06       		.uleb128 0x6
 451 0013 00       		.byte	0
 452 0014 00       		.byte	0
ARM GAS  C:\Users\z80\AppData\Local\Temp\ccH63Tjf.s 			page 9


 453 0015 02       		.uleb128 0x2
 454 0016 24       		.uleb128 0x24
 455 0017 00       		.byte	0
 456 0018 0B       		.uleb128 0xb
 457 0019 0B       		.uleb128 0xb
 458 001a 3E       		.uleb128 0x3e
 459 001b 0B       		.uleb128 0xb
 460 001c 03       		.uleb128 0x3
 461 001d 08       		.uleb128 0x8
 462 001e 00       		.byte	0
 463 001f 00       		.byte	0
 464 0020 03       		.uleb128 0x3
 465 0021 24       		.uleb128 0x24
 466 0022 00       		.byte	0
 467 0023 0B       		.uleb128 0xb
 468 0024 0B       		.uleb128 0xb
 469 0025 3E       		.uleb128 0x3e
 470 0026 0B       		.uleb128 0xb
 471 0027 03       		.uleb128 0x3
 472 0028 0E       		.uleb128 0xe
 473 0029 00       		.byte	0
 474 002a 00       		.byte	0
 475 002b 04       		.uleb128 0x4
 476 002c 16       		.uleb128 0x16
 477 002d 00       		.byte	0
 478 002e 03       		.uleb128 0x3
 479 002f 0E       		.uleb128 0xe
 480 0030 3A       		.uleb128 0x3a
 481 0031 0B       		.uleb128 0xb
 482 0032 3B       		.uleb128 0x3b
 483 0033 0B       		.uleb128 0xb
 484 0034 49       		.uleb128 0x49
 485 0035 13       		.uleb128 0x13
 486 0036 00       		.byte	0
 487 0037 00       		.byte	0
 488 0038 05       		.uleb128 0x5
 489 0039 35       		.uleb128 0x35
 490 003a 00       		.byte	0
 491 003b 49       		.uleb128 0x49
 492 003c 13       		.uleb128 0x13
 493 003d 00       		.byte	0
 494 003e 00       		.byte	0
 495 003f 06       		.uleb128 0x6
 496 0040 13       		.uleb128 0x13
 497 0041 01       		.byte	0x1
 498 0042 0B       		.uleb128 0xb
 499 0043 0B       		.uleb128 0xb
 500 0044 3A       		.uleb128 0x3a
 501 0045 0B       		.uleb128 0xb
 502 0046 3B       		.uleb128 0x3b
 503 0047 05       		.uleb128 0x5
 504 0048 01       		.uleb128 0x1
 505 0049 13       		.uleb128 0x13
 506 004a 00       		.byte	0
 507 004b 00       		.byte	0
 508 004c 07       		.uleb128 0x7
 509 004d 0D       		.uleb128 0xd
ARM GAS  C:\Users\z80\AppData\Local\Temp\ccH63Tjf.s 			page 10


 510 004e 00       		.byte	0
 511 004f 03       		.uleb128 0x3
 512 0050 08       		.uleb128 0x8
 513 0051 3A       		.uleb128 0x3a
 514 0052 0B       		.uleb128 0xb
 515 0053 3B       		.uleb128 0x3b
 516 0054 05       		.uleb128 0x5
 517 0055 49       		.uleb128 0x49
 518 0056 13       		.uleb128 0x13
 519 0057 38       		.uleb128 0x38
 520 0058 0A       		.uleb128 0xa
 521 0059 00       		.byte	0
 522 005a 00       		.byte	0
 523 005b 08       		.uleb128 0x8
 524 005c 16       		.uleb128 0x16
 525 005d 00       		.byte	0
 526 005e 03       		.uleb128 0x3
 527 005f 0E       		.uleb128 0xe
 528 0060 3A       		.uleb128 0x3a
 529 0061 0B       		.uleb128 0xb
 530 0062 3B       		.uleb128 0x3b
 531 0063 05       		.uleb128 0x5
 532 0064 49       		.uleb128 0x49
 533 0065 13       		.uleb128 0x13
 534 0066 00       		.byte	0
 535 0067 00       		.byte	0
 536 0068 09       		.uleb128 0x9
 537 0069 04       		.uleb128 0x4
 538 006a 01       		.byte	0x1
 539 006b 0B       		.uleb128 0xb
 540 006c 0B       		.uleb128 0xb
 541 006d 3A       		.uleb128 0x3a
 542 006e 0B       		.uleb128 0xb
 543 006f 3B       		.uleb128 0x3b
 544 0070 0B       		.uleb128 0xb
 545 0071 01       		.uleb128 0x1
 546 0072 13       		.uleb128 0x13
 547 0073 00       		.byte	0
 548 0074 00       		.byte	0
 549 0075 0A       		.uleb128 0xa
 550 0076 28       		.uleb128 0x28
 551 0077 00       		.byte	0
 552 0078 03       		.uleb128 0x3
 553 0079 0E       		.uleb128 0xe
 554 007a 1C       		.uleb128 0x1c
 555 007b 0D       		.uleb128 0xd
 556 007c 00       		.byte	0
 557 007d 00       		.byte	0
 558 007e 0B       		.uleb128 0xb
 559 007f 13       		.uleb128 0x13
 560 0080 01       		.byte	0x1
 561 0081 0B       		.uleb128 0xb
 562 0082 0B       		.uleb128 0xb
 563 0083 3A       		.uleb128 0x3a
 564 0084 0B       		.uleb128 0xb
 565 0085 3B       		.uleb128 0x3b
 566 0086 0B       		.uleb128 0xb
ARM GAS  C:\Users\z80\AppData\Local\Temp\ccH63Tjf.s 			page 11


 567 0087 01       		.uleb128 0x1
 568 0088 13       		.uleb128 0x13
 569 0089 00       		.byte	0
 570 008a 00       		.byte	0
 571 008b 0C       		.uleb128 0xc
 572 008c 0D       		.uleb128 0xd
 573 008d 00       		.byte	0
 574 008e 03       		.uleb128 0x3
 575 008f 0E       		.uleb128 0xe
 576 0090 3A       		.uleb128 0x3a
 577 0091 0B       		.uleb128 0xb
 578 0092 3B       		.uleb128 0x3b
 579 0093 0B       		.uleb128 0xb
 580 0094 49       		.uleb128 0x49
 581 0095 13       		.uleb128 0x13
 582 0096 38       		.uleb128 0x38
 583 0097 0A       		.uleb128 0xa
 584 0098 00       		.byte	0
 585 0099 00       		.byte	0
 586 009a 0D       		.uleb128 0xd
 587 009b 0D       		.uleb128 0xd
 588 009c 00       		.byte	0
 589 009d 03       		.uleb128 0x3
 590 009e 08       		.uleb128 0x8
 591 009f 3A       		.uleb128 0x3a
 592 00a0 0B       		.uleb128 0xb
 593 00a1 3B       		.uleb128 0x3b
 594 00a2 0B       		.uleb128 0xb
 595 00a3 49       		.uleb128 0x49
 596 00a4 13       		.uleb128 0x13
 597 00a5 38       		.uleb128 0x38
 598 00a6 0A       		.uleb128 0xa
 599 00a7 00       		.byte	0
 600 00a8 00       		.byte	0
 601 00a9 0E       		.uleb128 0xe
 602 00aa 13       		.uleb128 0x13
 603 00ab 01       		.byte	0x1
 604 00ac 03       		.uleb128 0x3
 605 00ad 0E       		.uleb128 0xe
 606 00ae 0B       		.uleb128 0xb
 607 00af 0B       		.uleb128 0xb
 608 00b0 3A       		.uleb128 0x3a
 609 00b1 0B       		.uleb128 0xb
 610 00b2 3B       		.uleb128 0x3b
 611 00b3 0B       		.uleb128 0xb
 612 00b4 01       		.uleb128 0x1
 613 00b5 13       		.uleb128 0x13
 614 00b6 00       		.byte	0
 615 00b7 00       		.byte	0
 616 00b8 0F       		.uleb128 0xf
 617 00b9 0F       		.uleb128 0xf
 618 00ba 00       		.byte	0
 619 00bb 0B       		.uleb128 0xb
 620 00bc 0B       		.uleb128 0xb
 621 00bd 49       		.uleb128 0x49
 622 00be 13       		.uleb128 0x13
 623 00bf 00       		.byte	0
ARM GAS  C:\Users\z80\AppData\Local\Temp\ccH63Tjf.s 			page 12


 624 00c0 00       		.byte	0
 625 00c1 10       		.uleb128 0x10
 626 00c2 2E       		.uleb128 0x2e
 627 00c3 00       		.byte	0
 628 00c4 3F       		.uleb128 0x3f
 629 00c5 0C       		.uleb128 0xc
 630 00c6 03       		.uleb128 0x3
 631 00c7 0E       		.uleb128 0xe
 632 00c8 3A       		.uleb128 0x3a
 633 00c9 0B       		.uleb128 0xb
 634 00ca 3B       		.uleb128 0x3b
 635 00cb 0B       		.uleb128 0xb
 636 00cc 27       		.uleb128 0x27
 637 00cd 0C       		.uleb128 0xc
 638 00ce 11       		.uleb128 0x11
 639 00cf 01       		.uleb128 0x1
 640 00d0 12       		.uleb128 0x12
 641 00d1 01       		.uleb128 0x1
 642 00d2 40       		.uleb128 0x40
 643 00d3 0A       		.uleb128 0xa
 644 00d4 00       		.byte	0
 645 00d5 00       		.byte	0
 646 00d6 11       		.uleb128 0x11
 647 00d7 2E       		.uleb128 0x2e
 648 00d8 01       		.byte	0x1
 649 00d9 3F       		.uleb128 0x3f
 650 00da 0C       		.uleb128 0xc
 651 00db 03       		.uleb128 0x3
 652 00dc 0E       		.uleb128 0xe
 653 00dd 3A       		.uleb128 0x3a
 654 00de 0B       		.uleb128 0xb
 655 00df 3B       		.uleb128 0x3b
 656 00e0 0B       		.uleb128 0xb
 657 00e1 27       		.uleb128 0x27
 658 00e2 0C       		.uleb128 0xc
 659 00e3 11       		.uleb128 0x11
 660 00e4 01       		.uleb128 0x1
 661 00e5 12       		.uleb128 0x12
 662 00e6 01       		.uleb128 0x1
 663 00e7 40       		.uleb128 0x40
 664 00e8 0A       		.uleb128 0xa
 665 00e9 01       		.uleb128 0x1
 666 00ea 13       		.uleb128 0x13
 667 00eb 00       		.byte	0
 668 00ec 00       		.byte	0
 669 00ed 12       		.uleb128 0x12
 670 00ee 05       		.uleb128 0x5
 671 00ef 00       		.byte	0
 672 00f0 03       		.uleb128 0x3
 673 00f1 0E       		.uleb128 0xe
 674 00f2 3A       		.uleb128 0x3a
 675 00f3 0B       		.uleb128 0xb
 676 00f4 3B       		.uleb128 0x3b
 677 00f5 0B       		.uleb128 0xb
 678 00f6 49       		.uleb128 0x49
 679 00f7 13       		.uleb128 0x13
 680 00f8 02       		.uleb128 0x2
ARM GAS  C:\Users\z80\AppData\Local\Temp\ccH63Tjf.s 			page 13


 681 00f9 06       		.uleb128 0x6
 682 00fa 00       		.byte	0
 683 00fb 00       		.byte	0
 684 00fc 13       		.uleb128 0x13
 685 00fd 05       		.uleb128 0x5
 686 00fe 00       		.byte	0
 687 00ff 03       		.uleb128 0x3
 688 0100 08       		.uleb128 0x8
 689 0101 3A       		.uleb128 0x3a
 690 0102 0B       		.uleb128 0xb
 691 0103 3B       		.uleb128 0x3b
 692 0104 0B       		.uleb128 0xb
 693 0105 49       		.uleb128 0x49
 694 0106 13       		.uleb128 0x13
 695 0107 02       		.uleb128 0x2
 696 0108 06       		.uleb128 0x6
 697 0109 00       		.byte	0
 698 010a 00       		.byte	0
 699 010b 14       		.uleb128 0x14
 700 010c 34       		.uleb128 0x34
 701 010d 00       		.byte	0
 702 010e 03       		.uleb128 0x3
 703 010f 08       		.uleb128 0x8
 704 0110 3A       		.uleb128 0x3a
 705 0111 0B       		.uleb128 0xb
 706 0112 3B       		.uleb128 0x3b
 707 0113 0B       		.uleb128 0xb
 708 0114 49       		.uleb128 0x49
 709 0115 13       		.uleb128 0x13
 710 0116 02       		.uleb128 0x2
 711 0117 06       		.uleb128 0x6
 712 0118 00       		.byte	0
 713 0119 00       		.byte	0
 714 011a 15       		.uleb128 0x15
 715 011b 26       		.uleb128 0x26
 716 011c 00       		.byte	0
 717 011d 49       		.uleb128 0x49
 718 011e 13       		.uleb128 0x13
 719 011f 00       		.byte	0
 720 0120 00       		.byte	0
 721 0121 16       		.uleb128 0x16
 722 0122 05       		.uleb128 0x5
 723 0123 00       		.byte	0
 724 0124 03       		.uleb128 0x3
 725 0125 0E       		.uleb128 0xe
 726 0126 3A       		.uleb128 0x3a
 727 0127 0B       		.uleb128 0xb
 728 0128 3B       		.uleb128 0x3b
 729 0129 0B       		.uleb128 0xb
 730 012a 49       		.uleb128 0x49
 731 012b 13       		.uleb128 0x13
 732 012c 02       		.uleb128 0x2
 733 012d 0A       		.uleb128 0xa
 734 012e 00       		.byte	0
 735 012f 00       		.byte	0
 736 0130 17       		.uleb128 0x17
 737 0131 34       		.uleb128 0x34
ARM GAS  C:\Users\z80\AppData\Local\Temp\ccH63Tjf.s 			page 14


 738 0132 00       		.byte	0
 739 0133 03       		.uleb128 0x3
 740 0134 0E       		.uleb128 0xe
 741 0135 3A       		.uleb128 0x3a
 742 0136 0B       		.uleb128 0xb
 743 0137 3B       		.uleb128 0x3b
 744 0138 05       		.uleb128 0x5
 745 0139 49       		.uleb128 0x49
 746 013a 13       		.uleb128 0x13
 747 013b 3F       		.uleb128 0x3f
 748 013c 0C       		.uleb128 0xc
 749 013d 3C       		.uleb128 0x3c
 750 013e 0C       		.uleb128 0xc
 751 013f 00       		.byte	0
 752 0140 00       		.byte	0
 753 0141 18       		.uleb128 0x18
 754 0142 34       		.uleb128 0x34
 755 0143 00       		.byte	0
 756 0144 03       		.uleb128 0x3
 757 0145 0E       		.uleb128 0xe
 758 0146 3A       		.uleb128 0x3a
 759 0147 0B       		.uleb128 0xb
 760 0148 3B       		.uleb128 0x3b
 761 0149 0B       		.uleb128 0xb
 762 014a 49       		.uleb128 0x49
 763 014b 13       		.uleb128 0x13
 764 014c 3F       		.uleb128 0x3f
 765 014d 0C       		.uleb128 0xc
 766 014e 02       		.uleb128 0x2
 767 014f 0A       		.uleb128 0xa
 768 0150 00       		.byte	0
 769 0151 00       		.byte	0
 770 0152 00       		.byte	0
 771              		.section	.debug_loc,"",%progbits
 772              	.Ldebug_loc0:
 773              	.LLST0:
 774 0000 00000000 		.4byte	.LVL0
 775 0004 06000000 		.4byte	.LVL2
 776 0008 0100     		.2byte	0x1
 777 000a 50       		.byte	0x50
 778 000b 00000000 		.4byte	0
 779 000f 00000000 		.4byte	0
 780              	.LLST1:
 781 0013 00000000 		.4byte	.LVL0
 782 0017 12000000 		.4byte	.LVL3
 783 001b 0100     		.2byte	0x1
 784 001d 51       		.byte	0x51
 785 001e 00000000 		.4byte	0
 786 0022 00000000 		.4byte	0
 787              	.LLST2:
 788 0026 02000000 		.4byte	.LVL1
 789 002a 06000000 		.4byte	.LVL2
 790 002e 0200     		.2byte	0x2
 791 0030 70       		.byte	0x70
 792 0031 04       		.sleb128 4
 793 0032 06000000 		.4byte	.LVL2
 794 0036 2A000000 		.4byte	.LFE63
ARM GAS  C:\Users\z80\AppData\Local\Temp\ccH63Tjf.s 			page 15


 795 003a 0100     		.2byte	0x1
 796 003c 53       		.byte	0x53
 797 003d 00000000 		.4byte	0
 798 0041 00000000 		.4byte	0
 799              		.section	.debug_aranges,"",%progbits
 800 0000 2C000000 		.4byte	0x2c
 801 0004 0200     		.2byte	0x2
 802 0006 00000000 		.4byte	.Ldebug_info0
 803 000a 04       		.byte	0x4
 804 000b 00       		.byte	0
 805 000c 0000     		.2byte	0
 806 000e 0000     		.2byte	0
 807 0010 00000000 		.4byte	.LFB62
 808 0014 18000000 		.4byte	.LFE62-.LFB62
 809 0018 00000000 		.4byte	.LFB63
 810 001c 2A000000 		.4byte	.LFE63-.LFB63
 811 0020 00000000 		.4byte	.LFB64
 812 0024 0A000000 		.4byte	.LFE64-.LFB64
 813 0028 00000000 		.4byte	0
 814 002c 00000000 		.4byte	0
 815              		.section	.debug_ranges,"",%progbits
 816              	.Ldebug_ranges0:
 817 0000 00000000 		.4byte	.LFB62
 818 0004 18000000 		.4byte	.LFE62
 819 0008 00000000 		.4byte	.LFB63
 820 000c 2A000000 		.4byte	.LFE63
 821 0010 00000000 		.4byte	.LFB64
 822 0014 0A000000 		.4byte	.LFE64
 823 0018 00000000 		.4byte	0
 824 001c 00000000 		.4byte	0
 825              		.section	.debug_line,"",%progbits
 826              	.Ldebug_line0:
 827 0000 83010000 		.section	.debug_str,"MS",%progbits,1
 827      02003801 
 827      00000201 
 827      FB0E0D00 
 827      01010101 
 828              	.LASF30:
 829 0000 2E2F7372 		.ascii	"./src/iwdg/iwdg_lld.c\000"
 829      632F6977 
 829      64672F69 
 829      7764675F 
 829      6C6C642E 
 830              	.LASF25:
 831 0016 69776467 		.ascii	"iwdg_lld_start\000"
 831      5F6C6C64 
 831      5F737461 
 831      727400
 832              	.LASF21:
 833 0025 73746174 		.ascii	"state\000"
 833      6500
 834              	.LASF8:
 835 002b 6C6F6E67 		.ascii	"long int\000"
 835      20696E74 
 835      00
 836              	.LASF23:
 837 0034 49574447 		.ascii	"IWDGDriver\000"
ARM GAS  C:\Users\z80\AppData\Local\Temp\ccH63Tjf.s 			page 16


 837      44726976 
 837      657200
 838              	.LASF31:
 839 003f 433A5C70 		.ascii	"C:\\projects\\digitizer.git\\firmware\\digitizer\000"
 839      726F6A65 
 839      6374735C 
 839      64696769 
 839      74697A65 
 840              	.LASF19:
 841 006c 636F756E 		.ascii	"counter\000"
 841      74657200 
 842              	.LASF12:
 843 0074 6C6F6E67 		.ascii	"long long unsigned int\000"
 843      206C6F6E 
 843      6720756E 
 843      7369676E 
 843      65642069 
 844              	.LASF2:
 845 008b 756E7369 		.ascii	"unsigned char\000"
 845      676E6564 
 845      20636861 
 845      7200
 846              	.LASF10:
 847 0099 6C6F6E67 		.ascii	"long unsigned int\000"
 847      20756E73 
 847      69676E65 
 847      6420696E 
 847      7400
 848              	.LASF6:
 849 00ab 73686F72 		.ascii	"short unsigned int\000"
 849      7420756E 
 849      7369676E 
 849      65642069 
 849      6E7400
 850              	.LASF27:
 851 00be 49544D5F 		.ascii	"ITM_RxBuffer\000"
 851      52784275 
 851      66666572 
 851      00
 852              	.LASF29:
 853 00cb 474E5520 		.ascii	"GNU C 4.6.3\000"
 853      4320342E 
 853      362E3300 
 854              	.LASF16:
 855 00d7 49574447 		.ascii	"IWDG_STOP\000"
 855      5F53544F 
 855      5000
 856              	.LASF22:
 857 00e1 69776467 		.ascii	"iwdg\000"
 857      00
 858              	.LASF32:
 859 00e6 69776467 		.ascii	"iwdg_lld_init\000"
 859      5F6C6C64 
 859      5F696E69 
 859      7400
 860              	.LASF0:
 861 00f4 756E7369 		.ascii	"unsigned int\000"
ARM GAS  C:\Users\z80\AppData\Local\Temp\ccH63Tjf.s 			page 17


 861      676E6564 
 861      20696E74 
 861      00
 862              	.LASF13:
 863 0101 63686172 		.ascii	"char\000"
 863      00
 864              	.LASF4:
 865 0106 75696E74 		.ascii	"uint8_t\000"
 865      385F7400 
 866              	.LASF20:
 867 010e 49574447 		.ascii	"IWDGConfig\000"
 867      436F6E66 
 867      696700
 868              	.LASF24:
 869 0119 69776467 		.ascii	"iwdgp\000"
 869      7000
 870              	.LASF7:
 871 011f 696E7433 		.ascii	"int32_t\000"
 871      325F7400 
 872              	.LASF11:
 873 0127 6C6F6E67 		.ascii	"long long int\000"
 873      206C6F6E 
 873      6720696E 
 873      7400
 874              	.LASF28:
 875 0135 49574447 		.ascii	"IWDGD\000"
 875      4400
 876              	.LASF3:
 877 013b 73686F72 		.ascii	"short int\000"
 877      7420696E 
 877      7400
 878              	.LASF18:
 879 0145 69776467 		.ascii	"iwdgstate_t\000"
 879      73746174 
 879      655F7400 
 880              	.LASF5:
 881 0151 75696E74 		.ascii	"uint16_t\000"
 881      31365F74 
 881      00
 882              	.LASF9:
 883 015a 75696E74 		.ascii	"uint32_t\000"
 883      33325F74 
 883      00
 884              	.LASF15:
 885 0163 49574447 		.ascii	"IWDG_UNINIT\000"
 885      5F554E49 
 885      4E495400 
 886              	.LASF1:
 887 016f 7369676E 		.ascii	"signed char\000"
 887      65642063 
 887      68617200 
 888              	.LASF17:
 889 017b 49574447 		.ascii	"IWDG_READY\000"
 889      5F524541 
 889      445900
 890              	.LASF14:
 891 0186 49574447 		.ascii	"IWDG_TypeDef\000"
ARM GAS  C:\Users\z80\AppData\Local\Temp\ccH63Tjf.s 			page 18


 891      5F547970 
 891      65446566 
 891      00
 892              	.LASF26:
 893 0193 69776467 		.ascii	"iwdg_lld_reset\000"
 893      5F6C6C64 
 893      5F726573 
 893      657400
 894              		.ident	"GCC: (Sourcery CodeBench Lite 2012.03-56) 4.6.3"
ARM GAS  C:\Users\z80\AppData\Local\Temp\ccH63Tjf.s 			page 19


DEFINED SYMBOLS
                            *ABS*:00000000 iwdg_lld.c
C:\Users\z80\AppData\Local\Temp\ccH63Tjf.s:19     .text.iwdg_lld_init:00000000 $t
C:\Users\z80\AppData\Local\Temp\ccH63Tjf.s:25     .text.iwdg_lld_init:00000000 iwdg_lld_init
C:\Users\z80\AppData\Local\Temp\ccH63Tjf.s:127    .bss.IWDGD:00000000 .LANCHOR0
C:\Users\z80\AppData\Local\Temp\ccH63Tjf.s:52     .text.iwdg_lld_start:00000000 $t
C:\Users\z80\AppData\Local\Temp\ccH63Tjf.s:58     .text.iwdg_lld_start:00000000 iwdg_lld_start
C:\Users\z80\AppData\Local\Temp\ccH63Tjf.s:101    .text.iwdg_lld_reset:00000000 $t
C:\Users\z80\AppData\Local\Temp\ccH63Tjf.s:107    .text.iwdg_lld_reset:00000000 iwdg_lld_reset
C:\Users\z80\AppData\Local\Temp\ccH63Tjf.s:130    .bss.IWDGD:00000000 IWDGD
C:\Users\z80\AppData\Local\Temp\ccH63Tjf.s:126    .bss.IWDGD:00000000 $d
                     .debug_frame:00000010 $d

NO UNDEFINED SYMBOLS
