ARM GAS  /tmp/ccT6y7Cc.s 			page 1


   1              		.syntax unified
   2              		.cpu cortex-m3
   3              		.fpu softvfp
   4              		.eabi_attribute 20, 1
   5              		.eabi_attribute 21, 1
   6              		.eabi_attribute 23, 3
   7              		.eabi_attribute 24, 1
   8              		.eabi_attribute 25, 1
   9              		.eabi_attribute 26, 1
  10              		.eabi_attribute 30, 6
  11              		.eabi_attribute 18, 4
  12              		.thumb
  13              		.file	"led_ctrl.c"
  14              		.section	.debug_abbrev,"",%progbits
  15              	.Ldebug_abbrev0:
  16              		.section	.debug_info,"",%progbits
  17              	.Ldebug_info0:
  18              		.section	.debug_line,"",%progbits
  19              	.Ldebug_line0:
  20 0000 81020000 		.text
  20      0200F701 
  20      00000201 
  20      FB0E0D00 
  20      01010101 
  21              	.Ltext0:
  22              		.cfi_sections	.debug_frame
  23              		.section	.bss.mutex,"aw",%nobits
  24              		.align	2
  25              		.type	mutex, %object
  26              		.size	mutex, 16
  27              	mutex:
  28 0000 00000000 		.space	16
  28      00000000 
  28      00000000 
  28      00000000 
  29              		.section	.bss.value,"aw",%nobits
  30              		.align	2
  31              		.type	value, %object
  32              		.size	value, 4
  33              	value:
  34 0000 00000000 		.space	4
  35              		.section	.bss.waLeds,"aw",%nobits
  36              		.align	3
  37              		.type	waLeds, %object
  38              		.size	waLeds, 432
  39              	waLeds:
  40 0000 00000000 		.space	432
  40      00000000 
  40      00000000 
  40      00000000 
  40      00000000 
  41              		.section	.rodata
  42              		.align	2
  43              	.LC0:
  44 0000 6C6400   		.ascii	"ld\000"
  45 0003 00       		.section	.text.ledsThread,"ax",%progbits
  46              		.align	2
ARM GAS  /tmp/ccT6y7Cc.s 			page 2


  47              		.p2align 4,,15
  48              		.thumb
  49              		.thumb_func
  50              		.type	ledsThread, %function
  51              	ledsThread:
  52              	.LFB62:
  53              		.file 1 "./src/led_ctrl.c"
  54              		.loc 1 15 0
  55              		.cfi_startproc
  56              		@ args = 0, pretend = 0, frame = 8
  57              		@ frame_needed = 0, uses_anonymous_args = 0
  58 0000 00B5     		push	{lr}
  59              	.LCFI0:
  60              		.cfi_def_cfa_offset 4
  61 0002 83B0     		sub	sp, sp, #12
  62              	.LCFI1:
  63              		.cfi_def_cfa_offset 16
  64 0004 0190     		str	r0, [sp, #4]
  65              		.loc 1 17 0
  66 0006 1B4B     		ldr	r3, .L7
  67 0008 DB69     		ldr	r3, [r3, #28]
  68 000a 1B4A     		ldr	r2, .L7+4
  69 000c 9A61     		str	r2, [r3, #24]
  70              	.L6:
  71              	.LBB2:
  72              		.loc 1 21 0
  73 000e 1B48     		ldr	r0, .L7+8
  74              		.cfi_offset 14, -4
  75 0010 FFF7FEFF 		bl	chMtxLock
  76              		.loc 1 22 0
  77 0014 1A4B     		ldr	r3, .L7+12
  78 0016 1A68     		ldr	r2, [r3, #0]
  79 0018 1A4B     		ldr	r3, .L7+16
  80 001a 1A60     		str	r2, [r3, #0]
  81              		.loc 1 23 0
  82 001c 194B     		ldr	r3, .L7+16
  83 001e 1B68     		ldr	r3, [r3, #0]
  84 0020 03F00103 		and	r3, r3, #1
  85 0024 DBB2     		uxtb	r3, r3
  86 0026 002B     		cmp	r3, #0
  87 0028 06D0     		beq	.L2
  88              		.loc 1 24 0
  89 002a 174B     		ldr	r3, .L7+20
  90 002c 164A     		ldr	r2, .L7+20
  91 002e D268     		ldr	r2, [r2, #12]
  92 0030 82F48042 		eor	r2, r2, #16384
  93 0034 DA60     		str	r2, [r3, #12]
  94 0036 03E0     		b	.L3
  95              	.L2:
  96              		.loc 1 26 0
  97 0038 134B     		ldr	r3, .L7+20
  98 003a 4FF48042 		mov	r2, #16384
  99 003e 5A61     		str	r2, [r3, #20]
 100              	.L3:
 101              		.loc 1 28 0
 102 0040 104B     		ldr	r3, .L7+16
 103 0042 1B68     		ldr	r3, [r3, #0]
ARM GAS  /tmp/ccT6y7Cc.s 			page 3


 104 0044 03F00203 		and	r3, r3, #2
 105 0048 002B     		cmp	r3, #0
 106 004a 06D0     		beq	.L4
 107              		.loc 1 29 0
 108 004c 0E4B     		ldr	r3, .L7+20
 109 004e 0E4A     		ldr	r2, .L7+20
 110 0050 D268     		ldr	r2, [r2, #12]
 111 0052 82F40052 		eor	r2, r2, #8192
 112 0056 DA60     		str	r2, [r3, #12]
 113 0058 03E0     		b	.L5
 114              	.L4:
 115              		.loc 1 31 0
 116 005a 0B4B     		ldr	r3, .L7+20
 117 005c 4FF40052 		mov	r2, #8192
 118 0060 5A61     		str	r2, [r3, #20]
 119              	.L5:
 120              		.loc 1 32 0
 121 0062 FFF7FEFF 		bl	chMtxUnlock
 122              		.loc 1 33 0
 123 0066 4FF0FA00 		mov	r0, #250
 124 006a FFF7FEFF 		bl	chThdSleep
 125              		.loc 1 35 0
 126 006e FFF7FEFF 		bl	processTemp
 127              	.LBE2:
 128              		.loc 1 36 0
 129 0072 CCE7     		b	.L6
 130              	.L8:
 131              		.align	2
 132              	.L7:
 133 0074 00000000 		.word	rlist
 134 0078 00000000 		.word	.LC0
 135 007c 00000000 		.word	mutex
 136 0080 00000000 		.word	value
 137 0084 00000000 		.word	arg.6097
 138 0088 00100140 		.word	1073811456
 139              		.cfi_endproc
 140              	.LFE62:
 141              		.size	ledsThread, .-ledsThread
 142 008c AFF30080 		.section	.text.initLed,"ax",%progbits
 143              		.align	2
 144              		.p2align 4,,15
 145              		.global	initLed
 146              		.thumb
 147              		.thumb_func
 148              		.type	initLed, %function
 149              	initLed:
 150              	.LFB63:
 151              		.loc 1 42 0
 152              		.cfi_startproc
 153              		@ args = 0, pretend = 0, frame = 0
 154              		@ frame_needed = 0, uses_anonymous_args = 0
 155 0000 00B5     		push	{lr}
 156              	.LCFI2:
 157              		.cfi_def_cfa_offset 4
 158 0002 83B0     		sub	sp, sp, #12
 159              	.LCFI3:
 160              		.cfi_def_cfa_offset 16
ARM GAS  /tmp/ccT6y7Cc.s 			page 4


 161              		.loc 1 43 0
 162 0004 124B     		ldr	r3, .L10
 163 0006 4FF48042 		mov	r2, #16384
 164 000a 5A61     		str	r2, [r3, #20]
 165              		.loc 1 44 0
 166 000c 104B     		ldr	r3, .L10
 167 000e 4FF40052 		mov	r2, #8192
 168 0012 5A61     		str	r2, [r3, #20]
 169              		.loc 1 45 0
 170 0014 0E48     		ldr	r0, .L10
 171 0016 4FF48041 		mov	r1, #16384
 172 001a 4FF00602 		mov	r2, #6
 173              		.cfi_offset 14, -4
 174 001e FFF7FEFF 		bl	_pal_lld_setgroupmode
 175              		.loc 1 46 0
 176 0022 0B48     		ldr	r0, .L10
 177 0024 4FF40051 		mov	r1, #8192
 178 0028 4FF00602 		mov	r2, #6
 179 002c FFF7FEFF 		bl	_pal_lld_setgroupmode
 180              		.loc 1 49 0
 181 0030 0848     		ldr	r0, .L10+4
 182 0032 FFF7FEFF 		bl	chMtxInit
 183              		.loc 1 51 0
 184 0036 4FF00003 		mov	r3, #0
 185 003a 0093     		str	r3, [sp, #0]
 186 003c 0648     		ldr	r0, .L10+8
 187 003e 4FF4D871 		mov	r1, #432
 188 0042 4FF04002 		mov	r2, #64
 189 0046 054B     		ldr	r3, .L10+12
 190 0048 FFF7FEFF 		bl	chThdCreateStatic
 191              		.loc 1 52 0
 192 004c 03B0     		add	sp, sp, #12
 193 004e 00BD     		pop	{pc}
 194              	.L11:
 195              		.align	2
 196              	.L10:
 197 0050 00100140 		.word	1073811456
 198 0054 00000000 		.word	mutex
 199 0058 00000000 		.word	waLeds
 200 005c 00000000 		.word	ledsThread
 201              		.cfi_endproc
 202              	.LFE63:
 203              		.size	initLed, .-initLed
 204              		.section	.text.setLeds,"ax",%progbits
 205              		.align	2
 206              		.p2align 4,,15
 207              		.global	setLeds
 208              		.thumb
 209              		.thumb_func
 210              		.type	setLeds, %function
 211              	setLeds:
 212              	.LFB64:
 213              		.loc 1 55 0
 214              		.cfi_startproc
 215              		@ args = 0, pretend = 0, frame = 8
 216              		@ frame_needed = 0, uses_anonymous_args = 0
 217 0000 00B5     		push	{lr}
ARM GAS  /tmp/ccT6y7Cc.s 			page 5


 218              	.LCFI4:
 219              		.cfi_def_cfa_offset 4
 220 0002 83B0     		sub	sp, sp, #12
 221              	.LCFI5:
 222              		.cfi_def_cfa_offset 16
 223 0004 0190     		str	r0, [sp, #4]
 224              		.loc 1 56 0
 225 0006 0548     		ldr	r0, .L13
 226              		.cfi_offset 14, -4
 227 0008 FFF7FEFF 		bl	chMtxLock
 228              		.loc 1 57 0
 229 000c 044B     		ldr	r3, .L13+4
 230 000e 019A     		ldr	r2, [sp, #4]
 231 0010 1A60     		str	r2, [r3, #0]
 232              		.loc 1 58 0
 233 0012 FFF7FEFF 		bl	chMtxUnlock
 234              		.loc 1 59 0
 235 0016 03B0     		add	sp, sp, #12
 236 0018 00BD     		pop	{pc}
 237              	.L14:
 238 001a 00BF     		.align	2
 239              	.L13:
 240 001c 00000000 		.word	mutex
 241 0020 00000000 		.word	value
 242              		.cfi_endproc
 243              	.LFE64:
 244              		.size	setLeds, .-setLeds
 245 0024 AFF30080 		.section	.text.toggleLeds,"ax",%progbits
 245      AFF30080 
 245      AFF30080 
 246              		.align	2
 247              		.p2align 4,,15
 248              		.global	toggleLeds
 249              		.thumb
 250              		.thumb_func
 251              		.type	toggleLeds, %function
 252              	toggleLeds:
 253              	.LFB65:
 254              		.loc 1 62 0
 255              		.cfi_startproc
 256              		@ args = 0, pretend = 0, frame = 8
 257              		@ frame_needed = 0, uses_anonymous_args = 0
 258 0000 00B5     		push	{lr}
 259              	.LCFI6:
 260              		.cfi_def_cfa_offset 4
 261 0002 83B0     		sub	sp, sp, #12
 262              	.LCFI7:
 263              		.cfi_def_cfa_offset 16
 264 0004 0190     		str	r0, [sp, #4]
 265              		.loc 1 63 0
 266 0006 0C48     		ldr	r0, .L16
 267              		.cfi_offset 14, -4
 268 0008 FFF7FEFF 		bl	chMtxLock
 269              		.loc 1 64 0
 270 000c 019B     		ldr	r3, [sp, #4]
 271 000e 6FEA0302 		mvn	r2, r3
 272 0012 0A4B     		ldr	r3, .L16+4
ARM GAS  /tmp/ccT6y7Cc.s 			page 6


 273 0014 1B68     		ldr	r3, [r3, #0]
 274 0016 1A40     		ands	r2, r2, r3
 275              		.loc 1 65 0
 276 0018 084B     		ldr	r3, .L16+4
 277 001a 1B68     		ldr	r3, [r3, #0]
 278 001c 6FEA0301 		mvn	r1, r3
 279 0020 019B     		ldr	r3, [sp, #4]
 280 0022 01EA0303 		and	r3, r1, r3
 281 0026 03F00703 		and	r3, r3, #7
 282              		.loc 1 64 0
 283 002a 1A43     		orrs	r2, r2, r3
 284 002c 034B     		ldr	r3, .L16+4
 285 002e 1A60     		str	r2, [r3, #0]
 286              		.loc 1 66 0
 287 0030 FFF7FEFF 		bl	chMtxUnlock
 288              		.loc 1 67 0
 289 0034 03B0     		add	sp, sp, #12
 290 0036 00BD     		pop	{pc}
 291              	.L17:
 292              		.align	2
 293              	.L16:
 294 0038 00000000 		.word	mutex
 295 003c 00000000 		.word	value
 296              		.cfi_endproc
 297              	.LFE65:
 298              		.size	toggleLeds, .-toggleLeds
 299              		.section	.text.toggleLedsImmediate,"ax",%progbits
 300              		.align	2
 301              		.p2align 4,,15
 302              		.global	toggleLedsImmediate
 303              		.thumb
 304              		.thumb_func
 305              		.type	toggleLedsImmediate, %function
 306              	toggleLedsImmediate:
 307              	.LFB66:
 308              		.loc 1 70 0
 309              		.cfi_startproc
 310              		@ args = 0, pretend = 0, frame = 8
 311              		@ frame_needed = 0, uses_anonymous_args = 0
 312              		@ link register save eliminated.
 313 0000 82B0     		sub	sp, sp, #8
 314              	.LCFI8:
 315              		.cfi_def_cfa_offset 8
 316 0002 0190     		str	r0, [sp, #4]
 317              		.loc 1 71 0
 318 0004 019B     		ldr	r3, [sp, #4]
 319 0006 03F00103 		and	r3, r3, #1
 320 000a DBB2     		uxtb	r3, r3
 321 000c 002B     		cmp	r3, #0
 322 000e 05D0     		beq	.L19
 323              		.loc 1 72 0
 324 0010 094B     		ldr	r3, .L21
 325 0012 094A     		ldr	r2, .L21
 326 0014 D268     		ldr	r2, [r2, #12]
 327 0016 82F48042 		eor	r2, r2, #16384
 328 001a DA60     		str	r2, [r3, #12]
 329              	.L19:
ARM GAS  /tmp/ccT6y7Cc.s 			page 7


 330              		.loc 1 73 0
 331 001c 019B     		ldr	r3, [sp, #4]
 332 001e 03F00203 		and	r3, r3, #2
 333 0022 002B     		cmp	r3, #0
 334 0024 05D0     		beq	.L18
 335              		.loc 1 74 0
 336 0026 044B     		ldr	r3, .L21
 337 0028 034A     		ldr	r2, .L21
 338 002a D268     		ldr	r2, [r2, #12]
 339 002c 82F40052 		eor	r2, r2, #8192
 340 0030 DA60     		str	r2, [r3, #12]
 341              	.L18:
 342              		.loc 1 75 0
 343 0032 02B0     		add	sp, sp, #8
 344 0034 7047     		bx	lr
 345              	.L22:
 346 0036 00BF     		.align	2
 347              	.L21:
 348 0038 00100140 		.word	1073811456
 349              		.cfi_endproc
 350              	.LFE66:
 351              		.size	toggleLedsImmediate, .-toggleLedsImmediate
 352 003c AFF30080 		.section	.text.toggleLedsI,"ax",%progbits
 353              		.align	2
 354              		.p2align 4,,15
 355              		.global	toggleLedsI
 356              		.thumb
 357              		.thumb_func
 358              		.type	toggleLedsI, %function
 359              	toggleLedsI:
 360              	.LFB67:
 361              		.loc 1 78 0
 362              		.cfi_startproc
 363              		@ args = 0, pretend = 0, frame = 8
 364              		@ frame_needed = 0, uses_anonymous_args = 0
 365              		@ link register save eliminated.
 366 0000 82B0     		sub	sp, sp, #8
 367              	.LCFI9:
 368              		.cfi_def_cfa_offset 8
 369 0002 0190     		str	r0, [sp, #4]
 370              		.loc 1 79 0
 371 0004 019B     		ldr	r3, [sp, #4]
 372 0006 03F00103 		and	r3, r3, #1
 373 000a DBB2     		uxtb	r3, r3
 374 000c 002B     		cmp	r3, #0
 375 000e 05D0     		beq	.L24
 376              		.loc 1 80 0
 377 0010 094B     		ldr	r3, .L26
 378 0012 094A     		ldr	r2, .L26
 379 0014 D268     		ldr	r2, [r2, #12]
 380 0016 82F48042 		eor	r2, r2, #16384
 381 001a DA60     		str	r2, [r3, #12]
 382              	.L24:
 383              		.loc 1 81 0
 384 001c 019B     		ldr	r3, [sp, #4]
 385 001e 03F00203 		and	r3, r3, #2
 386 0022 002B     		cmp	r3, #0
ARM GAS  /tmp/ccT6y7Cc.s 			page 8


 387 0024 05D0     		beq	.L23
 388              		.loc 1 82 0
 389 0026 044B     		ldr	r3, .L26
 390 0028 034A     		ldr	r2, .L26
 391 002a D268     		ldr	r2, [r2, #12]
 392 002c 82F40052 		eor	r2, r2, #8192
 393 0030 DA60     		str	r2, [r3, #12]
 394              	.L23:
 395              		.loc 1 83 0
 396 0032 02B0     		add	sp, sp, #8
 397 0034 7047     		bx	lr
 398              	.L27:
 399 0036 00BF     		.align	2
 400              	.L26:
 401 0038 00100140 		.word	1073811456
 402              		.cfi_endproc
 403              	.LFE67:
 404              		.size	toggleLedsI, .-toggleLedsI
 405 003c AFF30080 		.section	.bss.arg.6097,"aw",%nobits
 406              		.align	2
 407              		.type	arg.6097, %object
 408              		.size	arg.6097, 4
 409              	arg.6097:
 410 0000 00000000 		.space	4
 411              		.text
 412              	.Letext0:
 413              		.section	.debug_loc,"",%progbits
 414              	.Ldebug_loc0:
 415              	.LLST0:
 416 0000 00000000 		.4byte	.LFB62
 417 0004 02000000 		.4byte	.LCFI0
 418 0008 0200     		.2byte	0x2
 419 000a 7D       		.byte	0x7d
 420 000b 00       		.sleb128 0
 421 000c 02000000 		.4byte	.LCFI0
 422 0010 04000000 		.4byte	.LCFI1
 423 0014 0200     		.2byte	0x2
 424 0016 7D       		.byte	0x7d
 425 0017 04       		.sleb128 4
 426 0018 04000000 		.4byte	.LCFI1
 427 001c 8C000000 		.4byte	.LFE62
 428 0020 0200     		.2byte	0x2
 429 0022 7D       		.byte	0x7d
 430 0023 10       		.sleb128 16
 431 0024 00000000 		.4byte	0x0
 432 0028 00000000 		.4byte	0x0
 433              	.LLST1:
 434 002c 00000000 		.4byte	.LFB63
 435 0030 02000000 		.4byte	.LCFI2
 436 0034 0200     		.2byte	0x2
 437 0036 7D       		.byte	0x7d
 438 0037 00       		.sleb128 0
 439 0038 02000000 		.4byte	.LCFI2
 440 003c 04000000 		.4byte	.LCFI3
 441 0040 0200     		.2byte	0x2
 442 0042 7D       		.byte	0x7d
 443 0043 04       		.sleb128 4
ARM GAS  /tmp/ccT6y7Cc.s 			page 9


 444 0044 04000000 		.4byte	.LCFI3
 445 0048 60000000 		.4byte	.LFE63
 446 004c 0200     		.2byte	0x2
 447 004e 7D       		.byte	0x7d
 448 004f 10       		.sleb128 16
 449 0050 00000000 		.4byte	0x0
 450 0054 00000000 		.4byte	0x0
 451              	.LLST2:
 452 0058 00000000 		.4byte	.LFB64
 453 005c 02000000 		.4byte	.LCFI4
 454 0060 0200     		.2byte	0x2
 455 0062 7D       		.byte	0x7d
 456 0063 00       		.sleb128 0
 457 0064 02000000 		.4byte	.LCFI4
 458 0068 04000000 		.4byte	.LCFI5
 459 006c 0200     		.2byte	0x2
 460 006e 7D       		.byte	0x7d
 461 006f 04       		.sleb128 4
 462 0070 04000000 		.4byte	.LCFI5
 463 0074 24000000 		.4byte	.LFE64
 464 0078 0200     		.2byte	0x2
 465 007a 7D       		.byte	0x7d
 466 007b 10       		.sleb128 16
 467 007c 00000000 		.4byte	0x0
 468 0080 00000000 		.4byte	0x0
 469              	.LLST3:
 470 0084 00000000 		.4byte	.LFB65
 471 0088 02000000 		.4byte	.LCFI6
 472 008c 0200     		.2byte	0x2
 473 008e 7D       		.byte	0x7d
 474 008f 00       		.sleb128 0
 475 0090 02000000 		.4byte	.LCFI6
 476 0094 04000000 		.4byte	.LCFI7
 477 0098 0200     		.2byte	0x2
 478 009a 7D       		.byte	0x7d
 479 009b 04       		.sleb128 4
 480 009c 04000000 		.4byte	.LCFI7
 481 00a0 40000000 		.4byte	.LFE65
 482 00a4 0200     		.2byte	0x2
 483 00a6 7D       		.byte	0x7d
 484 00a7 10       		.sleb128 16
 485 00a8 00000000 		.4byte	0x0
 486 00ac 00000000 		.4byte	0x0
 487              	.LLST4:
 488 00b0 00000000 		.4byte	.LFB66
 489 00b4 02000000 		.4byte	.LCFI8
 490 00b8 0200     		.2byte	0x2
 491 00ba 7D       		.byte	0x7d
 492 00bb 00       		.sleb128 0
 493 00bc 02000000 		.4byte	.LCFI8
 494 00c0 3C000000 		.4byte	.LFE66
 495 00c4 0200     		.2byte	0x2
 496 00c6 7D       		.byte	0x7d
 497 00c7 08       		.sleb128 8
 498 00c8 00000000 		.4byte	0x0
 499 00cc 00000000 		.4byte	0x0
 500              	.LLST5:
ARM GAS  /tmp/ccT6y7Cc.s 			page 10


 501 00d0 00000000 		.4byte	.LFB67
 502 00d4 02000000 		.4byte	.LCFI9
 503 00d8 0200     		.2byte	0x2
 504 00da 7D       		.byte	0x7d
 505 00db 00       		.sleb128 0
 506 00dc 02000000 		.4byte	.LCFI9
 507 00e0 3C000000 		.4byte	.LFE67
 508 00e4 0200     		.2byte	0x2
 509 00e6 7D       		.byte	0x7d
 510 00e7 08       		.sleb128 8
 511 00e8 00000000 		.4byte	0x0
 512 00ec 00000000 		.4byte	0x0
 513              		.file 2 "/home/z80/programs/code-sourcery/2011.03-42/bin/../lib/gcc/arm-none-eabi/4.5.2/../../../.
 514              		.file 3 "../chibios_2.4.x/os/ports/GCC/ARMCMx/chtypes.h"
 515              		.file 4 "../chibios_2.4.x/os/kernel/include/chlists.h"
 516              		.file 5 "../chibios_2.4.x/os/kernel/include/chthreads.h"
 517              		.file 6 "../chibios_2.4.x/os/ports/GCC/ARMCMx/chcore_v7m.h"
 518              		.file 7 "../chibios_2.4.x/os/kernel/include/chschd.h"
 519              		.file 8 "../chibios_2.4.x/os/kernel/include/chmtx.h"
 520              		.file 9 "../chibios_2.4.x/os/hal/platforms/STM32F1xx/stm32f10x.h"
 521              		.file 10 "../chibios_2.4.x/os/hal/platforms/STM32/GPIOv1/pal_lld.h"
 522              		.file 11 "../chibios_2.4.x/os/ports/common/ARMCMx/CMSIS/include/core_cm3.h"
 523              		.section	.debug_info
 524 0000 37060000 		.4byte	0x637
 525 0004 0200     		.2byte	0x2
 526 0006 00000000 		.4byte	.Ldebug_abbrev0
 527 000a 04       		.byte	0x4
 528 000b 01       		.uleb128 0x1
 529 000c 87020000 		.4byte	.LASF74
 530 0010 01       		.byte	0x1
 531 0011 BE020000 		.4byte	.LASF75
 532 0015 24020000 		.4byte	.LASF76
 533 0019 00000000 		.4byte	0x0
 534 001d 00000000 		.4byte	0x0
 535 0021 00000000 		.4byte	.Ldebug_ranges0+0x0
 536 0025 00000000 		.4byte	.Ldebug_line0
 537 0029 02       		.uleb128 0x2
 538 002a 04       		.byte	0x4
 539 002b 05       		.byte	0x5
 540 002c 696E7400 		.ascii	"int\000"
 541 0030 03       		.uleb128 0x3
 542 0031 04       		.byte	0x4
 543 0032 07       		.byte	0x7
 544 0033 79010000 		.4byte	.LASF0
 545 0037 03       		.uleb128 0x3
 546 0038 01       		.byte	0x1
 547 0039 06       		.byte	0x6
 548 003a 3A010000 		.4byte	.LASF1
 549 003e 04       		.uleb128 0x4
 550 003f A3000000 		.4byte	.LASF5
 551 0043 02       		.byte	0x2
 552 0044 2A       		.byte	0x2a
 553 0045 49000000 		.4byte	0x49
 554 0049 03       		.uleb128 0x3
 555 004a 01       		.byte	0x1
 556 004b 08       		.byte	0x8
 557 004c 25010000 		.4byte	.LASF2
ARM GAS  /tmp/ccT6y7Cc.s 			page 11


 558 0050 03       		.uleb128 0x3
 559 0051 02       		.byte	0x2
 560 0052 05       		.byte	0x5
 561 0053 22000000 		.4byte	.LASF3
 562 0057 03       		.uleb128 0x3
 563 0058 02       		.byte	0x2
 564 0059 07       		.byte	0x7
 565 005a E8010000 		.4byte	.LASF4
 566 005e 04       		.uleb128 0x4
 567 005f D3010000 		.4byte	.LASF6
 568 0063 02       		.byte	0x2
 569 0064 4F       		.byte	0x4f
 570 0065 69000000 		.4byte	0x69
 571 0069 03       		.uleb128 0x3
 572 006a 04       		.byte	0x4
 573 006b 05       		.byte	0x5
 574 006c E3000000 		.4byte	.LASF7
 575 0070 04       		.uleb128 0x4
 576 0071 70010000 		.4byte	.LASF8
 577 0075 02       		.byte	0x2
 578 0076 50       		.byte	0x50
 579 0077 7B000000 		.4byte	0x7b
 580 007b 03       		.uleb128 0x3
 581 007c 04       		.byte	0x4
 582 007d 07       		.byte	0x7
 583 007e 69020000 		.4byte	.LASF9
 584 0082 03       		.uleb128 0x3
 585 0083 08       		.byte	0x8
 586 0084 05       		.byte	0x5
 587 0085 C7000000 		.4byte	.LASF10
 588 0089 04       		.uleb128 0x4
 589 008a 0D000000 		.4byte	.LASF11
 590 008e 02       		.byte	0x2
 591 008f 78       		.byte	0x78
 592 0090 94000000 		.4byte	0x94
 593 0094 03       		.uleb128 0x3
 594 0095 08       		.byte	0x8
 595 0096 07       		.byte	0x7
 596 0097 4E010000 		.4byte	.LASF12
 597 009b 04       		.uleb128 0x4
 598 009c BF000000 		.4byte	.LASF13
 599 00a0 03       		.byte	0x3
 600 00a1 2F       		.byte	0x2f
 601 00a2 3E000000 		.4byte	0x3e
 602 00a6 04       		.uleb128 0x4
 603 00a7 A1020000 		.4byte	.LASF14
 604 00ab 03       		.byte	0x3
 605 00ac 30       		.byte	0x30
 606 00ad 3E000000 		.4byte	0x3e
 607 00b1 04       		.uleb128 0x4
 608 00b2 D5000000 		.4byte	.LASF15
 609 00b6 03       		.byte	0x3
 610 00b7 32       		.byte	0x32
 611 00b8 70000000 		.4byte	0x70
 612 00bc 04       		.uleb128 0x4
 613 00bd 09030000 		.4byte	.LASF16
 614 00c1 03       		.byte	0x3
ARM GAS  /tmp/ccT6y7Cc.s 			page 12


 615 00c2 33       		.byte	0x33
 616 00c3 5E000000 		.4byte	0x5e
 617 00c7 04       		.uleb128 0x4
 618 00c8 61000000 		.4byte	.LASF17
 619 00cc 03       		.byte	0x3
 620 00cd 35       		.byte	0x35
 621 00ce 70000000 		.4byte	0x70
 622 00d2 04       		.uleb128 0x4
 623 00d3 B7010000 		.4byte	.LASF18
 624 00d7 03       		.byte	0x3
 625 00d8 36       		.byte	0x36
 626 00d9 70000000 		.4byte	0x70
 627 00dd 04       		.uleb128 0x4
 628 00de E2010000 		.4byte	.LASF19
 629 00e2 03       		.byte	0x3
 630 00e3 37       		.byte	0x37
 631 00e4 5E000000 		.4byte	0x5e
 632 00e8 04       		.uleb128 0x4
 633 00e9 93020000 		.4byte	.LASF20
 634 00ed 04       		.byte	0x4
 635 00ee 2A       		.byte	0x2a
 636 00ef F3000000 		.4byte	0xf3
 637 00f3 05       		.uleb128 0x5
 638 00f4 93020000 		.4byte	.LASF20
 639 00f8 48       		.byte	0x48
 640 00f9 05       		.byte	0x5
 641 00fa 5E       		.byte	0x5e
 642 00fb FC010000 		.4byte	0x1fc
 643 00ff 06       		.uleb128 0x6
 644 0100 7F000000 		.4byte	.LASF21
 645 0104 05       		.byte	0x5
 646 0105 5F       		.byte	0x5f
 647 0106 21020000 		.4byte	0x221
 648 010a 02       		.byte	0x2
 649 010b 23       		.byte	0x23
 650 010c 00       		.uleb128 0x0
 651 010d 06       		.uleb128 0x6
 652 010e 54000000 		.4byte	.LASF22
 653 0112 05       		.byte	0x5
 654 0113 61       		.byte	0x61
 655 0114 21020000 		.4byte	0x221
 656 0118 02       		.byte	0x2
 657 0119 23       		.byte	0x23
 658 011a 04       		.uleb128 0x4
 659 011b 06       		.uleb128 0x6
 660 011c 78000000 		.4byte	.LASF23
 661 0120 05       		.byte	0x5
 662 0121 63       		.byte	0x63
 663 0122 B1000000 		.4byte	0xb1
 664 0126 02       		.byte	0x2
 665 0127 23       		.byte	0x23
 666 0128 08       		.uleb128 0x8
 667 0129 06       		.uleb128 0x6
 668 012a D7020000 		.4byte	.LASF24
 669 012e 05       		.byte	0x5
 670 012f 64       		.byte	0x64
 671 0130 F9020000 		.4byte	0x2f9
ARM GAS  /tmp/ccT6y7Cc.s 			page 13


 672 0134 02       		.byte	0x2
 673 0135 23       		.byte	0x23
 674 0136 0C       		.uleb128 0xc
 675 0137 06       		.uleb128 0x6
 676 0138 46010000 		.4byte	.LASF25
 677 013c 05       		.byte	0x5
 678 013d 66       		.byte	0x66
 679 013e 21020000 		.4byte	0x221
 680 0142 02       		.byte	0x2
 681 0143 23       		.byte	0x23
 682 0144 10       		.uleb128 0x10
 683 0145 06       		.uleb128 0x6
 684 0146 CF020000 		.4byte	.LASF26
 685 014a 05       		.byte	0x5
 686 014b 67       		.byte	0x67
 687 014c 21020000 		.4byte	0x221
 688 0150 02       		.byte	0x2
 689 0151 23       		.byte	0x23
 690 0152 14       		.uleb128 0x14
 691 0153 06       		.uleb128 0x6
 692 0154 CC010000 		.4byte	.LASF27
 693 0158 05       		.byte	0x5
 694 0159 6E       		.byte	0x6e
 695 015a 19040000 		.4byte	0x419
 696 015e 02       		.byte	0x2
 697 015f 23       		.byte	0x23
 698 0160 18       		.uleb128 0x18
 699 0161 06       		.uleb128 0x6
 700 0162 49000000 		.4byte	.LASF28
 701 0166 05       		.byte	0x5
 702 0167 74       		.byte	0x74
 703 0168 2B040000 		.4byte	0x42b
 704 016c 02       		.byte	0x2
 705 016d 23       		.byte	0x23
 706 016e 1C       		.uleb128 0x1c
 707 016f 06       		.uleb128 0x6
 708 0170 FB010000 		.4byte	.LASF29
 709 0174 05       		.byte	0x5
 710 0175 79       		.byte	0x79
 711 0176 A6000000 		.4byte	0xa6
 712 017a 02       		.byte	0x2
 713 017b 23       		.byte	0x23
 714 017c 20       		.uleb128 0x20
 715 017d 06       		.uleb128 0x6
 716 017e A4010000 		.4byte	.LASF30
 717 0182 05       		.byte	0x5
 718 0183 7D       		.byte	0x7d
 719 0184 9B000000 		.4byte	0x9b
 720 0188 02       		.byte	0x2
 721 0189 23       		.byte	0x23
 722 018a 21       		.uleb128 0x21
 723 018b 06       		.uleb128 0x6
 724 018c B8000000 		.4byte	.LASF31
 725 0190 05       		.byte	0x5
 726 0191 89       		.byte	0x89
 727 0192 21030000 		.4byte	0x321
 728 0196 02       		.byte	0x2
ARM GAS  /tmp/ccT6y7Cc.s 			page 14


 729 0197 23       		.byte	0x23
 730 0198 24       		.uleb128 0x24
 731 0199 07       		.uleb128 0x7
 732 019a 705F7500 		.ascii	"p_u\000"
 733 019e 05       		.byte	0x5
 734 019f AE       		.byte	0xae
 735 01a0 E4030000 		.4byte	0x3e4
 736 01a4 02       		.byte	0x2
 737 01a5 23       		.byte	0x23
 738 01a6 28       		.uleb128 0x28
 739 01a7 06       		.uleb128 0x6
 740 01a8 1A020000 		.4byte	.LASF32
 741 01ac 05       		.byte	0x5
 742 01ad B3       		.byte	0xb3
 743 01ae 49020000 		.4byte	0x249
 744 01b2 02       		.byte	0x2
 745 01b3 23       		.byte	0x23
 746 01b4 2C       		.uleb128 0x2c
 747 01b5 06       		.uleb128 0x6
 748 01b6 6D000000 		.4byte	.LASF33
 749 01ba 05       		.byte	0x5
 750 01bb B9       		.byte	0xb9
 751 01bc 27020000 		.4byte	0x227
 752 01c0 02       		.byte	0x2
 753 01c1 23       		.byte	0x23
 754 01c2 30       		.uleb128 0x30
 755 01c3 06       		.uleb128 0x6
 756 01c4 1F010000 		.4byte	.LASF34
 757 01c8 05       		.byte	0x5
 758 01c9 BD       		.byte	0xbd
 759 01ca BC000000 		.4byte	0xbc
 760 01ce 02       		.byte	0x2
 761 01cf 23       		.byte	0x23
 762 01d0 38       		.uleb128 0x38
 763 01d1 06       		.uleb128 0x6
 764 01d2 34000000 		.4byte	.LASF35
 765 01d6 05       		.byte	0x5
 766 01d7 C3       		.byte	0xc3
 767 01d8 C7000000 		.4byte	0xc7
 768 01dc 02       		.byte	0x2
 769 01dd 23       		.byte	0x23
 770 01de 3C       		.uleb128 0x3c
 771 01df 06       		.uleb128 0x6
 772 01e0 58020000 		.4byte	.LASF36
 773 01e4 05       		.byte	0x5
 774 01e5 CA       		.byte	0xca
 775 01e6 31040000 		.4byte	0x431
 776 01ea 02       		.byte	0x2
 777 01eb 23       		.byte	0x23
 778 01ec 40       		.uleb128 0x40
 779 01ed 06       		.uleb128 0x6
 780 01ee AC010000 		.4byte	.LASF37
 781 01f2 05       		.byte	0x5
 782 01f3 CE       		.byte	0xce
 783 01f4 B1000000 		.4byte	0xb1
 784 01f8 02       		.byte	0x2
 785 01f9 23       		.byte	0x23
ARM GAS  /tmp/ccT6y7Cc.s 			page 15


 786 01fa 44       		.uleb128 0x44
 787 01fb 00       		.byte	0x0
 788 01fc 08       		.uleb128 0x8
 789 01fd 08       		.byte	0x8
 790 01fe 04       		.byte	0x4
 791 01ff 61       		.byte	0x61
 792 0200 21020000 		.4byte	0x221
 793 0204 06       		.uleb128 0x6
 794 0205 7F000000 		.4byte	.LASF21
 795 0209 04       		.byte	0x4
 796 020a 62       		.byte	0x62
 797 020b 21020000 		.4byte	0x221
 798 020f 02       		.byte	0x2
 799 0210 23       		.byte	0x23
 800 0211 00       		.uleb128 0x0
 801 0212 06       		.uleb128 0x6
 802 0213 54000000 		.4byte	.LASF22
 803 0217 04       		.byte	0x4
 804 0218 64       		.byte	0x64
 805 0219 21020000 		.4byte	0x221
 806 021d 02       		.byte	0x2
 807 021e 23       		.byte	0x23
 808 021f 04       		.uleb128 0x4
 809 0220 00       		.byte	0x0
 810 0221 09       		.uleb128 0x9
 811 0222 04       		.byte	0x4
 812 0223 E8000000 		.4byte	0xe8
 813 0227 04       		.uleb128 0x4
 814 0228 03020000 		.4byte	.LASF38
 815 022c 04       		.byte	0x4
 816 022d 66       		.byte	0x66
 817 022e FC010000 		.4byte	0x1fc
 818 0232 08       		.uleb128 0x8
 819 0233 04       		.byte	0x4
 820 0234 04       		.byte	0x4
 821 0235 6B       		.byte	0x6b
 822 0236 49020000 		.4byte	0x249
 823 023a 06       		.uleb128 0x6
 824 023b 7F000000 		.4byte	.LASF21
 825 023f 04       		.byte	0x4
 826 0240 6D       		.byte	0x6d
 827 0241 21020000 		.4byte	0x221
 828 0245 02       		.byte	0x2
 829 0246 23       		.byte	0x23
 830 0247 00       		.uleb128 0x0
 831 0248 00       		.byte	0x0
 832 0249 04       		.uleb128 0x4
 833 024a 16000000 		.4byte	.LASF39
 834 024e 04       		.byte	0x4
 835 024f 70       		.byte	0x70
 836 0250 32020000 		.4byte	0x232
 837 0254 04       		.uleb128 0x4
 838 0255 9A000000 		.4byte	.LASF40
 839 0259 06       		.byte	0x6
 840 025a D7       		.byte	0xd7
 841 025b 5F020000 		.4byte	0x25f
 842 025f 0A       		.uleb128 0xa
ARM GAS  /tmp/ccT6y7Cc.s 			page 16


 843 0260 04       		.byte	0x4
 844 0261 04       		.uleb128 0x4
 845 0262 AA020000 		.4byte	.LASF41
 846 0266 06       		.byte	0x6
 847 0267 DD       		.byte	0xdd
 848 0268 89000000 		.4byte	0x89
 849 026c 05       		.uleb128 0x5
 850 026d 62020000 		.4byte	.LASF42
 851 0271 24       		.byte	0x24
 852 0272 06       		.byte	0x6
 853 0273 FE       		.byte	0xfe
 854 0274 F9020000 		.4byte	0x2f9
 855 0278 0B       		.uleb128 0xb
 856 0279 723400   		.ascii	"r4\000"
 857 027c 06       		.byte	0x6
 858 027d 1101     		.2byte	0x111
 859 027f 54020000 		.4byte	0x254
 860 0283 02       		.byte	0x2
 861 0284 23       		.byte	0x23
 862 0285 00       		.uleb128 0x0
 863 0286 0B       		.uleb128 0xb
 864 0287 723500   		.ascii	"r5\000"
 865 028a 06       		.byte	0x6
 866 028b 1201     		.2byte	0x112
 867 028d 54020000 		.4byte	0x254
 868 0291 02       		.byte	0x2
 869 0292 23       		.byte	0x23
 870 0293 04       		.uleb128 0x4
 871 0294 0B       		.uleb128 0xb
 872 0295 723600   		.ascii	"r6\000"
 873 0298 06       		.byte	0x6
 874 0299 1301     		.2byte	0x113
 875 029b 54020000 		.4byte	0x254
 876 029f 02       		.byte	0x2
 877 02a0 23       		.byte	0x23
 878 02a1 08       		.uleb128 0x8
 879 02a2 0B       		.uleb128 0xb
 880 02a3 723700   		.ascii	"r7\000"
 881 02a6 06       		.byte	0x6
 882 02a7 1401     		.2byte	0x114
 883 02a9 54020000 		.4byte	0x254
 884 02ad 02       		.byte	0x2
 885 02ae 23       		.byte	0x23
 886 02af 0C       		.uleb128 0xc
 887 02b0 0B       		.uleb128 0xb
 888 02b1 723800   		.ascii	"r8\000"
 889 02b4 06       		.byte	0x6
 890 02b5 1501     		.2byte	0x115
 891 02b7 54020000 		.4byte	0x254
 892 02bb 02       		.byte	0x2
 893 02bc 23       		.byte	0x23
 894 02bd 10       		.uleb128 0x10
 895 02be 0B       		.uleb128 0xb
 896 02bf 723900   		.ascii	"r9\000"
 897 02c2 06       		.byte	0x6
 898 02c3 1601     		.2byte	0x116
 899 02c5 54020000 		.4byte	0x254
ARM GAS  /tmp/ccT6y7Cc.s 			page 17


 900 02c9 02       		.byte	0x2
 901 02ca 23       		.byte	0x23
 902 02cb 14       		.uleb128 0x14
 903 02cc 0B       		.uleb128 0xb
 904 02cd 72313000 		.ascii	"r10\000"
 905 02d1 06       		.byte	0x6
 906 02d2 1701     		.2byte	0x117
 907 02d4 54020000 		.4byte	0x254
 908 02d8 02       		.byte	0x2
 909 02d9 23       		.byte	0x23
 910 02da 18       		.uleb128 0x18
 911 02db 0B       		.uleb128 0xb
 912 02dc 72313100 		.ascii	"r11\000"
 913 02e0 06       		.byte	0x6
 914 02e1 1801     		.2byte	0x118
 915 02e3 54020000 		.4byte	0x254
 916 02e7 02       		.byte	0x2
 917 02e8 23       		.byte	0x23
 918 02e9 1C       		.uleb128 0x1c
 919 02ea 0B       		.uleb128 0xb
 920 02eb 6C7200   		.ascii	"lr\000"
 921 02ee 06       		.byte	0x6
 922 02ef 1901     		.2byte	0x119
 923 02f1 54020000 		.4byte	0x254
 924 02f5 02       		.byte	0x2
 925 02f6 23       		.byte	0x23
 926 02f7 20       		.uleb128 0x20
 927 02f8 00       		.byte	0x0
 928 02f9 0C       		.uleb128 0xc
 929 02fa F9000000 		.4byte	.LASF43
 930 02fe 04       		.byte	0x4
 931 02ff 06       		.byte	0x6
 932 0300 2301     		.2byte	0x123
 933 0302 16030000 		.4byte	0x316
 934 0306 0B       		.uleb128 0xb
 935 0307 72313300 		.ascii	"r13\000"
 936 030b 06       		.byte	0x6
 937 030c 2401     		.2byte	0x124
 938 030e 16030000 		.4byte	0x316
 939 0312 02       		.byte	0x2
 940 0313 23       		.byte	0x23
 941 0314 00       		.uleb128 0x0
 942 0315 00       		.byte	0x0
 943 0316 09       		.uleb128 0x9
 944 0317 04       		.byte	0x4
 945 0318 6C020000 		.4byte	0x26c
 946 031c 0D       		.uleb128 0xd
 947 031d 70000000 		.4byte	0x70
 948 0321 0D       		.uleb128 0xd
 949 0322 D2000000 		.4byte	0xd2
 950 0326 08       		.uleb128 0x8
 951 0327 20       		.byte	0x20
 952 0328 07       		.byte	0x7
 953 0329 5E       		.byte	0x5e
 954 032a 91030000 		.4byte	0x391
 955 032e 06       		.uleb128 0x6
 956 032f 2C000000 		.4byte	.LASF44
ARM GAS  /tmp/ccT6y7Cc.s 			page 18


 957 0333 07       		.byte	0x7
 958 0334 5F       		.byte	0x5f
 959 0335 27020000 		.4byte	0x227
 960 0339 02       		.byte	0x2
 961 033a 23       		.byte	0x23
 962 033b 00       		.uleb128 0x0
 963 033c 06       		.uleb128 0x6
 964 033d DB010000 		.4byte	.LASF45
 965 0341 07       		.byte	0x7
 966 0342 60       		.byte	0x60
 967 0343 B1000000 		.4byte	0xb1
 968 0347 02       		.byte	0x2
 969 0348 23       		.byte	0x23
 970 0349 08       		.uleb128 0x8
 971 034a 06       		.uleb128 0x6
 972 034b 5B000000 		.4byte	.LASF46
 973 034f 07       		.byte	0x7
 974 0350 62       		.byte	0x62
 975 0351 F9020000 		.4byte	0x2f9
 976 0355 02       		.byte	0x2
 977 0356 23       		.byte	0x23
 978 0357 0C       		.uleb128 0xc
 979 0358 06       		.uleb128 0x6
 980 0359 9C010000 		.4byte	.LASF47
 981 035d 07       		.byte	0x7
 982 035e 65       		.byte	0x65
 983 035f 21020000 		.4byte	0x221
 984 0363 02       		.byte	0x2
 985 0364 23       		.byte	0x23
 986 0365 10       		.uleb128 0x10
 987 0366 06       		.uleb128 0x6
 988 0367 0F030000 		.4byte	.LASF48
 989 036b 07       		.byte	0x7
 990 036c 66       		.byte	0x66
 991 036d 21020000 		.4byte	0x221
 992 0371 02       		.byte	0x2
 993 0372 23       		.byte	0x23
 994 0373 14       		.uleb128 0x14
 995 0374 06       		.uleb128 0x6
 996 0375 10020000 		.4byte	.LASF49
 997 0379 07       		.byte	0x7
 998 037a 6A       		.byte	0x6a
 999 037b DD000000 		.4byte	0xdd
 1000 037f 02       		.byte	0x2
 1001 0380 23       		.byte	0x23
 1002 0381 18       		.uleb128 0x18
 1003 0382 06       		.uleb128 0x6
 1004 0383 15010000 		.4byte	.LASF50
 1005 0387 07       		.byte	0x7
 1006 0388 6C       		.byte	0x6c
 1007 0389 21020000 		.4byte	0x221
 1008 038d 02       		.byte	0x2
 1009 038e 23       		.byte	0x23
 1010 038f 1C       		.uleb128 0x1c
 1011 0390 00       		.byte	0x0
 1012 0391 04       		.uleb128 0x4
 1013 0392 3F000000 		.4byte	.LASF51
ARM GAS  /tmp/ccT6y7Cc.s 			page 19


 1014 0396 07       		.byte	0x7
 1015 0397 6E       		.byte	0x6e
 1016 0398 26030000 		.4byte	0x326
 1017 039c 05       		.uleb128 0x5
 1018 039d DD000000 		.4byte	.LASF52
 1019 03a1 10       		.byte	0x10
 1020 03a2 08       		.byte	0x8
 1021 03a3 2C       		.byte	0x2c
 1022 03a4 D3030000 		.4byte	0x3d3
 1023 03a8 06       		.uleb128 0x6
 1024 03a9 F1000000 		.4byte	.LASF53
 1025 03ad 08       		.byte	0x8
 1026 03ae 2D       		.byte	0x2d
 1027 03af 27020000 		.4byte	0x227
 1028 03b3 02       		.byte	0x2
 1029 03b4 23       		.byte	0x23
 1030 03b5 00       		.uleb128 0x0
 1031 03b6 06       		.uleb128 0x6
 1032 03b7 F5020000 		.4byte	.LASF54
 1033 03bb 08       		.byte	0x8
 1034 03bc 2F       		.byte	0x2f
 1035 03bd 21020000 		.4byte	0x221
 1036 03c1 02       		.byte	0x2
 1037 03c2 23       		.byte	0x23
 1038 03c3 08       		.uleb128 0x8
 1039 03c4 06       		.uleb128 0x6
 1040 03c5 8D000000 		.4byte	.LASF55
 1041 03c9 08       		.byte	0x8
 1042 03ca 31       		.byte	0x31
 1043 03cb D3030000 		.4byte	0x3d3
 1044 03cf 02       		.byte	0x2
 1045 03d0 23       		.byte	0x23
 1046 03d1 0C       		.uleb128 0xc
 1047 03d2 00       		.byte	0x0
 1048 03d3 09       		.uleb128 0x9
 1049 03d4 04       		.byte	0x4
 1050 03d5 9C030000 		.4byte	0x39c
 1051 03d9 04       		.uleb128 0x4
 1052 03da DD000000 		.4byte	.LASF52
 1053 03de 08       		.byte	0x8
 1054 03df 33       		.byte	0x33
 1055 03e0 9C030000 		.4byte	0x39c
 1056 03e4 0E       		.uleb128 0xe
 1057 03e5 04       		.byte	0x4
 1058 03e6 05       		.byte	0x5
 1059 03e7 90       		.byte	0x90
 1060 03e8 19040000 		.4byte	0x419
 1061 03ec 0F       		.uleb128 0xf
 1062 03ed 02030000 		.4byte	.LASF56
 1063 03f1 05       		.byte	0x5
 1064 03f2 97       		.byte	0x97
 1065 03f3 BC000000 		.4byte	0xbc
 1066 03f7 0F       		.uleb128 0xf
 1067 03f8 B5020000 		.4byte	.LASF57
 1068 03fc 05       		.byte	0x5
 1069 03fd 9E       		.byte	0x9e
 1070 03fe BC000000 		.4byte	0xbc
ARM GAS  /tmp/ccT6y7Cc.s 			page 20


 1071 0402 0F       		.uleb128 0xf
 1072 0403 9A020000 		.4byte	.LASF58
 1073 0407 05       		.byte	0x5
 1074 0408 A5       		.byte	0xa5
 1075 0409 5F020000 		.4byte	0x25f
 1076 040d 0F       		.uleb128 0xf
 1077 040e 33010000 		.4byte	.LASF59
 1078 0412 05       		.byte	0x5
 1079 0413 AC       		.byte	0xac
 1080 0414 C7000000 		.4byte	0xc7
 1081 0418 00       		.byte	0x0
 1082 0419 09       		.uleb128 0x9
 1083 041a 04       		.byte	0x4
 1084 041b 1F040000 		.4byte	0x41f
 1085 041f 10       		.uleb128 0x10
 1086 0420 24040000 		.4byte	0x424
 1087 0424 03       		.uleb128 0x3
 1088 0425 01       		.byte	0x1
 1089 0426 08       		.byte	0x8
 1090 0427 C7010000 		.4byte	.LASF60
 1091 042b 09       		.uleb128 0x9
 1092 042c 04       		.byte	0x4
 1093 042d 61020000 		.4byte	0x261
 1094 0431 09       		.uleb128 0x9
 1095 0432 04       		.byte	0x4
 1096 0433 D9030000 		.4byte	0x3d9
 1097 0437 0D       		.uleb128 0xd
 1098 0438 5E000000 		.4byte	0x5e
 1099 043c 11       		.uleb128 0x11
 1100 043d 1C       		.byte	0x1c
 1101 043e 09       		.byte	0x9
 1102 043f F803     		.2byte	0x3f8
 1103 0441 AF040000 		.4byte	0x4af
 1104 0445 0B       		.uleb128 0xb
 1105 0446 43524C00 		.ascii	"CRL\000"
 1106 044a 09       		.byte	0x9
 1107 044b FA03     		.2byte	0x3fa
 1108 044d 1C030000 		.4byte	0x31c
 1109 0451 02       		.byte	0x2
 1110 0452 23       		.byte	0x23
 1111 0453 00       		.uleb128 0x0
 1112 0454 0B       		.uleb128 0xb
 1113 0455 43524800 		.ascii	"CRH\000"
 1114 0459 09       		.byte	0x9
 1115 045a FB03     		.2byte	0x3fb
 1116 045c 1C030000 		.4byte	0x31c
 1117 0460 02       		.byte	0x2
 1118 0461 23       		.byte	0x23
 1119 0462 04       		.uleb128 0x4
 1120 0463 0B       		.uleb128 0xb
 1121 0464 49445200 		.ascii	"IDR\000"
 1122 0468 09       		.byte	0x9
 1123 0469 FC03     		.2byte	0x3fc
 1124 046b 1C030000 		.4byte	0x31c
 1125 046f 02       		.byte	0x2
 1126 0470 23       		.byte	0x23
 1127 0471 08       		.uleb128 0x8
ARM GAS  /tmp/ccT6y7Cc.s 			page 21


 1128 0472 0B       		.uleb128 0xb
 1129 0473 4F445200 		.ascii	"ODR\000"
 1130 0477 09       		.byte	0x9
 1131 0478 FD03     		.2byte	0x3fd
 1132 047a 1C030000 		.4byte	0x31c
 1133 047e 02       		.byte	0x2
 1134 047f 23       		.byte	0x23
 1135 0480 0C       		.uleb128 0xc
 1136 0481 12       		.uleb128 0x12
 1137 0482 EC000000 		.4byte	.LASF61
 1138 0486 09       		.byte	0x9
 1139 0487 FE03     		.2byte	0x3fe
 1140 0489 1C030000 		.4byte	0x31c
 1141 048d 02       		.byte	0x2
 1142 048e 23       		.byte	0x23
 1143 048f 10       		.uleb128 0x10
 1144 0490 0B       		.uleb128 0xb
 1145 0491 42525200 		.ascii	"BRR\000"
 1146 0495 09       		.byte	0x9
 1147 0496 FF03     		.2byte	0x3ff
 1148 0498 1C030000 		.4byte	0x31c
 1149 049c 02       		.byte	0x2
 1150 049d 23       		.byte	0x23
 1151 049e 14       		.uleb128 0x14
 1152 049f 12       		.uleb128 0x12
 1153 04a0 FD020000 		.4byte	.LASF62
 1154 04a4 09       		.byte	0x9
 1155 04a5 0004     		.2byte	0x400
 1156 04a7 1C030000 		.4byte	0x31c
 1157 04ab 02       		.byte	0x2
 1158 04ac 23       		.byte	0x23
 1159 04ad 18       		.uleb128 0x18
 1160 04ae 00       		.byte	0x0
 1161 04af 13       		.uleb128 0x13
 1162 04b0 00000000 		.4byte	.LASF63
 1163 04b4 09       		.byte	0x9
 1164 04b5 0104     		.2byte	0x401
 1165 04b7 3C040000 		.4byte	0x43c
 1166 04bb 04       		.uleb128 0x4
 1167 04bc AB000000 		.4byte	.LASF64
 1168 04c0 0A       		.byte	0xa
 1169 04c1 78       		.byte	0x78
 1170 04c2 70000000 		.4byte	0x70
 1171 04c6 14       		.uleb128 0x14
 1172 04c7 65010000 		.4byte	.LASF77
 1173 04cb 01       		.byte	0x1
 1174 04cc 0E       		.byte	0xe
 1175 04cd 01       		.byte	0x1
 1176 04ce BC000000 		.4byte	0xbc
 1177 04d2 00000000 		.4byte	.LFB62
 1178 04d6 8C000000 		.4byte	.LFE62
 1179 04da 00000000 		.4byte	.LLST0
 1180 04de 0C050000 		.4byte	0x50c
 1181 04e2 15       		.uleb128 0x15
 1182 04e3 61726700 		.ascii	"arg\000"
 1183 04e7 01       		.byte	0x1
 1184 04e8 0E       		.byte	0xe
ARM GAS  /tmp/ccT6y7Cc.s 			page 22


 1185 04e9 5F020000 		.4byte	0x25f
 1186 04ed 02       		.byte	0x2
 1187 04ee 91       		.byte	0x91
 1188 04ef 74       		.sleb128 -12
 1189 04f0 16       		.uleb128 0x16
 1190 04f1 0E000000 		.4byte	.LBB2
 1191 04f5 72000000 		.4byte	.LBE2
 1192 04f9 17       		.uleb128 0x17
 1193 04fa 61726700 		.ascii	"arg\000"
 1194 04fe 01       		.byte	0x1
 1195 04ff 14       		.byte	0x14
 1196 0500 70000000 		.4byte	0x70
 1197 0504 05       		.byte	0x5
 1198 0505 03       		.byte	0x3
 1199 0506 00000000 		.4byte	arg.6097
 1200 050a 00       		.byte	0x0
 1201 050b 00       		.byte	0x0
 1202 050c 18       		.uleb128 0x18
 1203 050d 01       		.byte	0x1
 1204 050e 8E010000 		.4byte	.LASF78
 1205 0512 01       		.byte	0x1
 1206 0513 29       		.byte	0x29
 1207 0514 01       		.byte	0x1
 1208 0515 00000000 		.4byte	.LFB63
 1209 0519 60000000 		.4byte	.LFE63
 1210 051d 2C000000 		.4byte	.LLST1
 1211 0521 19       		.uleb128 0x19
 1212 0522 01       		.byte	0x1
 1213 0523 86010000 		.4byte	.LASF65
 1214 0527 01       		.byte	0x1
 1215 0528 36       		.byte	0x36
 1216 0529 01       		.byte	0x1
 1217 052a 00000000 		.4byte	.LFB64
 1218 052e 24000000 		.4byte	.LFE64
 1219 0532 58000000 		.4byte	.LLST2
 1220 0536 49050000 		.4byte	0x549
 1221 053a 15       		.uleb128 0x15
 1222 053b 61726700 		.ascii	"arg\000"
 1223 053f 01       		.byte	0x1
 1224 0540 36       		.byte	0x36
 1225 0541 70000000 		.4byte	0x70
 1226 0545 02       		.byte	0x2
 1227 0546 91       		.byte	0x91
 1228 0547 74       		.sleb128 -12
 1229 0548 00       		.byte	0x0
 1230 0549 19       		.uleb128 0x19
 1231 054a 01       		.byte	0x1
 1232 054b EA020000 		.4byte	.LASF66
 1233 054f 01       		.byte	0x1
 1234 0550 3D       		.byte	0x3d
 1235 0551 01       		.byte	0x1
 1236 0552 00000000 		.4byte	.LFB65
 1237 0556 40000000 		.4byte	.LFE65
 1238 055a 84000000 		.4byte	.LLST3
 1239 055e 71050000 		.4byte	0x571
 1240 0562 15       		.uleb128 0x15
 1241 0563 61726700 		.ascii	"arg\000"
ARM GAS  /tmp/ccT6y7Cc.s 			page 23


 1242 0567 01       		.byte	0x1
 1243 0568 3D       		.byte	0x3d
 1244 0569 70000000 		.4byte	0x70
 1245 056d 02       		.byte	0x2
 1246 056e 91       		.byte	0x91
 1247 056f 74       		.sleb128 -12
 1248 0570 00       		.byte	0x0
 1249 0571 19       		.uleb128 0x19
 1250 0572 01       		.byte	0x1
 1251 0573 01010000 		.4byte	.LASF67
 1252 0577 01       		.byte	0x1
 1253 0578 45       		.byte	0x45
 1254 0579 01       		.byte	0x1
 1255 057a 00000000 		.4byte	.LFB66
 1256 057e 3C000000 		.4byte	.LFE66
 1257 0582 B0000000 		.4byte	.LLST4
 1258 0586 99050000 		.4byte	0x599
 1259 058a 15       		.uleb128 0x15
 1260 058b 76616C00 		.ascii	"val\000"
 1261 058f 01       		.byte	0x1
 1262 0590 45       		.byte	0x45
 1263 0591 70000000 		.4byte	0x70
 1264 0595 02       		.byte	0x2
 1265 0596 91       		.byte	0x91
 1266 0597 7C       		.sleb128 -4
 1267 0598 00       		.byte	0x0
 1268 0599 19       		.uleb128 0x19
 1269 059a 01       		.byte	0x1
 1270 059b 7B020000 		.4byte	.LASF68
 1271 059f 01       		.byte	0x1
 1272 05a0 4D       		.byte	0x4d
 1273 05a1 01       		.byte	0x1
 1274 05a2 00000000 		.4byte	.LFB67
 1275 05a6 3C000000 		.4byte	.LFE67
 1276 05aa D0000000 		.4byte	.LLST5
 1277 05ae C1050000 		.4byte	0x5c1
 1278 05b2 15       		.uleb128 0x15
 1279 05b3 61726700 		.ascii	"arg\000"
 1280 05b7 01       		.byte	0x1
 1281 05b8 4D       		.byte	0x4d
 1282 05b9 70000000 		.4byte	0x70
 1283 05bd 02       		.byte	0x2
 1284 05be 91       		.byte	0x91
 1285 05bf 7C       		.sleb128 -4
 1286 05c0 00       		.byte	0x0
 1287 05c1 1A       		.uleb128 0x1a
 1288 05c2 C1010000 		.4byte	.LASF69
 1289 05c6 07       		.byte	0x7
 1290 05c7 72       		.byte	0x72
 1291 05c8 91030000 		.4byte	0x391
 1292 05cc 01       		.byte	0x1
 1293 05cd 01       		.byte	0x1
 1294 05ce 1B       		.uleb128 0x1b
 1295 05cf DD020000 		.4byte	.LASF70
 1296 05d3 0B       		.byte	0xb
 1297 05d4 9404     		.2byte	0x494
 1298 05d6 37040000 		.4byte	0x437
ARM GAS  /tmp/ccT6y7Cc.s 			page 24


 1299 05da 01       		.byte	0x1
 1300 05db 01       		.byte	0x1
 1301 05dc 1C       		.uleb128 0x1c
 1302 05dd 96010000 		.4byte	.LASF71
 1303 05e1 01       		.byte	0x1
 1304 05e2 09       		.byte	0x9
 1305 05e3 D9030000 		.4byte	0x3d9
 1306 05e7 05       		.byte	0x5
 1307 05e8 03       		.byte	0x3
 1308 05e9 00000000 		.4byte	mutex
 1309 05ed 1C       		.uleb128 0x1c
 1310 05ee 94000000 		.4byte	.LASF72
 1311 05f2 01       		.byte	0x1
 1312 05f3 0A       		.byte	0xa
 1313 05f4 70000000 		.4byte	0x70
 1314 05f8 05       		.byte	0x5
 1315 05f9 03       		.byte	0x3
 1316 05fa 00000000 		.4byte	value
 1317 05fe 1D       		.uleb128 0x1d
 1318 05ff 61020000 		.4byte	0x261
 1319 0603 0E060000 		.4byte	0x60e
 1320 0607 1E       		.uleb128 0x1e
 1321 0608 30000000 		.4byte	0x30
 1322 060c 35       		.byte	0x35
 1323 060d 00       		.byte	0x0
 1324 060e 1C       		.uleb128 0x1c
 1325 060f 86000000 		.4byte	.LASF73
 1326 0613 01       		.byte	0x1
 1327 0614 0D       		.byte	0xd
 1328 0615 FE050000 		.4byte	0x5fe
 1329 0619 05       		.byte	0x5
 1330 061a 03       		.byte	0x3
 1331 061b 00000000 		.4byte	waLeds
 1332 061f 1A       		.uleb128 0x1a
 1333 0620 C1010000 		.4byte	.LASF69
 1334 0624 07       		.byte	0x7
 1335 0625 72       		.byte	0x72
 1336 0626 91030000 		.4byte	0x391
 1337 062a 01       		.byte	0x1
 1338 062b 01       		.byte	0x1
 1339 062c 1B       		.uleb128 0x1b
 1340 062d DD020000 		.4byte	.LASF70
 1341 0631 0B       		.byte	0xb
 1342 0632 9404     		.2byte	0x494
 1343 0634 37040000 		.4byte	0x437
 1344 0638 01       		.byte	0x1
 1345 0639 01       		.byte	0x1
 1346 063a 00       		.byte	0x0
 1347              		.section	.debug_abbrev
 1348 0000 01       		.uleb128 0x1
 1349 0001 11       		.uleb128 0x11
 1350 0002 01       		.byte	0x1
 1351 0003 25       		.uleb128 0x25
 1352 0004 0E       		.uleb128 0xe
 1353 0005 13       		.uleb128 0x13
 1354 0006 0B       		.uleb128 0xb
 1355 0007 03       		.uleb128 0x3
ARM GAS  /tmp/ccT6y7Cc.s 			page 25


 1356 0008 0E       		.uleb128 0xe
 1357 0009 1B       		.uleb128 0x1b
 1358 000a 0E       		.uleb128 0xe
 1359 000b 11       		.uleb128 0x11
 1360 000c 01       		.uleb128 0x1
 1361 000d 52       		.uleb128 0x52
 1362 000e 01       		.uleb128 0x1
 1363 000f 55       		.uleb128 0x55
 1364 0010 06       		.uleb128 0x6
 1365 0011 10       		.uleb128 0x10
 1366 0012 06       		.uleb128 0x6
 1367 0013 00       		.byte	0x0
 1368 0014 00       		.byte	0x0
 1369 0015 02       		.uleb128 0x2
 1370 0016 24       		.uleb128 0x24
 1371 0017 00       		.byte	0x0
 1372 0018 0B       		.uleb128 0xb
 1373 0019 0B       		.uleb128 0xb
 1374 001a 3E       		.uleb128 0x3e
 1375 001b 0B       		.uleb128 0xb
 1376 001c 03       		.uleb128 0x3
 1377 001d 08       		.uleb128 0x8
 1378 001e 00       		.byte	0x0
 1379 001f 00       		.byte	0x0
 1380 0020 03       		.uleb128 0x3
 1381 0021 24       		.uleb128 0x24
 1382 0022 00       		.byte	0x0
 1383 0023 0B       		.uleb128 0xb
 1384 0024 0B       		.uleb128 0xb
 1385 0025 3E       		.uleb128 0x3e
 1386 0026 0B       		.uleb128 0xb
 1387 0027 03       		.uleb128 0x3
 1388 0028 0E       		.uleb128 0xe
 1389 0029 00       		.byte	0x0
 1390 002a 00       		.byte	0x0
 1391 002b 04       		.uleb128 0x4
 1392 002c 16       		.uleb128 0x16
 1393 002d 00       		.byte	0x0
 1394 002e 03       		.uleb128 0x3
 1395 002f 0E       		.uleb128 0xe
 1396 0030 3A       		.uleb128 0x3a
 1397 0031 0B       		.uleb128 0xb
 1398 0032 3B       		.uleb128 0x3b
 1399 0033 0B       		.uleb128 0xb
 1400 0034 49       		.uleb128 0x49
 1401 0035 13       		.uleb128 0x13
 1402 0036 00       		.byte	0x0
 1403 0037 00       		.byte	0x0
 1404 0038 05       		.uleb128 0x5
 1405 0039 13       		.uleb128 0x13
 1406 003a 01       		.byte	0x1
 1407 003b 03       		.uleb128 0x3
 1408 003c 0E       		.uleb128 0xe
 1409 003d 0B       		.uleb128 0xb
 1410 003e 0B       		.uleb128 0xb
 1411 003f 3A       		.uleb128 0x3a
 1412 0040 0B       		.uleb128 0xb
ARM GAS  /tmp/ccT6y7Cc.s 			page 26


 1413 0041 3B       		.uleb128 0x3b
 1414 0042 0B       		.uleb128 0xb
 1415 0043 01       		.uleb128 0x1
 1416 0044 13       		.uleb128 0x13
 1417 0045 00       		.byte	0x0
 1418 0046 00       		.byte	0x0
 1419 0047 06       		.uleb128 0x6
 1420 0048 0D       		.uleb128 0xd
 1421 0049 00       		.byte	0x0
 1422 004a 03       		.uleb128 0x3
 1423 004b 0E       		.uleb128 0xe
 1424 004c 3A       		.uleb128 0x3a
 1425 004d 0B       		.uleb128 0xb
 1426 004e 3B       		.uleb128 0x3b
 1427 004f 0B       		.uleb128 0xb
 1428 0050 49       		.uleb128 0x49
 1429 0051 13       		.uleb128 0x13
 1430 0052 38       		.uleb128 0x38
 1431 0053 0A       		.uleb128 0xa
 1432 0054 00       		.byte	0x0
 1433 0055 00       		.byte	0x0
 1434 0056 07       		.uleb128 0x7
 1435 0057 0D       		.uleb128 0xd
 1436 0058 00       		.byte	0x0
 1437 0059 03       		.uleb128 0x3
 1438 005a 08       		.uleb128 0x8
 1439 005b 3A       		.uleb128 0x3a
 1440 005c 0B       		.uleb128 0xb
 1441 005d 3B       		.uleb128 0x3b
 1442 005e 0B       		.uleb128 0xb
 1443 005f 49       		.uleb128 0x49
 1444 0060 13       		.uleb128 0x13
 1445 0061 38       		.uleb128 0x38
 1446 0062 0A       		.uleb128 0xa
 1447 0063 00       		.byte	0x0
 1448 0064 00       		.byte	0x0
 1449 0065 08       		.uleb128 0x8
 1450 0066 13       		.uleb128 0x13
 1451 0067 01       		.byte	0x1
 1452 0068 0B       		.uleb128 0xb
 1453 0069 0B       		.uleb128 0xb
 1454 006a 3A       		.uleb128 0x3a
 1455 006b 0B       		.uleb128 0xb
 1456 006c 3B       		.uleb128 0x3b
 1457 006d 0B       		.uleb128 0xb
 1458 006e 01       		.uleb128 0x1
 1459 006f 13       		.uleb128 0x13
 1460 0070 00       		.byte	0x0
 1461 0071 00       		.byte	0x0
 1462 0072 09       		.uleb128 0x9
 1463 0073 0F       		.uleb128 0xf
 1464 0074 00       		.byte	0x0
 1465 0075 0B       		.uleb128 0xb
 1466 0076 0B       		.uleb128 0xb
 1467 0077 49       		.uleb128 0x49
 1468 0078 13       		.uleb128 0x13
 1469 0079 00       		.byte	0x0
ARM GAS  /tmp/ccT6y7Cc.s 			page 27


 1470 007a 00       		.byte	0x0
 1471 007b 0A       		.uleb128 0xa
 1472 007c 0F       		.uleb128 0xf
 1473 007d 00       		.byte	0x0
 1474 007e 0B       		.uleb128 0xb
 1475 007f 0B       		.uleb128 0xb
 1476 0080 00       		.byte	0x0
 1477 0081 00       		.byte	0x0
 1478 0082 0B       		.uleb128 0xb
 1479 0083 0D       		.uleb128 0xd
 1480 0084 00       		.byte	0x0
 1481 0085 03       		.uleb128 0x3
 1482 0086 08       		.uleb128 0x8
 1483 0087 3A       		.uleb128 0x3a
 1484 0088 0B       		.uleb128 0xb
 1485 0089 3B       		.uleb128 0x3b
 1486 008a 05       		.uleb128 0x5
 1487 008b 49       		.uleb128 0x49
 1488 008c 13       		.uleb128 0x13
 1489 008d 38       		.uleb128 0x38
 1490 008e 0A       		.uleb128 0xa
 1491 008f 00       		.byte	0x0
 1492 0090 00       		.byte	0x0
 1493 0091 0C       		.uleb128 0xc
 1494 0092 13       		.uleb128 0x13
 1495 0093 01       		.byte	0x1
 1496 0094 03       		.uleb128 0x3
 1497 0095 0E       		.uleb128 0xe
 1498 0096 0B       		.uleb128 0xb
 1499 0097 0B       		.uleb128 0xb
 1500 0098 3A       		.uleb128 0x3a
 1501 0099 0B       		.uleb128 0xb
 1502 009a 3B       		.uleb128 0x3b
 1503 009b 05       		.uleb128 0x5
 1504 009c 01       		.uleb128 0x1
 1505 009d 13       		.uleb128 0x13
 1506 009e 00       		.byte	0x0
 1507 009f 00       		.byte	0x0
 1508 00a0 0D       		.uleb128 0xd
 1509 00a1 35       		.uleb128 0x35
 1510 00a2 00       		.byte	0x0
 1511 00a3 49       		.uleb128 0x49
 1512 00a4 13       		.uleb128 0x13
 1513 00a5 00       		.byte	0x0
 1514 00a6 00       		.byte	0x0
 1515 00a7 0E       		.uleb128 0xe
 1516 00a8 17       		.uleb128 0x17
 1517 00a9 01       		.byte	0x1
 1518 00aa 0B       		.uleb128 0xb
 1519 00ab 0B       		.uleb128 0xb
 1520 00ac 3A       		.uleb128 0x3a
 1521 00ad 0B       		.uleb128 0xb
 1522 00ae 3B       		.uleb128 0x3b
 1523 00af 0B       		.uleb128 0xb
 1524 00b0 01       		.uleb128 0x1
 1525 00b1 13       		.uleb128 0x13
 1526 00b2 00       		.byte	0x0
ARM GAS  /tmp/ccT6y7Cc.s 			page 28


 1527 00b3 00       		.byte	0x0
 1528 00b4 0F       		.uleb128 0xf
 1529 00b5 0D       		.uleb128 0xd
 1530 00b6 00       		.byte	0x0
 1531 00b7 03       		.uleb128 0x3
 1532 00b8 0E       		.uleb128 0xe
 1533 00b9 3A       		.uleb128 0x3a
 1534 00ba 0B       		.uleb128 0xb
 1535 00bb 3B       		.uleb128 0x3b
 1536 00bc 0B       		.uleb128 0xb
 1537 00bd 49       		.uleb128 0x49
 1538 00be 13       		.uleb128 0x13
 1539 00bf 00       		.byte	0x0
 1540 00c0 00       		.byte	0x0
 1541 00c1 10       		.uleb128 0x10
 1542 00c2 26       		.uleb128 0x26
 1543 00c3 00       		.byte	0x0
 1544 00c4 49       		.uleb128 0x49
 1545 00c5 13       		.uleb128 0x13
 1546 00c6 00       		.byte	0x0
 1547 00c7 00       		.byte	0x0
 1548 00c8 11       		.uleb128 0x11
 1549 00c9 13       		.uleb128 0x13
 1550 00ca 01       		.byte	0x1
 1551 00cb 0B       		.uleb128 0xb
 1552 00cc 0B       		.uleb128 0xb
 1553 00cd 3A       		.uleb128 0x3a
 1554 00ce 0B       		.uleb128 0xb
 1555 00cf 3B       		.uleb128 0x3b
 1556 00d0 05       		.uleb128 0x5
 1557 00d1 01       		.uleb128 0x1
 1558 00d2 13       		.uleb128 0x13
 1559 00d3 00       		.byte	0x0
 1560 00d4 00       		.byte	0x0
 1561 00d5 12       		.uleb128 0x12
 1562 00d6 0D       		.uleb128 0xd
 1563 00d7 00       		.byte	0x0
 1564 00d8 03       		.uleb128 0x3
 1565 00d9 0E       		.uleb128 0xe
 1566 00da 3A       		.uleb128 0x3a
 1567 00db 0B       		.uleb128 0xb
 1568 00dc 3B       		.uleb128 0x3b
 1569 00dd 05       		.uleb128 0x5
 1570 00de 49       		.uleb128 0x49
 1571 00df 13       		.uleb128 0x13
 1572 00e0 38       		.uleb128 0x38
 1573 00e1 0A       		.uleb128 0xa
 1574 00e2 00       		.byte	0x0
 1575 00e3 00       		.byte	0x0
 1576 00e4 13       		.uleb128 0x13
 1577 00e5 16       		.uleb128 0x16
 1578 00e6 00       		.byte	0x0
 1579 00e7 03       		.uleb128 0x3
 1580 00e8 0E       		.uleb128 0xe
 1581 00e9 3A       		.uleb128 0x3a
 1582 00ea 0B       		.uleb128 0xb
 1583 00eb 3B       		.uleb128 0x3b
ARM GAS  /tmp/ccT6y7Cc.s 			page 29


 1584 00ec 05       		.uleb128 0x5
 1585 00ed 49       		.uleb128 0x49
 1586 00ee 13       		.uleb128 0x13
 1587 00ef 00       		.byte	0x0
 1588 00f0 00       		.byte	0x0
 1589 00f1 14       		.uleb128 0x14
 1590 00f2 2E       		.uleb128 0x2e
 1591 00f3 01       		.byte	0x1
 1592 00f4 03       		.uleb128 0x3
 1593 00f5 0E       		.uleb128 0xe
 1594 00f6 3A       		.uleb128 0x3a
 1595 00f7 0B       		.uleb128 0xb
 1596 00f8 3B       		.uleb128 0x3b
 1597 00f9 0B       		.uleb128 0xb
 1598 00fa 27       		.uleb128 0x27
 1599 00fb 0C       		.uleb128 0xc
 1600 00fc 49       		.uleb128 0x49
 1601 00fd 13       		.uleb128 0x13
 1602 00fe 11       		.uleb128 0x11
 1603 00ff 01       		.uleb128 0x1
 1604 0100 12       		.uleb128 0x12
 1605 0101 01       		.uleb128 0x1
 1606 0102 40       		.uleb128 0x40
 1607 0103 06       		.uleb128 0x6
 1608 0104 01       		.uleb128 0x1
 1609 0105 13       		.uleb128 0x13
 1610 0106 00       		.byte	0x0
 1611 0107 00       		.byte	0x0
 1612 0108 15       		.uleb128 0x15
 1613 0109 05       		.uleb128 0x5
 1614 010a 00       		.byte	0x0
 1615 010b 03       		.uleb128 0x3
 1616 010c 08       		.uleb128 0x8
 1617 010d 3A       		.uleb128 0x3a
 1618 010e 0B       		.uleb128 0xb
 1619 010f 3B       		.uleb128 0x3b
 1620 0110 0B       		.uleb128 0xb
 1621 0111 49       		.uleb128 0x49
 1622 0112 13       		.uleb128 0x13
 1623 0113 02       		.uleb128 0x2
 1624 0114 0A       		.uleb128 0xa
 1625 0115 00       		.byte	0x0
 1626 0116 00       		.byte	0x0
 1627 0117 16       		.uleb128 0x16
 1628 0118 0B       		.uleb128 0xb
 1629 0119 01       		.byte	0x1
 1630 011a 11       		.uleb128 0x11
 1631 011b 01       		.uleb128 0x1
 1632 011c 12       		.uleb128 0x12
 1633 011d 01       		.uleb128 0x1
 1634 011e 00       		.byte	0x0
 1635 011f 00       		.byte	0x0
 1636 0120 17       		.uleb128 0x17
 1637 0121 34       		.uleb128 0x34
 1638 0122 00       		.byte	0x0
 1639 0123 03       		.uleb128 0x3
 1640 0124 08       		.uleb128 0x8
ARM GAS  /tmp/ccT6y7Cc.s 			page 30


 1641 0125 3A       		.uleb128 0x3a
 1642 0126 0B       		.uleb128 0xb
 1643 0127 3B       		.uleb128 0x3b
 1644 0128 0B       		.uleb128 0xb
 1645 0129 49       		.uleb128 0x49
 1646 012a 13       		.uleb128 0x13
 1647 012b 02       		.uleb128 0x2
 1648 012c 0A       		.uleb128 0xa
 1649 012d 00       		.byte	0x0
 1650 012e 00       		.byte	0x0
 1651 012f 18       		.uleb128 0x18
 1652 0130 2E       		.uleb128 0x2e
 1653 0131 00       		.byte	0x0
 1654 0132 3F       		.uleb128 0x3f
 1655 0133 0C       		.uleb128 0xc
 1656 0134 03       		.uleb128 0x3
 1657 0135 0E       		.uleb128 0xe
 1658 0136 3A       		.uleb128 0x3a
 1659 0137 0B       		.uleb128 0xb
 1660 0138 3B       		.uleb128 0x3b
 1661 0139 0B       		.uleb128 0xb
 1662 013a 27       		.uleb128 0x27
 1663 013b 0C       		.uleb128 0xc
 1664 013c 11       		.uleb128 0x11
 1665 013d 01       		.uleb128 0x1
 1666 013e 12       		.uleb128 0x12
 1667 013f 01       		.uleb128 0x1
 1668 0140 40       		.uleb128 0x40
 1669 0141 06       		.uleb128 0x6
 1670 0142 00       		.byte	0x0
 1671 0143 00       		.byte	0x0
 1672 0144 19       		.uleb128 0x19
 1673 0145 2E       		.uleb128 0x2e
 1674 0146 01       		.byte	0x1
 1675 0147 3F       		.uleb128 0x3f
 1676 0148 0C       		.uleb128 0xc
 1677 0149 03       		.uleb128 0x3
 1678 014a 0E       		.uleb128 0xe
 1679 014b 3A       		.uleb128 0x3a
 1680 014c 0B       		.uleb128 0xb
 1681 014d 3B       		.uleb128 0x3b
 1682 014e 0B       		.uleb128 0xb
 1683 014f 27       		.uleb128 0x27
 1684 0150 0C       		.uleb128 0xc
 1685 0151 11       		.uleb128 0x11
 1686 0152 01       		.uleb128 0x1
 1687 0153 12       		.uleb128 0x12
 1688 0154 01       		.uleb128 0x1
 1689 0155 40       		.uleb128 0x40
 1690 0156 06       		.uleb128 0x6
 1691 0157 01       		.uleb128 0x1
 1692 0158 13       		.uleb128 0x13
 1693 0159 00       		.byte	0x0
 1694 015a 00       		.byte	0x0
 1695 015b 1A       		.uleb128 0x1a
 1696 015c 34       		.uleb128 0x34
 1697 015d 00       		.byte	0x0
ARM GAS  /tmp/ccT6y7Cc.s 			page 31


 1698 015e 03       		.uleb128 0x3
 1699 015f 0E       		.uleb128 0xe
 1700 0160 3A       		.uleb128 0x3a
 1701 0161 0B       		.uleb128 0xb
 1702 0162 3B       		.uleb128 0x3b
 1703 0163 0B       		.uleb128 0xb
 1704 0164 49       		.uleb128 0x49
 1705 0165 13       		.uleb128 0x13
 1706 0166 3F       		.uleb128 0x3f
 1707 0167 0C       		.uleb128 0xc
 1708 0168 3C       		.uleb128 0x3c
 1709 0169 0C       		.uleb128 0xc
 1710 016a 00       		.byte	0x0
 1711 016b 00       		.byte	0x0
 1712 016c 1B       		.uleb128 0x1b
 1713 016d 34       		.uleb128 0x34
 1714 016e 00       		.byte	0x0
 1715 016f 03       		.uleb128 0x3
 1716 0170 0E       		.uleb128 0xe
 1717 0171 3A       		.uleb128 0x3a
 1718 0172 0B       		.uleb128 0xb
 1719 0173 3B       		.uleb128 0x3b
 1720 0174 05       		.uleb128 0x5
 1721 0175 49       		.uleb128 0x49
 1722 0176 13       		.uleb128 0x13
 1723 0177 3F       		.uleb128 0x3f
 1724 0178 0C       		.uleb128 0xc
 1725 0179 3C       		.uleb128 0x3c
 1726 017a 0C       		.uleb128 0xc
 1727 017b 00       		.byte	0x0
 1728 017c 00       		.byte	0x0
 1729 017d 1C       		.uleb128 0x1c
 1730 017e 34       		.uleb128 0x34
 1731 017f 00       		.byte	0x0
 1732 0180 03       		.uleb128 0x3
 1733 0181 0E       		.uleb128 0xe
 1734 0182 3A       		.uleb128 0x3a
 1735 0183 0B       		.uleb128 0xb
 1736 0184 3B       		.uleb128 0x3b
 1737 0185 0B       		.uleb128 0xb
 1738 0186 49       		.uleb128 0x49
 1739 0187 13       		.uleb128 0x13
 1740 0188 02       		.uleb128 0x2
 1741 0189 0A       		.uleb128 0xa
 1742 018a 00       		.byte	0x0
 1743 018b 00       		.byte	0x0
 1744 018c 1D       		.uleb128 0x1d
 1745 018d 01       		.uleb128 0x1
 1746 018e 01       		.byte	0x1
 1747 018f 49       		.uleb128 0x49
 1748 0190 13       		.uleb128 0x13
 1749 0191 01       		.uleb128 0x1
 1750 0192 13       		.uleb128 0x13
 1751 0193 00       		.byte	0x0
 1752 0194 00       		.byte	0x0
 1753 0195 1E       		.uleb128 0x1e
 1754 0196 21       		.uleb128 0x21
ARM GAS  /tmp/ccT6y7Cc.s 			page 32


 1755 0197 00       		.byte	0x0
 1756 0198 49       		.uleb128 0x49
 1757 0199 13       		.uleb128 0x13
 1758 019a 2F       		.uleb128 0x2f
 1759 019b 0B       		.uleb128 0xb
 1760 019c 00       		.byte	0x0
 1761 019d 00       		.byte	0x0
 1762 019e 00       		.byte	0x0
 1763              		.section	.debug_pubnames,"",%progbits
 1764 0000 5D000000 		.4byte	0x5d
 1765 0004 0200     		.2byte	0x2
 1766 0006 00000000 		.4byte	.Ldebug_info0
 1767 000a 3B060000 		.4byte	0x63b
 1768 000e 0C050000 		.4byte	0x50c
 1769 0012 696E6974 		.ascii	"initLed\000"
 1769      4C656400 
 1770 001a 21050000 		.4byte	0x521
 1771 001e 7365744C 		.ascii	"setLeds\000"
 1771      65647300 
 1772 0026 49050000 		.4byte	0x549
 1773 002a 746F6767 		.ascii	"toggleLeds\000"
 1773      6C654C65 
 1773      647300
 1774 0035 71050000 		.4byte	0x571
 1775 0039 746F6767 		.ascii	"toggleLedsImmediate\000"
 1775      6C654C65 
 1775      6473496D 
 1775      6D656469 
 1775      61746500 
 1776 004d 99050000 		.4byte	0x599
 1777 0051 746F6767 		.ascii	"toggleLedsI\000"
 1777      6C654C65 
 1777      64734900 
 1778 005d 00000000 		.4byte	0x0
 1779              		.section	.debug_pubtypes,"",%progbits
 1780 0000 45010000 		.4byte	0x145
 1781 0004 0200     		.2byte	0x2
 1782 0006 00000000 		.4byte	.Ldebug_info0
 1783 000a 3B060000 		.4byte	0x63b
 1784 000e 3E000000 		.4byte	0x3e
 1785 0012 75696E74 		.ascii	"uint8_t\000"
 1785      385F7400 
 1786 001a 5E000000 		.4byte	0x5e
 1787 001e 696E7433 		.ascii	"int32_t\000"
 1787      325F7400 
 1788 0026 70000000 		.4byte	0x70
 1789 002a 75696E74 		.ascii	"uint32_t\000"
 1789      33325F74 
 1789      00
 1790 0033 89000000 		.4byte	0x89
 1791 0037 75696E74 		.ascii	"uint64_t\000"
 1791      36345F74 
 1791      00
 1792 0040 9B000000 		.4byte	0x9b
 1793 0044 746D6F64 		.ascii	"tmode_t\000"
 1793      655F7400 
 1794 004c A6000000 		.4byte	0xa6
ARM GAS  /tmp/ccT6y7Cc.s 			page 33


 1795 0050 74737461 		.ascii	"tstate_t\000"
 1795      74655F74 
 1795      00
 1796 0059 B1000000 		.4byte	0xb1
 1797 005d 74707269 		.ascii	"tprio_t\000"
 1797      6F5F7400 
 1798 0065 BC000000 		.4byte	0xbc
 1799 0069 6D73675F 		.ascii	"msg_t\000"
 1799      7400
 1800 006f C7000000 		.4byte	0xc7
 1801 0073 6576656E 		.ascii	"eventmask_t\000"
 1801      746D6173 
 1801      6B5F7400 
 1802 007f D2000000 		.4byte	0xd2
 1803 0083 73797374 		.ascii	"systime_t\000"
 1803      696D655F 
 1803      7400
 1804 008d DD000000 		.4byte	0xdd
 1805 0091 636E745F 		.ascii	"cnt_t\000"
 1805      7400
 1806 0097 E8000000 		.4byte	0xe8
 1807 009b 54687265 		.ascii	"Thread\000"
 1807      616400
 1808 00a2 27020000 		.4byte	0x227
 1809 00a6 54687265 		.ascii	"ThreadsQueue\000"
 1809      61647351 
 1809      75657565 
 1809      00
 1810 00b3 49020000 		.4byte	0x249
 1811 00b7 54687265 		.ascii	"ThreadsList\000"
 1811      6164734C 
 1811      69737400 
 1812 00c3 54020000 		.4byte	0x254
 1813 00c7 72656761 		.ascii	"regarm_t\000"
 1813      726D5F74 
 1813      00
 1814 00d0 61020000 		.4byte	0x261
 1815 00d4 73746B61 		.ascii	"stkalign_t\000"
 1815      6C69676E 
 1815      5F7400
 1816 00df 6C020000 		.4byte	0x26c
 1817 00e3 696E7463 		.ascii	"intctx\000"
 1817      747800
 1818 00ea F9020000 		.4byte	0x2f9
 1819 00ee 636F6E74 		.ascii	"context\000"
 1819      65787400 
 1820 00f6 91030000 		.4byte	0x391
 1821 00fa 52656164 		.ascii	"ReadyList\000"
 1821      794C6973 
 1821      7400
 1822 0104 9C030000 		.4byte	0x39c
 1823 0108 4D757465 		.ascii	"Mutex\000"
 1823      7800
 1824 010e D9030000 		.4byte	0x3d9
 1825 0112 4D757465 		.ascii	"Mutex\000"
 1825      7800
 1826 0118 F3000000 		.4byte	0xf3
ARM GAS  /tmp/ccT6y7Cc.s 			page 34


 1827 011c 54687265 		.ascii	"Thread\000"
 1827      616400
 1828 0123 AF040000 		.4byte	0x4af
 1829 0127 4750494F 		.ascii	"GPIO_TypeDef\000"
 1829      5F547970 
 1829      65446566 
 1829      00
 1830 0134 BB040000 		.4byte	0x4bb
 1831 0138 696F706F 		.ascii	"ioportmask_t\000"
 1831      72746D61 
 1831      736B5F74 
 1831      00
 1832 0145 00000000 		.4byte	0x0
 1833              		.section	.debug_aranges,"",%progbits
 1834 0000 44000000 		.4byte	0x44
 1835 0004 0200     		.2byte	0x2
 1836 0006 00000000 		.4byte	.Ldebug_info0
 1837 000a 04       		.byte	0x4
 1838 000b 00       		.byte	0x0
 1839 000c 0000     		.2byte	0x0
 1840 000e 0000     		.2byte	0x0
 1841 0010 00000000 		.4byte	.LFB62
 1842 0014 8C000000 		.4byte	.LFE62-.LFB62
 1843 0018 00000000 		.4byte	.LFB63
 1844 001c 60000000 		.4byte	.LFE63-.LFB63
 1845 0020 00000000 		.4byte	.LFB64
 1846 0024 24000000 		.4byte	.LFE64-.LFB64
 1847 0028 00000000 		.4byte	.LFB65
 1848 002c 40000000 		.4byte	.LFE65-.LFB65
 1849 0030 00000000 		.4byte	.LFB66
 1850 0034 3C000000 		.4byte	.LFE66-.LFB66
 1851 0038 00000000 		.4byte	.LFB67
 1852 003c 3C000000 		.4byte	.LFE67-.LFB67
 1853 0040 00000000 		.4byte	0x0
 1854 0044 00000000 		.4byte	0x0
 1855              		.section	.debug_ranges,"",%progbits
 1856              	.Ldebug_ranges0:
 1857 0000 00000000 		.4byte	.LFB62
 1858 0004 8C000000 		.4byte	.LFE62
 1859 0008 00000000 		.4byte	.LFB63
 1860 000c 60000000 		.4byte	.LFE63
 1861 0010 00000000 		.4byte	.LFB64
 1862 0014 24000000 		.4byte	.LFE64
 1863 0018 00000000 		.4byte	.LFB65
 1864 001c 40000000 		.4byte	.LFE65
 1865 0020 00000000 		.4byte	.LFB66
 1866 0024 3C000000 		.4byte	.LFE66
 1867 0028 00000000 		.4byte	.LFB67
 1868 002c 3C000000 		.4byte	.LFE67
 1869 0030 00000000 		.4byte	0x0
 1870 0034 00000000 		.4byte	0x0
 1871              		.section	.debug_str,"MS",%progbits,1
 1872              	.LASF63:
 1873 0000 4750494F 		.ascii	"GPIO_TypeDef\000"
 1873      5F547970 
 1873      65446566 
 1873      00
ARM GAS  /tmp/ccT6y7Cc.s 			page 35


 1874              	.LASF11:
 1875 000d 75696E74 		.ascii	"uint64_t\000"
 1875      36345F74 
 1875      00
 1876              	.LASF39:
 1877 0016 54687265 		.ascii	"ThreadsList\000"
 1877      6164734C 
 1877      69737400 
 1878              	.LASF3:
 1879 0022 73686F72 		.ascii	"short int\000"
 1879      7420696E 
 1879      7400
 1880              	.LASF44:
 1881 002c 725F7175 		.ascii	"r_queue\000"
 1881      65756500 
 1882              	.LASF35:
 1883 0034 705F6570 		.ascii	"p_epending\000"
 1883      656E6469 
 1883      6E6700
 1884              	.LASF51:
 1885 003f 52656164 		.ascii	"ReadyList\000"
 1885      794C6973 
 1885      7400
 1886              	.LASF28:
 1887 0049 705F7374 		.ascii	"p_stklimit\000"
 1887      6B6C696D 
 1887      697400
 1888              	.LASF22:
 1889 0054 705F7072 		.ascii	"p_prev\000"
 1889      657600
 1890              	.LASF46:
 1891 005b 725F6374 		.ascii	"r_ctx\000"
 1891      7800
 1892              	.LASF17:
 1893 0061 6576656E 		.ascii	"eventmask_t\000"
 1893      746D6173 
 1893      6B5F7400 
 1894              	.LASF33:
 1895 006d 705F6D73 		.ascii	"p_msgqueue\000"
 1895      67717565 
 1895      756500
 1896              	.LASF23:
 1897 0078 705F7072 		.ascii	"p_prio\000"
 1897      696F00
 1898              	.LASF21:
 1899 007f 705F6E65 		.ascii	"p_next\000"
 1899      787400
 1900              	.LASF73:
 1901 0086 77614C65 		.ascii	"waLeds\000"
 1901      647300
 1902              	.LASF55:
 1903 008d 6D5F6E65 		.ascii	"m_next\000"
 1903      787400
 1904              	.LASF72:
 1905 0094 76616C75 		.ascii	"value\000"
 1905      6500
 1906              	.LASF40:
ARM GAS  /tmp/ccT6y7Cc.s 			page 36


 1907 009a 72656761 		.ascii	"regarm_t\000"
 1907      726D5F74 
 1907      00
 1908              	.LASF5:
 1909 00a3 75696E74 		.ascii	"uint8_t\000"
 1909      385F7400 
 1910              	.LASF64:
 1911 00ab 696F706F 		.ascii	"ioportmask_t\000"
 1911      72746D61 
 1911      736B5F74 
 1911      00
 1912              	.LASF31:
 1913 00b8 705F7469 		.ascii	"p_time\000"
 1913      6D6500
 1914              	.LASF13:
 1915 00bf 746D6F64 		.ascii	"tmode_t\000"
 1915      655F7400 
 1916              	.LASF10:
 1917 00c7 6C6F6E67 		.ascii	"long long int\000"
 1917      206C6F6E 
 1917      6720696E 
 1917      7400
 1918              	.LASF15:
 1919 00d5 74707269 		.ascii	"tprio_t\000"
 1919      6F5F7400 
 1920              	.LASF52:
 1921 00dd 4D757465 		.ascii	"Mutex\000"
 1921      7800
 1922              	.LASF7:
 1923 00e3 6C6F6E67 		.ascii	"long int\000"
 1923      20696E74 
 1923      00
 1924              	.LASF61:
 1925 00ec 42535252 		.ascii	"BSRR\000"
 1925      00
 1926              	.LASF53:
 1927 00f1 6D5F7175 		.ascii	"m_queue\000"
 1927      65756500 
 1928              	.LASF43:
 1929 00f9 636F6E74 		.ascii	"context\000"
 1929      65787400 
 1930              	.LASF67:
 1931 0101 746F6767 		.ascii	"toggleLedsImmediate\000"
 1931      6C654C65 
 1931      6473496D 
 1931      6D656469 
 1931      61746500 
 1932              	.LASF50:
 1933 0115 725F6375 		.ascii	"r_current\000"
 1933      7272656E 
 1933      7400
 1934              	.LASF34:
 1935 011f 705F6D73 		.ascii	"p_msg\000"
 1935      6700
 1936              	.LASF2:
 1937 0125 756E7369 		.ascii	"unsigned char\000"
 1937      676E6564 
ARM GAS  /tmp/ccT6y7Cc.s 			page 37


 1937      20636861 
 1937      7200
 1938              	.LASF59:
 1939 0133 65776D61 		.ascii	"ewmask\000"
 1939      736B00
 1940              	.LASF1:
 1941 013a 7369676E 		.ascii	"signed char\000"
 1941      65642063 
 1941      68617200 
 1942              	.LASF25:
 1943 0146 705F6E65 		.ascii	"p_newer\000"
 1943      77657200 
 1944              	.LASF12:
 1945 014e 6C6F6E67 		.ascii	"long long unsigned int\000"
 1945      206C6F6E 
 1945      6720756E 
 1945      7369676E 
 1945      65642069 
 1946              	.LASF77:
 1947 0165 6C656473 		.ascii	"ledsThread\000"
 1947      54687265 
 1947      616400
 1948              	.LASF8:
 1949 0170 75696E74 		.ascii	"uint32_t\000"
 1949      33325F74 
 1949      00
 1950              	.LASF0:
 1951 0179 756E7369 		.ascii	"unsigned int\000"
 1951      676E6564 
 1951      20696E74 
 1951      00
 1952              	.LASF65:
 1953 0186 7365744C 		.ascii	"setLeds\000"
 1953      65647300 
 1954              	.LASF78:
 1955 018e 696E6974 		.ascii	"initLed\000"
 1955      4C656400 
 1956              	.LASF71:
 1957 0196 6D757465 		.ascii	"mutex\000"
 1957      7800
 1958              	.LASF47:
 1959 019c 725F6E65 		.ascii	"r_newer\000"
 1959      77657200 
 1960              	.LASF30:
 1961 01a4 705F666C 		.ascii	"p_flags\000"
 1961      61677300 
 1962              	.LASF37:
 1963 01ac 705F7265 		.ascii	"p_realprio\000"
 1963      616C7072 
 1963      696F00
 1964              	.LASF18:
 1965 01b7 73797374 		.ascii	"systime_t\000"
 1965      696D655F 
 1965      7400
 1966              	.LASF69:
 1967 01c1 726C6973 		.ascii	"rlist\000"
 1967      7400
ARM GAS  /tmp/ccT6y7Cc.s 			page 38


 1968              	.LASF60:
 1969 01c7 63686172 		.ascii	"char\000"
 1969      00
 1970              	.LASF27:
 1971 01cc 705F6E61 		.ascii	"p_name\000"
 1971      6D6500
 1972              	.LASF6:
 1973 01d3 696E7433 		.ascii	"int32_t\000"
 1973      325F7400 
 1974              	.LASF45:
 1975 01db 725F7072 		.ascii	"r_prio\000"
 1975      696F00
 1976              	.LASF19:
 1977 01e2 636E745F 		.ascii	"cnt_t\000"
 1977      7400
 1978              	.LASF4:
 1979 01e8 73686F72 		.ascii	"short unsigned int\000"
 1979      7420756E 
 1979      7369676E 
 1979      65642069 
 1979      6E7400
 1980              	.LASF29:
 1981 01fb 705F7374 		.ascii	"p_state\000"
 1981      61746500 
 1982              	.LASF38:
 1983 0203 54687265 		.ascii	"ThreadsQueue\000"
 1983      61647351 
 1983      75657565 
 1983      00
 1984              	.LASF49:
 1985 0210 725F7072 		.ascii	"r_preempt\000"
 1985      65656D70 
 1985      7400
 1986              	.LASF32:
 1987 021a 705F7761 		.ascii	"p_waiting\000"
 1987      6974696E 
 1987      6700
 1988              	.LASF76:
 1989 0224 2F686F6D 		.ascii	"/home/z80/projects/digitizer.git/firmware/digitizer"
 1989      652F7A38 
 1989      302F7072 
 1989      6F6A6563 
 1989      74732F64 
 1990 0257 00       		.ascii	"\000"
 1991              	.LASF36:
 1992 0258 705F6D74 		.ascii	"p_mtxlist\000"
 1992      786C6973 
 1992      7400
 1993              	.LASF42:
 1994 0262 696E7463 		.ascii	"intctx\000"
 1994      747800
 1995              	.LASF9:
 1996 0269 6C6F6E67 		.ascii	"long unsigned int\000"
 1996      20756E73 
 1996      69676E65 
 1996      6420696E 
 1996      7400
ARM GAS  /tmp/ccT6y7Cc.s 			page 39


 1997              	.LASF68:
 1998 027b 746F6767 		.ascii	"toggleLedsI\000"
 1998      6C654C65 
 1998      64734900 
 1999              	.LASF74:
 2000 0287 474E5520 		.ascii	"GNU C 4.5.2\000"
 2000      4320342E 
 2000      352E3200 
 2001              	.LASF20:
 2002 0293 54687265 		.ascii	"Thread\000"
 2002      616400
 2003              	.LASF58:
 2004 029a 77746F62 		.ascii	"wtobjp\000"
 2004      6A7000
 2005              	.LASF14:
 2006 02a1 74737461 		.ascii	"tstate_t\000"
 2006      74655F74 
 2006      00
 2007              	.LASF41:
 2008 02aa 73746B61 		.ascii	"stkalign_t\000"
 2008      6C69676E 
 2008      5F7400
 2009              	.LASF57:
 2010 02b5 65786974 		.ascii	"exitcode\000"
 2010      636F6465 
 2010      00
 2011              	.LASF75:
 2012 02be 2E2F7372 		.ascii	"./src/led_ctrl.c\000"
 2012      632F6C65 
 2012      645F6374 
 2012      726C2E63 
 2012      00
 2013              	.LASF26:
 2014 02cf 705F6F6C 		.ascii	"p_older\000"
 2014      64657200 
 2015              	.LASF24:
 2016 02d7 705F6374 		.ascii	"p_ctx\000"
 2016      7800
 2017              	.LASF70:
 2018 02dd 49544D5F 		.ascii	"ITM_RxBuffer\000"
 2018      52784275 
 2018      66666572 
 2018      00
 2019              	.LASF66:
 2020 02ea 746F6767 		.ascii	"toggleLeds\000"
 2020      6C654C65 
 2020      647300
 2021              	.LASF54:
 2022 02f5 6D5F6F77 		.ascii	"m_owner\000"
 2022      6E657200 
 2023              	.LASF62:
 2024 02fd 4C434B52 		.ascii	"LCKR\000"
 2024      00
 2025              	.LASF56:
 2026 0302 7264796D 		.ascii	"rdymsg\000"
 2026      736700
 2027              	.LASF16:
ARM GAS  /tmp/ccT6y7Cc.s 			page 40


 2028 0309 6D73675F 		.ascii	"msg_t\000"
 2028      7400
 2029              	.LASF48:
 2030 030f 725F6F6C 		.ascii	"r_older\000"
 2030      64657200 
 2031              		.ident	"GCC: (Sourcery G++ Lite 2011.03-42) 4.5.2"
ARM GAS  /tmp/ccT6y7Cc.s 			page 41


DEFINED SYMBOLS
                            *ABS*:00000000 led_ctrl.c
     /tmp/ccT6y7Cc.s:24     .bss.mutex:00000000 $d
     /tmp/ccT6y7Cc.s:27     .bss.mutex:00000000 mutex
     /tmp/ccT6y7Cc.s:30     .bss.value:00000000 $d
     /tmp/ccT6y7Cc.s:33     .bss.value:00000000 value
     /tmp/ccT6y7Cc.s:36     .bss.waLeds:00000000 $d
     /tmp/ccT6y7Cc.s:39     .bss.waLeds:00000000 waLeds
     /tmp/ccT6y7Cc.s:42     .rodata:00000000 $d
     /tmp/ccT6y7Cc.s:46     .text.ledsThread:00000000 $t
     /tmp/ccT6y7Cc.s:51     .text.ledsThread:00000000 ledsThread
     /tmp/ccT6y7Cc.s:133    .text.ledsThread:00000074 $d
     /tmp/ccT6y7Cc.s:409    .bss.arg.6097:00000000 arg.6097
     /tmp/ccT6y7Cc.s:143    .text.initLed:00000000 $t
     /tmp/ccT6y7Cc.s:149    .text.initLed:00000000 initLed
     /tmp/ccT6y7Cc.s:197    .text.initLed:00000050 $d
     /tmp/ccT6y7Cc.s:205    .text.setLeds:00000000 $t
     /tmp/ccT6y7Cc.s:211    .text.setLeds:00000000 setLeds
     /tmp/ccT6y7Cc.s:240    .text.setLeds:0000001c $d
     /tmp/ccT6y7Cc.s:246    .text.toggleLeds:00000000 $t
     /tmp/ccT6y7Cc.s:252    .text.toggleLeds:00000000 toggleLeds
     /tmp/ccT6y7Cc.s:294    .text.toggleLeds:00000038 $d
     /tmp/ccT6y7Cc.s:300    .text.toggleLedsImmediate:00000000 $t
     /tmp/ccT6y7Cc.s:306    .text.toggleLedsImmediate:00000000 toggleLedsImmediate
     /tmp/ccT6y7Cc.s:348    .text.toggleLedsImmediate:00000038 $d
     /tmp/ccT6y7Cc.s:353    .text.toggleLedsI:00000000 $t
     /tmp/ccT6y7Cc.s:359    .text.toggleLedsI:00000000 toggleLedsI
     /tmp/ccT6y7Cc.s:401    .text.toggleLedsI:00000038 $d
     /tmp/ccT6y7Cc.s:406    .bss.arg.6097:00000000 $d
                     .debug_frame:00000010 $d
     /tmp/ccT6y7Cc.s:142    .text.ledsThread:0000008c $t
     /tmp/ccT6y7Cc.s:245    .text.setLeds:00000024 $t
     /tmp/ccT6y7Cc.s:352    .text.toggleLedsImmediate:0000003c $t
     /tmp/ccT6y7Cc.s:405    .text.toggleLedsI:0000003c $t

UNDEFINED SYMBOLS
chMtxLock
chMtxUnlock
chThdSleep
processTemp
rlist
_pal_lld_setgroupmode
chMtxInit
chThdCreateStatic
