ARM GAS  C:\Users\z80\AppData\Local\Temp\ccdspPRF.s 			page 1


   1              		.syntax unified
   2              		.cpu cortex-m3
   3              		.fpu softvfp
   4              		.eabi_attribute 20, 1
   5              		.eabi_attribute 21, 1
   6              		.eabi_attribute 23, 3
   7              		.eabi_attribute 24, 1
   8              		.eabi_attribute 25, 1
   9              		.eabi_attribute 26, 1
  10              		.eabi_attribute 30, 6
  11              		.eabi_attribute 18, 4
  12              		.thumb
  13              		.file	"main.c"
  14              		.section	.debug_abbrev,"",%progbits
  15              	.Ldebug_abbrev0:
  16              		.section	.debug_info,"",%progbits
  17              	.Ldebug_info0:
  18              		.section	.debug_line,"",%progbits
  19              	.Ldebug_line0:
  20 0000 35010000 		.text
  20      0200E100 
  20      00000201 
  20      FB0E0D00 
  20      01010101 
  21              	.Ltext0:
  22              		.cfi_sections	.debug_frame
  23              		.section	.text.main,"ax",%progbits
  24              		.align	2
  25              		.p2align 4,,15
  26              		.global	main
  27              		.thumb
  28              		.thumb_func
  29              		.type	main, %function
  30              	main:
  31              	.LFB62:
  32              		.file 1 "./src/main.c"
  33              		.loc 1 13 0
  34              		.cfi_startproc
  35              		@ args = 0, pretend = 0, frame = 0
  36              		@ frame_needed = 0, uses_anonymous_args = 0
  37 0000 08B5     		push	{r3, lr}
  38              	.LCFI0:
  39              		.cfi_def_cfa_offset 8
  40              		.loc 1 14 0
  41              		.cfi_offset 14, -4
  42              		.cfi_offset 3, -8
  43 0002 FFF7FEFF 		bl	halInit
  44              		.loc 1 15 0
  45 0006 FFF7FEFF 		bl	chSysInit
  46              		.loc 1 17 0
  47 000a FFF7FEFF 		bl	initLed
  48              		.loc 1 18 0
  49 000e FFF7FEFF 		bl	initAdc
  50              		.loc 1 19 0
  51 0012 FFF7FEFF 		bl	initDac
  52              		.loc 1 21 0
  53 0016 FFF7FEFF 		bl	initTimer
ARM GAS  C:\Users\z80\AppData\Local\Temp\ccdspPRF.s 			page 2


  54              	.L2:
  55              		.loc 1 33 0 discriminator 1
  56 001a 4FF00500 		mov	r0, #5
  57 001e FFF7FEFF 		bl	chThdSleep
  58              		.loc 1 34 0 discriminator 1
  59 0022 4FF00000 		mov	r0, #0
  60 0026 47F6FF71 		movw	r1, #32767
  61 002a FFF7FEFF 		bl	setDac
  62              		.loc 1 35 0 discriminator 1
  63 002e 4FF00100 		mov	r0, #1
  64 0032 47F6FF71 		movw	r1, #32767
  65 0036 FFF7FEFF 		bl	setDac
  66              		.loc 1 36 0 discriminator 1
  67 003a 4FF00200 		mov	r0, #2
  68 003e 47F6FF71 		movw	r1, #32767
  69 0042 FFF7FEFF 		bl	setDac
  70              		.loc 1 37 0 discriminator 1
  71 0046 4FF00300 		mov	r0, #3
  72 004a 47F6FF71 		movw	r1, #32767
  73 004e FFF7FEFF 		bl	setDac
  74              		.loc 1 38 0 discriminator 1
  75 0052 4FF00500 		mov	r0, #5
  76 0056 FFF7FEFF 		bl	chThdSleep
  77              		.loc 1 39 0 discriminator 1
  78 005a 4FF00000 		mov	r0, #0
  79 005e 4FF6FA71 		movw	r1, #65530
  80 0062 FFF7FEFF 		bl	setDac
  81              		.loc 1 40 0 discriminator 1
  82 0066 4FF00100 		mov	r0, #1
  83 006a 4FF6FA71 		movw	r1, #65530
  84 006e FFF7FEFF 		bl	setDac
  85              		.loc 1 41 0 discriminator 1
  86 0072 4FF00200 		mov	r0, #2
  87 0076 4FF6FA71 		movw	r1, #65530
  88 007a FFF7FEFF 		bl	setDac
  89              		.loc 1 42 0 discriminator 1
  90 007e 4FF00300 		mov	r0, #3
  91 0082 4FF6FA71 		movw	r1, #65530
  92 0086 FFF7FEFF 		bl	setDac
  93              		.loc 1 43 0 discriminator 1
  94 008a C6E7     		b	.L2
  95              		.cfi_endproc
  96              	.LFE62:
  97              		.size	main, .-main
  98 008c AFF30080 		.text
  99              	.Letext0:
 100              		.section	.debug_loc,"",%progbits
 101              	.Ldebug_loc0:
 102              	.LLST0:
 103 0000 00000000 		.4byte	.LFB62
 104 0004 02000000 		.4byte	.LCFI0
 105 0008 0200     		.2byte	0x2
 106 000a 7D       		.byte	0x7d
 107 000b 00       		.sleb128 0
 108 000c 02000000 		.4byte	.LCFI0
 109 0010 8C000000 		.4byte	.LFE62
 110 0014 0200     		.2byte	0x2
ARM GAS  C:\Users\z80\AppData\Local\Temp\ccdspPRF.s 			page 3


 111 0016 7D       		.byte	0x7d
 112 0017 08       		.sleb128 8
 113 0018 00000000 		.4byte	0x0
 114 001c 00000000 		.4byte	0x0
 115              		.file 2 "c:/programs/yagarto/lib/gcc/../../arm-none-eabi/sys-include/stdint.h"
 116              		.file 3 "../chibios_2.4.x/os/ports/GCC/ARMCMx/chtypes.h"
 117              		.file 4 "../chibios_2.4.x/os/ports/common/ARMCMx/CMSIS/include/core_cm3.h"
 118              		.section	.debug_info
 119 0000 D1000000 		.4byte	0xd1
 120 0004 0200     		.2byte	0x2
 121 0006 00000000 		.4byte	.Ldebug_abbrev0
 122 000a 04       		.byte	0x4
 123 000b 01       		.uleb128 0x1
 124 000c 57000000 		.4byte	.LASF14
 125 0010 01       		.byte	0x1
 126 0011 63000000 		.4byte	.LASF15
 127 0015 95000000 		.4byte	.LASF16
 128 0019 00000000 		.4byte	0x0
 129 001d 00000000 		.4byte	0x0
 130 0021 00000000 		.4byte	.Ldebug_ranges0+0x0
 131 0025 00000000 		.4byte	.Ldebug_line0
 132 0029 02       		.uleb128 0x2
 133 002a 04       		.byte	0x4
 134 002b 05       		.byte	0x5
 135 002c 696E7400 		.ascii	"int\000"
 136 0030 03       		.uleb128 0x3
 137 0031 04       		.byte	0x4
 138 0032 07       		.byte	0x7
 139 0033 21000000 		.4byte	.LASF0
 140 0037 03       		.uleb128 0x3
 141 0038 01       		.byte	0x1
 142 0039 06       		.byte	0x6
 143 003a CF000000 		.4byte	.LASF1
 144 003e 03       		.uleb128 0x3
 145 003f 01       		.byte	0x1
 146 0040 08       		.byte	0x8
 147 0041 70000000 		.4byte	.LASF2
 148 0045 03       		.uleb128 0x3
 149 0046 02       		.byte	0x2
 150 0047 05       		.byte	0x5
 151 0048 E5000000 		.4byte	.LASF3
 152 004c 03       		.uleb128 0x3
 153 004d 02       		.byte	0x2
 154 004e 07       		.byte	0x7
 155 004f 0E000000 		.4byte	.LASF4
 156 0053 04       		.uleb128 0x4
 157 0054 EF000000 		.4byte	.LASF6
 158 0058 02       		.byte	0x2
 159 0059 4F       		.byte	0x4f
 160 005a 5E000000 		.4byte	0x5e
 161 005e 03       		.uleb128 0x3
 162 005f 04       		.byte	0x4
 163 0060 05       		.byte	0x5
 164 0061 8C000000 		.4byte	.LASF5
 165 0065 04       		.uleb128 0x4
 166 0066 83000000 		.4byte	.LASF7
 167 006a 02       		.byte	0x2
ARM GAS  C:\Users\z80\AppData\Local\Temp\ccdspPRF.s 			page 4


 168 006b 50       		.byte	0x50
 169 006c 70000000 		.4byte	0x70
 170 0070 03       		.uleb128 0x3
 171 0071 04       		.byte	0x4
 172 0072 07       		.byte	0x7
 173 0073 2E000000 		.4byte	.LASF8
 174 0077 03       		.uleb128 0x3
 175 0078 08       		.byte	0x8
 176 0079 05       		.byte	0x5
 177 007a 00000000 		.4byte	.LASF9
 178 007e 03       		.uleb128 0x3
 179 007f 08       		.byte	0x8
 180 0080 07       		.byte	0x7
 181 0081 40000000 		.4byte	.LASF10
 182 0085 04       		.uleb128 0x4
 183 0086 DB000000 		.4byte	.LASF11
 184 008a 03       		.byte	0x3
 185 008b 36       		.byte	0x36
 186 008c 65000000 		.4byte	0x65
 187 0090 05       		.uleb128 0x5
 188 0091 04       		.byte	0x4
 189 0092 07       		.byte	0x7
 190 0093 03       		.uleb128 0x3
 191 0094 01       		.byte	0x1
 192 0095 08       		.byte	0x8
 193 0096 F7000000 		.4byte	.LASF12
 194 009a 06       		.uleb128 0x6
 195 009b 53000000 		.4byte	0x53
 196 009f 07       		.uleb128 0x7
 197 00a0 01       		.byte	0x1
 198 00a1 7E000000 		.4byte	.LASF17
 199 00a5 01       		.byte	0x1
 200 00a6 0C       		.byte	0xc
 201 00a7 01       		.byte	0x1
 202 00a8 29000000 		.4byte	0x29
 203 00ac 00000000 		.4byte	.LFB62
 204 00b0 8C000000 		.4byte	.LFE62
 205 00b4 00000000 		.4byte	.LLST0
 206 00b8 08       		.uleb128 0x8
 207 00b9 C2000000 		.4byte	.LASF13
 208 00bd 04       		.byte	0x4
 209 00be 9404     		.2byte	0x494
 210 00c0 9A000000 		.4byte	0x9a
 211 00c4 01       		.byte	0x1
 212 00c5 01       		.byte	0x1
 213 00c6 08       		.uleb128 0x8
 214 00c7 C2000000 		.4byte	.LASF13
 215 00cb 04       		.byte	0x4
 216 00cc 9404     		.2byte	0x494
 217 00ce 9A000000 		.4byte	0x9a
 218 00d2 01       		.byte	0x1
 219 00d3 01       		.byte	0x1
 220 00d4 00       		.byte	0x0
 221              		.section	.debug_abbrev
 222 0000 01       		.uleb128 0x1
 223 0001 11       		.uleb128 0x11
 224 0002 01       		.byte	0x1
ARM GAS  C:\Users\z80\AppData\Local\Temp\ccdspPRF.s 			page 5


 225 0003 25       		.uleb128 0x25
 226 0004 0E       		.uleb128 0xe
 227 0005 13       		.uleb128 0x13
 228 0006 0B       		.uleb128 0xb
 229 0007 03       		.uleb128 0x3
 230 0008 0E       		.uleb128 0xe
 231 0009 1B       		.uleb128 0x1b
 232 000a 0E       		.uleb128 0xe
 233 000b 11       		.uleb128 0x11
 234 000c 01       		.uleb128 0x1
 235 000d 52       		.uleb128 0x52
 236 000e 01       		.uleb128 0x1
 237 000f 55       		.uleb128 0x55
 238 0010 06       		.uleb128 0x6
 239 0011 10       		.uleb128 0x10
 240 0012 06       		.uleb128 0x6
 241 0013 00       		.byte	0x0
 242 0014 00       		.byte	0x0
 243 0015 02       		.uleb128 0x2
 244 0016 24       		.uleb128 0x24
 245 0017 00       		.byte	0x0
 246 0018 0B       		.uleb128 0xb
 247 0019 0B       		.uleb128 0xb
 248 001a 3E       		.uleb128 0x3e
 249 001b 0B       		.uleb128 0xb
 250 001c 03       		.uleb128 0x3
 251 001d 08       		.uleb128 0x8
 252 001e 00       		.byte	0x0
 253 001f 00       		.byte	0x0
 254 0020 03       		.uleb128 0x3
 255 0021 24       		.uleb128 0x24
 256 0022 00       		.byte	0x0
 257 0023 0B       		.uleb128 0xb
 258 0024 0B       		.uleb128 0xb
 259 0025 3E       		.uleb128 0x3e
 260 0026 0B       		.uleb128 0xb
 261 0027 03       		.uleb128 0x3
 262 0028 0E       		.uleb128 0xe
 263 0029 00       		.byte	0x0
 264 002a 00       		.byte	0x0
 265 002b 04       		.uleb128 0x4
 266 002c 16       		.uleb128 0x16
 267 002d 00       		.byte	0x0
 268 002e 03       		.uleb128 0x3
 269 002f 0E       		.uleb128 0xe
 270 0030 3A       		.uleb128 0x3a
 271 0031 0B       		.uleb128 0xb
 272 0032 3B       		.uleb128 0x3b
 273 0033 0B       		.uleb128 0xb
 274 0034 49       		.uleb128 0x49
 275 0035 13       		.uleb128 0x13
 276 0036 00       		.byte	0x0
 277 0037 00       		.byte	0x0
 278 0038 05       		.uleb128 0x5
 279 0039 24       		.uleb128 0x24
 280 003a 00       		.byte	0x0
 281 003b 0B       		.uleb128 0xb
ARM GAS  C:\Users\z80\AppData\Local\Temp\ccdspPRF.s 			page 6


 282 003c 0B       		.uleb128 0xb
 283 003d 3E       		.uleb128 0x3e
 284 003e 0B       		.uleb128 0xb
 285 003f 00       		.byte	0x0
 286 0040 00       		.byte	0x0
 287 0041 06       		.uleb128 0x6
 288 0042 35       		.uleb128 0x35
 289 0043 00       		.byte	0x0
 290 0044 49       		.uleb128 0x49
 291 0045 13       		.uleb128 0x13
 292 0046 00       		.byte	0x0
 293 0047 00       		.byte	0x0
 294 0048 07       		.uleb128 0x7
 295 0049 2E       		.uleb128 0x2e
 296 004a 00       		.byte	0x0
 297 004b 3F       		.uleb128 0x3f
 298 004c 0C       		.uleb128 0xc
 299 004d 03       		.uleb128 0x3
 300 004e 0E       		.uleb128 0xe
 301 004f 3A       		.uleb128 0x3a
 302 0050 0B       		.uleb128 0xb
 303 0051 3B       		.uleb128 0x3b
 304 0052 0B       		.uleb128 0xb
 305 0053 27       		.uleb128 0x27
 306 0054 0C       		.uleb128 0xc
 307 0055 49       		.uleb128 0x49
 308 0056 13       		.uleb128 0x13
 309 0057 11       		.uleb128 0x11
 310 0058 01       		.uleb128 0x1
 311 0059 12       		.uleb128 0x12
 312 005a 01       		.uleb128 0x1
 313 005b 40       		.uleb128 0x40
 314 005c 06       		.uleb128 0x6
 315 005d 00       		.byte	0x0
 316 005e 00       		.byte	0x0
 317 005f 08       		.uleb128 0x8
 318 0060 34       		.uleb128 0x34
 319 0061 00       		.byte	0x0
 320 0062 03       		.uleb128 0x3
 321 0063 0E       		.uleb128 0xe
 322 0064 3A       		.uleb128 0x3a
 323 0065 0B       		.uleb128 0xb
 324 0066 3B       		.uleb128 0x3b
 325 0067 05       		.uleb128 0x5
 326 0068 49       		.uleb128 0x49
 327 0069 13       		.uleb128 0x13
 328 006a 3F       		.uleb128 0x3f
 329 006b 0C       		.uleb128 0xc
 330 006c 3C       		.uleb128 0x3c
 331 006d 0C       		.uleb128 0xc
 332 006e 00       		.byte	0x0
 333 006f 00       		.byte	0x0
 334 0070 00       		.byte	0x0
 335              		.section	.debug_pubnames,"",%progbits
 336 0000 17000000 		.4byte	0x17
 337 0004 0200     		.2byte	0x2
 338 0006 00000000 		.4byte	.Ldebug_info0
ARM GAS  C:\Users\z80\AppData\Local\Temp\ccdspPRF.s 			page 7


 339 000a D5000000 		.4byte	0xd5
 340 000e 9F000000 		.4byte	0x9f
 341 0012 6D61696E 		.ascii	"main\000"
 341      00
 342 0017 00000000 		.4byte	0x0
 343              		.section	.debug_pubtypes,"",%progbits
 344 0000 35000000 		.4byte	0x35
 345 0004 0200     		.2byte	0x2
 346 0006 00000000 		.4byte	.Ldebug_info0
 347 000a D5000000 		.4byte	0xd5
 348 000e 53000000 		.4byte	0x53
 349 0012 696E7433 		.ascii	"int32_t\000"
 349      325F7400 
 350 001a 65000000 		.4byte	0x65
 351 001e 75696E74 		.ascii	"uint32_t\000"
 351      33325F74 
 351      00
 352 0027 85000000 		.4byte	0x85
 353 002b 73797374 		.ascii	"systime_t\000"
 353      696D655F 
 353      7400
 354 0035 00000000 		.4byte	0x0
 355              		.section	.debug_aranges,"",%progbits
 356 0000 1C000000 		.4byte	0x1c
 357 0004 0200     		.2byte	0x2
 358 0006 00000000 		.4byte	.Ldebug_info0
 359 000a 04       		.byte	0x4
 360 000b 00       		.byte	0x0
 361 000c 0000     		.2byte	0x0
 362 000e 0000     		.2byte	0x0
 363 0010 00000000 		.4byte	.LFB62
 364 0014 8C000000 		.4byte	.LFE62-.LFB62
 365 0018 00000000 		.4byte	0x0
 366 001c 00000000 		.4byte	0x0
 367              		.section	.debug_ranges,"",%progbits
 368              	.Ldebug_ranges0:
 369 0000 00000000 		.4byte	.LFB62
 370 0004 8C000000 		.4byte	.LFE62
 371 0008 00000000 		.4byte	0x0
 372 000c 00000000 		.4byte	0x0
 373              		.section	.debug_str,"MS",%progbits,1
 374              	.LASF9:
 375 0000 6C6F6E67 		.ascii	"long long int\000"
 375      206C6F6E 
 375      6720696E 
 375      7400
 376              	.LASF4:
 377 000e 73686F72 		.ascii	"short unsigned int\000"
 377      7420756E 
 377      7369676E 
 377      65642069 
 377      6E7400
 378              	.LASF0:
 379 0021 756E7369 		.ascii	"unsigned int\000"
 379      676E6564 
 379      20696E74 
 379      00
ARM GAS  C:\Users\z80\AppData\Local\Temp\ccdspPRF.s 			page 8


 380              	.LASF8:
 381 002e 6C6F6E67 		.ascii	"long unsigned int\000"
 381      20756E73 
 381      69676E65 
 381      6420696E 
 381      7400
 382              	.LASF10:
 383 0040 6C6F6E67 		.ascii	"long long unsigned int\000"
 383      206C6F6E 
 383      6720756E 
 383      7369676E 
 383      65642069 
 384              	.LASF14:
 385 0057 474E5520 		.ascii	"GNU C 4.5.0\000"
 385      4320342E 
 385      352E3000 
 386              	.LASF15:
 387 0063 2E2F7372 		.ascii	"./src/main.c\000"
 387      632F6D61 
 387      696E2E63 
 387      00
 388              	.LASF2:
 389 0070 756E7369 		.ascii	"unsigned char\000"
 389      676E6564 
 389      20636861 
 389      7200
 390              	.LASF17:
 391 007e 6D61696E 		.ascii	"main\000"
 391      00
 392              	.LASF7:
 393 0083 75696E74 		.ascii	"uint32_t\000"
 393      33325F74 
 393      00
 394              	.LASF5:
 395 008c 6C6F6E67 		.ascii	"long int\000"
 395      20696E74 
 395      00
 396              	.LASF16:
 397 0095 433A5C70 		.ascii	"C:\\projects\\digitizer.git\\firmware\\digitizer\000"
 397      726F6A65 
 397      6374735C 
 397      64696769 
 397      74697A65 
 398              	.LASF13:
 399 00c2 49544D5F 		.ascii	"ITM_RxBuffer\000"
 399      52784275 
 399      66666572 
 399      00
 400              	.LASF1:
 401 00cf 7369676E 		.ascii	"signed char\000"
 401      65642063 
 401      68617200 
 402              	.LASF11:
 403 00db 73797374 		.ascii	"systime_t\000"
 403      696D655F 
 403      7400
 404              	.LASF3:
ARM GAS  C:\Users\z80\AppData\Local\Temp\ccdspPRF.s 			page 9


 405 00e5 73686F72 		.ascii	"short int\000"
 405      7420696E 
 405      7400
 406              	.LASF6:
 407 00ef 696E7433 		.ascii	"int32_t\000"
 407      325F7400 
 408              	.LASF12:
 409 00f7 63686172 		.ascii	"char\000"
 409      00
 410              		.ident	"GCC: (GNU) 4.5.0"
ARM GAS  C:\Users\z80\AppData\Local\Temp\ccdspPRF.s 			page 10


DEFINED SYMBOLS
                            *ABS*:00000000 main.c
C:\Users\z80\AppData\Local\Temp\ccdspPRF.s:24     .text.main:00000000 $t
C:\Users\z80\AppData\Local\Temp\ccdspPRF.s:30     .text.main:00000000 main
                     .debug_frame:00000010 $d

UNDEFINED SYMBOLS
halInit
chSysInit
initLed
initAdc
initDac
initTimer
chThdSleep
setDac
