ARM GAS  C:\Users\z80\AppData\Local\Temp\ccndhtto.s 			page 1


   1              		.syntax unified
   2              		.cpu cortex-m3
   3              		.fpu softvfp
   4              		.eabi_attribute 20, 1
   5              		.eabi_attribute 21, 1
   6              		.eabi_attribute 23, 3
   7              		.eabi_attribute 24, 1
   8              		.eabi_attribute 25, 1
   9              		.eabi_attribute 26, 1
  10              		.eabi_attribute 30, 2
  11              		.eabi_attribute 34, 1
  12              		.eabi_attribute 18, 4
  13              		.thumb
  14              		.file	"nvic.c"
  15              		.text
  16              	.Ltext0:
  17              		.cfi_sections	.debug_frame
  18              		.section	.text.nvicEnableVector,"ax",%progbits
  19              		.align	2
  20              		.p2align 4,,15
  21              		.global	nvicEnableVector
  22              		.thumb
  23              		.thumb_func
  24              		.type	nvicEnableVector, %function
  25              	nvicEnableVector:
  26              	.LFB7:
  27              		.file 1 "../chibios_2.4.x/os/ports/common/ARMCMx/nvic.c"
  28              		.loc 1 46 0
  29              		.cfi_startproc
  30              		@ args = 0, pretend = 0, frame = 0
  31              		@ frame_needed = 0, uses_anonymous_args = 0
  32              		@ link register save eliminated.
  33              	.LVL0:
  34              		.loc 1 47 0
  35 0000 00F00302 		and	r2, r0, #3
  36              		.loc 1 46 0
  37 0004 F0B4     		push	{r4, r5, r6, r7}
  38              	.LCFI0:
  39              		.cfi_def_cfa_offset 16
  40              		.cfi_offset 7, -4
  41              		.cfi_offset 6, -8
  42              		.cfi_offset 5, -12
  43              		.cfi_offset 4, -16
  44              		.loc 1 49 0
  45 0006 FF23     		movs	r3, #255
  46              		.loc 1 47 0
  47 0008 D600     		lsls	r6, r2, #3
  48              		.loc 1 49 0
  49 000a 03FA06FC 		lsl	ip, r3, r6
  50              		.loc 1 50 0
  51 000e 00F01F04 		and	r4, r0, #31
  52              		.loc 1 49 0
  53 0012 01FA06F1 		lsl	r1, r1, r6
  54              	.LVL1:
  55              		.loc 1 50 0
  56 0016 0125     		movs	r5, #1
  57 0018 05FA04F5 		lsl	r5, r5, r4
ARM GAS  C:\Users\z80\AppData\Local\Temp\ccndhtto.s 			page 2


  58              		.loc 1 49 0
  59 001c 8608     		lsrs	r6, r0, #2
  60 001e 4FF46144 		mov	r4, #57600
  61 0022 CEF20004 		movt	r4, 57344
  62 0026 C036     		adds	r6, r6, #192
  63 0028 54F82670 		ldr	r7, [r4, r6, lsl #2]
  64              		.loc 1 50 0
  65 002c 4009     		lsrs	r0, r0, #5
  66              	.LVL2:
  67              		.loc 1 49 0
  68 002e 27EA0C02 		bic	r2, r7, ip
  69 0032 42EA0103 		orr	r3, r2, r1
  70              		.loc 1 50 0
  71 0036 00F16007 		add	r7, r0, #96
  72              		.loc 1 49 0
  73 003a 44F82630 		str	r3, [r4, r6, lsl #2]
  74              		.loc 1 50 0
  75 003e 44F82750 		str	r5, [r4, r7, lsl #2]
  76              		.loc 1 51 0
  77 0042 44F82050 		str	r5, [r4, r0, lsl #2]
  78              		.loc 1 52 0
  79 0046 F0BC     		pop	{r4, r5, r6, r7}
  80 0048 7047     		bx	lr
  81              		.cfi_endproc
  82              	.LFE7:
  83              		.size	nvicEnableVector, .-nvicEnableVector
  84 004a 00BFAFF3 		.section	.text.nvicDisableVector,"ax",%progbits
  84      0080
  85              		.align	2
  86              		.p2align 4,,15
  87              		.global	nvicDisableVector
  88              		.thumb
  89              		.thumb_func
  90              		.type	nvicDisableVector, %function
  91              	nvicDisableVector:
  92              	.LFB8:
  93              		.loc 1 60 0
  94              		.cfi_startproc
  95              		@ args = 0, pretend = 0, frame = 0
  96              		@ frame_needed = 0, uses_anonymous_args = 0
  97              		@ link register save eliminated.
  98              	.LVL3:
  99 0000 10B4     		push	{r4}
 100              	.LCFI1:
 101              		.cfi_def_cfa_offset 4
 102              		.cfi_offset 4, -4
 103              		.loc 1 63 0
 104 0002 00F01F01 		and	r1, r0, #31
 105 0006 0124     		movs	r4, #1
 106 0008 04FA01F4 		lsl	r4, r4, r1
 107              		.loc 1 61 0
 108 000c 00F00302 		and	r2, r0, #3
 109 0010 D100     		lsls	r1, r2, #3
 110              		.loc 1 64 0
 111 0012 FF23     		movs	r3, #255
 112 0014 03FA01FC 		lsl	ip, r3, r1
 113              		.loc 1 63 0
ARM GAS  C:\Users\z80\AppData\Local\Temp\ccndhtto.s 			page 3


 114 0018 4209     		lsrs	r2, r0, #5
 115 001a 4FF46143 		mov	r3, #57600
 116 001e CEF20003 		movt	r3, 57344
 117 0022 2032     		adds	r2, r2, #32
 118              		.loc 1 64 0
 119 0024 8008     		lsrs	r0, r0, #2
 120              	.LVL4:
 121              		.loc 1 63 0
 122 0026 43F82240 		str	r4, [r3, r2, lsl #2]
 123              		.loc 1 64 0
 124 002a C030     		adds	r0, r0, #192
 125 002c 53F82010 		ldr	r1, [r3, r0, lsl #2]
 126              	.LVL5:
 127 0030 21EA0C02 		bic	r2, r1, ip
 128 0034 43F82020 		str	r2, [r3, r0, lsl #2]
 129              		.loc 1 65 0
 130 0038 10BC     		pop	{r4}
 131 003a 7047     		bx	lr
 132              		.cfi_endproc
 133              	.LFE8:
 134              		.size	nvicDisableVector, .-nvicDisableVector
 135 003c AFF30080 		.section	.text.nvicSetSystemHandlerPriority,"ax",%progbits
 136              		.align	2
 137              		.p2align 4,,15
 138              		.global	nvicSetSystemHandlerPriority
 139              		.thumb
 140              		.thumb_func
 141              		.type	nvicSetSystemHandlerPriority, %function
 142              	nvicSetSystemHandlerPriority:
 143              	.LFB9:
 144              		.loc 1 74 0
 145              		.cfi_startproc
 146              		@ args = 0, pretend = 0, frame = 0
 147              		@ frame_needed = 0, uses_anonymous_args = 0
 148              		@ link register save eliminated.
 149              	.LVL6:
 150              		.loc 1 75 0
 151 0000 00F00303 		and	r3, r0, #3
 152              		.loc 1 74 0
 153 0004 10B4     		push	{r4}
 154              	.LCFI2:
 155              		.cfi_def_cfa_offset 4
 156              		.cfi_offset 4, -4
 157              		.loc 1 78 0
 158 0006 FF22     		movs	r2, #255
 159              		.loc 1 75 0
 160 0008 DC00     		lsls	r4, r3, #3
 161              		.loc 1 78 0
 162 000a 02FA04FC 		lsl	ip, r2, r4
 163 000e 01FA04F1 		lsl	r1, r1, r4
 164              	.LVL7:
 165              		.loc 1 77 0
 166 0012 8008     		lsrs	r0, r0, #2
 167              	.LVL8:
 168 0014 4FF46D44 		mov	r4, #60672
 169 0018 CEF20004 		movt	r4, 57344
 170 001c 0630     		adds	r0, r0, #6
ARM GAS  C:\Users\z80\AppData\Local\Temp\ccndhtto.s 			page 4


 171 001e 54F82030 		ldr	r3, [r4, r0, lsl #2]
 172 0022 23EA0C02 		bic	r2, r3, ip
 173              		.loc 1 78 0
 174 0026 42EA0103 		orr	r3, r2, r1
 175              		.loc 1 77 0
 176 002a 44F82030 		str	r3, [r4, r0, lsl #2]
 177              		.loc 1 79 0
 178 002e 10BC     		pop	{r4}
 179 0030 7047     		bx	lr
 180              		.cfi_endproc
 181              	.LFE9:
 182              		.size	nvicSetSystemHandlerPriority, .-nvicSetSystemHandlerPriority
 183 0032 00BFAFF3 		.text
 183      0080AFF3 
 183      0080AFF3 
 183      0080
 184              	.Letext0:
 185              		.file 2 "../chibios_2.4.x/os/ports/common/ARMCMx/nvic.h"
 186              		.file 3 "c:\\programs\\codesourcery\\2011.03-56\\bin\\../lib/gcc/arm-none-eabi/4.6.3/../../../../a
 187              		.section	.debug_info,"",%progbits
 188              	.Ldebug_info0:
 189 0000 35040000 		.4byte	0x435
 190 0004 0200     		.2byte	0x2
 191 0006 00000000 		.4byte	.Ldebug_abbrev0
 192 000a 04       		.byte	0x4
 193 000b 01       		.uleb128 0x1
 194 000c BD000000 		.4byte	.LASF43
 195 0010 01       		.byte	0x1
 196 0011 66010000 		.4byte	.LASF44
 197 0015 35000000 		.4byte	.LASF45
 198 0019 00000000 		.4byte	0
 199 001d 00000000 		.4byte	0
 200 0021 00000000 		.4byte	.Ldebug_ranges0+0
 201 0025 00000000 		.4byte	.Ldebug_line0
 202 0029 02       		.uleb128 0x2
 203 002a 04       		.byte	0x4
 204 002b 05       		.byte	0x5
 205 002c 696E7400 		.ascii	"int\000"
 206 0030 03       		.uleb128 0x3
 207 0031 04       		.byte	0x4
 208 0032 07       		.byte	0x7
 209 0033 F5000000 		.4byte	.LASF0
 210 0037 03       		.uleb128 0x3
 211 0038 01       		.byte	0x1
 212 0039 06       		.byte	0x6
 213 003a B2010000 		.4byte	.LASF1
 214 003e 03       		.uleb128 0x3
 215 003f 01       		.byte	0x1
 216 0040 08       		.byte	0x8
 217 0041 67000000 		.4byte	.LASF2
 218 0045 03       		.uleb128 0x3
 219 0046 02       		.byte	0x2
 220 0047 05       		.byte	0x5
 221 0048 EB000000 		.4byte	.LASF3
 222 004c 03       		.uleb128 0x3
 223 004d 02       		.byte	0x2
 224 004e 07       		.byte	0x7
ARM GAS  C:\Users\z80\AppData\Local\Temp\ccndhtto.s 			page 5


 225 004f A5000000 		.4byte	.LASF4
 226 0053 03       		.uleb128 0x3
 227 0054 04       		.byte	0x4
 228 0055 05       		.byte	0x5
 229 0056 A4010000 		.4byte	.LASF5
 230 005a 04       		.uleb128 0x4
 231 005b 9B010000 		.4byte	.LASF21
 232 005f 03       		.byte	0x3
 233 0060 50       		.byte	0x50
 234 0061 65000000 		.4byte	0x65
 235 0065 03       		.uleb128 0x3
 236 0066 04       		.byte	0x4
 237 0067 07       		.byte	0x7
 238 0068 CE000000 		.4byte	.LASF6
 239 006c 03       		.uleb128 0x3
 240 006d 08       		.byte	0x8
 241 006e 05       		.byte	0x5
 242 006f 43010000 		.4byte	.LASF7
 243 0073 03       		.uleb128 0x3
 244 0074 08       		.byte	0x8
 245 0075 07       		.byte	0x7
 246 0076 0C010000 		.4byte	.LASF8
 247 007a 05       		.uleb128 0x5
 248 007b 65000000 		.4byte	0x65
 249 007f 06       		.uleb128 0x6
 250 0080 040E     		.2byte	0xe04
 251 0082 02       		.byte	0x2
 252 0083 6A       		.byte	0x6a
 253 0084 4A010000 		.4byte	0x14a
 254 0088 07       		.uleb128 0x7
 255 0089 5C010000 		.4byte	.LASF9
 256 008d 02       		.byte	0x2
 257 008e 6B       		.byte	0x6b
 258 008f 5A010000 		.4byte	0x15a
 259 0093 02       		.byte	0x2
 260 0094 23       		.byte	0x23
 261 0095 00       		.uleb128 0
 262 0096 07       		.uleb128 0x7
 263 0097 75000000 		.4byte	.LASF10
 264 009b 02       		.byte	0x2
 265 009c 6C       		.byte	0x6c
 266 009d 6F010000 		.4byte	0x16f
 267 00a1 02       		.byte	0x2
 268 00a2 23       		.byte	0x23
 269 00a3 20       		.uleb128 0x20
 270 00a4 07       		.uleb128 0x7
 271 00a5 62000000 		.4byte	.LASF11
 272 00a9 02       		.byte	0x2
 273 00aa 6D       		.byte	0x6d
 274 00ab 74010000 		.4byte	0x174
 275 00af 03       		.byte	0x3
 276 00b0 23       		.byte	0x23
 277 00b1 8001     		.uleb128 0x80
 278 00b3 07       		.uleb128 0x7
 279 00b4 7D000000 		.4byte	.LASF12
 280 00b8 02       		.byte	0x2
 281 00b9 6E       		.byte	0x6e
ARM GAS  C:\Users\z80\AppData\Local\Temp\ccndhtto.s 			page 6


 282 00ba 79010000 		.4byte	0x179
 283 00be 03       		.byte	0x3
 284 00bf 23       		.byte	0x23
 285 00c0 A001     		.uleb128 0xa0
 286 00c2 07       		.uleb128 0x7
 287 00c3 02010000 		.4byte	.LASF13
 288 00c7 02       		.byte	0x2
 289 00c8 6F       		.byte	0x6f
 290 00c9 7E010000 		.4byte	0x17e
 291 00cd 03       		.byte	0x3
 292 00ce 23       		.byte	0x23
 293 00cf 8002     		.uleb128 0x100
 294 00d1 07       		.uleb128 0x7
 295 00d2 85000000 		.4byte	.LASF14
 296 00d6 02       		.byte	0x2
 297 00d7 70       		.byte	0x70
 298 00d8 83010000 		.4byte	0x183
 299 00dc 03       		.byte	0x3
 300 00dd 23       		.byte	0x23
 301 00de A002     		.uleb128 0x120
 302 00e0 07       		.uleb128 0x7
 303 00e1 05000000 		.4byte	.LASF15
 304 00e5 02       		.byte	0x2
 305 00e6 71       		.byte	0x71
 306 00e7 88010000 		.4byte	0x188
 307 00eb 03       		.byte	0x3
 308 00ec 23       		.byte	0x23
 309 00ed 8003     		.uleb128 0x180
 310 00ef 07       		.uleb128 0x7
 311 00f0 8D000000 		.4byte	.LASF16
 312 00f4 02       		.byte	0x2
 313 00f5 72       		.byte	0x72
 314 00f6 8D010000 		.4byte	0x18d
 315 00fa 03       		.byte	0x3
 316 00fb 23       		.byte	0x23
 317 00fc A003     		.uleb128 0x1a0
 318 00fe 07       		.uleb128 0x7
 319 00ff DB010000 		.4byte	.LASF17
 320 0103 02       		.byte	0x2
 321 0104 73       		.byte	0x73
 322 0105 92010000 		.4byte	0x192
 323 0109 03       		.byte	0x3
 324 010a 23       		.byte	0x23
 325 010b 8004     		.uleb128 0x200
 326 010d 07       		.uleb128 0x7
 327 010e 95000000 		.4byte	.LASF18
 328 0112 02       		.byte	0x2
 329 0113 74       		.byte	0x74
 330 0114 A7010000 		.4byte	0x1a7
 331 0118 03       		.byte	0x3
 332 0119 23       		.byte	0x23
 333 011a A004     		.uleb128 0x220
 334 011c 08       		.uleb128 0x8
 335 011d 49505200 		.ascii	"IPR\000"
 336 0121 02       		.byte	0x2
 337 0122 75       		.byte	0x75
 338 0123 BC010000 		.4byte	0x1bc
ARM GAS  C:\Users\z80\AppData\Local\Temp\ccndhtto.s 			page 7


 339 0127 03       		.byte	0x3
 340 0128 23       		.byte	0x23
 341 0129 8006     		.uleb128 0x300
 342 012b 07       		.uleb128 0x7
 343 012c 9D000000 		.4byte	.LASF19
 344 0130 02       		.byte	0x2
 345 0131 76       		.byte	0x76
 346 0132 D2010000 		.4byte	0x1d2
 347 0136 03       		.byte	0x3
 348 0137 23       		.byte	0x23
 349 0138 F007     		.uleb128 0x3f0
 350 013a 07       		.uleb128 0x7
 351 013b E6000000 		.4byte	.LASF20
 352 013f 02       		.byte	0x2
 353 0140 77       		.byte	0x77
 354 0141 7A000000 		.4byte	0x7a
 355 0145 03       		.byte	0x3
 356 0146 23       		.byte	0x23
 357 0147 801C     		.uleb128 0xe00
 358 0149 00       		.byte	0
 359 014a 09       		.uleb128 0x9
 360 014b 65000000 		.4byte	0x65
 361 014f 5A010000 		.4byte	0x15a
 362 0153 0A       		.uleb128 0xa
 363 0154 30000000 		.4byte	0x30
 364 0158 07       		.byte	0x7
 365 0159 00       		.byte	0
 366 015a 05       		.uleb128 0x5
 367 015b 4A010000 		.4byte	0x14a
 368 015f 09       		.uleb128 0x9
 369 0160 65000000 		.4byte	0x65
 370 0164 6F010000 		.4byte	0x16f
 371 0168 0A       		.uleb128 0xa
 372 0169 30000000 		.4byte	0x30
 373 016d 17       		.byte	0x17
 374 016e 00       		.byte	0
 375 016f 05       		.uleb128 0x5
 376 0170 5F010000 		.4byte	0x15f
 377 0174 05       		.uleb128 0x5
 378 0175 4A010000 		.4byte	0x14a
 379 0179 05       		.uleb128 0x5
 380 017a 5F010000 		.4byte	0x15f
 381 017e 05       		.uleb128 0x5
 382 017f 4A010000 		.4byte	0x14a
 383 0183 05       		.uleb128 0x5
 384 0184 5F010000 		.4byte	0x15f
 385 0188 05       		.uleb128 0x5
 386 0189 4A010000 		.4byte	0x14a
 387 018d 05       		.uleb128 0x5
 388 018e 5F010000 		.4byte	0x15f
 389 0192 05       		.uleb128 0x5
 390 0193 4A010000 		.4byte	0x14a
 391 0197 09       		.uleb128 0x9
 392 0198 65000000 		.4byte	0x65
 393 019c A7010000 		.4byte	0x1a7
 394 01a0 0A       		.uleb128 0xa
 395 01a1 30000000 		.4byte	0x30
ARM GAS  C:\Users\z80\AppData\Local\Temp\ccndhtto.s 			page 8


 396 01a5 37       		.byte	0x37
 397 01a6 00       		.byte	0
 398 01a7 05       		.uleb128 0x5
 399 01a8 97010000 		.4byte	0x197
 400 01ac 09       		.uleb128 0x9
 401 01ad 65000000 		.4byte	0x65
 402 01b1 BC010000 		.4byte	0x1bc
 403 01b5 0A       		.uleb128 0xa
 404 01b6 30000000 		.4byte	0x30
 405 01ba 3B       		.byte	0x3b
 406 01bb 00       		.byte	0
 407 01bc 05       		.uleb128 0x5
 408 01bd AC010000 		.4byte	0x1ac
 409 01c1 09       		.uleb128 0x9
 410 01c2 65000000 		.4byte	0x65
 411 01c6 D2010000 		.4byte	0x1d2
 412 01ca 0B       		.uleb128 0xb
 413 01cb 30000000 		.4byte	0x30
 414 01cf 8302     		.2byte	0x283
 415 01d1 00       		.byte	0
 416 01d2 05       		.uleb128 0x5
 417 01d3 C1010000 		.4byte	0x1c1
 418 01d7 04       		.uleb128 0x4
 419 01d8 27000000 		.4byte	.LASF22
 420 01dc 02       		.byte	0x2
 421 01dd 78       		.byte	0x78
 422 01de 7F000000 		.4byte	0x7f
 423 01e2 0C       		.uleb128 0xc
 424 01e3 8C       		.byte	0x8c
 425 01e4 02       		.byte	0x2
 426 01e5 89       		.byte	0x89
 427 01e6 12030000 		.4byte	0x312
 428 01ea 07       		.uleb128 0x7
 429 01eb 51010000 		.4byte	.LASF23
 430 01ef 02       		.byte	0x2
 431 01f0 8A       		.byte	0x8a
 432 01f1 7A000000 		.4byte	0x7a
 433 01f5 02       		.byte	0x2
 434 01f6 23       		.byte	0x23
 435 01f7 00       		.uleb128 0
 436 01f8 07       		.uleb128 0x7
 437 01f9 23010000 		.4byte	.LASF24
 438 01fd 02       		.byte	0x2
 439 01fe 8B       		.byte	0x8b
 440 01ff 7A000000 		.4byte	0x7a
 441 0203 02       		.byte	0x2
 442 0204 23       		.byte	0x23
 443 0205 04       		.uleb128 0x4
 444 0206 07       		.uleb128 0x7
 445 0207 30000000 		.4byte	.LASF25
 446 020b 02       		.byte	0x2
 447 020c 8C       		.byte	0x8c
 448 020d 7A000000 		.4byte	0x7a
 449 0211 02       		.byte	0x2
 450 0212 23       		.byte	0x23
 451 0213 08       		.uleb128 0x8
 452 0214 07       		.uleb128 0x7
ARM GAS  C:\Users\z80\AppData\Local\Temp\ccndhtto.s 			page 9


 453 0215 30010000 		.4byte	.LASF26
 454 0219 02       		.byte	0x2
 455 021a 8D       		.byte	0x8d
 456 021b 7A000000 		.4byte	0x7a
 457 021f 02       		.byte	0x2
 458 0220 23       		.byte	0x23
 459 0221 0C       		.uleb128 0xc
 460 0222 08       		.uleb128 0x8
 461 0223 53435200 		.ascii	"SCR\000"
 462 0227 02       		.byte	0x2
 463 0228 8E       		.byte	0x8e
 464 0229 7A000000 		.4byte	0x7a
 465 022d 02       		.byte	0x2
 466 022e 23       		.byte	0x23
 467 022f 10       		.uleb128 0x10
 468 0230 08       		.uleb128 0x8
 469 0231 43435200 		.ascii	"CCR\000"
 470 0235 02       		.byte	0x2
 471 0236 8F       		.byte	0x8f
 472 0237 7A000000 		.4byte	0x7a
 473 023b 02       		.byte	0x2
 474 023c 23       		.byte	0x23
 475 023d 14       		.uleb128 0x14
 476 023e 07       		.uleb128 0x7
 477 023f AD010000 		.4byte	.LASF27
 478 0243 02       		.byte	0x2
 479 0244 90       		.byte	0x90
 480 0245 22030000 		.4byte	0x322
 481 0249 02       		.byte	0x2
 482 024a 23       		.byte	0x23
 483 024b 18       		.uleb128 0x18
 484 024c 07       		.uleb128 0x7
 485 024d 0F000000 		.4byte	.LASF28
 486 0251 02       		.byte	0x2
 487 0252 91       		.byte	0x91
 488 0253 7A000000 		.4byte	0x7a
 489 0257 02       		.byte	0x2
 490 0258 23       		.byte	0x23
 491 0259 24       		.uleb128 0x24
 492 025a 07       		.uleb128 0x7
 493 025b B8000000 		.4byte	.LASF29
 494 025f 02       		.byte	0x2
 495 0260 92       		.byte	0x92
 496 0261 7A000000 		.4byte	0x7a
 497 0265 02       		.byte	0x2
 498 0266 23       		.byte	0x23
 499 0267 28       		.uleb128 0x28
 500 0268 07       		.uleb128 0x7
 501 0269 C9000000 		.4byte	.LASF30
 502 026d 02       		.byte	0x2
 503 026e 93       		.byte	0x93
 504 026f 7A000000 		.4byte	0x7a
 505 0273 02       		.byte	0x2
 506 0274 23       		.byte	0x23
 507 0275 2C       		.uleb128 0x2c
 508 0276 07       		.uleb128 0x7
 509 0277 07010000 		.4byte	.LASF31
ARM GAS  C:\Users\z80\AppData\Local\Temp\ccndhtto.s 			page 10


 510 027b 02       		.byte	0x2
 511 027c 94       		.byte	0x94
 512 027d 7A000000 		.4byte	0x7a
 513 0281 02       		.byte	0x2
 514 0282 23       		.byte	0x23
 515 0283 30       		.uleb128 0x30
 516 0284 07       		.uleb128 0x7
 517 0285 95010000 		.4byte	.LASF32
 518 0289 02       		.byte	0x2
 519 028a 95       		.byte	0x95
 520 028b 7A000000 		.4byte	0x7a
 521 028f 02       		.byte	0x2
 522 0290 23       		.byte	0x23
 523 0291 34       		.uleb128 0x34
 524 0292 07       		.uleb128 0x7
 525 0293 36010000 		.4byte	.LASF33
 526 0297 02       		.byte	0x2
 527 0298 96       		.byte	0x96
 528 0299 7A000000 		.4byte	0x7a
 529 029d 02       		.byte	0x2
 530 029e 23       		.byte	0x23
 531 029f 38       		.uleb128 0x38
 532 02a0 07       		.uleb128 0x7
 533 02a1 61010000 		.4byte	.LASF34
 534 02a5 02       		.byte	0x2
 535 02a6 97       		.byte	0x97
 536 02a7 7A000000 		.4byte	0x7a
 537 02ab 02       		.byte	0x2
 538 02ac 23       		.byte	0x23
 539 02ad 3C       		.uleb128 0x3c
 540 02ae 08       		.uleb128 0x8
 541 02af 50465200 		.ascii	"PFR\000"
 542 02b3 02       		.byte	0x2
 543 02b4 98       		.byte	0x98
 544 02b5 37030000 		.4byte	0x337
 545 02b9 02       		.byte	0x2
 546 02ba 23       		.byte	0x23
 547 02bb 40       		.uleb128 0x40
 548 02bc 08       		.uleb128 0x8
 549 02bd 44465200 		.ascii	"DFR\000"
 550 02c1 02       		.byte	0x2
 551 02c2 99       		.byte	0x99
 552 02c3 7A000000 		.4byte	0x7a
 553 02c7 02       		.byte	0x2
 554 02c8 23       		.byte	0x23
 555 02c9 48       		.uleb128 0x48
 556 02ca 08       		.uleb128 0x8
 557 02cb 41445200 		.ascii	"ADR\000"
 558 02cf 02       		.byte	0x2
 559 02d0 9A       		.byte	0x9a
 560 02d1 7A000000 		.4byte	0x7a
 561 02d5 02       		.byte	0x2
 562 02d6 23       		.byte	0x23
 563 02d7 4C       		.uleb128 0x4c
 564 02d8 07       		.uleb128 0x7
 565 02d9 0A000000 		.4byte	.LASF35
 566 02dd 02       		.byte	0x2
ARM GAS  C:\Users\z80\AppData\Local\Temp\ccndhtto.s 			page 11


 567 02de 9B       		.byte	0x9b
 568 02df 4C030000 		.4byte	0x34c
 569 02e3 02       		.byte	0x2
 570 02e4 23       		.byte	0x23
 571 02e5 50       		.uleb128 0x50
 572 02e6 08       		.uleb128 0x8
 573 02e7 53415200 		.ascii	"SAR\000"
 574 02eb 02       		.byte	0x2
 575 02ec 9C       		.byte	0x9c
 576 02ed 61030000 		.4byte	0x361
 577 02f1 02       		.byte	0x2
 578 02f2 23       		.byte	0x23
 579 02f3 60       		.uleb128 0x60
 580 02f4 07       		.uleb128 0x7
 581 02f5 75000000 		.4byte	.LASF10
 582 02f9 02       		.byte	0x2
 583 02fa 9D       		.byte	0x9d
 584 02fb 66030000 		.4byte	0x366
 585 02ff 02       		.byte	0x2
 586 0300 23       		.byte	0x23
 587 0301 74       		.uleb128 0x74
 588 0302 07       		.uleb128 0x7
 589 0303 E0000000 		.4byte	.LASF36
 590 0307 02       		.byte	0x2
 591 0308 9E       		.byte	0x9e
 592 0309 7A000000 		.4byte	0x7a
 593 030d 03       		.byte	0x3
 594 030e 23       		.byte	0x23
 595 030f 8801     		.uleb128 0x88
 596 0311 00       		.byte	0
 597 0312 09       		.uleb128 0x9
 598 0313 65000000 		.4byte	0x65
 599 0317 22030000 		.4byte	0x322
 600 031b 0A       		.uleb128 0xa
 601 031c 30000000 		.4byte	0x30
 602 0320 02       		.byte	0x2
 603 0321 00       		.byte	0
 604 0322 05       		.uleb128 0x5
 605 0323 12030000 		.4byte	0x312
 606 0327 09       		.uleb128 0x9
 607 0328 65000000 		.4byte	0x65
 608 032c 37030000 		.4byte	0x337
 609 0330 0A       		.uleb128 0xa
 610 0331 30000000 		.4byte	0x30
 611 0335 01       		.byte	0x1
 612 0336 00       		.byte	0
 613 0337 05       		.uleb128 0x5
 614 0338 27030000 		.4byte	0x327
 615 033c 09       		.uleb128 0x9
 616 033d 65000000 		.4byte	0x65
 617 0341 4C030000 		.4byte	0x34c
 618 0345 0A       		.uleb128 0xa
 619 0346 30000000 		.4byte	0x30
 620 034a 03       		.byte	0x3
 621 034b 00       		.byte	0
 622 034c 05       		.uleb128 0x5
 623 034d 3C030000 		.4byte	0x33c
ARM GAS  C:\Users\z80\AppData\Local\Temp\ccndhtto.s 			page 12


 624 0351 09       		.uleb128 0x9
 625 0352 65000000 		.4byte	0x65
 626 0356 61030000 		.4byte	0x361
 627 035a 0A       		.uleb128 0xa
 628 035b 30000000 		.4byte	0x30
 629 035f 04       		.byte	0x4
 630 0360 00       		.byte	0
 631 0361 05       		.uleb128 0x5
 632 0362 51030000 		.4byte	0x351
 633 0366 05       		.uleb128 0x5
 634 0367 51030000 		.4byte	0x351
 635 036b 04       		.uleb128 0x4
 636 036c 28010000 		.4byte	.LASF37
 637 0370 02       		.byte	0x2
 638 0371 9F       		.byte	0x9f
 639 0372 E2010000 		.4byte	0x1e2
 640 0376 03       		.uleb128 0x3
 641 0377 01       		.byte	0x1
 642 0378 08       		.byte	0x8
 643 0379 57010000 		.4byte	.LASF38
 644 037d 0D       		.uleb128 0xd
 645 037e 01       		.byte	0x1
 646 037f E0010000 		.4byte	.LASF40
 647 0383 01       		.byte	0x1
 648 0384 2E       		.byte	0x2e
 649 0385 01       		.byte	0x1
 650 0386 00000000 		.4byte	.LFB7
 651 038a 4A000000 		.4byte	.LFE7
 652 038e 00000000 		.4byte	.LLST0
 653 0392 C1030000 		.4byte	0x3c1
 654 0396 0E       		.uleb128 0xe
 655 0397 6E00     		.ascii	"n\000"
 656 0399 01       		.byte	0x1
 657 039a 2E       		.byte	0x2e
 658 039b 5A000000 		.4byte	0x5a
 659 039f 20000000 		.4byte	.LLST1
 660 03a3 0F       		.uleb128 0xf
 661 03a4 00000000 		.4byte	.LASF39
 662 03a8 01       		.byte	0x1
 663 03a9 2E       		.byte	0x2e
 664 03aa 5A000000 		.4byte	0x5a
 665 03ae 33000000 		.4byte	.LLST2
 666 03b2 10       		.uleb128 0x10
 667 03b3 736800   		.ascii	"sh\000"
 668 03b6 01       		.byte	0x1
 669 03b7 2F       		.byte	0x2f
 670 03b8 30000000 		.4byte	0x30
 671 03bc 46000000 		.4byte	.LLST3
 672 03c0 00       		.byte	0
 673 03c1 0D       		.uleb128 0xd
 674 03c2 01       		.byte	0x1
 675 03c3 15000000 		.4byte	.LASF41
 676 03c7 01       		.byte	0x1
 677 03c8 3C       		.byte	0x3c
 678 03c9 01       		.byte	0x1
 679 03ca 00000000 		.4byte	.LFB8
 680 03ce 3C000000 		.4byte	.LFE8
ARM GAS  C:\Users\z80\AppData\Local\Temp\ccndhtto.s 			page 13


 681 03d2 5F000000 		.4byte	.LLST4
 682 03d6 F6030000 		.4byte	0x3f6
 683 03da 0E       		.uleb128 0xe
 684 03db 6E00     		.ascii	"n\000"
 685 03dd 01       		.byte	0x1
 686 03de 3C       		.byte	0x3c
 687 03df 5A000000 		.4byte	0x5a
 688 03e3 7F000000 		.4byte	.LLST5
 689 03e7 10       		.uleb128 0x10
 690 03e8 736800   		.ascii	"sh\000"
 691 03eb 01       		.byte	0x1
 692 03ec 3D       		.byte	0x3d
 693 03ed 30000000 		.4byte	0x30
 694 03f1 92000000 		.4byte	.LLST6
 695 03f5 00       		.byte	0
 696 03f6 11       		.uleb128 0x11
 697 03f7 01       		.byte	0x1
 698 03f8 BE010000 		.4byte	.LASF46
 699 03fc 01       		.byte	0x1
 700 03fd 4A       		.byte	0x4a
 701 03fe 01       		.byte	0x1
 702 03ff 00000000 		.4byte	.LFB9
 703 0403 32000000 		.4byte	.LFE9
 704 0407 B6000000 		.4byte	.LLST7
 705 040b 0F       		.uleb128 0xf
 706 040c 3B010000 		.4byte	.LASF42
 707 0410 01       		.byte	0x1
 708 0411 4A       		.byte	0x4a
 709 0412 5A000000 		.4byte	0x5a
 710 0416 D6000000 		.4byte	.LLST8
 711 041a 0F       		.uleb128 0xf
 712 041b 00000000 		.4byte	.LASF39
 713 041f 01       		.byte	0x1
 714 0420 4A       		.byte	0x4a
 715 0421 5A000000 		.4byte	0x5a
 716 0425 E9000000 		.4byte	.LLST9
 717 0429 10       		.uleb128 0x10
 718 042a 736800   		.ascii	"sh\000"
 719 042d 01       		.byte	0x1
 720 042e 4B       		.byte	0x4b
 721 042f 30000000 		.4byte	0x30
 722 0433 FC000000 		.4byte	.LLST10
 723 0437 00       		.byte	0
 724 0438 00       		.byte	0
 725              		.section	.debug_abbrev,"",%progbits
 726              	.Ldebug_abbrev0:
 727 0000 01       		.uleb128 0x1
 728 0001 11       		.uleb128 0x11
 729 0002 01       		.byte	0x1
 730 0003 25       		.uleb128 0x25
 731 0004 0E       		.uleb128 0xe
 732 0005 13       		.uleb128 0x13
 733 0006 0B       		.uleb128 0xb
 734 0007 03       		.uleb128 0x3
 735 0008 0E       		.uleb128 0xe
 736 0009 1B       		.uleb128 0x1b
 737 000a 0E       		.uleb128 0xe
ARM GAS  C:\Users\z80\AppData\Local\Temp\ccndhtto.s 			page 14


 738 000b 11       		.uleb128 0x11
 739 000c 01       		.uleb128 0x1
 740 000d 52       		.uleb128 0x52
 741 000e 01       		.uleb128 0x1
 742 000f 55       		.uleb128 0x55
 743 0010 06       		.uleb128 0x6
 744 0011 10       		.uleb128 0x10
 745 0012 06       		.uleb128 0x6
 746 0013 00       		.byte	0
 747 0014 00       		.byte	0
 748 0015 02       		.uleb128 0x2
 749 0016 24       		.uleb128 0x24
 750 0017 00       		.byte	0
 751 0018 0B       		.uleb128 0xb
 752 0019 0B       		.uleb128 0xb
 753 001a 3E       		.uleb128 0x3e
 754 001b 0B       		.uleb128 0xb
 755 001c 03       		.uleb128 0x3
 756 001d 08       		.uleb128 0x8
 757 001e 00       		.byte	0
 758 001f 00       		.byte	0
 759 0020 03       		.uleb128 0x3
 760 0021 24       		.uleb128 0x24
 761 0022 00       		.byte	0
 762 0023 0B       		.uleb128 0xb
 763 0024 0B       		.uleb128 0xb
 764 0025 3E       		.uleb128 0x3e
 765 0026 0B       		.uleb128 0xb
 766 0027 03       		.uleb128 0x3
 767 0028 0E       		.uleb128 0xe
 768 0029 00       		.byte	0
 769 002a 00       		.byte	0
 770 002b 04       		.uleb128 0x4
 771 002c 16       		.uleb128 0x16
 772 002d 00       		.byte	0
 773 002e 03       		.uleb128 0x3
 774 002f 0E       		.uleb128 0xe
 775 0030 3A       		.uleb128 0x3a
 776 0031 0B       		.uleb128 0xb
 777 0032 3B       		.uleb128 0x3b
 778 0033 0B       		.uleb128 0xb
 779 0034 49       		.uleb128 0x49
 780 0035 13       		.uleb128 0x13
 781 0036 00       		.byte	0
 782 0037 00       		.byte	0
 783 0038 05       		.uleb128 0x5
 784 0039 35       		.uleb128 0x35
 785 003a 00       		.byte	0
 786 003b 49       		.uleb128 0x49
 787 003c 13       		.uleb128 0x13
 788 003d 00       		.byte	0
 789 003e 00       		.byte	0
 790 003f 06       		.uleb128 0x6
 791 0040 13       		.uleb128 0x13
 792 0041 01       		.byte	0x1
 793 0042 0B       		.uleb128 0xb
 794 0043 05       		.uleb128 0x5
ARM GAS  C:\Users\z80\AppData\Local\Temp\ccndhtto.s 			page 15


 795 0044 3A       		.uleb128 0x3a
 796 0045 0B       		.uleb128 0xb
 797 0046 3B       		.uleb128 0x3b
 798 0047 0B       		.uleb128 0xb
 799 0048 01       		.uleb128 0x1
 800 0049 13       		.uleb128 0x13
 801 004a 00       		.byte	0
 802 004b 00       		.byte	0
 803 004c 07       		.uleb128 0x7
 804 004d 0D       		.uleb128 0xd
 805 004e 00       		.byte	0
 806 004f 03       		.uleb128 0x3
 807 0050 0E       		.uleb128 0xe
 808 0051 3A       		.uleb128 0x3a
 809 0052 0B       		.uleb128 0xb
 810 0053 3B       		.uleb128 0x3b
 811 0054 0B       		.uleb128 0xb
 812 0055 49       		.uleb128 0x49
 813 0056 13       		.uleb128 0x13
 814 0057 38       		.uleb128 0x38
 815 0058 0A       		.uleb128 0xa
 816 0059 00       		.byte	0
 817 005a 00       		.byte	0
 818 005b 08       		.uleb128 0x8
 819 005c 0D       		.uleb128 0xd
 820 005d 00       		.byte	0
 821 005e 03       		.uleb128 0x3
 822 005f 08       		.uleb128 0x8
 823 0060 3A       		.uleb128 0x3a
 824 0061 0B       		.uleb128 0xb
 825 0062 3B       		.uleb128 0x3b
 826 0063 0B       		.uleb128 0xb
 827 0064 49       		.uleb128 0x49
 828 0065 13       		.uleb128 0x13
 829 0066 38       		.uleb128 0x38
 830 0067 0A       		.uleb128 0xa
 831 0068 00       		.byte	0
 832 0069 00       		.byte	0
 833 006a 09       		.uleb128 0x9
 834 006b 01       		.uleb128 0x1
 835 006c 01       		.byte	0x1
 836 006d 49       		.uleb128 0x49
 837 006e 13       		.uleb128 0x13
 838 006f 01       		.uleb128 0x1
 839 0070 13       		.uleb128 0x13
 840 0071 00       		.byte	0
 841 0072 00       		.byte	0
 842 0073 0A       		.uleb128 0xa
 843 0074 21       		.uleb128 0x21
 844 0075 00       		.byte	0
 845 0076 49       		.uleb128 0x49
 846 0077 13       		.uleb128 0x13
 847 0078 2F       		.uleb128 0x2f
 848 0079 0B       		.uleb128 0xb
 849 007a 00       		.byte	0
 850 007b 00       		.byte	0
 851 007c 0B       		.uleb128 0xb
ARM GAS  C:\Users\z80\AppData\Local\Temp\ccndhtto.s 			page 16


 852 007d 21       		.uleb128 0x21
 853 007e 00       		.byte	0
 854 007f 49       		.uleb128 0x49
 855 0080 13       		.uleb128 0x13
 856 0081 2F       		.uleb128 0x2f
 857 0082 05       		.uleb128 0x5
 858 0083 00       		.byte	0
 859 0084 00       		.byte	0
 860 0085 0C       		.uleb128 0xc
 861 0086 13       		.uleb128 0x13
 862 0087 01       		.byte	0x1
 863 0088 0B       		.uleb128 0xb
 864 0089 0B       		.uleb128 0xb
 865 008a 3A       		.uleb128 0x3a
 866 008b 0B       		.uleb128 0xb
 867 008c 3B       		.uleb128 0x3b
 868 008d 0B       		.uleb128 0xb
 869 008e 01       		.uleb128 0x1
 870 008f 13       		.uleb128 0x13
 871 0090 00       		.byte	0
 872 0091 00       		.byte	0
 873 0092 0D       		.uleb128 0xd
 874 0093 2E       		.uleb128 0x2e
 875 0094 01       		.byte	0x1
 876 0095 3F       		.uleb128 0x3f
 877 0096 0C       		.uleb128 0xc
 878 0097 03       		.uleb128 0x3
 879 0098 0E       		.uleb128 0xe
 880 0099 3A       		.uleb128 0x3a
 881 009a 0B       		.uleb128 0xb
 882 009b 3B       		.uleb128 0x3b
 883 009c 0B       		.uleb128 0xb
 884 009d 27       		.uleb128 0x27
 885 009e 0C       		.uleb128 0xc
 886 009f 11       		.uleb128 0x11
 887 00a0 01       		.uleb128 0x1
 888 00a1 12       		.uleb128 0x12
 889 00a2 01       		.uleb128 0x1
 890 00a3 40       		.uleb128 0x40
 891 00a4 06       		.uleb128 0x6
 892 00a5 01       		.uleb128 0x1
 893 00a6 13       		.uleb128 0x13
 894 00a7 00       		.byte	0
 895 00a8 00       		.byte	0
 896 00a9 0E       		.uleb128 0xe
 897 00aa 05       		.uleb128 0x5
 898 00ab 00       		.byte	0
 899 00ac 03       		.uleb128 0x3
 900 00ad 08       		.uleb128 0x8
 901 00ae 3A       		.uleb128 0x3a
 902 00af 0B       		.uleb128 0xb
 903 00b0 3B       		.uleb128 0x3b
 904 00b1 0B       		.uleb128 0xb
 905 00b2 49       		.uleb128 0x49
 906 00b3 13       		.uleb128 0x13
 907 00b4 02       		.uleb128 0x2
 908 00b5 06       		.uleb128 0x6
ARM GAS  C:\Users\z80\AppData\Local\Temp\ccndhtto.s 			page 17


 909 00b6 00       		.byte	0
 910 00b7 00       		.byte	0
 911 00b8 0F       		.uleb128 0xf
 912 00b9 05       		.uleb128 0x5
 913 00ba 00       		.byte	0
 914 00bb 03       		.uleb128 0x3
 915 00bc 0E       		.uleb128 0xe
 916 00bd 3A       		.uleb128 0x3a
 917 00be 0B       		.uleb128 0xb
 918 00bf 3B       		.uleb128 0x3b
 919 00c0 0B       		.uleb128 0xb
 920 00c1 49       		.uleb128 0x49
 921 00c2 13       		.uleb128 0x13
 922 00c3 02       		.uleb128 0x2
 923 00c4 06       		.uleb128 0x6
 924 00c5 00       		.byte	0
 925 00c6 00       		.byte	0
 926 00c7 10       		.uleb128 0x10
 927 00c8 34       		.uleb128 0x34
 928 00c9 00       		.byte	0
 929 00ca 03       		.uleb128 0x3
 930 00cb 08       		.uleb128 0x8
 931 00cc 3A       		.uleb128 0x3a
 932 00cd 0B       		.uleb128 0xb
 933 00ce 3B       		.uleb128 0x3b
 934 00cf 0B       		.uleb128 0xb
 935 00d0 49       		.uleb128 0x49
 936 00d1 13       		.uleb128 0x13
 937 00d2 02       		.uleb128 0x2
 938 00d3 06       		.uleb128 0x6
 939 00d4 00       		.byte	0
 940 00d5 00       		.byte	0
 941 00d6 11       		.uleb128 0x11
 942 00d7 2E       		.uleb128 0x2e
 943 00d8 01       		.byte	0x1
 944 00d9 3F       		.uleb128 0x3f
 945 00da 0C       		.uleb128 0xc
 946 00db 03       		.uleb128 0x3
 947 00dc 0E       		.uleb128 0xe
 948 00dd 3A       		.uleb128 0x3a
 949 00de 0B       		.uleb128 0xb
 950 00df 3B       		.uleb128 0x3b
 951 00e0 0B       		.uleb128 0xb
 952 00e1 27       		.uleb128 0x27
 953 00e2 0C       		.uleb128 0xc
 954 00e3 11       		.uleb128 0x11
 955 00e4 01       		.uleb128 0x1
 956 00e5 12       		.uleb128 0x12
 957 00e6 01       		.uleb128 0x1
 958 00e7 40       		.uleb128 0x40
 959 00e8 06       		.uleb128 0x6
 960 00e9 00       		.byte	0
 961 00ea 00       		.byte	0
 962 00eb 00       		.byte	0
 963              		.section	.debug_loc,"",%progbits
 964              	.Ldebug_loc0:
 965              	.LLST0:
ARM GAS  C:\Users\z80\AppData\Local\Temp\ccndhtto.s 			page 18


 966 0000 00000000 		.4byte	.LFB7
 967 0004 06000000 		.4byte	.LCFI0
 968 0008 0200     		.2byte	0x2
 969 000a 7D       		.byte	0x7d
 970 000b 00       		.sleb128 0
 971 000c 06000000 		.4byte	.LCFI0
 972 0010 4A000000 		.4byte	.LFE7
 973 0014 0200     		.2byte	0x2
 974 0016 7D       		.byte	0x7d
 975 0017 10       		.sleb128 16
 976 0018 00000000 		.4byte	0
 977 001c 00000000 		.4byte	0
 978              	.LLST1:
 979 0020 00000000 		.4byte	.LVL0
 980 0024 2E000000 		.4byte	.LVL2
 981 0028 0100     		.2byte	0x1
 982 002a 50       		.byte	0x50
 983 002b 00000000 		.4byte	0
 984 002f 00000000 		.4byte	0
 985              	.LLST2:
 986 0033 00000000 		.4byte	.LVL0
 987 0037 16000000 		.4byte	.LVL1
 988 003b 0100     		.2byte	0x1
 989 003d 51       		.byte	0x51
 990 003e 00000000 		.4byte	0
 991 0042 00000000 		.4byte	0
 992              	.LLST3:
 993 0046 00000000 		.4byte	.LVL0
 994 004a 2E000000 		.4byte	.LVL2
 995 004e 0700     		.2byte	0x7
 996 0050 70       		.byte	0x70
 997 0051 00       		.sleb128 0
 998 0052 33       		.byte	0x33
 999 0053 1A       		.byte	0x1a
 1000 0054 33       		.byte	0x33
 1001 0055 24       		.byte	0x24
 1002 0056 9F       		.byte	0x9f
 1003 0057 00000000 		.4byte	0
 1004 005b 00000000 		.4byte	0
 1005              	.LLST4:
 1006 005f 00000000 		.4byte	.LFB8
 1007 0063 02000000 		.4byte	.LCFI1
 1008 0067 0200     		.2byte	0x2
 1009 0069 7D       		.byte	0x7d
 1010 006a 00       		.sleb128 0
 1011 006b 02000000 		.4byte	.LCFI1
 1012 006f 3C000000 		.4byte	.LFE8
 1013 0073 0200     		.2byte	0x2
 1014 0075 7D       		.byte	0x7d
 1015 0076 04       		.sleb128 4
 1016 0077 00000000 		.4byte	0
 1017 007b 00000000 		.4byte	0
 1018              	.LLST5:
 1019 007f 00000000 		.4byte	.LVL3
 1020 0083 26000000 		.4byte	.LVL4
 1021 0087 0100     		.2byte	0x1
 1022 0089 50       		.byte	0x50
ARM GAS  C:\Users\z80\AppData\Local\Temp\ccndhtto.s 			page 19


 1023 008a 00000000 		.4byte	0
 1024 008e 00000000 		.4byte	0
 1025              	.LLST6:
 1026 0092 00000000 		.4byte	.LVL3
 1027 0096 26000000 		.4byte	.LVL4
 1028 009a 0700     		.2byte	0x7
 1029 009c 70       		.byte	0x70
 1030 009d 00       		.sleb128 0
 1031 009e 33       		.byte	0x33
 1032 009f 1A       		.byte	0x1a
 1033 00a0 33       		.byte	0x33
 1034 00a1 24       		.byte	0x24
 1035 00a2 9F       		.byte	0x9f
 1036 00a3 26000000 		.4byte	.LVL4
 1037 00a7 30000000 		.4byte	.LVL5
 1038 00ab 0100     		.2byte	0x1
 1039 00ad 51       		.byte	0x51
 1040 00ae 00000000 		.4byte	0
 1041 00b2 00000000 		.4byte	0
 1042              	.LLST7:
 1043 00b6 00000000 		.4byte	.LFB9
 1044 00ba 06000000 		.4byte	.LCFI2
 1045 00be 0200     		.2byte	0x2
 1046 00c0 7D       		.byte	0x7d
 1047 00c1 00       		.sleb128 0
 1048 00c2 06000000 		.4byte	.LCFI2
 1049 00c6 32000000 		.4byte	.LFE9
 1050 00ca 0200     		.2byte	0x2
 1051 00cc 7D       		.byte	0x7d
 1052 00cd 04       		.sleb128 4
 1053 00ce 00000000 		.4byte	0
 1054 00d2 00000000 		.4byte	0
 1055              	.LLST8:
 1056 00d6 00000000 		.4byte	.LVL6
 1057 00da 14000000 		.4byte	.LVL8
 1058 00de 0100     		.2byte	0x1
 1059 00e0 50       		.byte	0x50
 1060 00e1 00000000 		.4byte	0
 1061 00e5 00000000 		.4byte	0
 1062              	.LLST9:
 1063 00e9 00000000 		.4byte	.LVL6
 1064 00ed 12000000 		.4byte	.LVL7
 1065 00f1 0100     		.2byte	0x1
 1066 00f3 51       		.byte	0x51
 1067 00f4 00000000 		.4byte	0
 1068 00f8 00000000 		.4byte	0
 1069              	.LLST10:
 1070 00fc 00000000 		.4byte	.LVL6
 1071 0100 14000000 		.4byte	.LVL8
 1072 0104 0700     		.2byte	0x7
 1073 0106 70       		.byte	0x70
 1074 0107 00       		.sleb128 0
 1075 0108 33       		.byte	0x33
 1076 0109 1A       		.byte	0x1a
 1077 010a 33       		.byte	0x33
 1078 010b 24       		.byte	0x24
 1079 010c 9F       		.byte	0x9f
ARM GAS  C:\Users\z80\AppData\Local\Temp\ccndhtto.s 			page 20


 1080 010d 00000000 		.4byte	0
 1081 0111 00000000 		.4byte	0
 1082              		.section	.debug_aranges,"",%progbits
 1083 0000 2C000000 		.4byte	0x2c
 1084 0004 0200     		.2byte	0x2
 1085 0006 00000000 		.4byte	.Ldebug_info0
 1086 000a 04       		.byte	0x4
 1087 000b 00       		.byte	0
 1088 000c 0000     		.2byte	0
 1089 000e 0000     		.2byte	0
 1090 0010 00000000 		.4byte	.LFB7
 1091 0014 4A000000 		.4byte	.LFE7-.LFB7
 1092 0018 00000000 		.4byte	.LFB8
 1093 001c 3C000000 		.4byte	.LFE8-.LFB8
 1094 0020 00000000 		.4byte	.LFB9
 1095 0024 32000000 		.4byte	.LFE9-.LFB9
 1096 0028 00000000 		.4byte	0
 1097 002c 00000000 		.4byte	0
 1098              		.section	.debug_ranges,"",%progbits
 1099              	.Ldebug_ranges0:
 1100 0000 00000000 		.4byte	.LFB7
 1101 0004 4A000000 		.4byte	.LFE7
 1102 0008 00000000 		.4byte	.LFB8
 1103 000c 3C000000 		.4byte	.LFE8
 1104 0010 00000000 		.4byte	.LFB9
 1105 0014 32000000 		.4byte	.LFE9
 1106 0018 00000000 		.4byte	0
 1107 001c 00000000 		.4byte	0
 1108              		.section	.debug_line,"",%progbits
 1109              	.Ldebug_line0:
 1110 0000 19010000 		.section	.debug_str,"MS",%progbits,1
 1110      0200C400 
 1110      00000201 
 1110      FB0E0D00 
 1110      01010101 
 1111              	.LASF39:
 1112 0000 7072696F 		.ascii	"prio\000"
 1112      00
 1113              	.LASF15:
 1114 0005 49435052 		.ascii	"ICPR\000"
 1114      00
 1115              	.LASF35:
 1116 000a 4D4D4652 		.ascii	"MMFR\000"
 1116      00
 1117              	.LASF28:
 1118 000f 53484353 		.ascii	"SHCSR\000"
 1118      5200
 1119              	.LASF41:
 1120 0015 6E766963 		.ascii	"nvicDisableVector\000"
 1120      44697361 
 1120      626C6556 
 1120      6563746F 
 1120      7200
 1121              	.LASF22:
 1122 0027 434D785F 		.ascii	"CMx_NVIC\000"
 1122      4E564943 
 1122      00
ARM GAS  C:\Users\z80\AppData\Local\Temp\ccndhtto.s 			page 21


 1123              	.LASF25:
 1124 0030 56544F52 		.ascii	"VTOR\000"
 1124      00
 1125              	.LASF45:
 1126 0035 433A5C70 		.ascii	"C:\\projects\\digitizer.git\\firmware\\digitizer\000"
 1126      726F6A65 
 1126      6374735C 
 1126      64696769 
 1126      74697A65 
 1127              	.LASF11:
 1128 0062 49434552 		.ascii	"ICER\000"
 1128      00
 1129              	.LASF2:
 1130 0067 756E7369 		.ascii	"unsigned char\000"
 1130      676E6564 
 1130      20636861 
 1130      7200
 1131              	.LASF10:
 1132 0075 756E7573 		.ascii	"unused1\000"
 1132      65643100 
 1133              	.LASF12:
 1134 007d 756E7573 		.ascii	"unused2\000"
 1134      65643200 
 1135              	.LASF14:
 1136 0085 756E7573 		.ascii	"unused3\000"
 1136      65643300 
 1137              	.LASF16:
 1138 008d 756E7573 		.ascii	"unused4\000"
 1138      65643400 
 1139              	.LASF18:
 1140 0095 756E7573 		.ascii	"unused5\000"
 1140      65643500 
 1141              	.LASF19:
 1142 009d 756E7573 		.ascii	"unused6\000"
 1142      65643600 
 1143              	.LASF4:
 1144 00a5 73686F72 		.ascii	"short unsigned int\000"
 1144      7420756E 
 1144      7369676E 
 1144      65642069 
 1144      6E7400
 1145              	.LASF29:
 1146 00b8 43465352 		.ascii	"CFSR\000"
 1146      00
 1147              	.LASF43:
 1148 00bd 474E5520 		.ascii	"GNU C 4.6.3\000"
 1148      4320342E 
 1148      362E3300 
 1149              	.LASF30:
 1150 00c9 48465352 		.ascii	"HFSR\000"
 1150      00
 1151              	.LASF6:
 1152 00ce 6C6F6E67 		.ascii	"long unsigned int\000"
 1152      20756E73 
 1152      69676E65 
 1152      6420696E 
 1152      7400
ARM GAS  C:\Users\z80\AppData\Local\Temp\ccndhtto.s 			page 22


 1153              	.LASF36:
 1154 00e0 43504143 		.ascii	"CPACR\000"
 1154      5200
 1155              	.LASF20:
 1156 00e6 53544952 		.ascii	"STIR\000"
 1156      00
 1157              	.LASF3:
 1158 00eb 73686F72 		.ascii	"short int\000"
 1158      7420696E 
 1158      7400
 1159              	.LASF0:
 1160 00f5 756E7369 		.ascii	"unsigned int\000"
 1160      676E6564 
 1160      20696E74 
 1160      00
 1161              	.LASF13:
 1162 0102 49535052 		.ascii	"ISPR\000"
 1162      00
 1163              	.LASF31:
 1164 0107 44465352 		.ascii	"DFSR\000"
 1164      00
 1165              	.LASF8:
 1166 010c 6C6F6E67 		.ascii	"long long unsigned int\000"
 1166      206C6F6E 
 1166      6720756E 
 1166      7369676E 
 1166      65642069 
 1167              	.LASF24:
 1168 0123 49435352 		.ascii	"ICSR\000"
 1168      00
 1169              	.LASF37:
 1170 0128 434D785F 		.ascii	"CMx_SCB\000"
 1170      53434200 
 1171              	.LASF26:
 1172 0130 41495243 		.ascii	"AIRCR\000"
 1172      5200
 1173              	.LASF33:
 1174 0136 42464152 		.ascii	"BFAR\000"
 1174      00
 1175              	.LASF42:
 1176 013b 68616E64 		.ascii	"handler\000"
 1176      6C657200 
 1177              	.LASF7:
 1178 0143 6C6F6E67 		.ascii	"long long int\000"
 1178      206C6F6E 
 1178      6720696E 
 1178      7400
 1179              	.LASF23:
 1180 0151 43505549 		.ascii	"CPUID\000"
 1180      4400
 1181              	.LASF38:
 1182 0157 63686172 		.ascii	"char\000"
 1182      00
 1183              	.LASF9:
 1184 015c 49534552 		.ascii	"ISER\000"
 1184      00
 1185              	.LASF34:
ARM GAS  C:\Users\z80\AppData\Local\Temp\ccndhtto.s 			page 23


 1186 0161 41465352 		.ascii	"AFSR\000"
 1186      00
 1187              	.LASF44:
 1188 0166 2E2E2F63 		.ascii	"../chibios_2.4.x/os/ports/common/ARMCMx/nvic.c\000"
 1188      68696269 
 1188      6F735F32 
 1188      2E342E78 
 1188      2F6F732F 
 1189              	.LASF32:
 1190 0195 4D4D4641 		.ascii	"MMFAR\000"
 1190      5200
 1191              	.LASF21:
 1192 019b 75696E74 		.ascii	"uint32_t\000"
 1192      33325F74 
 1192      00
 1193              	.LASF5:
 1194 01a4 6C6F6E67 		.ascii	"long int\000"
 1194      20696E74 
 1194      00
 1195              	.LASF27:
 1196 01ad 53485052 		.ascii	"SHPR\000"
 1196      00
 1197              	.LASF1:
 1198 01b2 7369676E 		.ascii	"signed char\000"
 1198      65642063 
 1198      68617200 
 1199              	.LASF46:
 1200 01be 6E766963 		.ascii	"nvicSetSystemHandlerPriority\000"
 1200      53657453 
 1200      79737465 
 1200      6D48616E 
 1200      646C6572 
 1201              	.LASF17:
 1202 01db 49414252 		.ascii	"IABR\000"
 1202      00
 1203              	.LASF40:
 1204 01e0 6E766963 		.ascii	"nvicEnableVector\000"
 1204      456E6162 
 1204      6C655665 
 1204      63746F72 
 1204      00
 1205              		.ident	"GCC: (Sourcery CodeBench Lite 2012.03-56) 4.6.3"
ARM GAS  C:\Users\z80\AppData\Local\Temp\ccndhtto.s 			page 24


DEFINED SYMBOLS
                            *ABS*:00000000 nvic.c
C:\Users\z80\AppData\Local\Temp\ccndhtto.s:19     .text.nvicEnableVector:00000000 $t
C:\Users\z80\AppData\Local\Temp\ccndhtto.s:25     .text.nvicEnableVector:00000000 nvicEnableVector
C:\Users\z80\AppData\Local\Temp\ccndhtto.s:85     .text.nvicDisableVector:00000000 $t
C:\Users\z80\AppData\Local\Temp\ccndhtto.s:91     .text.nvicDisableVector:00000000 nvicDisableVector
C:\Users\z80\AppData\Local\Temp\ccndhtto.s:136    .text.nvicSetSystemHandlerPriority:00000000 $t
C:\Users\z80\AppData\Local\Temp\ccndhtto.s:142    .text.nvicSetSystemHandlerPriority:00000000 nvicSetSystemHandlerPriority
                     .debug_frame:00000010 $d

NO UNDEFINED SYMBOLS
