ARM GAS  C:\Users\z80\AppData\Local\Temp\ccJymUGh.s 			page 1


   1              		.syntax unified
   2              		.cpu cortex-m3
   3              		.fpu softvfp
   4              		.eabi_attribute 20, 1
   5              		.eabi_attribute 21, 1
   6              		.eabi_attribute 23, 3
   7              		.eabi_attribute 24, 1
   8              		.eabi_attribute 25, 1
   9              		.eabi_attribute 26, 1
  10              		.eabi_attribute 30, 2
  11              		.eabi_attribute 34, 1
  12              		.eabi_attribute 18, 4
  13              		.thumb
  14              		.file	"pal_lld.c"
  15              		.text
  16              	.Ltext0:
  17              		.cfi_sections	.debug_frame
  18              		.section	.text._pal_lld_init,"ax",%progbits
  19              		.align	2
  20              		.p2align 4,,15
  21              		.global	_pal_lld_init
  22              		.thumb
  23              		.thumb_func
  24              		.type	_pal_lld_init, %function
  25              	_pal_lld_init:
  26              	.LFB62:
  27              		.file 1 "../chibios_2.4.x/os/hal/platforms/STM32/GPIOv1/pal_lld.c"
  28              		.loc 1 84 0
  29              		.cfi_startproc
  30              		@ args = 0, pretend = 0, frame = 0
  31              		@ frame_needed = 0, uses_anonymous_args = 0
  32              		@ link register save eliminated.
  33              	.LVL0:
  34              		.loc 1 89 0
  35 0000 4FF48051 		mov	r1, #4096
  36 0004 C4F20201 		movt	r1, 16386
  37              		.loc 1 84 0
  38 0008 10B4     		push	{r4}
  39              	.LCFI0:
  40              		.cfi_def_cfa_offset 4
  41              		.cfi_offset 4, -4
  42              		.loc 1 89 0
  43 000a 8C69     		ldr	r4, [r1, #24]
  44              		.loc 1 94 0
  45 000c 4FF4006C 		mov	ip, #2048
  46              		.loc 1 89 0
  47 0010 44F07D02 		orr	r2, r4, #125
  48 0014 8A61     		str	r2, [r1, #24]
  49              		.loc 1 94 0
  50 0016 0368     		ldr	r3, [r0, #0]
  51 0018 C4F2010C 		movt	ip, 16385
  52 001c CCF80C30 		str	r3, [ip, #12]
  53              		.loc 1 95 0
  54 0020 8468     		ldr	r4, [r0, #8]
  55              		.loc 1 97 0
  56 0022 4FF44063 		mov	r3, #3072
  57              		.loc 1 95 0
ARM GAS  C:\Users\z80\AppData\Local\Temp\ccJymUGh.s 			page 2


  58 0026 CCF80440 		str	r4, [ip, #4]
  59              		.loc 1 96 0
  60 002a 4168     		ldr	r1, [r0, #4]
  61              		.loc 1 97 0
  62 002c C4F20103 		movt	r3, 16385
  63              		.loc 1 96 0
  64 0030 CCF80010 		str	r1, [ip, #0]
  65              		.loc 1 97 0
  66 0034 C268     		ldr	r2, [r0, #12]
  67              		.loc 1 100 0
  68 0036 4FF48051 		mov	r1, #4096
  69              		.loc 1 97 0
  70 003a DA60     		str	r2, [r3, #12]
  71              		.loc 1 98 0
  72 003c 4469     		ldr	r4, [r0, #20]
  73              		.loc 1 100 0
  74 003e C4F20101 		movt	r1, 16385
  75              		.loc 1 98 0
  76 0042 5C60     		str	r4, [r3, #4]
  77              		.loc 1 99 0
  78 0044 0269     		ldr	r2, [r0, #16]
  79              		.loc 1 103 0
  80 0046 4FF4A05C 		mov	ip, #5120
  81              		.loc 1 99 0
  82 004a 1A60     		str	r2, [r3, #0]
  83              		.loc 1 100 0
  84 004c 8369     		ldr	r3, [r0, #24]
  85              		.loc 1 103 0
  86 004e C4F2010C 		movt	ip, 16385
  87              		.loc 1 100 0
  88 0052 CB60     		str	r3, [r1, #12]
  89              		.loc 1 101 0
  90 0054 046A     		ldr	r4, [r0, #32]
  91              		.loc 1 107 0
  92 0056 4FF4C053 		mov	r3, #6144
  93              		.loc 1 101 0
  94 005a 4C60     		str	r4, [r1, #4]
  95              		.loc 1 102 0
  96 005c C469     		ldr	r4, [r0, #28]
  97              		.loc 1 107 0
  98 005e C4F20103 		movt	r3, 16385
  99              		.loc 1 102 0
 100 0062 0C60     		str	r4, [r1, #0]
 101              		.loc 1 103 0
 102 0064 416A     		ldr	r1, [r0, #36]
 103 0066 CCF80C10 		str	r1, [ip, #12]
 104              		.loc 1 104 0
 105 006a C26A     		ldr	r2, [r0, #44]
 106 006c CCF80420 		str	r2, [ip, #4]
 107              		.loc 1 105 0
 108 0070 816A     		ldr	r1, [r0, #40]
 109 0072 CCF80010 		str	r1, [ip, #0]
 110              		.loc 1 107 0
 111 0076 026B     		ldr	r2, [r0, #48]
 112 0078 DA60     		str	r2, [r3, #12]
 113              		.loc 1 108 0
 114 007a 816B     		ldr	r1, [r0, #56]
ARM GAS  C:\Users\z80\AppData\Local\Temp\ccJymUGh.s 			page 3


 115 007c 5960     		str	r1, [r3, #4]
 116              		.loc 1 109 0
 117 007e 426B     		ldr	r2, [r0, #52]
 118 0080 1A60     		str	r2, [r3, #0]
 119              		.loc 1 121 0
 120 0082 10BC     		pop	{r4}
 121 0084 7047     		bx	lr
 122              		.cfi_endproc
 123              	.LFE62:
 124              		.size	_pal_lld_init, .-_pal_lld_init
 125 0086 00BFAFF3 		.section	.text._pal_lld_setgroupmode,"ax",%progbits
 125      0080AFF3 
 125      0080
 126              		.align	2
 127              		.p2align 4,,15
 128              		.global	_pal_lld_setgroupmode
 129              		.thumb
 130              		.thumb_func
 131              		.type	_pal_lld_setgroupmode, %function
 132              	_pal_lld_setgroupmode:
 133              	.LFB63:
 134              		.loc 1 140 0
 135              		.cfi_startproc
 136              		@ args = 0, pretend = 0, frame = 0
 137              		@ frame_needed = 0, uses_anonymous_args = 0
 138              		@ link register save eliminated.
 139              	.LVL1:
 140              		.loc 1 164 0
 141 0000 032A     		cmp	r2, #3
 142              		.loc 1 140 0
 143 0002 F0B4     		push	{r4, r5, r6, r7}
 144              	.LCFI1:
 145              		.cfi_def_cfa_offset 16
 146              		.cfi_offset 7, -4
 147              		.cfi_offset 6, -8
 148              		.cfi_offset 5, -12
 149              		.cfi_offset 4, -16
 150              		.loc 1 165 0
 151 0004 08BF     		it	eq
 152 0006 0161     		streq	r1, [r0, #16]
 153              		.loc 1 164 0
 154 0008 02D0     		beq	.L4
 155              		.loc 1 166 0
 156 000a 042A     		cmp	r2, #4
 157              		.loc 1 167 0
 158 000c 08BF     		it	eq
 159 000e 4161     		streq	r1, [r0, #20]
 160              	.L4:
 161              		.loc 1 168 0
 162 0010 40F20007 		movw	r7, #:lower16:.LANCHOR0
 163 0014 C0F20007 		movt	r7, #:upper16:.LANCHOR0
 164 0018 17F802C0 		ldrb	ip, [r7, r2]	@ zero_extendqisi2
 165              	.LVL2:
 166              		.loc 1 176 0
 167 001c 0F26     		movs	r6, #15
 168              		.loc 1 175 0
 169 001e 11F08007 		ands	r7, r1, #128
ARM GAS  C:\Users\z80\AppData\Local\Temp\ccJymUGh.s 			page 4


 170              		.loc 1 178 0
 171 0022 1CBF     		itt	ne
 172 0024 6746     		movne	r7, ip
 173              	.LVL3:
 174              		.loc 1 171 0
 175 0026 0026     		movne	r6, #0
 176              	.LVL4:
 177              		.loc 1 180 0
 178 0028 0F25     		movs	r5, #15
 179              		.loc 1 179 0
 180 002a 11F40042 		ands	r2, r1, #32768
 181              	.LVL5:
 182              		.loc 1 182 0
 183 002e 1CBF     		itt	ne
 184 0030 6246     		movne	r2, ip
 185              	.LVL6:
 186              		.loc 1 172 0
 187 0032 0025     		movne	r5, #0
 188              	.LVL7:
 189              		.loc 1 183 0
 190 0034 4B00     		lsls	r3, r1, #1
 191              	.LVL8:
 192              		.loc 1 171 0
 193 0036 3401     		lsls	r4, r6, #4
 194              	.LVL9:
 195              		.loc 1 173 0
 196 0038 3901     		lsls	r1, r7, #4
 197              		.loc 1 172 0
 198 003a 2E01     		lsls	r6, r5, #4
 199              	.LVL10:
 200              		.loc 1 174 0
 201 003c 1501     		lsls	r5, r2, #4
 202              	.LVL11:
 203              		.loc 1 175 0
 204 003e 13F0800F 		tst	r3, #128
 205              		.loc 1 176 0
 206 0042 0CBF     		ite	eq
 207 0044 44F00F04 		orreq	r4, r4, #15
 208              	.LVL12:
 209              		.loc 1 178 0
 210 0048 41EA0C01 		orrne	r1, r1, ip
 211              	.LVL13:
 212              		.loc 1 179 0
 213 004c 13F4004F 		tst	r3, #32768
 214              		.loc 1 182 0
 215 0050 14BF     		ite	ne
 216 0052 45EA0C05 		orrne	r5, r5, ip
 217              	.LVL14:
 218              		.loc 1 180 0
 219 0056 46F00F06 		orreq	r6, r6, #15
 220              	.LVL15:
 221              		.loc 1 183 0
 222 005a 5A00     		lsls	r2, r3, #1
 223              	.LVL16:
 224              		.loc 1 172 0
 225 005c 3601     		lsls	r6, r6, #4
 226              	.LVL17:
ARM GAS  C:\Users\z80\AppData\Local\Temp\ccJymUGh.s 			page 5


 227              		.loc 1 171 0
 228 005e 2301     		lsls	r3, r4, #4
 229              	.LVL18:
 230              		.loc 1 173 0
 231 0060 0901     		lsls	r1, r1, #4
 232              	.LVL19:
 233              		.loc 1 174 0
 234 0062 2D01     		lsls	r5, r5, #4
 235              	.LVL20:
 236              		.loc 1 175 0
 237 0064 12F0800F 		tst	r2, #128
 238              		.loc 1 176 0
 239 0068 0CBF     		ite	eq
 240 006a 43F00F03 		orreq	r3, r3, #15
 241              	.LVL21:
 242              		.loc 1 178 0
 243 006e 41EA0C01 		orrne	r1, r1, ip
 244              	.LVL22:
 245              		.loc 1 179 0
 246 0072 12F4004F 		tst	r2, #32768
 247              		.loc 1 180 0
 248 0076 0CBF     		ite	eq
 249 0078 46F00F06 		orreq	r6, r6, #15
 250              	.LVL23:
 251              		.loc 1 182 0
 252 007c 45EA0C05 		orrne	r5, r5, ip
 253              	.LVL24:
 254              		.loc 1 183 0
 255 0080 5200     		lsls	r2, r2, #1
 256              	.LVL25:
 257              		.loc 1 171 0
 258 0082 1C01     		lsls	r4, r3, #4
 259              	.LVL26:
 260              		.loc 1 173 0
 261 0084 0901     		lsls	r1, r1, #4
 262              	.LVL27:
 263              		.loc 1 172 0
 264 0086 3301     		lsls	r3, r6, #4
 265              	.LVL28:
 266              		.loc 1 174 0
 267 0088 2D01     		lsls	r5, r5, #4
 268              	.LVL29:
 269              		.loc 1 175 0
 270 008a 12F0800F 		tst	r2, #128
 271              		.loc 1 178 0
 272 008e 14BF     		ite	ne
 273 0090 41EA0C01 		orrne	r1, r1, ip
 274              	.LVL30:
 275              		.loc 1 176 0
 276 0094 44F00F04 		orreq	r4, r4, #15
 277              	.LVL31:
 278              		.loc 1 179 0
 279 0098 12F4004F 		tst	r2, #32768
 280              		.loc 1 182 0
 281 009c 14BF     		ite	ne
 282 009e 45EA0C05 		orrne	r5, r5, ip
 283              	.LVL32:
ARM GAS  C:\Users\z80\AppData\Local\Temp\ccJymUGh.s 			page 6


 284              		.loc 1 180 0
 285 00a2 43F00F03 		orreq	r3, r3, #15
 286              	.LVL33:
 287              		.loc 1 183 0
 288 00a6 5200     		lsls	r2, r2, #1
 289              	.LVL34:
 290              		.loc 1 172 0
 291 00a8 1E01     		lsls	r6, r3, #4
 292              		.loc 1 174 0
 293 00aa 2D01     		lsls	r5, r5, #4
 294              	.LVL35:
 295              		.loc 1 173 0
 296 00ac 0B01     		lsls	r3, r1, #4
 297              	.LVL36:
 298              		.loc 1 171 0
 299 00ae 2401     		lsls	r4, r4, #4
 300              	.LVL37:
 301              		.loc 1 175 0
 302 00b0 12F0800F 		tst	r2, #128
 303              		.loc 1 178 0
 304 00b4 14BF     		ite	ne
 305 00b6 43EA0C03 		orrne	r3, r3, ip
 306              	.LVL38:
 307              		.loc 1 176 0
 308 00ba 44F00F04 		orreq	r4, r4, #15
 309              	.LVL39:
 310              		.loc 1 179 0
 311 00be 12F4004F 		tst	r2, #32768
 312              		.loc 1 182 0
 313 00c2 14BF     		ite	ne
 314 00c4 45EA0C05 		orrne	r5, r5, ip
 315              	.LVL40:
 316              		.loc 1 180 0
 317 00c8 46F00F06 		orreq	r6, r6, #15
 318              	.LVL41:
 319              		.loc 1 183 0
 320 00cc 5200     		lsls	r2, r2, #1
 321              	.LVL42:
 322              		.loc 1 173 0
 323 00ce 1901     		lsls	r1, r3, #4
 324              		.loc 1 171 0
 325 00d0 2401     		lsls	r4, r4, #4
 326              	.LVL43:
 327              		.loc 1 174 0
 328 00d2 2B01     		lsls	r3, r5, #4
 329              	.LVL44:
 330              		.loc 1 172 0
 331 00d4 3601     		lsls	r6, r6, #4
 332              	.LVL45:
 333              		.loc 1 175 0
 334 00d6 12F0800F 		tst	r2, #128
 335              		.loc 1 178 0
 336 00da 14BF     		ite	ne
 337 00dc 41EA0C01 		orrne	r1, r1, ip
 338              	.LVL46:
 339              		.loc 1 176 0
 340 00e0 44F00F04 		orreq	r4, r4, #15
ARM GAS  C:\Users\z80\AppData\Local\Temp\ccJymUGh.s 			page 7


 341              	.LVL47:
 342              		.loc 1 179 0
 343 00e4 12F4004F 		tst	r2, #32768
 344              		.loc 1 182 0
 345 00e8 14BF     		ite	ne
 346 00ea 43EA0C03 		orrne	r3, r3, ip
 347              	.LVL48:
 348              		.loc 1 180 0
 349 00ee 46F00F06 		orreq	r6, r6, #15
 350              	.LVL49:
 351              		.loc 1 183 0
 352 00f2 5200     		lsls	r2, r2, #1
 353              	.LVL50:
 354              		.loc 1 174 0
 355 00f4 1D01     		lsls	r5, r3, #4
 356              		.loc 1 171 0
 357 00f6 2401     		lsls	r4, r4, #4
 358              	.LVL51:
 359              		.loc 1 172 0
 360 00f8 3601     		lsls	r6, r6, #4
 361              	.LVL52:
 362              		.loc 1 173 0
 363 00fa 0901     		lsls	r1, r1, #4
 364              	.LVL53:
 365              		.loc 1 175 0
 366 00fc 12F0800F 		tst	r2, #128
 367              		.loc 1 178 0
 368 0100 14BF     		ite	ne
 369 0102 41EA0C01 		orrne	r1, r1, ip
 370              	.LVL54:
 371              		.loc 1 176 0
 372 0106 44F00F04 		orreq	r4, r4, #15
 373              	.LVL55:
 374              		.loc 1 179 0
 375 010a 12F4004F 		tst	r2, #32768
 376              		.loc 1 182 0
 377 010e 14BF     		ite	ne
 378 0110 45EA0C05 		orrne	r5, r5, ip
 379              	.LVL56:
 380              		.loc 1 180 0
 381 0114 46F00F06 		orreq	r6, r6, #15
 382              	.LVL57:
 383              		.loc 1 183 0
 384 0118 5300     		lsls	r3, r2, #1
 385              	.LVL58:
 386              		.loc 1 171 0
 387 011a 2401     		lsls	r4, r4, #4
 388              	.LVL59:
 389              		.loc 1 172 0
 390 011c 3601     		lsls	r6, r6, #4
 391              	.LVL60:
 392              		.loc 1 173 0
 393 011e 0901     		lsls	r1, r1, #4
 394              	.LVL61:
 395              		.loc 1 174 0
 396 0120 2D01     		lsls	r5, r5, #4
 397              	.LVL62:
ARM GAS  C:\Users\z80\AppData\Local\Temp\ccJymUGh.s 			page 8


 398              		.loc 1 175 0
 399 0122 13F0800F 		tst	r3, #128
 400              		.loc 1 176 0
 401 0126 0CBF     		ite	eq
 402 0128 44F00F04 		orreq	r4, r4, #15
 403              	.LVL63:
 404              		.loc 1 178 0
 405 012c 41EA0C01 		orrne	r1, r1, ip
 406              	.LVL64:
 407              		.loc 1 179 0
 408 0130 1A04     		lsls	r2, r3, #16
 409              		.loc 1 185 0
 410 0132 4268     		ldr	r2, [r0, #4]
 411              		.loc 1 180 0
 412 0134 54BF     		ite	pl
 413 0136 46F00F06 		orrpl	r6, r6, #15
 414              	.LVL65:
 415              		.loc 1 182 0
 416 013a 45EA0C05 		orrmi	r5, r5, ip
 417              	.LVL66:
 418              		.loc 1 185 0
 419 013e 1640     		ands	r6, r6, r2
 420              	.LVL67:
 421 0140 3543     		orrs	r5, r5, r6
 422              	.LVL68:
 423 0142 4560     		str	r5, [r0, #4]
 424              		.loc 1 186 0
 425 0144 0368     		ldr	r3, [r0, #0]
 426 0146 1C40     		ands	r4, r4, r3
 427              	.LVL69:
 428 0148 2143     		orrs	r1, r1, r4
 429              	.LVL70:
 430 014a 0160     		str	r1, [r0, #0]
 431              		.loc 1 187 0
 432 014c F0BC     		pop	{r4, r5, r6, r7}
 433 014e 7047     		bx	lr
 434              		.cfi_endproc
 435              	.LFE63:
 436              		.size	_pal_lld_setgroupmode, .-_pal_lld_setgroupmode
 437              		.section	.rodata.cfgtab.6060,"a",%progbits
 438              		.align	2
 439              		.set	.LANCHOR0,. + 0
 440              		.type	cfgtab.6060, %object
 441              		.size	cfgtab.6060, 18
 442              	cfgtab.6060:
 443 0000 04       		.byte	4
 444 0001 02       		.byte	2
 445 0002 04       		.byte	4
 446 0003 08       		.byte	8
 447 0004 08       		.byte	8
 448 0005 00       		.byte	0
 449 0006 03       		.byte	3
 450 0007 07       		.byte	7
 451 0008 08       		.byte	8
 452 0009 08       		.byte	8
 453 000a 08       		.byte	8
 454 000b 08       		.byte	8
ARM GAS  C:\Users\z80\AppData\Local\Temp\ccJymUGh.s 			page 9


 455 000c 08       		.byte	8
 456 000d 08       		.byte	8
 457 000e 08       		.byte	8
 458 000f 08       		.byte	8
 459 0010 0B       		.byte	11
 460 0011 0F       		.byte	15
 461 0012 0000     		.text
 462              	.Letext0:
 463              		.file 2 "c:\\programs\\codesourcery\\2011.03-56\\bin\\../lib/gcc/arm-none-eabi/4.6.3/../../../../a
 464              		.file 3 "../chibios_2.4.x/os/hal/platforms/STM32F1xx/stm32f10x.h"
 465              		.file 4 "../chibios_2.4.x/os/hal/platforms/STM32/GPIOv1/pal_lld.h"
 466              		.file 5 "../chibios_2.4.x/os/ports/common/ARMCMx/CMSIS/include/core_cm3.h"
 467              		.section	.debug_info,"",%progbits
 468              	.Ldebug_info0:
 469 0000 86030000 		.4byte	0x386
 470 0004 0200     		.2byte	0x2
 471 0006 00000000 		.4byte	.Ldebug_abbrev0
 472 000a 04       		.byte	0x4
 473 000b 01       		.uleb128 0x1
 474 000c F5000000 		.4byte	.LASF41
 475 0010 01       		.byte	0x1
 476 0011 67010000 		.4byte	.LASF42
 477 0015 41000000 		.4byte	.LASF43
 478 0019 00000000 		.4byte	0
 479 001d 00000000 		.4byte	0
 480 0021 00000000 		.4byte	.Ldebug_ranges0+0
 481 0025 00000000 		.4byte	.Ldebug_line0
 482 0029 02       		.uleb128 0x2
 483 002a 04       		.byte	0x4
 484 002b 05       		.byte	0x5
 485 002c 696E7400 		.ascii	"int\000"
 486 0030 03       		.uleb128 0x3
 487 0031 04       		.byte	0x4
 488 0032 07       		.byte	0x7
 489 0033 34000000 		.4byte	.LASF0
 490 0037 03       		.uleb128 0x3
 491 0038 01       		.byte	0x1
 492 0039 06       		.byte	0x6
 493 003a F1010000 		.4byte	.LASF1
 494 003e 04       		.uleb128 0x4
 495 003f 45010000 		.4byte	.LASF5
 496 0043 02       		.byte	0x2
 497 0044 2A       		.byte	0x2a
 498 0045 49000000 		.4byte	0x49
 499 0049 03       		.uleb128 0x3
 500 004a 01       		.byte	0x1
 501 004b 08       		.byte	0x8
 502 004c 94000000 		.4byte	.LASF2
 503 0050 03       		.uleb128 0x3
 504 0051 02       		.byte	0x2
 505 0052 05       		.byte	0x5
 506 0053 AA010000 		.4byte	.LASF3
 507 0057 03       		.uleb128 0x3
 508 0058 02       		.byte	0x2
 509 0059 07       		.byte	0x7
 510 005a D5000000 		.4byte	.LASF4
 511 005e 04       		.uleb128 0x4
ARM GAS  C:\Users\z80\AppData\Local\Temp\ccJymUGh.s 			page 10


 512 005f 57010000 		.4byte	.LASF6
 513 0063 02       		.byte	0x2
 514 0064 4F       		.byte	0x4f
 515 0065 69000000 		.4byte	0x69
 516 0069 03       		.uleb128 0x3
 517 006a 04       		.byte	0x4
 518 006b 05       		.byte	0x5
 519 006c DB010000 		.4byte	.LASF7
 520 0070 04       		.uleb128 0x4
 521 0071 D2010000 		.4byte	.LASF8
 522 0075 02       		.byte	0x2
 523 0076 50       		.byte	0x50
 524 0077 7B000000 		.4byte	0x7b
 525 007b 03       		.uleb128 0x3
 526 007c 04       		.byte	0x4
 527 007d 07       		.byte	0x7
 528 007e C3000000 		.4byte	.LASF9
 529 0082 03       		.uleb128 0x3
 530 0083 08       		.byte	0x8
 531 0084 05       		.byte	0x5
 532 0085 00000000 		.4byte	.LASF10
 533 0089 03       		.uleb128 0x3
 534 008a 08       		.byte	0x8
 535 008b 07       		.byte	0x7
 536 008c FD010000 		.4byte	.LASF11
 537 0090 05       		.uleb128 0x5
 538 0091 70000000 		.4byte	0x70
 539 0095 03       		.uleb128 0x3
 540 0096 01       		.byte	0x1
 541 0097 08       		.byte	0x8
 542 0098 40010000 		.4byte	.LASF12
 543 009c 05       		.uleb128 0x5
 544 009d 5E000000 		.4byte	0x5e
 545 00a1 06       		.uleb128 0x6
 546 00a2 1C       		.byte	0x1c
 547 00a3 03       		.byte	0x3
 548 00a4 F803     		.2byte	0x3f8
 549 00a6 14010000 		.4byte	0x114
 550 00aa 07       		.uleb128 0x7
 551 00ab 43524C00 		.ascii	"CRL\000"
 552 00af 03       		.byte	0x3
 553 00b0 FA03     		.2byte	0x3fa
 554 00b2 90000000 		.4byte	0x90
 555 00b6 02       		.byte	0x2
 556 00b7 23       		.byte	0x23
 557 00b8 00       		.uleb128 0
 558 00b9 07       		.uleb128 0x7
 559 00ba 43524800 		.ascii	"CRH\000"
 560 00be 03       		.byte	0x3
 561 00bf FB03     		.2byte	0x3fb
 562 00c1 90000000 		.4byte	0x90
 563 00c5 02       		.byte	0x2
 564 00c6 23       		.byte	0x23
 565 00c7 04       		.uleb128 0x4
 566 00c8 07       		.uleb128 0x7
 567 00c9 49445200 		.ascii	"IDR\000"
 568 00cd 03       		.byte	0x3
ARM GAS  C:\Users\z80\AppData\Local\Temp\ccJymUGh.s 			page 11


 569 00ce FC03     		.2byte	0x3fc
 570 00d0 90000000 		.4byte	0x90
 571 00d4 02       		.byte	0x2
 572 00d5 23       		.byte	0x23
 573 00d6 08       		.uleb128 0x8
 574 00d7 07       		.uleb128 0x7
 575 00d8 4F445200 		.ascii	"ODR\000"
 576 00dc 03       		.byte	0x3
 577 00dd FD03     		.2byte	0x3fd
 578 00df 90000000 		.4byte	0x90
 579 00e3 02       		.byte	0x2
 580 00e4 23       		.byte	0x23
 581 00e5 0C       		.uleb128 0xc
 582 00e6 08       		.uleb128 0x8
 583 00e7 28000000 		.4byte	.LASF13
 584 00eb 03       		.byte	0x3
 585 00ec FE03     		.2byte	0x3fe
 586 00ee 90000000 		.4byte	0x90
 587 00f2 02       		.byte	0x2
 588 00f3 23       		.byte	0x23
 589 00f4 10       		.uleb128 0x10
 590 00f5 07       		.uleb128 0x7
 591 00f6 42525200 		.ascii	"BRR\000"
 592 00fa 03       		.byte	0x3
 593 00fb FF03     		.2byte	0x3ff
 594 00fd 90000000 		.4byte	0x90
 595 0101 02       		.byte	0x2
 596 0102 23       		.byte	0x23
 597 0103 14       		.uleb128 0x14
 598 0104 08       		.uleb128 0x8
 599 0105 14020000 		.4byte	.LASF14
 600 0109 03       		.byte	0x3
 601 010a 0004     		.2byte	0x400
 602 010c 90000000 		.4byte	0x90
 603 0110 02       		.byte	0x2
 604 0111 23       		.byte	0x23
 605 0112 18       		.uleb128 0x18
 606 0113 00       		.byte	0
 607 0114 09       		.uleb128 0x9
 608 0115 E4010000 		.4byte	.LASF15
 609 0119 03       		.byte	0x3
 610 011a 0104     		.2byte	0x401
 611 011c A1000000 		.4byte	0xa1
 612 0120 06       		.uleb128 0x6
 613 0121 28       		.byte	0x28
 614 0122 03       		.byte	0x3
 615 0123 4304     		.2byte	0x443
 616 0125 BF010000 		.4byte	0x1bf
 617 0129 07       		.uleb128 0x7
 618 012a 435200   		.ascii	"CR\000"
 619 012d 03       		.byte	0x3
 620 012e 4504     		.2byte	0x445
 621 0130 90000000 		.4byte	0x90
 622 0134 02       		.byte	0x2
 623 0135 23       		.byte	0x23
 624 0136 00       		.uleb128 0
 625 0137 08       		.uleb128 0x8
ARM GAS  C:\Users\z80\AppData\Local\Temp\ccJymUGh.s 			page 12


 626 0138 52010000 		.4byte	.LASF16
 627 013c 03       		.byte	0x3
 628 013d 4604     		.2byte	0x446
 629 013f 90000000 		.4byte	0x90
 630 0143 02       		.byte	0x2
 631 0144 23       		.byte	0x23
 632 0145 04       		.uleb128 0x4
 633 0146 07       		.uleb128 0x7
 634 0147 43495200 		.ascii	"CIR\000"
 635 014b 03       		.byte	0x3
 636 014c 4704     		.2byte	0x447
 637 014e 90000000 		.4byte	0x90
 638 0152 02       		.byte	0x2
 639 0153 23       		.byte	0x23
 640 0154 08       		.uleb128 0x8
 641 0155 08       		.uleb128 0x8
 642 0156 1A010000 		.4byte	.LASF17
 643 015a 03       		.byte	0x3
 644 015b 4804     		.2byte	0x448
 645 015d 90000000 		.4byte	0x90
 646 0161 02       		.byte	0x2
 647 0162 23       		.byte	0x23
 648 0163 0C       		.uleb128 0xc
 649 0164 08       		.uleb128 0x8
 650 0165 84000000 		.4byte	.LASF18
 651 0169 03       		.byte	0x3
 652 016a 4904     		.2byte	0x449
 653 016c 90000000 		.4byte	0x90
 654 0170 02       		.byte	0x2
 655 0171 23       		.byte	0x23
 656 0172 10       		.uleb128 0x10
 657 0173 08       		.uleb128 0x8
 658 0174 2D000000 		.4byte	.LASF19
 659 0178 03       		.byte	0x3
 660 0179 4A04     		.2byte	0x44a
 661 017b 90000000 		.4byte	0x90
 662 017f 02       		.byte	0x2
 663 0180 23       		.byte	0x23
 664 0181 14       		.uleb128 0x14
 665 0182 08       		.uleb128 0x8
 666 0183 5F010000 		.4byte	.LASF20
 667 0187 03       		.byte	0x3
 668 0188 4B04     		.2byte	0x44b
 669 018a 90000000 		.4byte	0x90
 670 018e 02       		.byte	0x2
 671 018f 23       		.byte	0x23
 672 0190 18       		.uleb128 0x18
 673 0191 08       		.uleb128 0x8
 674 0192 12010000 		.4byte	.LASF21
 675 0196 03       		.byte	0x3
 676 0197 4C04     		.2byte	0x44c
 677 0199 90000000 		.4byte	0x90
 678 019d 02       		.byte	0x2
 679 019e 23       		.byte	0x23
 680 019f 1C       		.uleb128 0x1c
 681 01a0 08       		.uleb128 0x8
 682 01a1 0E000000 		.4byte	.LASF22
ARM GAS  C:\Users\z80\AppData\Local\Temp\ccJymUGh.s 			page 13


 683 01a5 03       		.byte	0x3
 684 01a6 4D04     		.2byte	0x44d
 685 01a8 90000000 		.4byte	0x90
 686 01ac 02       		.byte	0x2
 687 01ad 23       		.byte	0x23
 688 01ae 20       		.uleb128 0x20
 689 01af 07       		.uleb128 0x7
 690 01b0 43535200 		.ascii	"CSR\000"
 691 01b4 03       		.byte	0x3
 692 01b5 4E04     		.2byte	0x44e
 693 01b7 90000000 		.4byte	0x90
 694 01bb 02       		.byte	0x2
 695 01bc 23       		.byte	0x23
 696 01bd 24       		.uleb128 0x24
 697 01be 00       		.byte	0
 698 01bf 09       		.uleb128 0x9
 699 01c0 C6010000 		.4byte	.LASF23
 700 01c4 03       		.byte	0x3
 701 01c5 5904     		.2byte	0x459
 702 01c7 20010000 		.4byte	0x120
 703 01cb 0A       		.uleb128 0xa
 704 01cc 0C       		.byte	0xc
 705 01cd 04       		.byte	0x4
 706 01ce 43       		.byte	0x43
 707 01cf FE010000 		.4byte	0x1fe
 708 01d3 0B       		.uleb128 0xb
 709 01d4 6F647200 		.ascii	"odr\000"
 710 01d8 04       		.byte	0x4
 711 01d9 45       		.byte	0x45
 712 01da 70000000 		.4byte	0x70
 713 01de 02       		.byte	0x2
 714 01df 23       		.byte	0x23
 715 01e0 00       		.uleb128 0
 716 01e1 0B       		.uleb128 0xb
 717 01e2 63726C00 		.ascii	"crl\000"
 718 01e6 04       		.byte	0x4
 719 01e7 47       		.byte	0x47
 720 01e8 70000000 		.4byte	0x70
 721 01ec 02       		.byte	0x2
 722 01ed 23       		.byte	0x23
 723 01ee 04       		.uleb128 0x4
 724 01ef 0B       		.uleb128 0xb
 725 01f0 63726800 		.ascii	"crh\000"
 726 01f4 04       		.byte	0x4
 727 01f5 49       		.byte	0x49
 728 01f6 70000000 		.4byte	0x70
 729 01fa 02       		.byte	0x2
 730 01fb 23       		.byte	0x23
 731 01fc 08       		.uleb128 0x8
 732 01fd 00       		.byte	0
 733 01fe 04       		.uleb128 0x4
 734 01ff A2000000 		.4byte	.LASF24
 735 0203 04       		.byte	0x4
 736 0204 4A       		.byte	0x4a
 737 0205 CB010000 		.4byte	0x1cb
 738 0209 0A       		.uleb128 0xa
 739 020a 3C       		.byte	0x3c
ARM GAS  C:\Users\z80\AppData\Local\Temp\ccJymUGh.s 			page 14


 740 020b 04       		.byte	0x4
 741 020c 53       		.byte	0x53
 742 020d 58020000 		.4byte	0x258
 743 0211 0C       		.uleb128 0xc
 744 0212 B5000000 		.4byte	.LASF25
 745 0216 04       		.byte	0x4
 746 0217 55       		.byte	0x55
 747 0218 FE010000 		.4byte	0x1fe
 748 021c 02       		.byte	0x2
 749 021d 23       		.byte	0x23
 750 021e 00       		.uleb128 0
 751 021f 0C       		.uleb128 0xc
 752 0220 39010000 		.4byte	.LASF26
 753 0224 04       		.byte	0x4
 754 0225 57       		.byte	0x57
 755 0226 FE010000 		.4byte	0x1fe
 756 022a 02       		.byte	0x2
 757 022b 23       		.byte	0x23
 758 022c 0C       		.uleb128 0xc
 759 022d 0C       		.uleb128 0xc
 760 022e B4010000 		.4byte	.LASF27
 761 0232 04       		.byte	0x4
 762 0233 59       		.byte	0x59
 763 0234 FE010000 		.4byte	0x1fe
 764 0238 02       		.byte	0x2
 765 0239 23       		.byte	0x23
 766 023a 18       		.uleb128 0x18
 767 023b 0C       		.uleb128 0xc
 768 023c 13000000 		.4byte	.LASF28
 769 0240 04       		.byte	0x4
 770 0241 5B       		.byte	0x5b
 771 0242 FE010000 		.4byte	0x1fe
 772 0246 02       		.byte	0x2
 773 0247 23       		.byte	0x23
 774 0248 24       		.uleb128 0x24
 775 0249 0C       		.uleb128 0xc
 776 024a 8D000000 		.4byte	.LASF29
 777 024e 04       		.byte	0x4
 778 024f 5E       		.byte	0x5e
 779 0250 FE010000 		.4byte	0x1fe
 780 0254 02       		.byte	0x2
 781 0255 23       		.byte	0x23
 782 0256 30       		.uleb128 0x30
 783 0257 00       		.byte	0
 784 0258 04       		.uleb128 0x4
 785 0259 08010000 		.4byte	.LASF30
 786 025d 04       		.byte	0x4
 787 025e 68       		.byte	0x68
 788 025f 09020000 		.4byte	0x209
 789 0263 04       		.uleb128 0x4
 790 0264 6E000000 		.4byte	.LASF31
 791 0268 04       		.byte	0x4
 792 0269 78       		.byte	0x78
 793 026a 70000000 		.4byte	0x70
 794 026e 04       		.uleb128 0x4
 795 026f 7B000000 		.4byte	.LASF32
 796 0273 04       		.byte	0x4
ARM GAS  C:\Users\z80\AppData\Local\Temp\ccJymUGh.s 			page 15


 797 0274 7D       		.byte	0x7d
 798 0275 70000000 		.4byte	0x70
 799 0279 04       		.uleb128 0x4
 800 027a BB010000 		.4byte	.LASF33
 801 027e 04       		.byte	0x4
 802 027f 85       		.byte	0x85
 803 0280 84020000 		.4byte	0x284
 804 0284 0D       		.uleb128 0xd
 805 0285 04       		.byte	0x4
 806 0286 14010000 		.4byte	0x114
 807 028a 0E       		.uleb128 0xe
 808 028b 01       		.byte	0x1
 809 028c 1A000000 		.4byte	.LASF34
 810 0290 01       		.byte	0x1
 811 0291 54       		.byte	0x54
 812 0292 01       		.byte	0x1
 813 0293 00000000 		.4byte	.LFB62
 814 0297 86000000 		.4byte	.LFE62
 815 029b 00000000 		.4byte	.LLST0
 816 029f B1020000 		.4byte	0x2b1
 817 02a3 0F       		.uleb128 0xf
 818 02a4 01010000 		.4byte	.LASF36
 819 02a8 01       		.byte	0x1
 820 02a9 54       		.byte	0x54
 821 02aa B1020000 		.4byte	0x2b1
 822 02ae 01       		.byte	0x1
 823 02af 50       		.byte	0x50
 824 02b0 00       		.byte	0
 825 02b1 0D       		.uleb128 0xd
 826 02b2 04       		.byte	0x4
 827 02b3 B7020000 		.4byte	0x2b7
 828 02b7 10       		.uleb128 0x10
 829 02b8 58020000 		.4byte	0x258
 830 02bc 0E       		.uleb128 0xe
 831 02bd 01       		.byte	0x1
 832 02be 23010000 		.4byte	.LASF35
 833 02c2 01       		.byte	0x1
 834 02c3 8A       		.byte	0x8a
 835 02c4 01       		.byte	0x1
 836 02c5 00000000 		.4byte	.LFB63
 837 02c9 50010000 		.4byte	.LFE63
 838 02cd 20000000 		.4byte	.LLST1
 839 02d1 66030000 		.4byte	0x366
 840 02d5 0F       		.uleb128 0xf
 841 02d6 A5010000 		.4byte	.LASF37
 842 02da 01       		.byte	0x1
 843 02db 8A       		.byte	0x8a
 844 02dc 79020000 		.4byte	0x279
 845 02e0 01       		.byte	0x1
 846 02e1 50       		.byte	0x50
 847 02e2 11       		.uleb128 0x11
 848 02e3 A0010000 		.4byte	.LASF38
 849 02e7 01       		.byte	0x1
 850 02e8 8B       		.byte	0x8b
 851 02e9 63020000 		.4byte	0x263
 852 02ed 40000000 		.4byte	.LLST2
 853 02f1 11       		.uleb128 0x11
ARM GAS  C:\Users\z80\AppData\Local\Temp\ccJymUGh.s 			page 16


 854 02f2 4D010000 		.4byte	.LASF39
 855 02f6 01       		.byte	0x1
 856 02f7 8C       		.byte	0x8c
 857 02f8 6E020000 		.4byte	0x26e
 858 02fc 74000000 		.4byte	.LLST3
 859 0300 12       		.uleb128 0x12
 860 0301 BC000000 		.4byte	.LASF40
 861 0305 01       		.byte	0x1
 862 0306 8D       		.byte	0x8d
 863 0307 76030000 		.4byte	0x376
 864 030b 05       		.byte	0x5
 865 030c 03       		.byte	0x3
 866 030d 00000000 		.4byte	cfgtab.6060
 867 0311 13       		.uleb128 0x13
 868 0312 6D6800   		.ascii	"mh\000"
 869 0315 01       		.byte	0x1
 870 0316 A1       		.byte	0xa1
 871 0317 70000000 		.4byte	0x70
 872 031b 87000000 		.4byte	.LLST4
 873 031f 13       		.uleb128 0x13
 874 0320 6D6C00   		.ascii	"ml\000"
 875 0323 01       		.byte	0x1
 876 0324 A1       		.byte	0xa1
 877 0325 70000000 		.4byte	0x70
 878 0329 DD000000 		.4byte	.LLST5
 879 032d 13       		.uleb128 0x13
 880 032e 63726800 		.ascii	"crh\000"
 881 0332 01       		.byte	0x1
 882 0333 A1       		.byte	0xa1
 883 0334 70000000 		.4byte	0x70
 884 0338 42010000 		.4byte	.LLST6
 885 033c 13       		.uleb128 0x13
 886 033d 63726C00 		.ascii	"crl\000"
 887 0341 01       		.byte	0x1
 888 0342 A1       		.byte	0xa1
 889 0343 70000000 		.4byte	0x70
 890 0347 8D010000 		.4byte	.LLST7
 891 034b 14       		.uleb128 0x14
 892 034c 63666700 		.ascii	"cfg\000"
 893 0350 01       		.byte	0x1
 894 0351 A1       		.byte	0xa1
 895 0352 70000000 		.4byte	0x70
 896 0356 01       		.byte	0x1
 897 0357 5C       		.byte	0x5c
 898 0358 13       		.uleb128 0x13
 899 0359 6900     		.ascii	"i\000"
 900 035b 01       		.byte	0x1
 901 035c A2       		.byte	0xa2
 902 035d 30000000 		.4byte	0x30
 903 0361 D8010000 		.4byte	.LLST8
 904 0365 00       		.byte	0
 905 0366 15       		.uleb128 0x15
 906 0367 3E000000 		.4byte	0x3e
 907 036b 76030000 		.4byte	0x376
 908 036f 16       		.uleb128 0x16
 909 0370 30000000 		.4byte	0x30
 910 0374 11       		.byte	0x11
ARM GAS  C:\Users\z80\AppData\Local\Temp\ccJymUGh.s 			page 17


 911 0375 00       		.byte	0
 912 0376 10       		.uleb128 0x10
 913 0377 66030000 		.4byte	0x366
 914 037b 17       		.uleb128 0x17
 915 037c E8000000 		.4byte	.LASF44
 916 0380 05       		.byte	0x5
 917 0381 9404     		.2byte	0x494
 918 0383 9C000000 		.4byte	0x9c
 919 0387 01       		.byte	0x1
 920 0388 01       		.byte	0x1
 921 0389 00       		.byte	0
 922              		.section	.debug_abbrev,"",%progbits
 923              	.Ldebug_abbrev0:
 924 0000 01       		.uleb128 0x1
 925 0001 11       		.uleb128 0x11
 926 0002 01       		.byte	0x1
 927 0003 25       		.uleb128 0x25
 928 0004 0E       		.uleb128 0xe
 929 0005 13       		.uleb128 0x13
 930 0006 0B       		.uleb128 0xb
 931 0007 03       		.uleb128 0x3
 932 0008 0E       		.uleb128 0xe
 933 0009 1B       		.uleb128 0x1b
 934 000a 0E       		.uleb128 0xe
 935 000b 11       		.uleb128 0x11
 936 000c 01       		.uleb128 0x1
 937 000d 52       		.uleb128 0x52
 938 000e 01       		.uleb128 0x1
 939 000f 55       		.uleb128 0x55
 940 0010 06       		.uleb128 0x6
 941 0011 10       		.uleb128 0x10
 942 0012 06       		.uleb128 0x6
 943 0013 00       		.byte	0
 944 0014 00       		.byte	0
 945 0015 02       		.uleb128 0x2
 946 0016 24       		.uleb128 0x24
 947 0017 00       		.byte	0
 948 0018 0B       		.uleb128 0xb
 949 0019 0B       		.uleb128 0xb
 950 001a 3E       		.uleb128 0x3e
 951 001b 0B       		.uleb128 0xb
 952 001c 03       		.uleb128 0x3
 953 001d 08       		.uleb128 0x8
 954 001e 00       		.byte	0
 955 001f 00       		.byte	0
 956 0020 03       		.uleb128 0x3
 957 0021 24       		.uleb128 0x24
 958 0022 00       		.byte	0
 959 0023 0B       		.uleb128 0xb
 960 0024 0B       		.uleb128 0xb
 961 0025 3E       		.uleb128 0x3e
 962 0026 0B       		.uleb128 0xb
 963 0027 03       		.uleb128 0x3
 964 0028 0E       		.uleb128 0xe
 965 0029 00       		.byte	0
 966 002a 00       		.byte	0
 967 002b 04       		.uleb128 0x4
ARM GAS  C:\Users\z80\AppData\Local\Temp\ccJymUGh.s 			page 18


 968 002c 16       		.uleb128 0x16
 969 002d 00       		.byte	0
 970 002e 03       		.uleb128 0x3
 971 002f 0E       		.uleb128 0xe
 972 0030 3A       		.uleb128 0x3a
 973 0031 0B       		.uleb128 0xb
 974 0032 3B       		.uleb128 0x3b
 975 0033 0B       		.uleb128 0xb
 976 0034 49       		.uleb128 0x49
 977 0035 13       		.uleb128 0x13
 978 0036 00       		.byte	0
 979 0037 00       		.byte	0
 980 0038 05       		.uleb128 0x5
 981 0039 35       		.uleb128 0x35
 982 003a 00       		.byte	0
 983 003b 49       		.uleb128 0x49
 984 003c 13       		.uleb128 0x13
 985 003d 00       		.byte	0
 986 003e 00       		.byte	0
 987 003f 06       		.uleb128 0x6
 988 0040 13       		.uleb128 0x13
 989 0041 01       		.byte	0x1
 990 0042 0B       		.uleb128 0xb
 991 0043 0B       		.uleb128 0xb
 992 0044 3A       		.uleb128 0x3a
 993 0045 0B       		.uleb128 0xb
 994 0046 3B       		.uleb128 0x3b
 995 0047 05       		.uleb128 0x5
 996 0048 01       		.uleb128 0x1
 997 0049 13       		.uleb128 0x13
 998 004a 00       		.byte	0
 999 004b 00       		.byte	0
 1000 004c 07       		.uleb128 0x7
 1001 004d 0D       		.uleb128 0xd
 1002 004e 00       		.byte	0
 1003 004f 03       		.uleb128 0x3
 1004 0050 08       		.uleb128 0x8
 1005 0051 3A       		.uleb128 0x3a
 1006 0052 0B       		.uleb128 0xb
 1007 0053 3B       		.uleb128 0x3b
 1008 0054 05       		.uleb128 0x5
 1009 0055 49       		.uleb128 0x49
 1010 0056 13       		.uleb128 0x13
 1011 0057 38       		.uleb128 0x38
 1012 0058 0A       		.uleb128 0xa
 1013 0059 00       		.byte	0
 1014 005a 00       		.byte	0
 1015 005b 08       		.uleb128 0x8
 1016 005c 0D       		.uleb128 0xd
 1017 005d 00       		.byte	0
 1018 005e 03       		.uleb128 0x3
 1019 005f 0E       		.uleb128 0xe
 1020 0060 3A       		.uleb128 0x3a
 1021 0061 0B       		.uleb128 0xb
 1022 0062 3B       		.uleb128 0x3b
 1023 0063 05       		.uleb128 0x5
 1024 0064 49       		.uleb128 0x49
ARM GAS  C:\Users\z80\AppData\Local\Temp\ccJymUGh.s 			page 19


 1025 0065 13       		.uleb128 0x13
 1026 0066 38       		.uleb128 0x38
 1027 0067 0A       		.uleb128 0xa
 1028 0068 00       		.byte	0
 1029 0069 00       		.byte	0
 1030 006a 09       		.uleb128 0x9
 1031 006b 16       		.uleb128 0x16
 1032 006c 00       		.byte	0
 1033 006d 03       		.uleb128 0x3
 1034 006e 0E       		.uleb128 0xe
 1035 006f 3A       		.uleb128 0x3a
 1036 0070 0B       		.uleb128 0xb
 1037 0071 3B       		.uleb128 0x3b
 1038 0072 05       		.uleb128 0x5
 1039 0073 49       		.uleb128 0x49
 1040 0074 13       		.uleb128 0x13
 1041 0075 00       		.byte	0
 1042 0076 00       		.byte	0
 1043 0077 0A       		.uleb128 0xa
 1044 0078 13       		.uleb128 0x13
 1045 0079 01       		.byte	0x1
 1046 007a 0B       		.uleb128 0xb
 1047 007b 0B       		.uleb128 0xb
 1048 007c 3A       		.uleb128 0x3a
 1049 007d 0B       		.uleb128 0xb
 1050 007e 3B       		.uleb128 0x3b
 1051 007f 0B       		.uleb128 0xb
 1052 0080 01       		.uleb128 0x1
 1053 0081 13       		.uleb128 0x13
 1054 0082 00       		.byte	0
 1055 0083 00       		.byte	0
 1056 0084 0B       		.uleb128 0xb
 1057 0085 0D       		.uleb128 0xd
 1058 0086 00       		.byte	0
 1059 0087 03       		.uleb128 0x3
 1060 0088 08       		.uleb128 0x8
 1061 0089 3A       		.uleb128 0x3a
 1062 008a 0B       		.uleb128 0xb
 1063 008b 3B       		.uleb128 0x3b
 1064 008c 0B       		.uleb128 0xb
 1065 008d 49       		.uleb128 0x49
 1066 008e 13       		.uleb128 0x13
 1067 008f 38       		.uleb128 0x38
 1068 0090 0A       		.uleb128 0xa
 1069 0091 00       		.byte	0
 1070 0092 00       		.byte	0
 1071 0093 0C       		.uleb128 0xc
 1072 0094 0D       		.uleb128 0xd
 1073 0095 00       		.byte	0
 1074 0096 03       		.uleb128 0x3
 1075 0097 0E       		.uleb128 0xe
 1076 0098 3A       		.uleb128 0x3a
 1077 0099 0B       		.uleb128 0xb
 1078 009a 3B       		.uleb128 0x3b
 1079 009b 0B       		.uleb128 0xb
 1080 009c 49       		.uleb128 0x49
 1081 009d 13       		.uleb128 0x13
ARM GAS  C:\Users\z80\AppData\Local\Temp\ccJymUGh.s 			page 20


 1082 009e 38       		.uleb128 0x38
 1083 009f 0A       		.uleb128 0xa
 1084 00a0 00       		.byte	0
 1085 00a1 00       		.byte	0
 1086 00a2 0D       		.uleb128 0xd
 1087 00a3 0F       		.uleb128 0xf
 1088 00a4 00       		.byte	0
 1089 00a5 0B       		.uleb128 0xb
 1090 00a6 0B       		.uleb128 0xb
 1091 00a7 49       		.uleb128 0x49
 1092 00a8 13       		.uleb128 0x13
 1093 00a9 00       		.byte	0
 1094 00aa 00       		.byte	0
 1095 00ab 0E       		.uleb128 0xe
 1096 00ac 2E       		.uleb128 0x2e
 1097 00ad 01       		.byte	0x1
 1098 00ae 3F       		.uleb128 0x3f
 1099 00af 0C       		.uleb128 0xc
 1100 00b0 03       		.uleb128 0x3
 1101 00b1 0E       		.uleb128 0xe
 1102 00b2 3A       		.uleb128 0x3a
 1103 00b3 0B       		.uleb128 0xb
 1104 00b4 3B       		.uleb128 0x3b
 1105 00b5 0B       		.uleb128 0xb
 1106 00b6 27       		.uleb128 0x27
 1107 00b7 0C       		.uleb128 0xc
 1108 00b8 11       		.uleb128 0x11
 1109 00b9 01       		.uleb128 0x1
 1110 00ba 12       		.uleb128 0x12
 1111 00bb 01       		.uleb128 0x1
 1112 00bc 40       		.uleb128 0x40
 1113 00bd 06       		.uleb128 0x6
 1114 00be 01       		.uleb128 0x1
 1115 00bf 13       		.uleb128 0x13
 1116 00c0 00       		.byte	0
 1117 00c1 00       		.byte	0
 1118 00c2 0F       		.uleb128 0xf
 1119 00c3 05       		.uleb128 0x5
 1120 00c4 00       		.byte	0
 1121 00c5 03       		.uleb128 0x3
 1122 00c6 0E       		.uleb128 0xe
 1123 00c7 3A       		.uleb128 0x3a
 1124 00c8 0B       		.uleb128 0xb
 1125 00c9 3B       		.uleb128 0x3b
 1126 00ca 0B       		.uleb128 0xb
 1127 00cb 49       		.uleb128 0x49
 1128 00cc 13       		.uleb128 0x13
 1129 00cd 02       		.uleb128 0x2
 1130 00ce 0A       		.uleb128 0xa
 1131 00cf 00       		.byte	0
 1132 00d0 00       		.byte	0
 1133 00d1 10       		.uleb128 0x10
 1134 00d2 26       		.uleb128 0x26
 1135 00d3 00       		.byte	0
 1136 00d4 49       		.uleb128 0x49
 1137 00d5 13       		.uleb128 0x13
 1138 00d6 00       		.byte	0
ARM GAS  C:\Users\z80\AppData\Local\Temp\ccJymUGh.s 			page 21


 1139 00d7 00       		.byte	0
 1140 00d8 11       		.uleb128 0x11
 1141 00d9 05       		.uleb128 0x5
 1142 00da 00       		.byte	0
 1143 00db 03       		.uleb128 0x3
 1144 00dc 0E       		.uleb128 0xe
 1145 00dd 3A       		.uleb128 0x3a
 1146 00de 0B       		.uleb128 0xb
 1147 00df 3B       		.uleb128 0x3b
 1148 00e0 0B       		.uleb128 0xb
 1149 00e1 49       		.uleb128 0x49
 1150 00e2 13       		.uleb128 0x13
 1151 00e3 02       		.uleb128 0x2
 1152 00e4 06       		.uleb128 0x6
 1153 00e5 00       		.byte	0
 1154 00e6 00       		.byte	0
 1155 00e7 12       		.uleb128 0x12
 1156 00e8 34       		.uleb128 0x34
 1157 00e9 00       		.byte	0
 1158 00ea 03       		.uleb128 0x3
 1159 00eb 0E       		.uleb128 0xe
 1160 00ec 3A       		.uleb128 0x3a
 1161 00ed 0B       		.uleb128 0xb
 1162 00ee 3B       		.uleb128 0x3b
 1163 00ef 0B       		.uleb128 0xb
 1164 00f0 49       		.uleb128 0x49
 1165 00f1 13       		.uleb128 0x13
 1166 00f2 02       		.uleb128 0x2
 1167 00f3 0A       		.uleb128 0xa
 1168 00f4 00       		.byte	0
 1169 00f5 00       		.byte	0
 1170 00f6 13       		.uleb128 0x13
 1171 00f7 34       		.uleb128 0x34
 1172 00f8 00       		.byte	0
 1173 00f9 03       		.uleb128 0x3
 1174 00fa 08       		.uleb128 0x8
 1175 00fb 3A       		.uleb128 0x3a
 1176 00fc 0B       		.uleb128 0xb
 1177 00fd 3B       		.uleb128 0x3b
 1178 00fe 0B       		.uleb128 0xb
 1179 00ff 49       		.uleb128 0x49
 1180 0100 13       		.uleb128 0x13
 1181 0101 02       		.uleb128 0x2
 1182 0102 06       		.uleb128 0x6
 1183 0103 00       		.byte	0
 1184 0104 00       		.byte	0
 1185 0105 14       		.uleb128 0x14
 1186 0106 34       		.uleb128 0x34
 1187 0107 00       		.byte	0
 1188 0108 03       		.uleb128 0x3
 1189 0109 08       		.uleb128 0x8
 1190 010a 3A       		.uleb128 0x3a
 1191 010b 0B       		.uleb128 0xb
 1192 010c 3B       		.uleb128 0x3b
 1193 010d 0B       		.uleb128 0xb
 1194 010e 49       		.uleb128 0x49
 1195 010f 13       		.uleb128 0x13
ARM GAS  C:\Users\z80\AppData\Local\Temp\ccJymUGh.s 			page 22


 1196 0110 02       		.uleb128 0x2
 1197 0111 0A       		.uleb128 0xa
 1198 0112 00       		.byte	0
 1199 0113 00       		.byte	0
 1200 0114 15       		.uleb128 0x15
 1201 0115 01       		.uleb128 0x1
 1202 0116 01       		.byte	0x1
 1203 0117 49       		.uleb128 0x49
 1204 0118 13       		.uleb128 0x13
 1205 0119 01       		.uleb128 0x1
 1206 011a 13       		.uleb128 0x13
 1207 011b 00       		.byte	0
 1208 011c 00       		.byte	0
 1209 011d 16       		.uleb128 0x16
 1210 011e 21       		.uleb128 0x21
 1211 011f 00       		.byte	0
 1212 0120 49       		.uleb128 0x49
 1213 0121 13       		.uleb128 0x13
 1214 0122 2F       		.uleb128 0x2f
 1215 0123 0B       		.uleb128 0xb
 1216 0124 00       		.byte	0
 1217 0125 00       		.byte	0
 1218 0126 17       		.uleb128 0x17
 1219 0127 34       		.uleb128 0x34
 1220 0128 00       		.byte	0
 1221 0129 03       		.uleb128 0x3
 1222 012a 0E       		.uleb128 0xe
 1223 012b 3A       		.uleb128 0x3a
 1224 012c 0B       		.uleb128 0xb
 1225 012d 3B       		.uleb128 0x3b
 1226 012e 05       		.uleb128 0x5
 1227 012f 49       		.uleb128 0x49
 1228 0130 13       		.uleb128 0x13
 1229 0131 3F       		.uleb128 0x3f
 1230 0132 0C       		.uleb128 0xc
 1231 0133 3C       		.uleb128 0x3c
 1232 0134 0C       		.uleb128 0xc
 1233 0135 00       		.byte	0
 1234 0136 00       		.byte	0
 1235 0137 00       		.byte	0
 1236              		.section	.debug_loc,"",%progbits
 1237              	.Ldebug_loc0:
 1238              	.LLST0:
 1239 0000 00000000 		.4byte	.LFB62
 1240 0004 0A000000 		.4byte	.LCFI0
 1241 0008 0200     		.2byte	0x2
 1242 000a 7D       		.byte	0x7d
 1243 000b 00       		.sleb128 0
 1244 000c 0A000000 		.4byte	.LCFI0
 1245 0010 86000000 		.4byte	.LFE62
 1246 0014 0200     		.2byte	0x2
 1247 0016 7D       		.byte	0x7d
 1248 0017 04       		.sleb128 4
 1249 0018 00000000 		.4byte	0
 1250 001c 00000000 		.4byte	0
 1251              	.LLST1:
 1252 0020 00000000 		.4byte	.LFB63
ARM GAS  C:\Users\z80\AppData\Local\Temp\ccJymUGh.s 			page 23


 1253 0024 04000000 		.4byte	.LCFI1
 1254 0028 0200     		.2byte	0x2
 1255 002a 7D       		.byte	0x7d
 1256 002b 00       		.sleb128 0
 1257 002c 04000000 		.4byte	.LCFI1
 1258 0030 50010000 		.4byte	.LFE63
 1259 0034 0200     		.2byte	0x2
 1260 0036 7D       		.byte	0x7d
 1261 0037 10       		.sleb128 16
 1262 0038 00000000 		.4byte	0
 1263 003c 00000000 		.4byte	0
 1264              	.LLST2:
 1265 0040 00000000 		.4byte	.LVL1
 1266 0044 36000000 		.4byte	.LVL8
 1267 0048 0100     		.2byte	0x1
 1268 004a 51       		.byte	0x51
 1269 004b 36000000 		.4byte	.LVL8
 1270 004f 5C000000 		.4byte	.LVL16
 1271 0053 0100     		.2byte	0x1
 1272 0055 53       		.byte	0x53
 1273 0056 5C000000 		.4byte	.LVL16
 1274 005a 1A010000 		.4byte	.LVL58
 1275 005e 0100     		.2byte	0x1
 1276 0060 52       		.byte	0x52
 1277 0061 1A010000 		.4byte	.LVL58
 1278 0065 3E010000 		.4byte	.LVL66
 1279 0069 0100     		.2byte	0x1
 1280 006b 53       		.byte	0x53
 1281 006c 00000000 		.4byte	0
 1282 0070 00000000 		.4byte	0
 1283              	.LLST3:
 1284 0074 00000000 		.4byte	.LVL1
 1285 0078 2E000000 		.4byte	.LVL5
 1286 007c 0100     		.2byte	0x1
 1287 007e 52       		.byte	0x52
 1288 007f 00000000 		.4byte	0
 1289 0083 00000000 		.4byte	0
 1290              	.LLST4:
 1291 0087 1C000000 		.4byte	.LVL2
 1292 008b 34000000 		.4byte	.LVL7
 1293 008f 0200     		.2byte	0x2
 1294 0091 30       		.byte	0x30
 1295 0092 9F       		.byte	0x9f
 1296 0093 34000000 		.4byte	.LVL7
 1297 0097 3C000000 		.4byte	.LVL10
 1298 009b 0100     		.2byte	0x1
 1299 009d 55       		.byte	0x55
 1300 009e 3C000000 		.4byte	.LVL10
 1301 00a2 5E000000 		.4byte	.LVL17
 1302 00a6 0100     		.2byte	0x1
 1303 00a8 56       		.byte	0x56
 1304 00a9 60000000 		.4byte	.LVL18
 1305 00ad 7C000000 		.4byte	.LVL23
 1306 00b1 0100     		.2byte	0x1
 1307 00b3 56       		.byte	0x56
 1308 00b4 80000000 		.4byte	.LVL24
 1309 00b8 88000000 		.4byte	.LVL28
ARM GAS  C:\Users\z80\AppData\Local\Temp\ccJymUGh.s 			page 24


 1310 00bc 0100     		.2byte	0x1
 1311 00be 56       		.byte	0x56
 1312 00bf 88000000 		.4byte	.LVL28
 1313 00c3 AE000000 		.4byte	.LVL36
 1314 00c7 0100     		.2byte	0x1
 1315 00c9 53       		.byte	0x53
 1316 00ca B0000000 		.4byte	.LVL37
 1317 00ce 40010000 		.4byte	.LVL67
 1318 00d2 0100     		.2byte	0x1
 1319 00d4 56       		.byte	0x56
 1320 00d5 00000000 		.4byte	0
 1321 00d9 00000000 		.4byte	0
 1322              	.LLST5:
 1323 00dd 1C000000 		.4byte	.LVL2
 1324 00e1 28000000 		.4byte	.LVL4
 1325 00e5 0200     		.2byte	0x2
 1326 00e7 30       		.byte	0x30
 1327 00e8 9F       		.byte	0x9f
 1328 00e9 28000000 		.4byte	.LVL4
 1329 00ed 38000000 		.4byte	.LVL9
 1330 00f1 0100     		.2byte	0x1
 1331 00f3 56       		.byte	0x56
 1332 00f4 38000000 		.4byte	.LVL9
 1333 00f8 48000000 		.4byte	.LVL12
 1334 00fc 0100     		.2byte	0x1
 1335 00fe 54       		.byte	0x54
 1336 00ff 4C000000 		.4byte	.LVL13
 1337 0103 60000000 		.4byte	.LVL18
 1338 0107 0100     		.2byte	0x1
 1339 0109 54       		.byte	0x54
 1340 010a 60000000 		.4byte	.LVL18
 1341 010e 6E000000 		.4byte	.LVL21
 1342 0112 0100     		.2byte	0x1
 1343 0114 53       		.byte	0x53
 1344 0115 6E000000 		.4byte	.LVL21
 1345 0119 72000000 		.4byte	.LVL22
 1346 011d 0500     		.2byte	0x5
 1347 011f 74       		.byte	0x74
 1348 0120 00       		.sleb128 0
 1349 0121 34       		.byte	0x34
 1350 0122 24       		.byte	0x24
 1351 0123 9F       		.byte	0x9f
 1352 0124 72000000 		.4byte	.LVL22
 1353 0128 84000000 		.4byte	.LVL26
 1354 012c 0100     		.2byte	0x1
 1355 012e 53       		.byte	0x53
 1356 012f 84000000 		.4byte	.LVL26
 1357 0133 48010000 		.4byte	.LVL69
 1358 0137 0100     		.2byte	0x1
 1359 0139 54       		.byte	0x54
 1360 013a 00000000 		.4byte	0
 1361 013e 00000000 		.4byte	0
 1362              	.LLST6:
 1363 0142 1C000000 		.4byte	.LVL2
 1364 0146 32000000 		.4byte	.LVL6
 1365 014a 0200     		.2byte	0x2
 1366 014c 30       		.byte	0x30
ARM GAS  C:\Users\z80\AppData\Local\Temp\ccJymUGh.s 			page 25


 1367 014d 9F       		.byte	0x9f
 1368 014e 32000000 		.4byte	.LVL6
 1369 0152 3E000000 		.4byte	.LVL11
 1370 0156 0100     		.2byte	0x1
 1371 0158 52       		.byte	0x52
 1372 0159 3E000000 		.4byte	.LVL11
 1373 015d AC000000 		.4byte	.LVL35
 1374 0161 0100     		.2byte	0x1
 1375 0163 55       		.byte	0x55
 1376 0164 B0000000 		.4byte	.LVL37
 1377 0168 D6000000 		.4byte	.LVL45
 1378 016c 0100     		.2byte	0x1
 1379 016e 55       		.byte	0x55
 1380 016f D6000000 		.4byte	.LVL45
 1381 0173 FC000000 		.4byte	.LVL53
 1382 0177 0100     		.2byte	0x1
 1383 0179 53       		.byte	0x53
 1384 017a FC000000 		.4byte	.LVL53
 1385 017e 42010000 		.4byte	.LVL68
 1386 0182 0100     		.2byte	0x1
 1387 0184 55       		.byte	0x55
 1388 0185 00000000 		.4byte	0
 1389 0189 00000000 		.4byte	0
 1390              	.LLST7:
 1391 018d 1C000000 		.4byte	.LVL2
 1392 0191 26000000 		.4byte	.LVL3
 1393 0195 0200     		.2byte	0x2
 1394 0197 30       		.byte	0x30
 1395 0198 9F       		.byte	0x9f
 1396 0199 26000000 		.4byte	.LVL3
 1397 019d 3C000000 		.4byte	.LVL10
 1398 01a1 0100     		.2byte	0x1
 1399 01a3 57       		.byte	0x57
 1400 01a4 3C000000 		.4byte	.LVL10
 1401 01a8 86000000 		.4byte	.LVL27
 1402 01ac 0100     		.2byte	0x1
 1403 01ae 51       		.byte	0x51
 1404 01af 88000000 		.4byte	.LVL28
 1405 01b3 B0000000 		.4byte	.LVL37
 1406 01b7 0100     		.2byte	0x1
 1407 01b9 51       		.byte	0x51
 1408 01ba B0000000 		.4byte	.LVL37
 1409 01be D4000000 		.4byte	.LVL44
 1410 01c2 0100     		.2byte	0x1
 1411 01c4 53       		.byte	0x53
 1412 01c5 D6000000 		.4byte	.LVL45
 1413 01c9 4A010000 		.4byte	.LVL70
 1414 01cd 0100     		.2byte	0x1
 1415 01cf 51       		.byte	0x51
 1416 01d0 00000000 		.4byte	0
 1417 01d4 00000000 		.4byte	0
 1418              	.LLST8:
 1419 01d8 1C000000 		.4byte	.LVL2
 1420 01dc 36000000 		.4byte	.LVL8
 1421 01e0 0200     		.2byte	0x2
 1422 01e2 30       		.byte	0x30
 1423 01e3 9F       		.byte	0x9f
ARM GAS  C:\Users\z80\AppData\Local\Temp\ccJymUGh.s 			page 26


 1424 01e4 36000000 		.4byte	.LVL8
 1425 01e8 5C000000 		.4byte	.LVL16
 1426 01ec 0200     		.2byte	0x2
 1427 01ee 31       		.byte	0x31
 1428 01ef 9F       		.byte	0x9f
 1429 01f0 5C000000 		.4byte	.LVL16
 1430 01f4 82000000 		.4byte	.LVL25
 1431 01f8 0200     		.2byte	0x2
 1432 01fa 32       		.byte	0x32
 1433 01fb 9F       		.byte	0x9f
 1434 01fc 82000000 		.4byte	.LVL25
 1435 0200 A8000000 		.4byte	.LVL34
 1436 0204 0200     		.2byte	0x2
 1437 0206 33       		.byte	0x33
 1438 0207 9F       		.byte	0x9f
 1439 0208 A8000000 		.4byte	.LVL34
 1440 020c CE000000 		.4byte	.LVL42
 1441 0210 0200     		.2byte	0x2
 1442 0212 34       		.byte	0x34
 1443 0213 9F       		.byte	0x9f
 1444 0214 CE000000 		.4byte	.LVL42
 1445 0218 F4000000 		.4byte	.LVL50
 1446 021c 0200     		.2byte	0x2
 1447 021e 35       		.byte	0x35
 1448 021f 9F       		.byte	0x9f
 1449 0220 F4000000 		.4byte	.LVL50
 1450 0224 1A010000 		.4byte	.LVL58
 1451 0228 0200     		.2byte	0x2
 1452 022a 36       		.byte	0x36
 1453 022b 9F       		.byte	0x9f
 1454 022c 1A010000 		.4byte	.LVL58
 1455 0230 3E010000 		.4byte	.LVL66
 1456 0234 0200     		.2byte	0x2
 1457 0236 37       		.byte	0x37
 1458 0237 9F       		.byte	0x9f
 1459 0238 3E010000 		.4byte	.LVL66
 1460 023c 50010000 		.4byte	.LFE63
 1461 0240 0200     		.2byte	0x2
 1462 0242 38       		.byte	0x38
 1463 0243 9F       		.byte	0x9f
 1464 0244 00000000 		.4byte	0
 1465 0248 00000000 		.4byte	0
 1466              		.section	.debug_aranges,"",%progbits
 1467 0000 24000000 		.4byte	0x24
 1468 0004 0200     		.2byte	0x2
 1469 0006 00000000 		.4byte	.Ldebug_info0
 1470 000a 04       		.byte	0x4
 1471 000b 00       		.byte	0
 1472 000c 0000     		.2byte	0
 1473 000e 0000     		.2byte	0
 1474 0010 00000000 		.4byte	.LFB62
 1475 0014 86000000 		.4byte	.LFE62-.LFB62
 1476 0018 00000000 		.4byte	.LFB63
 1477 001c 50010000 		.4byte	.LFE63-.LFB63
 1478 0020 00000000 		.4byte	0
 1479 0024 00000000 		.4byte	0
 1480              		.section	.debug_ranges,"",%progbits
ARM GAS  C:\Users\z80\AppData\Local\Temp\ccJymUGh.s 			page 27


 1481              	.Ldebug_ranges0:
 1482 0000 00000000 		.4byte	.LFB62
 1483 0004 86000000 		.4byte	.LFE62
 1484 0008 00000000 		.4byte	.LFB63
 1485 000c 50010000 		.4byte	.LFE63
 1486 0010 00000000 		.4byte	0
 1487 0014 00000000 		.4byte	0
 1488              		.section	.debug_line,"",%progbits
 1489              	.Ldebug_line0:
 1490 0000 1B020000 		.section	.debug_str,"MS",%progbits,1
 1490      02005001 
 1490      00000201 
 1490      FB0E0D00 
 1490      01010101 
 1491              	.LASF10:
 1492 0000 6C6F6E67 		.ascii	"long long int\000"
 1492      206C6F6E 
 1492      6720696E 
 1492      7400
 1493              	.LASF22:
 1494 000e 42444352 		.ascii	"BDCR\000"
 1494      00
 1495              	.LASF28:
 1496 0013 50444461 		.ascii	"PDData\000"
 1496      746100
 1497              	.LASF34:
 1498 001a 5F70616C 		.ascii	"_pal_lld_init\000"
 1498      5F6C6C64 
 1498      5F696E69 
 1498      7400
 1499              	.LASF13:
 1500 0028 42535252 		.ascii	"BSRR\000"
 1500      00
 1501              	.LASF19:
 1502 002d 41484245 		.ascii	"AHBENR\000"
 1502      4E5200
 1503              	.LASF0:
 1504 0034 756E7369 		.ascii	"unsigned int\000"
 1504      676E6564 
 1504      20696E74 
 1504      00
 1505              	.LASF43:
 1506 0041 433A5C70 		.ascii	"C:\\projects\\digitizer.git\\firmware\\digitizer\000"
 1506      726F6A65 
 1506      6374735C 
 1506      64696769 
 1506      74697A65 
 1507              	.LASF31:
 1508 006e 696F706F 		.ascii	"ioportmask_t\000"
 1508      72746D61 
 1508      736B5F74 
 1508      00
 1509              	.LASF32:
 1510 007b 696F6D6F 		.ascii	"iomode_t\000"
 1510      64655F74 
 1510      00
 1511              	.LASF18:
ARM GAS  C:\Users\z80\AppData\Local\Temp\ccJymUGh.s 			page 28


 1512 0084 41504231 		.ascii	"APB1RSTR\000"
 1512      52535452 
 1512      00
 1513              	.LASF29:
 1514 008d 50454461 		.ascii	"PEData\000"
 1514      746100
 1515              	.LASF2:
 1516 0094 756E7369 		.ascii	"unsigned char\000"
 1516      676E6564 
 1516      20636861 
 1516      7200
 1517              	.LASF24:
 1518 00a2 73746D33 		.ascii	"stm32_gpio_setup_t\000"
 1518      325F6770 
 1518      696F5F73 
 1518      65747570 
 1518      5F7400
 1519              	.LASF25:
 1520 00b5 50414461 		.ascii	"PAData\000"
 1520      746100
 1521              	.LASF40:
 1522 00bc 63666774 		.ascii	"cfgtab\000"
 1522      616200
 1523              	.LASF9:
 1524 00c3 6C6F6E67 		.ascii	"long unsigned int\000"
 1524      20756E73 
 1524      69676E65 
 1524      6420696E 
 1524      7400
 1525              	.LASF4:
 1526 00d5 73686F72 		.ascii	"short unsigned int\000"
 1526      7420756E 
 1526      7369676E 
 1526      65642069 
 1526      6E7400
 1527              	.LASF44:
 1528 00e8 49544D5F 		.ascii	"ITM_RxBuffer\000"
 1528      52784275 
 1528      66666572 
 1528      00
 1529              	.LASF41:
 1530 00f5 474E5520 		.ascii	"GNU C 4.6.3\000"
 1530      4320342E 
 1530      362E3300 
 1531              	.LASF36:
 1532 0101 636F6E66 		.ascii	"config\000"
 1532      696700
 1533              	.LASF30:
 1534 0108 50414C43 		.ascii	"PALConfig\000"
 1534      6F6E6669 
 1534      6700
 1535              	.LASF21:
 1536 0112 41504231 		.ascii	"APB1ENR\000"
 1536      454E5200 
 1537              	.LASF17:
 1538 011a 41504232 		.ascii	"APB2RSTR\000"
 1538      52535452 
ARM GAS  C:\Users\z80\AppData\Local\Temp\ccJymUGh.s 			page 29


 1538      00
 1539              	.LASF35:
 1540 0123 5F70616C 		.ascii	"_pal_lld_setgroupmode\000"
 1540      5F6C6C64 
 1540      5F736574 
 1540      67726F75 
 1540      706D6F64 
 1541              	.LASF26:
 1542 0139 50424461 		.ascii	"PBData\000"
 1542      746100
 1543              	.LASF12:
 1544 0140 63686172 		.ascii	"char\000"
 1544      00
 1545              	.LASF5:
 1546 0145 75696E74 		.ascii	"uint8_t\000"
 1546      385F7400 
 1547              	.LASF39:
 1548 014d 6D6F6465 		.ascii	"mode\000"
 1548      00
 1549              	.LASF16:
 1550 0152 43464752 		.ascii	"CFGR\000"
 1550      00
 1551              	.LASF6:
 1552 0157 696E7433 		.ascii	"int32_t\000"
 1552      325F7400 
 1553              	.LASF20:
 1554 015f 41504232 		.ascii	"APB2ENR\000"
 1554      454E5200 
 1555              	.LASF42:
 1556 0167 2E2E2F63 		.ascii	"../chibios_2.4.x/os/hal/platforms/STM32/GPIOv1/pal_"
 1556      68696269 
 1556      6F735F32 
 1556      2E342E78 
 1556      2F6F732F 
 1557 019a 6C6C642E 		.ascii	"lld.c\000"
 1557      6300
 1558              	.LASF38:
 1559 01a0 6D61736B 		.ascii	"mask\000"
 1559      00
 1560              	.LASF37:
 1561 01a5 706F7274 		.ascii	"port\000"
 1561      00
 1562              	.LASF3:
 1563 01aa 73686F72 		.ascii	"short int\000"
 1563      7420696E 
 1563      7400
 1564              	.LASF27:
 1565 01b4 50434461 		.ascii	"PCData\000"
 1565      746100
 1566              	.LASF33:
 1567 01bb 696F706F 		.ascii	"ioportid_t\000"
 1567      72746964 
 1567      5F7400
 1568              	.LASF23:
 1569 01c6 5243435F 		.ascii	"RCC_TypeDef\000"
 1569      54797065 
 1569      44656600 
ARM GAS  C:\Users\z80\AppData\Local\Temp\ccJymUGh.s 			page 30


 1570              	.LASF8:
 1571 01d2 75696E74 		.ascii	"uint32_t\000"
 1571      33325F74 
 1571      00
 1572              	.LASF7:
 1573 01db 6C6F6E67 		.ascii	"long int\000"
 1573      20696E74 
 1573      00
 1574              	.LASF15:
 1575 01e4 4750494F 		.ascii	"GPIO_TypeDef\000"
 1575      5F547970 
 1575      65446566 
 1575      00
 1576              	.LASF1:
 1577 01f1 7369676E 		.ascii	"signed char\000"
 1577      65642063 
 1577      68617200 
 1578              	.LASF11:
 1579 01fd 6C6F6E67 		.ascii	"long long unsigned int\000"
 1579      206C6F6E 
 1579      6720756E 
 1579      7369676E 
 1579      65642069 
 1580              	.LASF14:
 1581 0214 4C434B52 		.ascii	"LCKR\000"
 1581      00
 1582              		.ident	"GCC: (Sourcery CodeBench Lite 2012.03-56) 4.6.3"
ARM GAS  C:\Users\z80\AppData\Local\Temp\ccJymUGh.s 			page 31


DEFINED SYMBOLS
                            *ABS*:00000000 pal_lld.c
C:\Users\z80\AppData\Local\Temp\ccJymUGh.s:19     .text._pal_lld_init:00000000 $t
C:\Users\z80\AppData\Local\Temp\ccJymUGh.s:25     .text._pal_lld_init:00000000 _pal_lld_init
C:\Users\z80\AppData\Local\Temp\ccJymUGh.s:126    .text._pal_lld_setgroupmode:00000000 $t
C:\Users\z80\AppData\Local\Temp\ccJymUGh.s:132    .text._pal_lld_setgroupmode:00000000 _pal_lld_setgroupmode
C:\Users\z80\AppData\Local\Temp\ccJymUGh.s:439    .rodata.cfgtab.6060:00000000 .LANCHOR0
C:\Users\z80\AppData\Local\Temp\ccJymUGh.s:438    .rodata.cfgtab.6060:00000000 $d
C:\Users\z80\AppData\Local\Temp\ccJymUGh.s:442    .rodata.cfgtab.6060:00000000 cfgtab.6060
                     .debug_frame:00000010 $d

NO UNDEFINED SYMBOLS
