ARM GAS  /tmp/ccjlf1QH.s 			page 1


   1              		.syntax unified
   2              		.cpu cortex-m3
   3              		.fpu softvfp
   4              		.eabi_attribute 20, 1
   5              		.eabi_attribute 21, 1
   6              		.eabi_attribute 23, 3
   7              		.eabi_attribute 24, 1
   8              		.eabi_attribute 25, 1
   9              		.eabi_attribute 26, 1
  10              		.eabi_attribute 30, 6
  11              		.eabi_attribute 18, 4
  12              		.thumb
  13              		.file	"vectors.c"
  14              		.section	.debug_abbrev,"",%progbits
  15              	.Ldebug_abbrev0:
  16              		.section	.debug_info,"",%progbits
  17              	.Ldebug_info0:
  18              		.section	.debug_line,"",%progbits
  19              	.Ldebug_line0:
  20 0000 6A000000 		.text
  20      02004F00 
  20      00000201 
  20      FB0E0D00 
  20      01010101 
  21              	.Ltext0:
  22              		.cfi_sections	.debug_frame
  23              		.global	_vectors
  24              		.section	vectors,"aw",%progbits
  25              		.align	2
  26              		.type	_vectors, %object
  27              		.size	_vectors, 236
  28              	_vectors:
  29 0000 00000000 		.word	__main_stack_end__
  30 0004 00000000 		.word	ResetHandler
  31 0008 00000000 		.word	NMIVector
  32 000c 00000000 		.word	HardFaultVector
  33 0010 00000000 		.word	MemManageVector
  34 0014 00000000 		.word	BusFaultVector
  35 0018 00000000 		.word	UsageFaultVector
  36 001c 00000000 		.word	Vector1C
  37 0020 00000000 		.word	Vector20
  38 0024 00000000 		.word	Vector24
  39 0028 00000000 		.word	Vector28
  40 002c 00000000 		.word	SVCallVector
  41 0030 00000000 		.word	DebugMonitorVector
  42 0034 00000000 		.word	Vector34
  43 0038 00000000 		.word	PendSVVector
  44 003c 00000000 		.word	SysTickVector
  45 0040 00000000 		.word	Vector40
  46 0044 00000000 		.word	Vector44
  47 0048 00000000 		.word	Vector48
  48 004c 00000000 		.word	Vector4C
  49 0050 00000000 		.word	Vector50
  50 0054 00000000 		.word	Vector54
  51 0058 00000000 		.word	Vector58
  52 005c 00000000 		.word	Vector5C
  53 0060 00000000 		.word	Vector60
ARM GAS  /tmp/ccjlf1QH.s 			page 2


  54 0064 00000000 		.word	Vector64
  55 0068 00000000 		.word	Vector68
  56 006c 00000000 		.word	Vector6C
  57 0070 00000000 		.word	Vector70
  58 0074 00000000 		.word	Vector74
  59 0078 00000000 		.word	Vector78
  60 007c 00000000 		.word	Vector7C
  61 0080 00000000 		.word	Vector80
  62 0084 00000000 		.word	Vector84
  63 0088 00000000 		.word	Vector88
  64 008c 00000000 		.word	Vector8C
  65 0090 00000000 		.word	Vector90
  66 0094 00000000 		.word	Vector94
  67 0098 00000000 		.word	Vector98
  68 009c 00000000 		.word	Vector9C
  69 00a0 00000000 		.word	VectorA0
  70 00a4 00000000 		.word	VectorA4
  71 00a8 00000000 		.word	VectorA8
  72 00ac 00000000 		.word	VectorAC
  73 00b0 00000000 		.word	VectorB0
  74 00b4 00000000 		.word	VectorB4
  75 00b8 00000000 		.word	VectorB8
  76 00bc 00000000 		.word	VectorBC
  77 00c0 00000000 		.word	VectorC0
  78 00c4 00000000 		.word	VectorC4
  79 00c8 00000000 		.word	VectorC8
  80 00cc 00000000 		.word	VectorCC
  81 00d0 00000000 		.word	VectorD0
  82 00d4 00000000 		.word	VectorD4
  83 00d8 00000000 		.word	VectorD8
  84 00dc 00000000 		.word	VectorDC
  85 00e0 00000000 		.word	VectorE0
  86 00e4 00000000 		.word	VectorE4
  87 00e8 00000000 		.word	VectorE8
  88              		.section	.text._unhandled_exception,"ax",%progbits
  89              		.align	2
  90              		.p2align 4,,15
  91              		.global	_unhandled_exception
  92              		.thumb
  93              		.thumb_func
  94              		.type	_unhandled_exception, %function
  95              	_unhandled_exception:
  96              	.LFB7:
  97              		.file 1 "../chibios_2.4.x/os/ports/GCC/ARMCMx/STM32F1xx/vectors.c"
  98              		.loc 1 201 0
  99              		.cfi_startproc
 100              		@ Naked Function: prologue and epilogue provided by programmer.
 101              		@ args = 0, pretend = 0, frame = 0
 102              		@ frame_needed = 0, uses_anonymous_args = 0
 103              	.L2:
 104              		.loc 1 204 0 discriminator 1
 105 0000 FEE7     		b	.L2
 106              		.cfi_endproc
 107              	.LFE7:
 108              		.size	_unhandled_exception, .-_unhandled_exception
 109              		.weak	NMIVector
 110              		.thumb_set NMIVector,_unhandled_exception
ARM GAS  /tmp/ccjlf1QH.s 			page 3


 111              		.weak	HardFaultVector
 112              		.thumb_set HardFaultVector,_unhandled_exception
 113              		.weak	MemManageVector
 114              		.thumb_set MemManageVector,_unhandled_exception
 115              		.weak	BusFaultVector
 116              		.thumb_set BusFaultVector,_unhandled_exception
 117              		.weak	UsageFaultVector
 118              		.thumb_set UsageFaultVector,_unhandled_exception
 119              		.weak	Vector1C
 120              		.thumb_set Vector1C,_unhandled_exception
 121              		.weak	Vector20
 122              		.thumb_set Vector20,_unhandled_exception
 123              		.weak	Vector24
 124              		.thumb_set Vector24,_unhandled_exception
 125              		.weak	Vector28
 126              		.thumb_set Vector28,_unhandled_exception
 127              		.weak	SVCallVector
 128              		.thumb_set SVCallVector,_unhandled_exception
 129              		.weak	DebugMonitorVector
 130              		.thumb_set DebugMonitorVector,_unhandled_exception
 131              		.weak	Vector34
 132              		.thumb_set Vector34,_unhandled_exception
 133              		.weak	PendSVVector
 134              		.thumb_set PendSVVector,_unhandled_exception
 135              		.weak	SysTickVector
 136              		.thumb_set SysTickVector,_unhandled_exception
 137              		.weak	Vector40
 138              		.thumb_set Vector40,_unhandled_exception
 139              		.weak	Vector44
 140              		.thumb_set Vector44,_unhandled_exception
 141              		.weak	Vector48
 142              		.thumb_set Vector48,_unhandled_exception
 143              		.weak	Vector4C
 144              		.thumb_set Vector4C,_unhandled_exception
 145              		.weak	Vector50
 146              		.thumb_set Vector50,_unhandled_exception
 147              		.weak	Vector54
 148              		.thumb_set Vector54,_unhandled_exception
 149              		.weak	Vector58
 150              		.thumb_set Vector58,_unhandled_exception
 151              		.weak	Vector5C
 152              		.thumb_set Vector5C,_unhandled_exception
 153              		.weak	Vector60
 154              		.thumb_set Vector60,_unhandled_exception
 155              		.weak	Vector64
 156              		.thumb_set Vector64,_unhandled_exception
 157              		.weak	Vector68
 158              		.thumb_set Vector68,_unhandled_exception
 159              		.weak	Vector6C
 160              		.thumb_set Vector6C,_unhandled_exception
 161              		.weak	Vector70
 162              		.thumb_set Vector70,_unhandled_exception
 163              		.weak	Vector74
 164              		.thumb_set Vector74,_unhandled_exception
 165              		.weak	Vector78
 166              		.thumb_set Vector78,_unhandled_exception
 167              		.weak	Vector7C
ARM GAS  /tmp/ccjlf1QH.s 			page 4


 168              		.thumb_set Vector7C,_unhandled_exception
 169              		.weak	Vector80
 170              		.thumb_set Vector80,_unhandled_exception
 171              		.weak	Vector84
 172              		.thumb_set Vector84,_unhandled_exception
 173              		.weak	Vector88
 174              		.thumb_set Vector88,_unhandled_exception
 175              		.weak	Vector8C
 176              		.thumb_set Vector8C,_unhandled_exception
 177              		.weak	Vector90
 178              		.thumb_set Vector90,_unhandled_exception
 179              		.weak	Vector94
 180              		.thumb_set Vector94,_unhandled_exception
 181              		.weak	Vector98
 182              		.thumb_set Vector98,_unhandled_exception
 183              		.weak	Vector9C
 184              		.thumb_set Vector9C,_unhandled_exception
 185              		.weak	VectorA0
 186              		.thumb_set VectorA0,_unhandled_exception
 187              		.weak	VectorA4
 188              		.thumb_set VectorA4,_unhandled_exception
 189              		.weak	VectorA8
 190              		.thumb_set VectorA8,_unhandled_exception
 191              		.weak	VectorAC
 192              		.thumb_set VectorAC,_unhandled_exception
 193              		.weak	VectorB0
 194              		.thumb_set VectorB0,_unhandled_exception
 195              		.weak	VectorB4
 196              		.thumb_set VectorB4,_unhandled_exception
 197              		.weak	VectorB8
 198              		.thumb_set VectorB8,_unhandled_exception
 199              		.weak	VectorBC
 200              		.thumb_set VectorBC,_unhandled_exception
 201              		.weak	VectorC0
 202              		.thumb_set VectorC0,_unhandled_exception
 203              		.weak	VectorC4
 204              		.thumb_set VectorC4,_unhandled_exception
 205              		.weak	VectorC8
 206              		.thumb_set VectorC8,_unhandled_exception
 207              		.weak	VectorCC
 208              		.thumb_set VectorCC,_unhandled_exception
 209              		.weak	VectorD0
 210              		.thumb_set VectorD0,_unhandled_exception
 211              		.weak	VectorD4
 212              		.thumb_set VectorD4,_unhandled_exception
 213              		.weak	VectorD8
 214              		.thumb_set VectorD8,_unhandled_exception
 215              		.weak	VectorDC
 216              		.thumb_set VectorDC,_unhandled_exception
 217              		.weak	VectorE0
 218              		.thumb_set VectorE0,_unhandled_exception
 219              		.weak	VectorE4
 220              		.thumb_set VectorE4,_unhandled_exception
 221              		.weak	VectorE8
 222              		.thumb_set VectorE8,_unhandled_exception
 223 0002 00BFAFF3 		.text
 223      0080AFF3 
ARM GAS  /tmp/ccjlf1QH.s 			page 5


 223      0080AFF3 
 223      0080
 224              	.Letext0:
 225              		.section	.debug_info
 226 0000 B1000000 		.4byte	0xb1
 227 0004 0200     		.2byte	0x2
 228 0006 00000000 		.4byte	.Ldebug_abbrev0
 229 000a 04       		.byte	0x4
 230 000b 01       		.uleb128 0x1
 231 000c 0E000000 		.4byte	.LASF10
 232 0010 01       		.byte	0x1
 233 0011 97000000 		.4byte	.LASF11
 234 0015 27000000 		.4byte	.LASF12
 235 0019 00000000 		.4byte	0x0
 236 001d 00000000 		.4byte	0x0
 237 0021 00000000 		.4byte	.Ldebug_ranges0+0x0
 238 0025 00000000 		.4byte	.Ldebug_line0
 239 0029 02       		.uleb128 0x2
 240 002a 04       		.byte	0x4
 241 002b 05       		.byte	0x5
 242 002c 696E7400 		.ascii	"int\000"
 243 0030 03       		.uleb128 0x3
 244 0031 04       		.byte	0x4
 245 0032 07       		.byte	0x7
 246 0033 1A000000 		.4byte	.LASF0
 247 0037 03       		.uleb128 0x3
 248 0038 01       		.byte	0x1
 249 0039 06       		.byte	0x6
 250 003a F5000000 		.4byte	.LASF1
 251 003e 03       		.uleb128 0x3
 252 003f 01       		.byte	0x1
 253 0040 08       		.byte	0x8
 254 0041 84000000 		.4byte	.LASF2
 255 0045 03       		.uleb128 0x3
 256 0046 02       		.byte	0x2
 257 0047 05       		.byte	0x5
 258 0048 16010000 		.4byte	.LASF3
 259 004c 03       		.uleb128 0x3
 260 004d 02       		.byte	0x2
 261 004e 07       		.byte	0x7
 262 004f E2000000 		.4byte	.LASF4
 263 0053 03       		.uleb128 0x3
 264 0054 04       		.byte	0x4
 265 0055 05       		.byte	0x5
 266 0056 D0000000 		.4byte	.LASF5
 267 005a 03       		.uleb128 0x3
 268 005b 04       		.byte	0x4
 269 005c 07       		.byte	0x7
 270 005d 5B000000 		.4byte	.LASF6
 271 0061 03       		.uleb128 0x3
 272 0062 08       		.byte	0x8
 273 0063 05       		.byte	0x5
 274 0064 00000000 		.4byte	.LASF7
 275 0068 03       		.uleb128 0x3
 276 0069 08       		.byte	0x8
 277 006a 07       		.byte	0x7
 278 006b 6D000000 		.4byte	.LASF8
ARM GAS  /tmp/ccjlf1QH.s 			page 6


 279 006f 03       		.uleb128 0x3
 280 0070 01       		.byte	0x1
 281 0071 08       		.byte	0x8
 282 0072 92000000 		.4byte	.LASF9
 283 0076 04       		.uleb128 0x4
 284 0077 01       		.byte	0x1
 285 0078 01010000 		.4byte	.LASF13
 286 007c 01       		.byte	0x1
 287 007d C9       		.byte	0xc9
 288 007e 01       		.byte	0x1
 289 007f 00000000 		.4byte	.LFB7
 290 0083 02000000 		.4byte	.LFE7
 291 0087 02       		.byte	0x2
 292 0088 7D       		.byte	0x7d
 293 0089 00       		.sleb128 0
 294 008a 05       		.uleb128 0x5
 295 008b 9C000000 		.4byte	0x9c
 296 008f 9A000000 		.4byte	0x9a
 297 0093 06       		.uleb128 0x6
 298 0094 30000000 		.4byte	0x30
 299 0098 3A       		.byte	0x3a
 300 0099 00       		.byte	0x0
 301 009a 07       		.uleb128 0x7
 302 009b 01       		.byte	0x1
 303 009c 08       		.uleb128 0x8
 304 009d 04       		.byte	0x4
 305 009e 9A000000 		.4byte	0x9a
 306 00a2 09       		.uleb128 0x9
 307 00a3 D9000000 		.4byte	.LASF14
 308 00a7 01       		.byte	0x1
 309 00a8 9F       		.byte	0x9f
 310 00a9 8A000000 		.4byte	0x8a
 311 00ad 01       		.byte	0x1
 312 00ae 05       		.byte	0x5
 313 00af 03       		.byte	0x3
 314 00b0 00000000 		.4byte	_vectors
 315 00b4 00       		.byte	0x0
 316              		.section	.debug_abbrev
 317 0000 01       		.uleb128 0x1
 318 0001 11       		.uleb128 0x11
 319 0002 01       		.byte	0x1
 320 0003 25       		.uleb128 0x25
 321 0004 0E       		.uleb128 0xe
 322 0005 13       		.uleb128 0x13
 323 0006 0B       		.uleb128 0xb
 324 0007 03       		.uleb128 0x3
 325 0008 0E       		.uleb128 0xe
 326 0009 1B       		.uleb128 0x1b
 327 000a 0E       		.uleb128 0xe
 328 000b 11       		.uleb128 0x11
 329 000c 01       		.uleb128 0x1
 330 000d 52       		.uleb128 0x52
 331 000e 01       		.uleb128 0x1
 332 000f 55       		.uleb128 0x55
 333 0010 06       		.uleb128 0x6
 334 0011 10       		.uleb128 0x10
 335 0012 06       		.uleb128 0x6
ARM GAS  /tmp/ccjlf1QH.s 			page 7


 336 0013 00       		.byte	0x0
 337 0014 00       		.byte	0x0
 338 0015 02       		.uleb128 0x2
 339 0016 24       		.uleb128 0x24
 340 0017 00       		.byte	0x0
 341 0018 0B       		.uleb128 0xb
 342 0019 0B       		.uleb128 0xb
 343 001a 3E       		.uleb128 0x3e
 344 001b 0B       		.uleb128 0xb
 345 001c 03       		.uleb128 0x3
 346 001d 08       		.uleb128 0x8
 347 001e 00       		.byte	0x0
 348 001f 00       		.byte	0x0
 349 0020 03       		.uleb128 0x3
 350 0021 24       		.uleb128 0x24
 351 0022 00       		.byte	0x0
 352 0023 0B       		.uleb128 0xb
 353 0024 0B       		.uleb128 0xb
 354 0025 3E       		.uleb128 0x3e
 355 0026 0B       		.uleb128 0xb
 356 0027 03       		.uleb128 0x3
 357 0028 0E       		.uleb128 0xe
 358 0029 00       		.byte	0x0
 359 002a 00       		.byte	0x0
 360 002b 04       		.uleb128 0x4
 361 002c 2E       		.uleb128 0x2e
 362 002d 00       		.byte	0x0
 363 002e 3F       		.uleb128 0x3f
 364 002f 0C       		.uleb128 0xc
 365 0030 03       		.uleb128 0x3
 366 0031 0E       		.uleb128 0xe
 367 0032 3A       		.uleb128 0x3a
 368 0033 0B       		.uleb128 0xb
 369 0034 3B       		.uleb128 0x3b
 370 0035 0B       		.uleb128 0xb
 371 0036 27       		.uleb128 0x27
 372 0037 0C       		.uleb128 0xc
 373 0038 11       		.uleb128 0x11
 374 0039 01       		.uleb128 0x1
 375 003a 12       		.uleb128 0x12
 376 003b 01       		.uleb128 0x1
 377 003c 40       		.uleb128 0x40
 378 003d 0A       		.uleb128 0xa
 379 003e 00       		.byte	0x0
 380 003f 00       		.byte	0x0
 381 0040 05       		.uleb128 0x5
 382 0041 01       		.uleb128 0x1
 383 0042 01       		.byte	0x1
 384 0043 49       		.uleb128 0x49
 385 0044 13       		.uleb128 0x13
 386 0045 01       		.uleb128 0x1
 387 0046 13       		.uleb128 0x13
 388 0047 00       		.byte	0x0
 389 0048 00       		.byte	0x0
 390 0049 06       		.uleb128 0x6
 391 004a 21       		.uleb128 0x21
 392 004b 00       		.byte	0x0
ARM GAS  /tmp/ccjlf1QH.s 			page 8


 393 004c 49       		.uleb128 0x49
 394 004d 13       		.uleb128 0x13
 395 004e 2F       		.uleb128 0x2f
 396 004f 0B       		.uleb128 0xb
 397 0050 00       		.byte	0x0
 398 0051 00       		.byte	0x0
 399 0052 07       		.uleb128 0x7
 400 0053 15       		.uleb128 0x15
 401 0054 00       		.byte	0x0
 402 0055 27       		.uleb128 0x27
 403 0056 0C       		.uleb128 0xc
 404 0057 00       		.byte	0x0
 405 0058 00       		.byte	0x0
 406 0059 08       		.uleb128 0x8
 407 005a 0F       		.uleb128 0xf
 408 005b 00       		.byte	0x0
 409 005c 0B       		.uleb128 0xb
 410 005d 0B       		.uleb128 0xb
 411 005e 49       		.uleb128 0x49
 412 005f 13       		.uleb128 0x13
 413 0060 00       		.byte	0x0
 414 0061 00       		.byte	0x0
 415 0062 09       		.uleb128 0x9
 416 0063 34       		.uleb128 0x34
 417 0064 00       		.byte	0x0
 418 0065 03       		.uleb128 0x3
 419 0066 0E       		.uleb128 0xe
 420 0067 3A       		.uleb128 0x3a
 421 0068 0B       		.uleb128 0xb
 422 0069 3B       		.uleb128 0x3b
 423 006a 0B       		.uleb128 0xb
 424 006b 49       		.uleb128 0x49
 425 006c 13       		.uleb128 0x13
 426 006d 3F       		.uleb128 0x3f
 427 006e 0C       		.uleb128 0xc
 428 006f 02       		.uleb128 0x2
 429 0070 0A       		.uleb128 0xa
 430 0071 00       		.byte	0x0
 431 0072 00       		.byte	0x0
 432 0073 00       		.byte	0x0
 433              		.section	.debug_pubnames,"",%progbits
 434 0000 34000000 		.4byte	0x34
 435 0004 0200     		.2byte	0x2
 436 0006 00000000 		.4byte	.Ldebug_info0
 437 000a B5000000 		.4byte	0xb5
 438 000e 76000000 		.4byte	0x76
 439 0012 5F756E68 		.ascii	"_unhandled_exception\000"
 439      616E646C 
 439      65645F65 
 439      78636570 
 439      74696F6E 
 440 0027 A2000000 		.4byte	0xa2
 441 002b 5F766563 		.ascii	"_vectors\000"
 441      746F7273 
 441      00
 442 0034 00000000 		.4byte	0x0
 443              		.section	.debug_pubtypes,"",%progbits
ARM GAS  /tmp/ccjlf1QH.s 			page 9


 444 0000 0E000000 		.4byte	0xe
 445 0004 0200     		.2byte	0x2
 446 0006 00000000 		.4byte	.Ldebug_info0
 447 000a B5000000 		.4byte	0xb5
 448 000e 00000000 		.4byte	0x0
 449              		.section	.debug_aranges,"",%progbits
 450 0000 1C000000 		.4byte	0x1c
 451 0004 0200     		.2byte	0x2
 452 0006 00000000 		.4byte	.Ldebug_info0
 453 000a 04       		.byte	0x4
 454 000b 00       		.byte	0x0
 455 000c 0000     		.2byte	0x0
 456 000e 0000     		.2byte	0x0
 457 0010 00000000 		.4byte	.LFB7
 458 0014 02000000 		.4byte	.LFE7-.LFB7
 459 0018 00000000 		.4byte	0x0
 460 001c 00000000 		.4byte	0x0
 461              		.section	.debug_ranges,"",%progbits
 462              	.Ldebug_ranges0:
 463 0000 00000000 		.4byte	.LFB7
 464 0004 02000000 		.4byte	.LFE7
 465 0008 00000000 		.4byte	0x0
 466 000c 00000000 		.4byte	0x0
 467              		.section	.debug_str,"MS",%progbits,1
 468              	.LASF7:
 469 0000 6C6F6E67 		.ascii	"long long int\000"
 469      206C6F6E 
 469      6720696E 
 469      7400
 470              	.LASF10:
 471 000e 474E5520 		.ascii	"GNU C 4.5.2\000"
 471      4320342E 
 471      352E3200 
 472              	.LASF0:
 473 001a 756E7369 		.ascii	"unsigned int\000"
 473      676E6564 
 473      20696E74 
 473      00
 474              	.LASF12:
 475 0027 2F686F6D 		.ascii	"/home/z80/projects/digitizer.git/firmware/digitizer"
 475      652F7A38 
 475      302F7072 
 475      6F6A6563 
 475      74732F64 
 476 005a 00       		.ascii	"\000"
 477              	.LASF6:
 478 005b 6C6F6E67 		.ascii	"long unsigned int\000"
 478      20756E73 
 478      69676E65 
 478      6420696E 
 478      7400
 479              	.LASF8:
 480 006d 6C6F6E67 		.ascii	"long long unsigned int\000"
 480      206C6F6E 
 480      6720756E 
 480      7369676E 
 480      65642069 
ARM GAS  /tmp/ccjlf1QH.s 			page 10


 481              	.LASF2:
 482 0084 756E7369 		.ascii	"unsigned char\000"
 482      676E6564 
 482      20636861 
 482      7200
 483              	.LASF9:
 484 0092 63686172 		.ascii	"char\000"
 484      00
 485              	.LASF11:
 486 0097 2E2E2F63 		.ascii	"../chibios_2.4.x/os/ports/GCC/ARMCMx/STM32F1xx/vect"
 486      68696269 
 486      6F735F32 
 486      2E342E78 
 486      2F6F732F 
 487 00ca 6F72732E 		.ascii	"ors.c\000"
 487      6300
 488              	.LASF5:
 489 00d0 6C6F6E67 		.ascii	"long int\000"
 489      20696E74 
 489      00
 490              	.LASF14:
 491 00d9 5F766563 		.ascii	"_vectors\000"
 491      746F7273 
 491      00
 492              	.LASF4:
 493 00e2 73686F72 		.ascii	"short unsigned int\000"
 493      7420756E 
 493      7369676E 
 493      65642069 
 493      6E7400
 494              	.LASF1:
 495 00f5 7369676E 		.ascii	"signed char\000"
 495      65642063 
 495      68617200 
 496              	.LASF13:
 497 0101 5F756E68 		.ascii	"_unhandled_exception\000"
 497      616E646C 
 497      65645F65 
 497      78636570 
 497      74696F6E 
 498              	.LASF3:
 499 0116 73686F72 		.ascii	"short int\000"
 499      7420696E 
 499      7400
 500              		.ident	"GCC: (Sourcery G++ Lite 2011.03-42) 4.5.2"
ARM GAS  /tmp/ccjlf1QH.s 			page 11


DEFINED SYMBOLS
                            *ABS*:00000000 vectors.c
     /tmp/ccjlf1QH.s:28     vectors:00000000 _vectors
     /tmp/ccjlf1QH.s:25     vectors:00000000 $d
     /tmp/ccjlf1QH.s:95     .text._unhandled_exception:00000000 NMIVector
     /tmp/ccjlf1QH.s:95     .text._unhandled_exception:00000000 HardFaultVector
     /tmp/ccjlf1QH.s:95     .text._unhandled_exception:00000000 MemManageVector
     /tmp/ccjlf1QH.s:95     .text._unhandled_exception:00000000 BusFaultVector
     /tmp/ccjlf1QH.s:95     .text._unhandled_exception:00000000 UsageFaultVector
     /tmp/ccjlf1QH.s:95     .text._unhandled_exception:00000000 Vector1C
     /tmp/ccjlf1QH.s:95     .text._unhandled_exception:00000000 Vector20
     /tmp/ccjlf1QH.s:95     .text._unhandled_exception:00000000 Vector24
     /tmp/ccjlf1QH.s:95     .text._unhandled_exception:00000000 Vector28
     /tmp/ccjlf1QH.s:95     .text._unhandled_exception:00000000 SVCallVector
     /tmp/ccjlf1QH.s:95     .text._unhandled_exception:00000000 DebugMonitorVector
     /tmp/ccjlf1QH.s:95     .text._unhandled_exception:00000000 Vector34
     /tmp/ccjlf1QH.s:95     .text._unhandled_exception:00000000 PendSVVector
     /tmp/ccjlf1QH.s:95     .text._unhandled_exception:00000000 SysTickVector
     /tmp/ccjlf1QH.s:95     .text._unhandled_exception:00000000 Vector40
     /tmp/ccjlf1QH.s:95     .text._unhandled_exception:00000000 Vector44
     /tmp/ccjlf1QH.s:95     .text._unhandled_exception:00000000 Vector48
     /tmp/ccjlf1QH.s:95     .text._unhandled_exception:00000000 Vector4C
     /tmp/ccjlf1QH.s:95     .text._unhandled_exception:00000000 Vector50
     /tmp/ccjlf1QH.s:95     .text._unhandled_exception:00000000 Vector54
     /tmp/ccjlf1QH.s:95     .text._unhandled_exception:00000000 Vector58
     /tmp/ccjlf1QH.s:95     .text._unhandled_exception:00000000 Vector5C
     /tmp/ccjlf1QH.s:95     .text._unhandled_exception:00000000 Vector60
     /tmp/ccjlf1QH.s:95     .text._unhandled_exception:00000000 Vector64
     /tmp/ccjlf1QH.s:95     .text._unhandled_exception:00000000 Vector68
     /tmp/ccjlf1QH.s:95     .text._unhandled_exception:00000000 Vector6C
     /tmp/ccjlf1QH.s:95     .text._unhandled_exception:00000000 Vector70
     /tmp/ccjlf1QH.s:95     .text._unhandled_exception:00000000 Vector74
     /tmp/ccjlf1QH.s:95     .text._unhandled_exception:00000000 Vector78
     /tmp/ccjlf1QH.s:95     .text._unhandled_exception:00000000 Vector7C
     /tmp/ccjlf1QH.s:95     .text._unhandled_exception:00000000 Vector80
     /tmp/ccjlf1QH.s:95     .text._unhandled_exception:00000000 Vector84
     /tmp/ccjlf1QH.s:95     .text._unhandled_exception:00000000 Vector88
     /tmp/ccjlf1QH.s:95     .text._unhandled_exception:00000000 Vector8C
     /tmp/ccjlf1QH.s:95     .text._unhandled_exception:00000000 Vector90
     /tmp/ccjlf1QH.s:95     .text._unhandled_exception:00000000 Vector94
     /tmp/ccjlf1QH.s:95     .text._unhandled_exception:00000000 Vector98
     /tmp/ccjlf1QH.s:95     .text._unhandled_exception:00000000 Vector9C
     /tmp/ccjlf1QH.s:95     .text._unhandled_exception:00000000 VectorA0
     /tmp/ccjlf1QH.s:95     .text._unhandled_exception:00000000 VectorA4
     /tmp/ccjlf1QH.s:95     .text._unhandled_exception:00000000 VectorA8
     /tmp/ccjlf1QH.s:95     .text._unhandled_exception:00000000 VectorAC
     /tmp/ccjlf1QH.s:95     .text._unhandled_exception:00000000 VectorB0
     /tmp/ccjlf1QH.s:95     .text._unhandled_exception:00000000 VectorB4
     /tmp/ccjlf1QH.s:95     .text._unhandled_exception:00000000 VectorB8
     /tmp/ccjlf1QH.s:95     .text._unhandled_exception:00000000 VectorBC
     /tmp/ccjlf1QH.s:95     .text._unhandled_exception:00000000 VectorC0
     /tmp/ccjlf1QH.s:95     .text._unhandled_exception:00000000 VectorC4
     /tmp/ccjlf1QH.s:95     .text._unhandled_exception:00000000 VectorC8
     /tmp/ccjlf1QH.s:95     .text._unhandled_exception:00000000 VectorCC
     /tmp/ccjlf1QH.s:95     .text._unhandled_exception:00000000 VectorD0
     /tmp/ccjlf1QH.s:95     .text._unhandled_exception:00000000 VectorD4
     /tmp/ccjlf1QH.s:95     .text._unhandled_exception:00000000 VectorD8
ARM GAS  /tmp/ccjlf1QH.s 			page 12


     /tmp/ccjlf1QH.s:95     .text._unhandled_exception:00000000 VectorDC
     /tmp/ccjlf1QH.s:95     .text._unhandled_exception:00000000 VectorE0
     /tmp/ccjlf1QH.s:95     .text._unhandled_exception:00000000 VectorE4
     /tmp/ccjlf1QH.s:95     .text._unhandled_exception:00000000 VectorE8
     /tmp/ccjlf1QH.s:89     .text._unhandled_exception:00000000 $t
     /tmp/ccjlf1QH.s:95     .text._unhandled_exception:00000000 _unhandled_exception
                     .debug_frame:00000010 $d

UNDEFINED SYMBOLS
__main_stack_end__
ResetHandler
